Document: ID=Aberfoyle, Stirling (43 sentences, 1159 tokens)

Sentence #1 (16 tokens):
Aberfoyle is a village in the region of Stirling, Scotland, northwest of Glasgow.

Tokens:
Aberfoyle
is
a
village
in
the
region
of
Stirling
,
Scotland
,
northwest
of
Glasgow
.

Sentence #2 (19 tokens):
The town is situated on the River Forth at the base of Craigmore (420 metres high).

Tokens:
The
town
is
situated
on
the
River
Forth
at
the
base
of
Craigmore
(
420
metres
high
)
.

Sentence #3 (72 tokens):
Since 1885, when the Duke of Montrose constructed a road over the eastern shoulder of Craigmore to join the older road at the entrance of the Trossachs pass, Aberfoyle has become the alternative route to the Trossachs and Loch Katrine; this road, known as the Duke's Road or Duke's Pass, was opened to the public in 1931 when the Forestry Commission acquired the land.

Tokens:
Since
1885
,
when
the
Duke
of
Montrose
constructed
a
road
over
the
eastern
shoulder
of
Craigmore
to
join
the
older
road
at
the
entrance
of
the
Trossachs
pass
,
Aberfoyle
has
become
the
alternative
route
to
the
Trossachs
and
Loch
Katrine
;
this
road
,
known
as
the
Duke
's
Road
or
Duke
's
Pass
,
was
opened
to
the
public
in
1931
when
the
Forestry
Commission
acquired
the
land
.

Sentence #4 (21 tokens):
Loch Ard, about two miles (3 km) west of Aberfoyle, lies 40 metres above the sea.

Tokens:
Loch
Ard
,
about
two
miles
(
3
km
)
west
of
Aberfoyle
,
lies
40
metres
above
the
sea
.

Sentence #5 (28 tokens):
It is three miles (5 km) long (including the narrows at the east end) and one mile (1½ km) broad.

Tokens:
It
is
three
miles
(
5
km
)
long
(
including
the
narrows
at
the
east
end
)
and
one
mile
(
1
1/2
km
)
broad
.

Sentence #6 (26 tokens):
Towards the west end is Eilean Gorm (the green isle), and near the north-western shore are the falls of Ledard.

Tokens:
Towards
the
west
end
is
Eilean
Gorm
(
the
green
isle
)
,
and
near
the
north
-
western
shore
are
the
falls
of
Ledard
.

Sentence #7 (27 tokens):
Two miles northwest is Loch Chon, at 90m above the sea, 1+1/4 mi long, and about half a mile broad.

Tokens:
Two
miles
northwest
is
Loch
Chon
,
at
90m
above
the
sea
,
1
+1
/
4
mi
long
,
and
about
half
a
mile
broad
.

Sentence #8 (19 tokens):
It drains by the Avon Dhu to Loch Ard, which is drained in turn by the Forth.

Tokens:
It
drains
by
the
Avon
Dhu
to
Loch
Ard
,
which
is
drained
in
turn
by
the
Forth
.

Sentence #9 (17 tokens):
As late as 1790, all the residents in the parish of Aberfoyle spoke Scottish Gaelic.

Tokens:
As
late
as
1790
,
all
the
residents
in
the
parish
of
Aberfoyle
spoke
Scottish
Gaelic
.

Sentence #10 (26 tokens):
The slate quarries on Craigmore which operated from the 1820s to the 1950s are now defunct; at its peak this was a major industry.

Tokens:
The
slate
quarries
on
Craigmore
which
operated
from
the
1820s
to
the
1950s
are
now
defunct
;
at
its
peak
this
was
a
major
industry
.

Sentence #11 (21 tokens):
Other industries included an ironworks, established in the 1720s, as well as wool spinning and a lint mill.

Tokens:
Other
industries
included
an
ironworks
,
established
in
the
1720s
,
as
well
as
wool
spinning
and
a
lint
mill
.

Sentence #12 (45 tokens):
From 1882 the village was served by Aberfoyle railway station, the terminus of the Strathendrick and Aberfoyle Railway which connected to Glasgow via Dumbarton or Kirkintilloch The station closed to passenger traffic in 1951, and the remaining freight services ceased in 1959.

Tokens:
From
1882
the
village
was
served
by
Aberfoyle
railway
station
,
the
terminus
of
the
Strathendrick
and
Aberfoyle
Railway
which
connected
to
Glasgow
via
Dumbarton
or
Kirkintilloch
The
station
closed
to
passenger
traffic
in
1951
,
and
the
remaining
freight
services
ceased
in
1959
.

Sentence #13 (20 tokens):
The above industries have since died out, and Aberfoyle is supported mainly by the forestry industry and tourism.

Tokens:
The
above
industries
have
since
died
out
,
and
Aberfoyle
is
supported
mainly
by
the
forestry
industry
and
tourism
.

Sentence #14 (26 tokens):
Visitors were first attracted to Aberfoyle and the surrounding area after the publication of The Lady of the Lake by Sir Walter Scott in 1810.

Tokens:
Visitors
were
first
attracted
to
Aberfoyle
and
the
surrounding
area
after
the
publication
of
The
Lady
of
the
Lake
by
Sir
Walter
Scott
in
1810
.

Sentence #15 (9 tokens):
The poem described the beauty of Loch Katrine.

Tokens:
The
poem
described
the
beauty
of
Loch
Katrine
.

Sentence #16 (32 tokens):
Aberfoyle describes itself as The Gateway to the Trossachs, and is well situated for visitors to access attractions such as Loch Lomond and Inchmahome Priory at the Lake of Menteith.

Tokens:
Aberfoyle
describes
itself
as
The
Gateway
to
the
Trossachs
,
and
is
well
situated
for
visitors
to
access
attractions
such
as
Loch
Lomond
and
Inchmahome
Priory
at
the
Lake
of
Menteith
.

Sentence #17 (36 tokens):
A tourist information office run by VisitScotland sits in the centre of town, offering free information, selling souvenirs and acting as a booking office for many of the local B&B's and hotels.

Tokens:
A
tourist
information
office
run
by
VisitScotland
sits
in
the
centre
of
town
,
offering
free
information
,
selling
souvenirs
and
acting
as
a
booking
office
for
many
of
the
local
B&B
's
and
hotels
.

Sentence #18 (20 tokens):
Aberfoyle Golf Club was built in 1860 and is located just south of town near the Rob Roy restaurant.

Tokens:
Aberfoyle
Golf
Club
was
built
in
1860
and
is
located
just
south
of
town
near
the
Rob
Roy
restaurant
.

Sentence #19 (14 tokens):
Aberfoyle is also part of the Loch Lomond and The Trossachs National Park.

Tokens:
Aberfoyle
is
also
part
of
the
Loch
Lomond
and
The
Trossachs
National
Park
.

Sentence #20 (25 tokens):
Aberfoyle is also home to the largest Go Ape adventure course in the UK, featuring the longest zip-line in the UK.

Tokens:
Aberfoyle
is
also
home
to
the
largest
Go
Ape
adventure
course
in
the
UK
,
featuring
the
longest
zip
-
line
in
the
UK
.

Sentence #21 (18 tokens):
Aberfoyle has connections to many historical figures such as Rob Roy and Mary, Queen of Scots.

Tokens:
Aberfoyle
has
connections
to
many
historical
figures
such
as
Rob
Roy
and
Mary
,
Queen
of
Scots
.

Sentence #22 (29 tokens):
Robert Roy MacGregor was born at the head of nearby Loch Katrine, and his well known cattle stealing exploits took him all around the area surrounding Aberfoyle.

Tokens:
Robert
Roy
MacGregor
was
born
at
the
head
of
nearby
Loch
Katrine
,
and
his
well
known
cattle
stealing
exploits
took
him
all
around
the
area
surrounding
Aberfoyle
.

Sentence #23 (26 tokens):
There currently stands a tree in the village that MacGregor was reputed to have climbed and hid in to escape the clutches of the law.

Tokens:
There
currently
stands
a
tree
in
the
village
that
MacGregor
was
reputed
to
have
climbed
and
hid
in
to
escape
the
clutches
of
the
law
.

Sentence #24 (23 tokens):
Also, Mary, Queen of Scots, visited nearby Inchmahome Priory often as a child, and during her short reign.

Tokens:
Also
,
Mary
,
Queen
of
Scots
,
visited
nearby
Inchmahome
Priory
often
as
a
child
,
and
during
her
short
reign
.

Sentence #25 (23 tokens):
She also used the priory during her short reign, particularly in 1547, where she felt safe from the English Army.

Tokens:
She
also
used
the
priory
during
her
short
reign
,
particularly
in
1547
,
where
she
felt
safe
from
the
English
Army
.

Sentence #26 (17 tokens):
However, the most local historical figure is the Reverend Robert Kirk, born in 1644.

Tokens:
However
,
the
most
local
historical
figure
is
the
Reverend
Robert
Kirk
,
born
in
1644
.

Sentence #27 (45 tokens):
It was the Rev. Kirk who provided the first translation into Gaidhlig of the Book of Psalms, however, he is better remembered for the publication of his book "The Secret Commonwealth of Elves, Fauns, and Fairies" in 1691.

Tokens:
It
was
the
Rev.
Kirk
who
provided
the
first
translation
into
Gaidhlig
of
the
Book
of
Psalms
,
however
,
he
is
better
remembered
for
the
publication
of
his
book
"
The
Secret
Commonwealth
of
Elves
,
Fauns
,
and
Fairies
"
in
1691
.

Sentence #28 (25 tokens):
Kirk had long been researching fairies, and the book collected several personal accounts and stories of folk who claimed to have encountered them.

Tokens:
Kirk
had
long
been
researching
fairies
,
and
the
book
collected
several
personal
accounts
and
stories
of
folk
who
claimed
to
have
encountered
them
.

Sentence #29 (20 tokens):
It was after this, while Kirk was minister of Aberfoyle parish, that he died in unusual circumstances.

Tokens:
It
was
after
this
,
while
Kirk
was
minister
of
Aberfoyle
parish
,
that
he
died
in
unusual
circumstances
.

Sentence #30 (27 tokens):
Kirk had long believed that the local Doon Hill, was the gateway to the "Secret Commonwealth", or the land of the Fairies.

Tokens:
Kirk
had
long
believed
that
the
local
Doon
Hill
,
was
the
gateway
to
the
"
Secret
Commonwealth
"
,
or
the
land
of
the
Fairies
.

Sentence #31 (17 tokens):
It was a place that Kirk visited often, taking daily walks there from his manse.

Tokens:
It
was
a
place
that
Kirk
visited
often
,
taking
daily
walks
there
from
his
manse
.

Sentence #32 (66 tokens):
The story goes that the Fairies of Doon Hill were angry with the Rev. Kirk for going into the domain of the Unseelie court, where he had been warned not to go, and decided to imprison him in Doon Hill - for one night in May 1692, the Rev. Kirk went out for a walk to the hill, in his nightshirt.

Tokens:
The
story
goes
that
the
Fairies
of
Doon
Hill
were
angry
with
the
Rev.
Kirk
for
going
into
the
domain
of
the
Unseelie
court
,
where
he
had
been
warned
not
to
go
,
and
decided
to
imprison
him
in
Doon
Hill
-
for
one
night
in
May
1692
,
the
Rev.
Kirk
went
out
for
a
walk
to
the
hill
,
in
his
nightshirt
.

Sentence #33 (13 tokens):
Some accounts claim that he simply vanished, however he suddenly collapsed.

Tokens:
Some
accounts
claim
that
he
simply
vanished
,
however
he
suddenly
collapsed
.

Sentence #34 (12 tokens):
He was found and brought home, but died soon afterwards.

Tokens:
He
was
found
and
brought
home
,
but
died
soon
afterwards
.

Sentence #35 (27 tokens):
He was buried in his own kirkyard, although local legends claim that the fairies took his body away, and the coffin contains only stones.

Tokens:
He
was
buried
in
his
own
kirkyard
,
although
local
legends
claim
that
the
fairies
took
his
body
away
,
and
the
coffin
contains
only
stones
.

Sentence #36 (22 tokens):
The huge pine tree that still stands at the top of Doon Hill is said to contain Kirk's imprisoned spirit.

Tokens:
The
huge
pine
tree
that
still
stands
at
the
top
of
Doon
Hill
is
said
to
contain
Kirk
's
imprisoned
spirit
.

Sentence #37 (37 tokens):
Kirk's cousin, Graham of Duchray, was then to claim that the spectre of Kirk had visited him in the night, and told him that he had been carried off by the Fairies.

Tokens:
Kirk
's
cousin
,
Graham
of
Duchray
,
was
then
to
claim
that
the
spectre
of
Kirk
had
visited
him
in
the
night
,
and
told
him
that
he
had
been
carried
off
by
the
Fairies
.

Sentence #38 (43 tokens):
Having left his widow expecting a child, the spectre of Kirk told Graham that he would appear at the baptism, whereupon Graham was to throw an iron knife at the apparition, thus freeing Kirk from the Fairies' clutches.

Tokens:
Having
left
his
widow
expecting
a
child
,
the
spectre
of
Kirk
told
Graham
that
he
would
appear
at
the
baptism
,
whereupon
Graham
was
to
throw
an
iron
knife
at
the
apparition
,
thus
freeing
Kirk
from
the
Fairies
'
clutches
.

Sentence #39 (29 tokens):
However, when Kirk's spectre appeared, Graham was apparently too shocked by the vision to throw the knife, and Kirk's ghost faded away forever.

Tokens:
However
,
when
Kirk
's
spectre
appeared
,
Graham
was
apparently
too
shocked
by
the
vision
to
throw
the
knife
,
and
Kirk
's
ghost
faded
away
forever
.

Sentence #40 (35 tokens):
Today, visitors to Doon Hill write their wishes on pieces of white silk, or other white cloth, and tie them to the branches of the trees for the Fairies to grant.

Tokens:
Today
,
visitors
to
Doon
Hill
write
their
wishes
on
pieces
of
white
silk
,
or
other
white
cloth
,
and
tie
them
to
the
branches
of
the
trees
for
the
Fairies
to
grant
.

Sentence #41 (25 tokens):
It is also said that if one runs around the great pine tree at the summit seven times, then the Fairies will appear.

Tokens:
It
is
also
said
that
if
one
runs
around
the
great
pine
tree
at
the
summit
seven
times
,
then
the
Fairies
will
appear
.

Sentence #42 (30 tokens):
In recent years the largest of the trees, Kirk's "Minister's Pine", has been damaged by vandals who have hammered coins into the bark.

Tokens:
In
recent
years
the
largest
of
the
trees
,
Kirk
's
"
Minister
's
Pine
"
,
has
been
damaged
by
vandals
who
have
hammered
coins
into
the
bark
.

Sentence #43 (31 tokens):
Other Scots pines in the surrounding area are increasingly commonly festooned with tied bits of plastic, crisp packets and the like rather than 'white pieces of silk'.

Tokens:
Other
Scots
pines
in
the
surrounding
area
are
increasingly
commonly
festooned
with
tied
bits
of
plastic
,
crisp
packets
and
the
like
rather
than
'
white
pieces
of
silk
'
.
Coreference set: 1
1 4 3 16 1 1 1 2
3 31 31 32 1 1 1 2
4 13 13 14 1 1 1 2
9 13 13 14 1 1 1 2
12 8 8 9 1 1 1 2
13 10 10 11 1 1 1 2
14 6 6 7 1 1 1 2
16 1 1 2 1 1 1 2
16 3 3 4 1 1 1 2
19 1 1 2 1 1 1 2
19 4 4 14 1 1 1 2
20 1 1 2 1 1 1 2
21 1 1 2 1 1 1 2
22 28 28 29 1 1 1 2
Coreference set: 3
1 13 13 16 1 11 11 12
Coreference set: 10
8 18 17 19 2 8 6 9
Coreference set: 14
10 5 5 14 3 17 17 18
10 19 19 20 3 17 17 18
Coreference set: 16
3 50 49 52 3 6 5 9
3 54 54 56 3 6 5 9
Coreference set: 17
3 45 44 46 3 11 10 12
Coreference set: 21
3 39 39 40 3 28 27 29
16 9 8 10 3 28 27 29
Coreference set: 23
3 42 38 43 22 12 10 13
15 8 7 9 22 12 10 13
22 12 11 13 22 12 10 13
Coreference set: 32
8 9 8 19 4 2 1 3
8 9 8 10 4 2 1 3
Coreference set: 33
5 1 1 2 4 5 5 6
7 1 1 2 4 5 5 6
8 1 1 2 4 5 5 6
Coreference set: 37
7 2 1 3 4 6 4 14
Coreference set: 40
7 12 11 13 4 20 19 21
Coreference set: 72
29 12 11 13 9 11 10 14
Coreference set: 77
10 21 21 22 10 25 23 26
Coreference set: 81
11 16 15 17 11 5 4 6
Coreference set: 88
23 8 7 26 12 4 3 5
Coreference set: 90
12 29 28 30 12 10 8 11
Coreference set: 103
27 9 9 10 14 3 3 4
Coreference set: 105
16 16 16 17 14 1 1 2
40 3 3 4 14 1 1 2
40 8 8 9 14 1 1 2
40 23 23 24 14 1 1 2
Coreference set: 107
43 7 5 8 14 10 8 11
Coreference set: 113
16 23 22 24 19 8 6 9
19 8 7 9 19 8 6 9
Coreference set: 129
21 11 10 12 18 18 17 19
Coreference set: 137
20 24 23 25 20 14 13 15
Coreference set: 139
24 3 3 4 21 13 13 14
24 20 20 21 21 13 13 14
25 1 1 2 21 13 13 14
25 7 7 8 21 13 13 14
25 16 16 17 21 13 13 14
Coreference set: 143
24 5 3 8 21 15 13 18
24 5 5 8 21 15 13 18
Coreference set: 144
22 15 15 16 22 3 1 4
22 22 22 23 22 3 1 4
23 10 10 11 22 3 1 4
Coreference set: 152
25 5 4 6 24 12 11 23
Coreference set: 153
38 7 6 8 24 16 15 17
Coreference set: 154
25 9 7 10 24 22 20 23
Coreference set: 157
26 12 11 13 27 5 3 24
27 29 29 30 27 5 3 24
28 1 1 2 27 5 3 24
29 7 7 8 27 5 3 24
29 9 9 13 27 5 3 24
29 15 15 16 27 5 3 24
30 1 1 2 27 5 3 24
31 6 6 7 27 5 3 24
31 15 15 16 27 5 3 24
32 15 13 16 27 5 3 24
32 53 51 54 27 5 3 24
36 18 18 20 27 5 3 24
37 1 1 3 27 5 3 24
37 17 17 18 27 5 3 24
37 20 20 21 27 5 3 24
37 27 27 28 27 5 3 24
37 29 29 30 27 5 3 24
38 12 12 13 27 5 3 24
38 37 37 38 27 5 3 24
39 4 4 6 27 5 3 24
39 23 23 25 27 5 3 24
42 10 10 12 27 5 3 24
42 13 13 15 27 5 3 24
Coreference set: 162
27 30 29 31 27 15 15 18
28 10 9 11 27 15 15 18
29 1 1 2 27 15 15 18
Coreference set: 164
27 21 21 22 27 12 12 18
Coreference set: 167
30 18 15 20 27 34 31 45
Coreference set: 171
27 41 41 42 30 26 25 27
28 6 6 7 30 26 25 27
28 24 24 25 30 26 25 27
35 15 14 16 30 26 25 27
37 36 35 37 30 26 25 27
38 40 39 42 30 26 25 27
40 32 31 33 30 26 25 27
41 22 21 23 30 26 25 27
Coreference set: 177
32 9 8 10 30 9 8 10
32 27 27 28 30 9 8 10
32 39 39 40 30 9 8 10
32 42 41 43 30 9 8 10
32 61 60 62 30 9 8 10
32 64 64 65 30 9 8 10
33 5 5 6 30 9 8 10
33 10 10 11 30 9 8 10
34 1 1 2 30 9 8 10
35 1 1 2 30 9 8 10
35 5 5 6 30 9 8 10
35 17 17 18 30 9 8 10
36 13 12 14 30 9 8 10
40 6 5 7 30 9 8 10
Coreference set: 190
37 23 22 24 32 46 41 50
Coreference set: 205
37 3 1 4 37 5 5 8
38 3 3 4 37 5 5 8
38 14 14 15 37 5 5 8
38 16 16 17 37 5 5 8
38 24 24 25 37 5 5 8
39 9 9 10 37 5 5 8
Coreference set: 206
37 15 14 18 39 6 4 7
38 10 9 13 39 6 4 7
Coreference set: 210
39 20 19 21 38 30 28 31
Coreference set: 217
40 11 11 15 43 27 25 31
Coreference set: 219
42 8 7 9 40 29 28 33
