Document: ID=Anatole France (44 sentences, 905 tokens)

Sentence #1 (12 tokens):
Anatole France was a French poet, journalist, and novelist.

Tokens:
Anatole
France
was
a
French
poet
,
journalist
,
and
novelist
.

Sentence #2 (17 tokens):
He was born in Paris, and died in Saint-Cyr-sur-Loire.

Tokens:
He
was
born
in
Paris
,
and
died
in
Saint
-
Cyr
-
sur
-
Loire
.

Sentence #3 (12 tokens):
He was a successful novelist, with several best-sellers.

Tokens:
He
was
a
successful
novelist
,
with
several
best
-
sellers
.

Sentence #4 (17 tokens):
Ironic and skeptical, he was considered in his day the ideal French man of letters.

Tokens:
Ironic
and
skeptical
,
he
was
considered
in
his
day
the
ideal
French
man
of
letters
.

Sentence #5 (23 tokens):
He was a member of the Académie française, and won the Nobel Prize for Literature in recognition of his literary achievements.

Tokens:
He
was
a
member
of
the
Académie
française
,
and
won
the
Nobel
Prize
for
Literature
in
recognition
of
his
literary
achievements
.

Sentence #6 (26 tokens):
France is also widely believed to be the model for narrator Marcel's literary idol Bergotte in Marcel Proust's In Search of Lost Time.

Tokens:
France
is
also
widely
believed
to
be
the
model
for
narrator
Marcel
's
literary
idol
Bergotte
in
Marcel
Proust
's
In
Search
of
Lost
Time
.

Sentence #7 (15 tokens):
The son of a bookseller, France spent most of his life around books.

Tokens:
The
son
of
a
bookseller
,
France
spent
most
of
his
life
around
books
.

Sentence #8 (5 tokens):
France was a bibliophile.

Tokens:
France
was
a
bibliophile
.

Sentence #9 (32 tokens):
His father's bookstore, called the Librairie France, specialized in books and papers on the French Revolution and was frequented by many notable writers and scholars of the day.

Tokens:
His
father
's
bookstore
,
called
the
Librairie
France
,
specialized
in
books
and
papers
on
the
French
Revolution
and
was
frequented
by
many
notable
writers
and
scholars
of
the
day
.

Sentence #10 (26 tokens):
Anatole France studied at the Collège Stanislas, a private Catholic school, and after graduation he helped his father by working in his bookstore.

Tokens:
Anatole
France
studied
at
the
Collège
Stanislas
,
a
private
Catholic
school
,
and
after
graduation
he
helped
his
father
by
working
in
his
bookstore
.

Sentence #11 (17 tokens):
After several years he secured the position of cataloguer at Bacheline-Deflorenne and at Lemerre.

Tokens:
After
several
years
he
secured
the
position
of
cataloguer
at
Bacheline
-
Deflorenne
and
at
Lemerre
.

Sentence #12 (11 tokens):
In 1876 he was appointed librarian for the French Senate.

Tokens:
In
1876
he
was
appointed
librarian
for
the
French
Senate
.

Sentence #13 (12 tokens):
Anatole France began his career as a poet and a journalist.

Tokens:
Anatole
France
began
his
career
as
a
poet
and
a
journalist
.

Sentence #14 (17 tokens):
In 1869, Le Parnasse Contemporain published one of his poems, La Part de Madeleine.

Tokens:
In
1869
,
Le
Parnasse
Contemporain
published
one
of
his
poems
,
La
Part
de
Madeleine
.

Sentence #15 (19 tokens):
In 1875, he sat on the committee which was in charge of the third Parnasse Contemporain compilation.

Tokens:
In
1875
,
he
sat
on
the
committee
which
was
in
charge
of
the
third
Parnasse
Contemporain
compilation
.

Sentence #16 (14 tokens):
As a journalist, from 1867, he wrote many articles and notices.

Tokens:
As
a
journalist
,
from
1867
,
he
wrote
many
articles
and
notices
.

Sentence #17 (15 tokens):
He became famous with the novel Le Crime de Sylvestre Bonnard (1881).

Tokens:
He
became
famous
with
the
novel
Le
Crime
de
Sylvestre
Bonnard
(
1881
)
.

Sentence #18 (15 tokens):
Its protagonist, skeptical old scholar Sylvester Bonnard, embodied France's own personality.

Tokens:
Its
protagonist
,
skeptical
old
scholar
Sylvester
Bonnard
,
embodied
France
's
own
personality
.

Sentence #19 (18 tokens):
The novel was praised for its elegant prose and won him a prize from the Académie française.

Tokens:
The
novel
was
praised
for
its
elegant
prose
and
won
him
a
prize
from
the
Académie
française
.

Sentence #20 (39 tokens):
In La Rotisserie de la Reine Pedauque (1893) Anatole France ridiculed belief in the occult; and in Les Opinions de Jerome Coignard (1893), France captured the atmosphere of the fin de siècle.

Tokens:
In
La
Rotisserie
de
la
Reine
Pedauque
(
1893
)
Anatole
France
ridiculed
belief
in
the
occult
;
and
in
Les
Opinions
de
Jerome
Coignard
(
1893
)
,
France
captured
the
atmosphere
of
the
fin
de
siècle
.

Sentence #21 (10 tokens):
France was elected to the Académie française in 1896.

Tokens:
France
was
elected
to
the
Académie
française
in
1896
.

Sentence #22 (10 tokens):
France took an important part in the Dreyfus Affair.

Tokens:
France
took
an
important
part
in
the
Dreyfus
Affair
.

Sentence #23 (22 tokens):
He signed Emile Zola's manifesto supporting Alfred Dreyfus, a Jewish army officer who had been falsely convicted of espionage.

Tokens:
He
signed
Emile
Zola
's
manifesto
supporting
Alfred
Dreyfus
,
a
Jewish
army
officer
who
had
been
falsely
convicted
of
espionage
.

Sentence #24 (12 tokens):
France wrote about the affair in his 1901 novel Monsieur Bergeret.

Tokens:
France
wrote
about
the
affair
in
his
1901
novel
Monsieur
Bergeret
.

Sentence #25 (38 tokens):
France's later works include L'Île des Pingouins (1908) which satirizes human nature by depicting the transformation of penguins into humans - after the animals have been baptized by mistake by the nearsighted Abbot Mael.

Tokens:
France
's
later
works
include
L'Île
des
Pingouins
(
1908
)
which
satirizes
human
nature
by
depicting
the
transformation
of
penguins
into
humans
-
after
the
animals
have
been
baptized
by
mistake
by
the
nearsighted
Abbot
Mael
.

Sentence #26 (44 tokens):
Les dieux ont soif (1912) is a novel, set in Paris during the French Revolution, about a true-believing follower of Robespierre and his contribution to the bloody events of the Reign of Terror of 1793-94.

Tokens:
Les
dieux
ont
soif
(
1912
)
is
a
novel
,
set
in
Paris
during
the
French
Revolution
,
about
a
true
-
believing
follower
of
Robespierre
and
his
contribution
to
the
bloody
events
of
the
Reign
of
Terror
of
1793
-
94
.

Sentence #27 (25 tokens):
It is a wake-up call against political and ideological fanaticism and explores various other philosophical approaches to the events of the time.

Tokens:
It
is
a
wake
-
up
call
against
political
and
ideological
fanaticism
and
explores
various
other
philosophical
approaches
to
the
events
of
the
time
.

Sentence #28 (16 tokens):
La Revolte des Anges (1914) is often considered France's most profound novel.

Tokens:
La
Revolte
des
Anges
(
1914
)
is
often
considered
France
's
most
profound
novel
.

Sentence #29 (14 tokens):
It tells the story of Arcade, the guardian angel of Maurice d'Esparvieu.

Tokens:
It
tells
the
story
of
Arcade
,
the
guardian
angel
of
Maurice
d'Esparvieu
.

Sentence #30 (39 tokens):
Arcade falls in love, joins the revolutionary movement of angels, and towards the end realizes that the overthrow of God is meaningless unless "in ourselves and in ourselves alone we attack and destroy Ialdabaoth".

Tokens:
Arcade
falls
in
love
,
joins
the
revolutionary
movement
of
angels
,
and
towards
the
end
realizes
that
the
overthrow
of
God
is
meaningless
unless
"
in
ourselves
and
in
ourselves
alone
we
attack
and
destroy
Ialdabaoth
"
.

Sentence #31 (9 tokens):
He was awarded the Nobel Prize in 1921.

Tokens:
He
was
awarded
the
Nobel
Prize
in
1921
.

Sentence #32 (19 tokens):
He died in 1924 and is buried in the Neuilly-sur-Seine community cemetery near Paris.

Tokens:
He
died
in
1924
and
is
buried
in
the
Neuilly
-
sur
-
Seine
community
cemetery
near
Paris
.

Sentence #33 (27 tokens):
On 31 May 1922, France's entire works were put on the Index Librorum Prohibitorum (Prohibited Books Index) of the Roman Catholic Church.

Tokens:
On
31
May
1922
,
France
's
entire
works
were
put
on
the
Index
Librorum
Prohibitorum
(
Prohibited
Books
Index
)
of
the
Roman
Catholic
Church
.

Sentence #34 (9 tokens):
He regarded this as a "distinction".

Tokens:
He
regarded
this
as
a
"
distinction
"
.

Sentence #35 (7 tokens):
This Index was abolished in 1966.

Tokens:
This
Index
was
abolished
in
1966
.

Sentence #36 (36 tokens):
In 1877, Anatole France married Valérie Guérin de Sauville, a granddaughter of the miniaturist of Louis XVI, with whom he had a daughter, Suzanne, in 1881 (dec. 1918).

Tokens:
In
1877
,
Anatole
France
married
Valérie
Guérin
de
Sauville
,
a
granddaughter
of
the
miniaturist
of
Louis
XVI
,
with
whom
he
had
a
daughter
,
Suzanne
,
in
1881
(
dec.
1918
)
.

Sentence #37 (42 tokens):
France's relations with women were always turbulent, and in 1888 he began a relationship with Madame Arman de Caillavet, who conducted a celebrated literary salon of the Third Republic; the affair lasted until her death in 1910.

Tokens:
France
's
relations
with
women
were
always
turbulent
,
and
in
1888
he
began
a
relationship
with
Madame
Arman
de
Caillavet
,
who
conducted
a
celebrated
literary
salon
of
the
Third
Republic
;
the
affair
lasted
until
her
death
in
1910
.

Sentence #38 (22 tokens):
After his divorce in 1893, he had many liaisons, notably with Mme. Gagey, who committed suicide in 1911.

Tokens:
After
his
divorce
in
1893
,
he
had
many
liaisons
,
notably
with
Mme.
Gagey
,
who
committed
suicide
in
1911
.

Sentence #39 (9 tokens):
France married again in 1920, Emma Laprévotte.

Tokens:
France
married
again
in
1920
,
Emma
Laprévotte
.

Sentence #40 (45 tokens):
After his death in 1924 France was the object of attacks - " a particularly venomous one was written by Pierre Drieu la Rochelle, afterwards to become a collaborator of the Nazis" and detractors decided he was a vulgar and derivative writer.

Tokens:
After
his
death
in
1924
France
was
the
object
of
attacks
-
"
a
particularly
venomous
one
was
written
by
Pierre
Drieu
la
Rochelle
,
afterwards
to
become
a
collaborator
of
the
Nazis
"
and
detractors
decided
he
was
a
vulgar
and
derivative
writer
.

Sentence #41 (35 tokens):
An admirer, the English writer George Orwell, defended him however and declared that he remained very readable, and that "it is unquestionable that he was attacked partly from political motives.

Tokens:
An
admirer
,
the
English
writer
George
Orwell
,
defended
him
however
and
declared
that
he
remained
very
readable
,
and
that
"
it
is
unquestionable
that
he
was
attacked
partly
from
political
motives
.

Sentence #42 (16 tokens):
The clerics and reactionaries hated him in just the same way as they hated Zola.

Tokens:
The
clerics
and
reactionaries
hated
him
in
just
the
same
way
as
they
hated
Zola
.

Sentence #43 (12 tokens):
France had lost no opportunity of poking fun at the Church.

Tokens:
France
had
lost
no
opportunity
of
poking
fun
at
the
Church
.

Sentence #44 (25 tokens):
He was everything that the clerics and revanchists, the people who afterwards sucked the blacking off Hitler's boots, most detested".

Tokens:
He
was
everything
that
the
clerics
and
revanchists
,
the
people
who
afterwards
sucked
the
blacking
off
Hitler
's
boots
,
most
detested
"
.
Coreference set: 1
1 2 1 3 9 9 7 10
6 1 1 2 9 9 7 10
7 7 7 8 9 9 7 10
8 1 1 2 9 9 7 10
9 9 7 20 9 9 7 10
9 9 8 10 9 9 7 10
10 2 1 3 9 9 7 10
13 2 1 3 9 9 7 10
18 11 11 13 9 9 7 10
20 12 11 13 9 9 7 10
20 30 30 31 9 9 7 10
21 1 1 2 9 9 7 10
22 1 1 2 9 9 7 10
24 1 1 2 9 9 7 10
25 1 1 3 9 9 7 10
28 11 11 13 9 9 7 10
33 6 6 8 9 9 7 10
36 5 4 6 9 9 7 10
37 1 1 3 9 9 7 10
39 1 1 2 9 9 7 10
40 6 6 7 9 9 7 10
40 9 8 12 9 9 7 10
43 1 1 2 9 9 7 10
Coreference set: 4
2 1 1 2 1 6 4 7
3 1 1 2 1 6 4 7
3 5 3 6 1 6 4 7
4 5 5 6 1 6 4 7
4 9 9 10 1 6 4 7
5 1 1 2 1 6 4 7
5 20 20 21 1 6 4 7
Coreference set: 6
26 14 14 15 2 5 5 6
32 18 18 19 2 5 5 6
Coreference set: 17
41 28 28 29 41 2 1 9
42 6 6 7 41 2 1 9
44 1 1 2 41 2 1 9
Coreference set: 18
9 31 30 32 4 10 9 11
Coreference set: 19
41 2 1 3 41 8 4 9
41 8 7 9 41 8 4 9
41 11 11 12 41 8 4 9
41 16 16 17 41 8 4 9
Coreference set: 22
21 6 6 7 5 7 7 8
23 1 1 2 5 7 7 8
24 7 7 8 5 7 7 8
Coreference set: 23
5 14 13 17 5 14 12 15
Coreference set: 26
42 13 13 14 42 2 1 5
Coreference set: 27
19 17 15 18 5 8 6 9
21 7 5 8 5 8 6 9
Coreference set: 32
6 12 12 14 6 19 18 21
Coreference set: 37
44 6 5 9 44 11 10 21
Coreference set: 41
27 24 23 25 6 25 24 26
Coreference set: 43
7 11 11 12 7 2 1 8
9 1 1 2 7 2 1 8
Coreference set: 50
26 18 17 19 9 19 18 20
Coreference set: 51
10 25 24 26 9 4 1 5
Coreference set: 52
10 20 19 21 9 2 1 4
Coreference set: 54
26 18 16 19 9 19 17 20
Coreference set: 57
10 17 17 18 10 11 11 12
10 19 19 20 10 11 11 12
10 24 24 25 10 11 11 12
11 4 4 5 10 11 11 12
12 3 3 4 10 11 11 12
13 4 4 5 10 11 11 12
Coreference set: 70
16 3 2 4 13 11 10 12
16 8 8 9 13 11 10 12
17 1 1 2 13 11 10 12
Coreference set: 72
15 4 4 5 14 16 13 17
Coreference set: 82
18 1 1 2 17 13 13 14
36 31 31 32 17 13 13 14
Coreference set: 85
18 2 1 3 18 8 4 9
18 8 7 9 18 8 4 9
19 11 11 12 18 8 4 9
Coreference set: 87
19 6 6 7 19 2 1 3
Coreference set: 90
20 27 27 28 20 9 9 10
38 5 5 6 20 9 9 10
Coreference set: 99
24 5 4 6 22 9 7 10
37 35 34 36 22 9 7 10
Coreference set: 100
42 15 15 16 23 4 3 6
Coreference set: 101
23 14 11 22 23 9 8 10
Coreference set: 106
26 10 9 11 24 9 7 12
Coreference set: 117
26 29 29 30 26 1 1 8
Coreference set: 118
27 1 1 2 26 4 2 8
Coreference set: 130
29 1 1 2 28 4 1 8
Coreference set: 140
30 28 28 29 30 11 11 12
30 31 31 32 30 11 11 12
30 33 33 34 30 11 11 12
Coreference set: 143
31 1 1 2 30 22 22 23
32 1 1 2 30 22 22 23
Coreference set: 147
40 5 5 6 32 4 4 5
Coreference set: 149
33 14 14 15 35 2 1 3
Coreference set: 154
34 1 1 2 33 16 13 27
Coreference set: 155
43 11 10 12 33 26 23 27
Coreference set: 159
36 23 23 24 36 10 7 11
37 13 13 14 36 10 7 11
38 2 2 3 36 10 7 11
38 7 7 8 36 10 7 11
40 2 2 3 36 10 7 11
40 38 38 39 36 10 7 11
Coreference set: 163
37 38 38 39 36 13 12 20
Coreference set: 167
36 26 25 27 36 28 28 29
