Document: ID=Battle of Wittstock (29 sentences, 786 tokens)

Sentence #1 (18 tokens):
The Battle of Wittstock took place during the Thirty Years' War (1618-1648).

Tokens:
The
Battle
of
Wittstock
took
place
during
the
Thirty
Years
'
War
(
1618
-
1648
)
.

Sentence #2 (19 tokens):
It was fought on 24 September (Julian calendar) or 4 October (Gregorian calendar) 1636.

Tokens:
It
was
fought
on
24
September
(
Julian
calendar
)
or
4
October
(
Gregorian
calendar
)
1636
.

Sentence #3 (70 tokens):
A Swedish-allied army under general commanded jointly by Johan Baner and Alexander Leslie, later 1st Earl of Leven decisively defeated a combined Imperial-Saxon army, led by Count Melchior von Hatzfeld and the Saxon Elector John George I. Leslie and Baner commanded two distinct armies: Baner commanded the Swedish main army (huvud arme, and Leslie commanded the Army of the Weser.

Tokens:
A
Swedish
-
allied
army
under
general
commanded
jointly
by
Johan
Baner
and
Alexander
Leslie
,
later
1st
Earl
of
Leven
decisively
defeated
a
combined
Imperial
-
Saxon
army
,
led
by
Count
Melchior
von
Hatzfeld
and
the
Saxon
Elector
John
George
I.
Leslie
and
Baner
commanded
two
distinct
armies
:
Baner
commanded
the
Swedish
main
army
(
huvud
arme
,
and
Leslie
commanded
the
Army
of
the
Weser
.

Sentence #4 (56 tokens):
Their subordinate officers included the Swedish Count and major General Lennart Torstenson, Lieutenant General James King (later first Lord Eythin), and Major General John Ruthven who is usually erroneously conflated with his uncle Patrick Ruthven who was also a Lieutenant General in the Swedish army, but not present at Wittstock.

Tokens:
Their
subordinate
officers
included
the
Swedish
Count
and
major
General
Lennart
Torstenson
,
Lieutenant
General
James
King
(
later
first
Lord
Eythin
)
,
and
Major
General
John
Ruthven
who
is
usually
erroneously
conflated
with
his
uncle
Patrick
Ruthven
who
was
also
a
Lieutenant
General
in
the
Swedish
army
,
but
not
present
at
Wittstock
.

Sentence #5 (35 tokens):
The Holy Roman Emperor, with his Saxon and Roman Catholic allies, was fighting for the control of northern Germany against the Swedes and an alliance of Protestant princes opposed to Habsburg hegemony.

Tokens:
The
Holy
Roman
Emperor
,
with
his
Saxon
and
Roman
Catholic
allies
,
was
fighting
for
the
control
of
northern
Germany
against
the
Swedes
and
an
alliance
of
Protestant
princes
opposed
to
Habsburg
hegemony
.

Sentence #6 (18 tokens):
The Swedes were also allied to the French, but they played no part in the battle.

Tokens:
The
Swedes
were
also
allied
to
the
French
,
but
they
played
no
part
in
the
battle
.

Sentence #7 (23 tokens):
The Imperial main army was screening the Swedish army behind the Elbe while a smaller army under General Klitzing was overrunning Brandenburg.

Tokens:
The
Imperial
main
army
was
screening
the
Swedish
army
behind
the
Elbe
while
a
smaller
army
under
General
Klitzing
was
overrunning
Brandenburg
.

Sentence #8 (36 tokens):
Field Marshal Johan Baner commanding the main Swedish army was joined by Field Marshal Alexander Leslie commanding the Army of the Weser which comprised German, Scottish and (at least one) English regiments.

Tokens:
Field
Marshal
Johan
Baner
commanding
the
main
Swedish
army
was
joined
by
Field
Marshal
Alexander
Leslie
commanding
the
Army
of
the
Weser
which
comprised
German
,
Scottish
and
(
at
least
one
)
English
regiments
.

Sentence #9 (23 tokens):
Together they crossed the Elbe with a surprise march and met their opponents in the forested hilly landscape slightly south of Wittstock.

Tokens:
Together
they
crossed
the
Elbe
with
a
surprise
march
and
met
their
opponents
in
the
forested
hilly
landscape
slightly
south
of
Wittstock
.

Sentence #10 (29 tokens):
The Imperial army was larger in strength than the Swedish army, but at least one-third of it was composed of Saxon units of questionable quality.

Tokens:
The
Imperial
army
was
larger
in
strength
than
the
Swedish
army
,
but
at
least
one
-
third
of
it
was
composed
of
Saxon
units
of
questionable
quality
.

Sentence #11 (22 tokens):
The Swedish artillery was considerably stronger, leading the Imperial commanders to maintain a largely defensive position on the hill tops.

Tokens:
The
Swedish
artillery
was
considerably
stronger
,
leading
the
Imperial
commanders
to
maintain
a
largely
defensive
position
on
the
hill
tops
.

Sentence #12 (19 tokens):
The Imperial forces decided to wait for the Swedes on a range of sandy hills, the Scharfenberg.

Tokens:
The
Imperial
forces
decided
to
wait
for
the
Swedes
on
a
range
of
sandy
hills
,
the
Scharfenberg
.

Sentence #13 (19 tokens):
A part of the Imperial front was further defended with six ditches and a wall of linked wagons.

Tokens:
A
part
of
the
Imperial
front
was
further
defended
with
six
ditches
and
a
wall
of
linked
wagons
.

Sentence #14 (20 tokens):
Their commanders waited for some time for the Swedish troops to appear on the open fields to their front.

Tokens:
Their
commanders
waited
for
some
time
for
the
Swedish
troops
to
appear
on
the
open
fields
to
their
front
.

Sentence #15 (23 tokens):
Instead, the Swedish army was turning the Imperial left flank, moving behind the cover of a series of linked hills.

Tokens:
Instead
,
the
Swedish
army
was
turning
the
Imperial
left
flank
,
moving
behind
the
cover
of
a
series
of
linked
hills
.

Sentence #16 (16 tokens):
The Imperial troops were forced to redeploy their lines to set up a new front.

Tokens:
The
Imperial
troops
were
forced
to
redeploy
their
lines
to
set
up
a
new
front
.

Sentence #17 (15 tokens):
The battle was begun by small forces detached in detail to secure the hills.

Tokens:
The
battle
was
begun
by
small
forces
detached
in
detail
to
secure
the
hills
.

Sentence #18 (26 tokens):
The Swedes, under Baner and Leslie had problems moving up reinforcements through marshy ground, but battle was eventually joined along a wide front.

Tokens:
The
Swedes
,
under
Baner
and
Leslie
had
problems
moving
up
reinforcements
through
marshy
ground
,
but
battle
was
eventually
joined
along
a
wide
front
.

Sentence #19 (30 tokens):
Baner and Leslie had detached one-fourth of the army under General James King and General Torsten Stålhandske to take a long detour around the Imperial right flank.

Tokens:
Baner
and
Leslie
had
detached
one
-
fourth
of
the
army
under
General
James
King
and
General
Torsten
Stålhandske
to
take
a
long
detour
around
the
Imperial
right
flank
.

Sentence #20 (18 tokens):
They found the traverse difficult leading Baner's troops to take heavy casualties and begin to retreat.

Tokens:
They
found
the
traverse
difficult
leading
Baner
's
troops
to
take
heavy
casualties
and
begin
to
retreat
.

Sentence #21 (27 tokens):
Alexander Leslie moved five of his regiments to his relief taking heavy casualties in the process with the Scottish and English regiments being particularly badly mauled.

Tokens:
Alexander
Leslie
moved
five
of
his
regiments
to
his
relief
taking
heavy
casualties
in
the
process
with
the
Scottish
and
English
regiments
being
particularly
badly
mauled
.

Sentence #22 (23 tokens):
Nonetheless they were able to relieve Baner in time for King's cavalry to finally outflank the Imperial troops causing a rout.

Tokens:
Nonetheless
they
were
able
to
relieve
Baner
in
time
for
King
's
cavalry
to
finally
outflank
the
Imperial
troops
causing
a
rout
.

Sentence #23 (42 tokens):
With General Vitzthum in the reserve refusing to engage the Imperialists, his role was taken by Major-General John Ruthven (Leslie's son-in-law) who had been so deployed for just such an emergency.

Tokens:
With
General
Vitzthum
in
the
reserve
refusing
to
engage
the
Imperialists
,
his
role
was
taken
by
Major
-
General
John
Ruthven
(
Leslie
's
son
-
in
-
law
)
who
had
been
so
deployed
for
just
such
an
emergency
.

Sentence #24 (32 tokens):
Now attacked on two fronts and with the reserve brigades engaged, the Imperial forces, having lost all their artillery, retreated under the cover of dusk in full rout.

Tokens:
Now
attacked
on
two
fronts
and
with
the
reserve
brigades
engaged
,
the
Imperial
forces
,
having
lost
all
their
artillery
,
retreated
under
the
cover
of
dusk
in
full
rout
.

Sentence #25 (23 tokens):
In the accounts of the battle preserved in National Archives of Sweden, Johan Baner accredits the victory to Field Marshal Leslie.

Tokens:
In
the
accounts
of
the
battle
preserved
in
National
Archives
of
Sweden
,
Johan
Baner
accredits
the
victory
to
Field
Marshal
Leslie
.

Sentence #26 (42 tokens):
Leslie, in his personal correspondence to the Swedish Chancellor, Axel Oxenstierna, was clearly horrified at the losses sustained by his army and implies that there had been disagreement about the wisdom of Baner's tactics before the battle.

Tokens:
Leslie
,
in
his
personal
correspondence
to
the
Swedish
Chancellor
,
Axel
Oxenstierna
,
was
clearly
horrified
at
the
losses
sustained
by
his
army
and
implies
that
there
had
been
disagreement
about
the
wisdom
of
Baner
's
tactics
before
the
battle
.

Sentence #27 (18 tokens):
A third report, by James King conforms with Leslie's, but also contains additional information.

Tokens:
A
third
report
,
by
James
King
conforms
with
Leslie
's
,
but
also
contains
additional
information
.

Sentence #28 (12 tokens):
All three have been transcribed, translated and published in English.

Tokens:
All
three
have
been
transcribed
,
translated
and
published
in
English
.

Sentence #29 (32 tokens):
Nevertheless, Wittstock was a resounding victory for the Swedish forces and corrected any delusions harboured by the Imperialists that they were a spent force after the earlier battle of Nordlingen.

Tokens:
Nevertheless
,
Wittstock
was
a
resounding
victory
for
the
Swedish
forces
and
corrected
any
delusions
harboured
by
the
Imperialists
that
they
were
a
spent
force
after
the
earlier
battle
of
Nordlingen
.
Coreference set: 1
4 55 55 56 1 4 4 5
9 22 22 23 1 4 4 5
29 3 3 4 1 4 4 5
Coreference set: 2
2 1 1 2 1 2 1 5
6 17 16 18 1 2 1 5
17 2 1 3 1 2 1 5
26 41 40 42 1 2 1 5
Coreference set: 14
3 46 46 47 3 12 11 13
3 52 52 53 3 12 11 13
18 5 5 6 3 12 11 13
19 1 1 2 3 12 11 13
20 7 7 9 3 12 11 13
25 15 14 16 3 12 11 13
26 36 36 38 3 12 11 13
Coreference set: 15
3 63 63 64 3 15 14 16
18 7 7 8 3 15 14 16
19 3 3 4 3 15 14 16
21 2 1 3 3 15 14 16
21 9 9 10 3 15 14 16
23 24 24 26 3 15 14 16
26 1 1 14 3 15 14 16
26 1 1 2 3 15 14 16
26 4 4 5 3 15 14 16
26 23 23 24 3 15 14 16
27 10 10 12 3 15 14 16
Coreference set: 18
3 28 26 29 5 8 7 9
5 8 8 9 5 8 7 9
10 24 24 25 5 8 7 9
Coreference set: 21
24 4 4 5 3 48 48 49
Coreference set: 22
4 49 47 50 3 5 1 8
10 11 9 12 3 5 1 8
15 5 3 6 3 5 1 8
19 11 10 12 3 5 1 8
26 24 23 25 3 5 1 8
Coreference set: 23
4 1 1 2 3 7 7 8
Coreference set: 24
18 5 5 8 3 12 11 16
19 1 1 4 3 12 11 16
20 1 1 2 3 12 11 16
22 2 2 3 3 12 11 16
Coreference set: 31
8 9 6 10 3 57 54 61
Coreference set: 35
4 36 36 37 4 12 11 13
Coreference set: 41
19 15 13 16 4 17 14 24
19 15 14 16 4 17 14 24
22 11 11 13 4 17 14 24
27 7 6 8 4 17 14 24
Coreference set: 50
5 7 7 8 5 4 1 5
Coreference set: 51
6 11 11 12 5 8 7 13
9 2 2 3 5 8 7 13
9 12 12 13 5 8 7 13
Coreference set: 56
6 2 1 3 5 24 23 25
12 9 8 10 5 24 23 25
18 2 1 8 5 24 23 25
18 2 1 3 5 24 23 25
Coreference set: 62
7 2 2 3 15 9 8 10
10 2 2 3 15 9 8 10
11 10 10 11 15 9 8 10
12 2 2 3 15 9 8 10
13 5 5 6 15 9 8 10
16 2 2 3 15 9 8 10
19 27 27 28 15 9 8 10
22 18 18 19 15 9 8 10
24 14 14 15 15 9 8 10
Coreference set: 63
10 3 1 4 7 4 1 5
10 20 20 21 7 4 1 5
Coreference set: 65
9 5 4 6 7 12 11 13
Coreference set: 70
25 22 20 23 8 16 13 36
Coreference set: 78
27 2 2 3 10 18 14 21
Coreference set: 81
14 2 1 3 11 11 9 12
14 1 1 2 11 11 9 12
14 18 18 19 11 11 9 12
Coreference set: 84
24 15 13 16 12 3 1 4
Coreference set: 91
14 19 18 20 13 6 4 7
Coreference set: 96
22 9 9 10 14 6 5 11
Coreference set: 101
17 14 13 15 15 22 21 23
Coreference set: 102
16 8 8 9 16 3 1 4
22 19 17 20 16 3 1 4
Coreference set: 125
23 13 13 14 23 3 2 12
Coreference set: 127
24 20 20 21 23 11 10 12
29 19 18 20 23 11 10 12
29 21 21 22 23 11 10 12
