Document: ID=Battle of Kosovo (68 sentences, 1807 tokens)

Sentence #1 (60 tokens):
The Battle of Kosovo, also known as the Battle of Kosovo Field or the Battle of Blackbird's Field , took place on St. Vitus' Day, June 15, 1389, between the army led by Serbian Prince Lazar Hrebeljanović, and the invading army of the Ottoman Empire under the leadership of Sultan Murad I.

Tokens:
The
Battle
of
Kosovo
,
also
known
as
the
Battle
of
Kosovo
Field
or
the
Battle
of
Blackbird
's
Field
,
took
place
on
St.
Vitus
'
Day
,
June
15
,
1389
,
between
the
army
led
by
Serbian
Prince
Lazar
Hrebeljanović
,
and
the
invading
army
of
the
Ottoman
Empire
under
the
leadership
of
Sultan
Murad
I
.

Sentence #2 (36 tokens):
The army under Prince Lazar consisted of his own troops, a contingent led by Serbian nobleman Vuk Branković, and a contingent sent from Bosnia by King Tvrtko I, commanded by Vlatko Vuković.

Tokens:
The
army
under
Prince
Lazar
consisted
of
his
own
troops
,
a
contingent
led
by
Serbian
nobleman
Vuk
Branković
,
and
a
contingent
sent
from
Bosnia
by
King
Tvrtko
I
,
commanded
by
Vlatko
Vuković
.

Sentence #3 (40 tokens):
Prince Lazar was the ruler of Moravian Serbia, and the most powerful among the Serbian regional lords of the time, while Vuk Branković ruled a part of Kosovo and other areas, recognizing Lazar as his overlord.

Tokens:
Prince
Lazar
was
the
ruler
of
Moravian
Serbia
,
and
the
most
powerful
among
the
Serbian
regional
lords
of
the
time
,
while
Vuk
Branković
ruled
a
part
of
Kosovo
and
other
areas
,
recognizing
Lazar
as
his
overlord
.

Sentence #4 (21 tokens):
The Battle of Kosovo took place in the Kosovo Field, about 5 kilometers northwest of modern-day Pristina.

Tokens:
The
Battle
of
Kosovo
took
place
in
the
Kosovo
Field
,
about
5
kilometers
northwest
of
modern
-
day
Pristina
.

Sentence #5 (29 tokens):
Reliable historical accounts of the battle are scarce; however, a critical comparison with historically contemporaneous battles (such as Angora or Nikopolis) enables reliable reconstruction.

Tokens:
Reliable
historical
accounts
of
the
battle
are
scarce
;
however
,
a
critical
comparison
with
historically
contemporaneous
battles
(
such
as
Angora
or
Nikopolis
)
enables
reliable
reconstruction
.

Sentence #6 (22 tokens):
The bulk of both armies was wiped out in the battle; both Lazar and Murad lost their lives in it.

Tokens:
The
bulk
of
both
armies
was
wiped
out
in
the
battle
;
both
Lazar
and
Murad
lost
their
lives
in
it
.

Sentence #7 (19 tokens):
Although Ottomans managed to annihilate the Serbian army, they also suffered high casualties which delayed their progress.

Tokens:
Although
Ottomans
managed
to
annihilate
the
Serbian
army
,
they
also
suffered
high
casualties
which
delayed
their
progress
.

Sentence #8 (24 tokens):
Serbs were left with too few men to effectively defend their lands, while the Turks had many more troops in the east.

Tokens:
Serbs
were
left
with
too
few
men
to
effectively
defend
their
lands
,
while
the
Turks
had
many
more
troops
in
the
east
.

Sentence #9 (23 tokens):
Consequently, the Serbian principalities that were not already Ottoman vassals, one after the other became so in the following years.

Tokens:
Consequently
,
the
Serbian
principalities
that
were
not
already
Ottoman
vassals
,
one
after
the
other
became
so
in
the
following
years
.

Sentence #10 (17 tokens):
The Battle of Kosovo is particularly important to Serbian history, tradition, and national identity.

Tokens:
The
Battle
of
Kosovo
is
particularly
important
to
Serbian
history
,
tradition
,
and
national
identity
.

Sentence #11 (56 tokens):
Emperor Stefan Uroš IV Dušan the Mighty (r. 1331-1355) was succeeded by his son Stefan Uroš V (r. 1355-1371) whose reign was characterized by decline of central power and rise of numerous virtually independent principalities; this period is known as the fall of the Serbian Empire.

Tokens:
Emperor
Stefan
Uroš
IV
Dušan
the
Mighty
(
r.
1331
-
1355
)
was
succeeded
by
his
son
Stefan
Uroš
V
(
r.
1355
-
1371
)
whose
reign
was
characterized
by
decline
of
central
power
and
rise
of
numerous
virtually
independent
principalities
;
this
period
is
known
as
the
fall
of
the
Serbian
Empire
.

Sentence #12 (31 tokens):
Uroš the Weak was not able to sustain the great empire created by his father nor to repulse the foreign threats and failed to limit the independence of the nobles.

Tokens:
Uroš
the
Weak
was
not
able
to
sustain
the
great
empire
created
by
his
father
nor
to
repulse
the
foreign
threats
and
failed
to
limit
the
independence
of
the
nobles
.

Sentence #13 (30 tokens):
Uroš V died childless on 4 December 1371, after much of the Serbian nobility had been destroyed by the Turks in the Battle of Maritsa earlier that year.

Tokens:
Uroš
V
died
childless
on
4
December
1371
,
after
much
of
the
Serbian
nobility
had
been
destroyed
by
the
Turks
in
the
Battle
of
Maritsa
earlier
that
year
.

Sentence #14 (26 tokens):
Prince Lazar, ruler of Moravian Serbia, aware of the Ottoman threat, began diplomatic and military preparations for a campaign against the Ottomans.

Tokens:
Prince
Lazar
,
ruler
of
Moravian
Serbia
,
aware
of
the
Ottoman
threat
,
began
diplomatic
and
military
preparations
for
a
campaign
against
the
Ottomans
.

Sentence #15 (44 tokens):
After the defeat of the Ottomans at Pločnik (1386) and Bileća (1388), Murad I, the reigning Ottoman sultan, moved his troops from Philippoupolis (Plovdiv in modern Bulgaria) in the spring of 1389 to Ihtiman.

Tokens:
After
the
defeat
of
the
Ottomans
at
Pločnik
(
1386
)
and
Bileća
(
1388
)
,
Murad
I
,
the
reigning
Ottoman
sultan
,
moved
his
troops
from
Philippoupolis
(
Plovdiv
in
modern
Bulgaria
)
in
the
spring
of
1389
to
Ihtiman
.

Sentence #16 (20 tokens):
From there, the party traveled across Velbužd (Kyustendil) and Kratovo (present-day Macedonia).

Tokens:
From
there
,
the
party
traveled
across
Velbužd
(
Kyustendil
)
and
Kratovo
(
present
-
day
Macedonia
)
.

Sentence #17 (32 tokens):
Though longer than the alternative route through Sofia and the Nišava Valley, this route led the Ottoman party to Kosovo, one of the most important crossroads in the Balkans.

Tokens:
Though
longer
than
the
alternative
route
through
Sofia
and
the
Nišava
Valley
,
this
route
led
the
Ottoman
party
to
Kosovo
,
one
of
the
most
important
crossroads
in
the
Balkans
.

Sentence #18 (19 tokens):
From Kosovo, Murad's party could attack the lands of either Lazar of Serbia or Vuk Branković.

Tokens:
From
Kosovo
,
Murad
's
party
could
attack
the
lands
of
either
Lazar
of
Serbia
or
Vuk
Branković
.

Sentence #19 (29 tokens):
Having stayed in Kratovo for a time, Murad and his troops marched through Kumanovo, Preševo and Gnjilane to Pristina, where he arrived on June 14.

Tokens:
Having
stayed
in
Kratovo
for
a
time
,
Murad
and
his
troops
marched
through
Kumanovo
,
Preševo
and
Gnjilane
to
Pristina
,
where
he
arrived
on
June
14
.

Sentence #20 (27 tokens):
While there is less information about Lazar's preparations, he gathered his troops near Niš, on the right bank of the South Morava River.

Tokens:
While
there
is
less
information
about
Lazar
's
preparations
,
he
gathered
his
troops
near
Niš
,
on
the
right
bank
of
the
South
Morava
River
.

Sentence #21 (23 tokens):
His party likely remained there until he learned that Murad had moved to Velbužd, whereupon he moved across Prokuplje to Kosovo.

Tokens:
His
party
likely
remained
there
until
he
learned
that
Murad
had
moved
to
Velbužd
,
whereupon
he
moved
across
Prokuplje
to
Kosovo
.

Sentence #22 (26 tokens):
This was the best place Lazar could choose as a battlefield, as it gave him control of all the routes that Murad could take.

Tokens:
This
was
the
best
place
Lazar
could
choose
as
a
battlefield
,
as
it
gave
him
control
of
all
the
routes
that
Murad
could
take
.

Sentence #23 (10 tokens):
Murad's army numbered from 27,000 to 40,000 fighters.

Tokens:
Murad
's
army
numbered
from
27,000
to
40,000
fighters
.

Sentence #24 (31 tokens):
These 40,000 included no more than 2,000 Janissaries, 2,500 of Murad's cavalry guard, 6,000 sipahis, 20,000 azaps and akincis, and 8,000 troops from his vassals.

Tokens:
These
40,000
included
no
more
than
2,000
Janissaries
,
2,500
of
Murad
's
cavalry
guard
,
6,000
sipahis
,
20,000
azaps
and
akincis
,
and
8,000
troops
from
his
vassals
.

Sentence #25 (15 tokens):
Marko and Dragaš, although Ottoman vassals, did not participate in the battle.

Tokens:
Marko
and
Dragaš
,
although
Ottoman
vassals
,
did
not
participate
in
the
battle
.

Sentence #26 (9 tokens):
Lazar's army numbered from 12,000 to 30,000.

Tokens:
Lazar
's
army
numbered
from
12,000
to
30,000
.

Sentence #27 (39 tokens):
Out of approximately 30,000 fighters present, 12,000 to 15,000 were under Lazar's command, with 5,000 to 10,000 under Vuk Branković, a Serbian nobleman from Kosovo, and just as many under nobleman Vlatko Vuković.

Tokens:
Out
of
approximately
30,000
fighters
present
,
12,000
to
15,000
were
under
Lazar
's
command
,
with
5,000
to
10,000
under
Vuk
Branković
,
a
Serbian
nobleman
from
Kosovo
,
and
just
as
many
under
nobleman
Vlatko
Vuković
.

Sentence #28 (12 tokens):
The latter troops were sent by Bosnian king Tvrtko I Kotromanic.

Tokens:
The
latter
troops
were
sent
by
Bosnian
king
Tvrtko
I
Kotromanic
.

Sentence #29 (26 tokens):
Mixed with Vuković's army was a contingent of Knights Hospitallers, whom the Croatian knight John of Palisna had led from Vrana in Croatia.

Tokens:
Mixed
with
Vuković
's
army
was
a
contingent
of
Knights
Hospitallers
,
whom
the
Croatian
knight
John
of
Palisna
had
led
from
Vrana
in
Croatia
.

Sentence #30 (5 tokens):
Several thousand were cavalry.

Tokens:
Several
thousand
were
cavalry
.

Sentence #31 (39 tokens):
Furthermore, there has been several accounts which have mentioned that the "Christian army" of Lazar was far greater, and that it also included contingents of other nations, although these cannot be verified.

Tokens:
Furthermore
,
there
has
been
several
accounts
which
have
mentioned
that
the
"
Christian
army
"
of
Lazar
was
far
greater
,
and
that
it
also
included
contingents
of
other
nations
,
although
these
can
not
be
verified
.

Sentence #32 (7 tokens):
The armies met at Kosovo Field.

Tokens:
The
armies
met
at
Kosovo
Field
.

Sentence #33 (19 tokens):
Murad headed the Ottoman army, with his sons Bayezid on his right and Yakub on his left.

Tokens:
Murad
headed
the
Ottoman
army
,
with
his
sons
Bayezid
on
his
right
and
Yakub
on
his
left
.

Sentence #34 (54 tokens):
Around 1,000 archers were in the front line in the wings, backed up by azap and akinci; in the front center were janissaries, behind whom was Murad, surrounded by his cavalry guard; finally, the supply train at the rear was guarded by a small number of troops.

Tokens:
Around
1,000
archers
were
in
the
front
line
in
the
wings
,
backed
up
by
azap
and
akinci
;
in
the
front
center
were
janissaries
,
behind
whom
was
Murad
,
surrounded
by
his
cavalry
guard
;
finally
,
the
supply
train
at
the
rear
was
guarded
by
a
small
number
of
troops
.

Sentence #35 (20 tokens):
The Serbian army had Prince Lazar at its center, Vuk on the right and Vlatko on the left.

Tokens:
The
Serbian
army
had
Prince
Lazar
at
its
center
,
Vuk
on
the
right
and
Vlatko
on
the
left
.

Sentence #36 (25 tokens):
At the front of the Serbian army were the heavy cavalry and archer cavalry on the flanks, with the infantry to the rear.

Tokens:
At
the
front
of
the
Serbian
army
were
the
heavy
cavalry
and
archer
cavalry
on
the
flanks
,
with
the
infantry
to
the
rear
.

Sentence #37 (25 tokens):
While parallel, the dispositions of the armies were not symmetrical, as the Serbian center had a broader front than the Ottoman center.

Tokens:
While
parallel
,
the
dispositions
of
the
armies
were
not
symmetrical
,
as
the
Serbian
center
had
a
broader
front
than
the
Ottoman
center
.

Sentence #38 (19 tokens):
Serbian and Turkish accounts of the battle differ, making it difficult to reconstruct the course of events.

Tokens:
Serbian
and
Turkish
accounts
of
the
battle
differ
,
making
it
difficult
to
reconstruct
the
course
of
events
.

Sentence #39 (22 tokens):
It is believed that the battle commenced with Ottoman archers shooting at Serbian cavalry, who then made for the attack.

Tokens:
It
is
believed
that
the
battle
commenced
with
Ottoman
archers
shooting
at
Serbian
cavalry
,
who
then
made
for
the
attack
.

Sentence #40 (34 tokens):
After positioning in a V-shaped formation, the Serbian cavalry managed to break through the Ottoman left wing, but were not as successful against the center and the right wing.

Tokens:
After
positioning
in
a
V
-
shaped
formation
,
the
Serbian
cavalry
managed
to
break
through
the
Ottoman
left
wing
,
but
were
not
as
successful
against
the
center
and
the
right
wing
.

Sentence #41 (22 tokens):
The Serbs had the initial advantage after their first charge, which significantly damaged the Turkish wing commanded by Yakub Celebi.

Tokens:
The
Serbs
had
the
initial
advantage
after
their
first
charge
,
which
significantly
damaged
the
Turkish
wing
commanded
by
Yakub
Celebi
.

Sentence #42 (24 tokens):
When the knights' charge was finished, light Ottoman cavalry and light infantry counter-attacked and the Serbian heavy armour became a disadvantage.

Tokens:
When
the
knights
'
charge
was
finished
,
light
Ottoman
cavalry
and
light
infantry
counter-attacked
and
the
Serbian
heavy
armour
became
a
disadvantage
.

Sentence #43 (30 tokens):
In the center, Serbian fighters managed to push back Ottoman forces, except for Bayezid's wing, which barely held off the forces commanded by Vlatko Vuković.

Tokens:
In
the
center
,
Serbian
fighters
managed
to
push
back
Ottoman
forces
,
except
for
Bayezid
's
wing
,
which
barely
held
off
the
forces
commanded
by
Vlatko
Vuković
.

Sentence #44 (10 tokens):
Vuković thus inflicted disproportionately heavy losses on the Turks.

Tokens:
Vuković
thus
inflicted
disproportionately
heavy
losses
on
the
Turks
.

Sentence #45 (29 tokens):
The Ottomans, in a ferocious counter-attack led by Bayezid, pushed the Serbian forces back and then prevailed later in the day, routing the Serbian infantry.

Tokens:
The
Ottomans
,
in
a
ferocious
counter-attack
led
by
Bayezid
,
pushed
the
Serbian
forces
back
and
then
prevailed
later
in
the
day
,
routing
the
Serbian
infantry
.

Sentence #46 (24 tokens):
Both flanks still held, with Vuković's drifting toward the center to compensate for the heavy losses inflicted on the Serbian infantry.

Tokens:
Both
flanks
still
held
,
with
Vuković
's
drifting
toward
the
center
to
compensate
for
the
heavy
losses
inflicted
on
the
Serbian
infantry
.

Sentence #47 (27 tokens):
Historic facts say that Vuk Branković had seen that there was no hope for victory, and fled to save as many men as he could.

Tokens:
Historic
facts
say
that
Vuk
Branković
had
seen
that
there
was
no
hope
for
victory
,
and
fled
to
save
as
many
men
as
he
could
.

Sentence #48 (39 tokens):
He fled after Lazar was captured, but in songs, it is said that he betrayed Lazar, and left him to death in middle of battle rather than after Lazar was captured and the center massacred.

Tokens:
He
fled
after
Lazar
was
captured
,
but
in
songs
,
it
is
said
that
he
betrayed
Lazar
,
and
left
him
to
death
in
middle
of
battle
rather
than
after
Lazar
was
captured
and
the
center
massacred
.

Sentence #49 (16 tokens):
Bayezid gained his nickname "the Thunderbolt" here, after leading the decisive counter-attack.

Tokens:
Bayezid
gained
his
nickname
"
the
Thunderbolt
"
here
,
after
leading
the
decisive
counter-attack
.

Sentence #50 (28 tokens):
Sometime after Branković's retreat from the battle, the remaining Bosnian and Serb forces yielded the field, believing that a victory was no longer possible.

Tokens:
Sometime
after
Branković
's
retreat
from
the
battle
,
the
remaining
Bosnian
and
Serb
forces
yielded
the
field
,
believing
that
a
victory
was
no
longer
possible
.

Sentence #51 (27 tokens):
As the battle turned against the Serbs, one of their noblemen, a knight named Miloš Obilić, pretended to desert to the Turkish forces.

Tokens:
As
the
battle
turned
against
the
Serbs
,
one
of
their
noblemen
,
a
knight
named
Miloš
Obilić
,
pretended
to
desert
to
the
Turkish
forces
.

Sentence #52 (25 tokens):
When he was brought before Murad, Obilić pulled out a hidden dagger and killed the Sultan by slashing him from belly to neck.

Tokens:
When
he
was
brought
before
Murad
,
Obilić
pulled
out
a
hidden
dagger
and
killed
the
Sultan
by
slashing
him
from
belly
to
neck
.

Sentence #53 (11 tokens):
The Sultan's bodyguards immediately hacked Miloš Obilić to pieces.

Tokens:
The
Sultan
's
bodyguards
immediately
hacked
Miloš
Obilić
to
pieces
.

Sentence #54 (31 tokens):
The earliest preserved record, a letter from the Florentine senate to King Tvrtko I of Bosnia dated 20 October 1389, says that Murad was killed during the battle.

Tokens:
The
earliest
preserved
record
,
a
letter
from
the
Florentine
senate
to
King
Tvrtko
I
of
Bosnia
dated
20
October
1389
,
says
that
Murad
was
killed
during
the
battle
.

Sentence #55 (19 tokens):
Murad's son, Bayezid, was informed of the sultan's death before his older brother Yakub.

Tokens:
Murad
's
son
,
Bayezid
,
was
informed
of
the
sultan
's
death
before
his
older
brother
Yakub
.

Sentence #56 (18 tokens):
Bayezid sent Yakub a false message, stating that their father had some new orders for them.

Tokens:
Bayezid
sent
Yakub
a
false
message
,
stating
that
their
father
had
some
new
orders
for
them
.

Sentence #57 (21 tokens):
When Yakub arrived, he was strangled to death, leaving Bayezid as the sole heir to the Ottoman throne.

Tokens:
When
Yakub
arrived
,
he
was
strangled
to
death
,
leaving
Bayezid
as
the
sole
heir
to
the
Ottoman
throne
.

Sentence #58 (32 tokens):
The bulk of both armies were wiped out in the battle; both Lazar and Murad lost their lives, and the remnants of their armies eventually retreated from the battlefield.

Tokens:
The
bulk
of
both
armies
were
wiped
out
in
the
battle
;
both
Lazar
and
Murad
lost
their
lives
,
and
the
remnants
of
their
armies
eventually
retreated
from
the
battlefield
.

Sentence #59 (25 tokens):
The Serbs were left with too few men to defend their lands effectively, while the Turks had many more troops in the east.

Tokens:
The
Serbs
were
left
with
too
few
men
to
defend
their
lands
effectively
,
while
the
Turks
had
many
more
troops
in
the
east
.

Sentence #60 (23 tokens):
Consequently, the Serbian principalities that were not already Ottoman vassals, one after the other became so in the following years.

Tokens:
Consequently
,
the
Serbian
principalities
that
were
not
already
Ottoman
vassals
,
one
after
the
other
became
so
in
the
following
years
.

Sentence #61 (25 tokens):
Furthermore, in response to Turkish pressure, some Serbian noblemen wed their daughters, including the daughter of Prince Lazar, to Bayezid.

Tokens:
Furthermore
,
in
response
to
Turkish
pressure
,
some
Serbian
noblemen
wed
their
daughters
,
including
the
daughter
of
Prince
Lazar
,
to
Bayezid
.

Sentence #62 (37 tokens):
In the wake of these marriages, Stefan Lazarević became a loyal ally of Bayezid, going on to contribute significant forces to many of Bayezid's future military engagements, including the Battle of Nicopolis.

Tokens:
In
the
wake
of
these
marriages
,
Stefan
Lazarević
became
a
loyal
ally
of
Bayezid
,
going
on
to
contribute
significant
forces
to
many
of
Bayezid
's
future
military
engagements
,
including
the
Battle
of
Nicopolis
.

Sentence #63 (32 tokens):
Eventually, the Serbian Despotate would, on numerous occasions, attempt to defeat the Ottomans in conjunction with the Hungarians until its final defeat in 1459 and again in 1540.

Tokens:
Eventually
,
the
Serbian
Despotate
would
,
on
numerous
occasions
,
attempt
to
defeat
the
Ottomans
in
conjunction
with
the
Hungarians
until
its
final
defeat
in
1459
and
again
in
1540
.

Sentence #64 (62 tokens):
The Battle of Kosovo came to be seen as a symbol of Serbian patriotism and desire for independence in the 19th century rise of nationalism under Ottoman rule, including the Kosovo curse, and its significance for Serbian nationalism returned to prominence during the breakup of Yugoslavia and the Kosovo War when Slobodan Milošević invoked it during an important speech.

Tokens:
The
Battle
of
Kosovo
came
to
be
seen
as
a
symbol
of
Serbian
patriotism
and
desire
for
independence
in
the
19th
century
rise
of
nationalism
under
Ottoman
rule
,
including
the
Kosovo
curse
,
and
its
significance
for
Serbian
nationalism
returned
to
prominence
during
the
breakup
of
Yugoslavia
and
the
Kosovo
War
when
Slobodan
Milošević
invoked
it
during
an
important
speech
.

Sentence #65 (36 tokens):
The battle was also a major blow to the Ottoman campaign, and although the Ottomans did eventually take over most of the Balkans, it took them over a hundred years to do so.

Tokens:
The
battle
was
also
a
major
blow
to
the
Ottoman
campaign
,
and
although
the
Ottomans
did
eventually
take
over
most
of
the
Balkans
,
it
took
them
over
a
hundred
years
to
do
so
.

Sentence #66 (21 tokens):
After the destruction of their forces at Kosovo, the Ottomans were forced to send inexperienced reserve armies to Europe.

Tokens:
After
the
destruction
of
their
forces
at
Kosovo
,
the
Ottomans
were
forced
to
send
inexperienced
reserve
armies
to
Europe
.

Sentence #67 (16 tokens):
This problem was partly solved with the "recruitment" of Jannisaries from the Balkans.

Tokens:
This
problem
was
partly
solved
with
the
"
recruitment
"
of
Jannisaries
from
the
Balkans
.

Sentence #68 (32 tokens):
The delay in Ottoman advancement also effectively stopped the Ottomans from invading central and west Europe, as it gave time to central European nations to fortify and mount proper defenses.

Tokens:
The
delay
in
Ottoman
advancement
also
effectively
stopped
the
Ottomans
from
invading
central
and
west
Europe
,
as
it
gave
time
to
central
European
nations
to
fortify
and
mount
proper
defenses
.
Coreference set: 2
1 4 4 5 4 10 8 11
1 13 12 14 4 10 8 11
3 30 30 31 4 10 8 11
4 4 4 5 4 10 8 11
4 10 9 11 4 10 8 11
10 4 4 5 4 10 8 11
17 21 21 29 4 10 8 11
17 21 21 22 4 10 8 11
18 2 2 3 4 10 8 11
21 22 22 23 4 10 8 11
27 29 29 30 4 10 8 11
32 6 5 7 4 10 8 11
50 18 17 19 4 10 8 11
64 4 4 5 4 10 8 11
64 32 32 33 4 10 8 11
66 8 8 9 4 10 8 11
Coreference set: 8
4 2 1 5 1 2 1 5
10 2 1 5 1 2 1 5
64 2 1 5 1 2 1 5
64 36 36 37 1 2 1 5
Coreference set: 20
1 28 25 29 45 23 22 24
Coreference set: 27
64 57 57 58 64 37 36 41
Coreference set: 28
1 37 36 44 7 8 6 9
35 3 1 4 7 8 6 9
35 8 8 9 7 8 6 9
36 7 5 8 7 8 6 9
Coreference set: 31
23 3 1 4 1 48 46 60
33 5 3 6 1 48 46 60
Coreference set: 38
2 30 30 31 1 59 59 60
15 19 19 20 1 59 59 60
28 10 10 11 1 59 59 60
54 15 15 16 1 59 59 60
Coreference set: 40
2 8 8 9 2 5 4 6
3 2 1 3 2 5 4 6
3 5 4 9 2 5 4 6
3 36 36 37 2 5 4 6
3 38 38 39 2 5 4 6
6 14 14 15 2 5 4 6
14 2 1 14 2 5 4 6
14 2 1 3 2 5 4 6
14 4 4 14 2 5 4 6
14 4 4 8 2 5 4 6
18 13 13 16 2 5 4 6
20 7 7 9 2 5 4 6
20 11 11 12 2 5 4 6
20 13 13 14 2 5 4 6
21 1 1 2 2 5 4 6
21 7 7 8 2 5 4 6
22 6 6 7 2 5 4 6
22 16 16 17 2 5 4 6
26 1 1 3 2 5 4 6
27 13 13 15 2 5 4 6
31 18 18 19 2 5 4 6
48 4 4 5 2 5 4 6
48 18 18 19 2 5 4 6
48 32 32 33 2 5 4 6
58 14 14 15 2 5 4 6
61 21 20 22 2 5 4 6
61 21 21 22 2 5 4 6
Coreference set: 41
3 25 24 26 2 19 18 20
18 18 17 19 2 19 18 20
27 23 22 24 2 19 18 20
47 6 5 7 2 19 18 20
47 25 25 26 2 19 18 20
48 1 1 2 2 19 18 20
48 16 16 17 2 19 18 20
48 22 22 23 2 19 18 20
50 3 3 5 2 19 18 20
Coreference set: 42
54 17 17 18 2 26 26 27
Coreference set: 43
2 35 34 36 27 38 36 39
29 3 3 5 27 38 36 39
43 29 28 30 27 38 36 39
44 1 1 2 27 38 36 39
46 7 7 9 27 38 36 39
Coreference set: 44
2 2 1 6 26 3 1 4
Coreference set: 47
15 28 27 29 2 10 8 11
19 12 11 13 2 10 8 11
20 14 13 15 2 10 8 11
Coreference set: 51
2 29 28 36 2 29 28 31
54 14 13 16 2 29 28 31
Coreference set: 53
66 20 20 21 68 16 15 17
Coreference set: 55
14 7 6 8 3 8 7 9
18 15 15 16 3 8 7 9
41 2 1 3 3 8 7 9
51 7 6 8 3 8 7 9
59 2 1 3 3 8 7 9
Coreference set: 69
68 19 19 20 68 5 4 6
Coreference set: 76
19 21 21 22 4 20 17 21
Coreference set: 78
5 6 5 7 65 7 5 12
6 11 10 12 65 7 5 12
25 14 13 15 65 7 5 12
38 7 6 8 65 7 5 12
38 11 11 12 65 7 5 12
39 6 5 7 65 7 5 12
50 8 7 9 65 7 5 12
51 3 2 4 65 7 5 12
54 30 29 31 65 7 5 12
58 11 10 12 65 7 5 12
65 2 1 3 65 7 5 12
Coreference set: 84
15 18 18 25 6 16 16 17
15 18 18 20 6 16 16 17
15 24 21 25 6 16 16 17
18 4 4 6 6 16 16 17
19 9 9 10 6 16 16 17
21 10 10 11 6 16 16 17
21 17 17 18 6 16 16 17
22 23 23 24 6 16 16 17
23 1 1 3 6 16 16 17
24 12 12 14 6 16 16 17
33 1 1 2 6 16 16 17
33 8 8 9 6 16 16 17
33 12 12 13 6 16 16 17
33 17 17 18 6 16 16 17
34 30 30 37 6 16 16 17
34 30 30 31 6 16 16 17
34 34 34 35 6 16 16 17
52 6 6 7 6 16 16 17
52 17 16 18 6 16 16 17
53 2 1 4 6 16 16 17
54 25 25 26 6 16 16 17
55 1 1 3 6 16 16 17
55 11 10 13 6 16 16 17
58 16 16 17 6 16 16 17
Coreference set: 85
6 21 21 22 6 2 1 6
58 2 1 6 6 2 1 6
Coreference set: 86
32 2 1 3 6 5 4 6
37 8 7 9 6 5 4 6
Coreference set: 87
6 18 18 19 6 14 13 17
7 10 10 11 6 14 13 17
7 17 17 18 6 14 13 17
Coreference set: 88
58 19 18 20 6 19 18 20
Coreference set: 89
7 2 2 3 14 25 24 26
9 10 10 11 14 25 24 26
14 12 12 13 14 25 24 26
15 6 5 7 14 25 24 26
15 23 23 24 14 25 24 26
17 18 18 19 14 25 24 26
25 6 6 7 14 25 24 26
33 4 4 5 14 25 24 26
37 23 23 24 14 25 24 26
39 9 9 10 14 25 24 26
40 18 17 19 14 25 24 26
42 10 10 11 14 25 24 26
43 11 11 12 14 25 24 26
45 2 1 11 14 25 24 26
45 2 1 3 14 25 24 26
57 19 19 20 14 25 24 26
60 10 10 11 14 25 24 26
64 27 27 28 14 25 24 26
65 10 10 11 14 25 24 26
65 16 15 17 14 25 24 26
65 26 26 27 14 25 24 26
66 11 10 12 14 25 24 26
68 4 4 5 14 25 24 26
68 10 9 11 14 25 24 26
Coreference set: 92
8 11 11 12 8 7 5 8
59 8 6 9 8 7 5 8
59 11 11 12 8 7 5 8
Coreference set: 93
59 12 11 13 8 12 11 13
Coreference set: 94
13 21 20 22 8 16 15 17
44 9 8 10 8 16 15 17
59 17 16 18 8 16 15 17
Coreference set: 96
59 24 23 25 8 23 22 24
Coreference set: 97
9 5 3 17 9 5 3 12
60 5 3 17 9 5 3 12
60 5 3 12 9 5 3 12
Coreference set: 98
24 30 29 31 9 11 10 12
25 7 6 8 9 11 10 12
60 11 10 12 9 11 10 12
Coreference set: 100
60 16 15 17 9 16 15 17
Coreference set: 101
60 22 20 23 9 22 20 23
Coreference set: 102
11 17 17 18 11 5 1 14
Coreference set: 112
12 14 14 15 12 1 1 4
Coreference set: 114
56 11 10 12 12 15 14 16
Coreference set: 134
15 27 27 28 15 13 13 17
Coreference set: 141
19 4 4 5 16 13 13 14
19 11 11 12 16 13 13 14
19 24 24 25 16 13 13 14
Coreference set: 144
21 14 14 15 16 8 8 12
Coreference set: 147
20 16 16 17 17 12 11 13
Coreference set: 148
17 15 14 16 17 6 4 13
Coreference set: 153
65 24 23 25 17 31 30 32
65 24 24 25 17 31 30 32
67 15 14 16 17 31 30 32
Coreference set: 154
21 2 1 3 18 6 4 7
Coreference set: 160
68 21 21 22 19 7 6 8
Coreference set: 169
22 1 1 2 22 5 3 26
Coreference set: 170
22 14 14 15 22 11 10 12
58 31 30 32 22 11 10 12
Coreference set: 172
24 2 1 3 23 8 6 9
Coreference set: 179
34 25 25 26 24 8 8 9
Coreference set: 181
24 29 29 30 24 15 12 16
34 36 34 37 24 15 12 16
Coreference set: 182
24 18 17 24 24 27 26 31
Coreference set: 188
27 4 4 5 26 8 6 9
Coreference set: 202
29 1 1 6 29 8 7 26
29 8 7 12 29 8 7 26
Coreference set: 210
31 25 25 26 31 15 12 19
Coreference set: 214
43 16 16 18 33 10 10 11
45 10 10 11 33 10 10 11
49 1 1 2 33 10 10 11
49 3 3 4 33 10 10 11
55 5 5 6 33 10 10 11
56 1 1 2 33 10 10 11
61 24 24 25 33 10 10 11
62 15 15 16 33 10 10 11
62 26 26 28 33 10 10 11
Coreference set: 217
35 14 13 15 33 13 12 14
Coreference set: 218
33 15 15 19 41 21 20 22
55 18 18 19 41 21 20 22
56 3 3 4 41 21 20 22
57 2 2 3 41 21 20 22
57 5 5 6 41 21 20 22
Coreference set: 219
35 19 18 20 33 18 17 19
Coreference set: 225
35 9 8 10 34 23 21 24
Coreference set: 228
36 24 23 25 34 45 44 46
Coreference set: 241
40 29 28 30 37 16 14 17
43 3 2 4 37 16 14 17
46 12 11 13 37 16 14 17
48 37 36 38 37 16 14 17
Coreference set: 248
41 8 8 9 39 10 9 22
Coreference set: 273
46 23 21 24 45 28 26 29
Coreference set: 288
52 8 8 9 51 18 17 19
53 8 7 9 51 18 17 19
Coreference set: 289
52 2 2 3 51 7 6 13
52 20 20 21 51 7 6 13
Coreference set: 294
56 10 10 11 53 4 1 5
56 17 17 18 53 4 1 5
Coreference set: 297
54 7 6 22 54 4 1 5
Coreference set: 302
55 15 15 16 55 3 1 4
Coreference set: 310
58 26 25 27 58 5 4 6
Coreference set: 311
58 18 18 19 58 14 13 17
58 25 25 26 58 14 13 17
Coreference set: 316
61 13 13 14 61 11 9 12
Coreference set: 325
65 28 28 29 62 24 24 37
66 5 5 6 62 24 24 37
Coreference set: 331
63 23 23 24 63 16 15 19
