Document: ID=Blood on the Tracks (32 sentences, 861 tokens)

Sentence #1 (25 tokens):
Blood on the Tracks is the fifteenth studio album by American singer-songwriter Bob Dylan, released in January 1975 on Columbia Records.

Tokens:
Blood
on
the
Tracks
is
the
fifteenth
studio
album
by
American
singer
-
songwriter
Bob
Dylan
,
released
in
January
1975
on
Columbia
Records
.

Sentence #2 (18 tokens):
The album marked Dylan's return to Columbia after a two-album stint with Asylum Records.

Tokens:
The
album
marked
Dylan
's
return
to
Columbia
after
a
two
-
album
stint
with
Asylum
Records
.

Sentence #3 (16 tokens):
Most of the lyrics on the album revolve around heartache, anger, and loneliness.

Tokens:
Most
of
the
lyrics
on
the
album
revolve
around
heartache
,
anger
,
and
loneliness
.

Sentence #4 (27 tokens):
The album, which followed on the resurgence of critical acclaim for Dylan's work after Planet Waves, was greeted enthusiastically by fans and critics.

Tokens:
The
album
,
which
followed
on
the
resurgence
of
critical
acclaim
for
Dylan
's
work
after
Planet
Waves
,
was
greeted
enthusiastically
by
fans
and
critics
.

Sentence #5 (38 tokens):
In the years following its release it has come to be regarded as one of his best albums; it is common for subsequent records to be labeled his "best since Blood on the Tracks".

Tokens:
In
the
years
following
its
release
it
has
come
to
be
regarded
as
one
of
his
best
albums
;
it
is
common
for
subsequent
records
to
be
labeled
his
"
best
since
Blood
on
the
Tracks
"
.

Sentence #6 (1 tokens):
.

Tokens:
.

Sentence #7 (41 tokens):
It is also commonly seen as a standard for confessional singer-songwriter albums; though Dylan has denied that the songs are autobiographical, his son Jakob Dylan has stated: "The songs are my parents talking".

Tokens:
It
is
also
commonly
seen
as
a
standard
for
confessional
singer
-
songwriter
albums
;
though
Dylan
has
denied
that
the
songs
are
autobiographical
,
his
son
Jakob
Dylan
has
stated
:
"
The
songs
are
my
parents
talking
"
.

Sentence #8 (47 tokens):
In 2003, the album was ranked number 16 on Rolling Stone's list of the 500 greatest albums of all time, and in 2004, it was placed at number 5 on Pitchfork Media's list of the top 100 albums of the 1970s.

Tokens:
In
2003
,
the
album
was
ranked
number
16
on
Rolling
Stone
's
list
of
the
500
greatest
albums
of
all
time
,
and
in
2004
,
it
was
placed
at
number
5
on
Pitchfork
Media
's
list
of
the
top
100
albums
of
the
1970s
.

Sentence #9 (17 tokens):
The album reached 1 on the Billboard 200 charts and 4 on the UK Albums Chart.

Tokens:
The
album
reached
1
on
the
Billboard
200
charts
and
4
on
the
UK
Albums
Chart
.

Sentence #10 (19 tokens):
The single "Tangled Up in Blue" peaked at 31 on the Billboard Hot 100 singles chart.

Tokens:
The
single
"
Tangled
Up
in
Blue
"
peaked
at
31
on
the
Billboard
Hot
100
singles
chart
.

Sentence #11 (31 tokens):
The album remains one of Dylan's best-selling studio releases, with a double-platinum US certification by the Recording Industry Association of America (RIAA).

Tokens:
The
album
remains
one
of
Dylan
's
best
-
selling
studio
releases
,
with
a
double
-
platinum
US
certification
by
the
Recording
Industry
Association
of
America
(
RIAA
)
.

Sentence #12 (42 tokens):
Prior to recording, and while details regarding his return to Columbia Records were being fleshed out, Dylan previewed the songs that would make up Blood on the Tracks to a number of friends and peers in the music world.

Tokens:
Prior
to
recording
,
and
while
details
regarding
his
return
to
Columbia
Records
were
being
fleshed
out
,
Dylan
previewed
the
songs
that
would
make
up
Blood
on
the
Tracks
to
a
number
of
friends
and
peers
in
the
music
world
.

Sentence #13 (44 tokens):
According to biographer Jimmy McDonough, Dylan visited Neil Young in his home in Florida to showcase the songs on the album and seek out Young's opinion, and even run through some of the songs with Young's group Crazy Horse.

Tokens:
According
to
biographer
Jimmy
McDonough
,
Dylan
visited
Neil
Young
in
his
home
in
Florida
to
showcase
the
songs
on
the
album
and
seek
out
Young
's
opinion
,
and
even
run
through
some
of
the
songs
with
Young
's
group
Crazy
Horse
.

Sentence #14 (22 tokens):
Dylan also previewed the songs to David Crosby, Graham Nash, Stephen Stills, Tim Drummond, and Peter Rowan.

Tokens:
Dylan
also
previewed
the
songs
to
David
Crosby
,
Graham
Nash
,
Stephen
Stills
,
Tim
Drummond
,
and
Peter
Rowan
.

Sentence #15 (44 tokens):
Notably, Graham Nash recalled that Stephen Stills disliked Dylan's private performance of his new songs: immediately after Dylan left the room, Stills remarked to Nash, "He's a good songwriter...but he's no musician".

Tokens:
Notably
,
Graham
Nash
recalled
that
Stephen
Stills
disliked
Dylan
's
private
performance
of
his
new
songs
:
immediately
after
Dylan
left
the
room
,
Stills
remarked
to
Nash
,
"
He
's
a
good
songwriter
...
but
he
's
no
musician
"
.

Sentence #16 (33 tokens):
Initially, Dylan considered recording Blood on the Tracks with an electric backing group, and even contacted Mike Bloomfield, a guitarist who had worked with him on Highway 61 Revisited.

Tokens:
Initially
,
Dylan
considered
recording
Blood
on
the
Tracks
with
an
electric
backing
group
,
and
even
contacted
Mike
Bloomfield
,
a
guitarist
who
had
worked
with
him
on
Highway
61
Revisited
.

Sentence #17 (26 tokens):
The two met, and Dylan showcased the songs he was planning to record, but he played them too quickly for Bloomfield to learn.

Tokens:
The
two
met
,
and
Dylan
showcased
the
songs
he
was
planning
to
record
,
but
he
played
them
too
quickly
for
Bloomfield
to
learn
.

Sentence #18 (30 tokens):
Bloomfield later recalled the experience: "They all began to sound the same to me; they were all in the same key; they were all long.

Tokens:
Bloomfield
later
recalled
the
experience
:
"
They
all
began
to
sound
the
same
to
me
;
they
were
all
in
the
same
key
;
they
were
all
long
.

Sentence #19 (11 tokens):
It was one of the strangest experiences of my life.

Tokens:
It
was
one
of
the
strangest
experiences
of
my
life
.

Sentence #20 (15 tokens):
He was sort of pissed off that I didn't pick it up".

Tokens:
He
was
sort
of
pissed
off
that
I
did
n't
pick
it
up
"
.

Sentence #21 (30 tokens):
In the end, Dylan rejected the idea of recording the album with a band, and instead substituted stripped-down acoustic arrangements for all of his songs.

Tokens:
In
the
end
,
Dylan
rejected
the
idea
of
recording
the
album
with
a
band
,
and
instead
substituted
stripped
-
down
acoustic
arrangements
for
all
of
his
songs
.

Sentence #22 (36 tokens):
Dylan arrived at Columbia Records' A&R Recording Studios in New York City on September 16, 1974, where it was soon realized that he was taking a "spontaneous" approach to recording.

Tokens:
Dylan
arrived
at
Columbia
Records
'
A&R
Recording
Studios
in
New
York
City
on
September
16
,
1974
,
where
it
was
soon
realized
that
he
was
taking
a
"
spontaneous
"
approach
to
recording
.

Sentence #23 (26 tokens):
The session engineer at the time, Phil Ramone, later said that he would "go from one song to another like a medley.

Tokens:
The
session
engineer
at
the
time
,
Phil
Ramone
,
later
said
that
he
would
"
go
from
one
song
to
another
like
a
medley
.

Sentence #24 (30 tokens):
Sometimes he will have several bars, and in the next version, he will change his mind about how many bars there should be in between a verse.

Tokens:
Sometimes
he
will
have
several
bars
,
and
in
the
next
version
,
he
will
change
his
mind
about
how
many
bars
there
should
be
in
between
a
verse
.

Sentence #25 (5 tokens):
Or eliminate a verse.

Tokens:
Or
eliminate
a
verse
.

Sentence #26 (11 tokens):
Or add a chorus when you don't expect".

Tokens:
Or
add
a
chorus
when
you
do
n't
expect
"
.

Sentence #27 (32 tokens):
Eric Weissberg and his band, Deliverance, originally recruited as session men, were rejected after two days of recording because they could not keep up with Dylan's pace.

Tokens:
Eric
Weissberg
and
his
band
,
Deliverance
,
originally
recruited
as
session
men
,
were
rejected
after
two
days
of
recording
because
they
could
not
keep
up
with
Dylan
's
pace
.

Sentence #28 (31 tokens):
Dylan retained bassist Tony Brown from the band, and soon added organist Paul Griffin (who had also worked on Highway 61 Revisited) and steel guitarist Buddy Cage.

Tokens:
Dylan
retained
bassist
Tony
Brown
from
the
band
,
and
soon
added
organist
Paul
Griffin
(
who
had
also
worked
on
Highway
61
Revisited
)
and
steel
guitarist
Buddy
Cage
.

Sentence #29 (32 tokens):
After ten days and four sessions with the current lineup, Dylan had finished recording and mixing, and, by November, had cut a test pressing on the album.

Tokens:
After
ten
days
and
four
sessions
with
the
current
lineup
,
Dylan
had
finished
recording
and
mixing
,
and
,
by
November
,
had
cut
a
test
pressing
on
the
album
.

Sentence #30 (51 tokens):
Columbia soon began to prepare for the album's imminent release, but, three months later, just before the scheduled launch, Dylan re-recorded several songs at the last minute, in Minneapolis' Sound 80 Studios, utilizing local musicians organized by his brother, David Zimmerman.

Tokens:
Columbia
soon
began
to
prepare
for
the
album
's
imminent
release
,
but
,
three
months
later
,
just
before
the
scheduled
launch
,
Dylan
re-recorded
several
songs
at
the
last
minute
,
in
Minneapolis
'
Sound
80
Studios
,
utilizing
local
musicians
organized
by
his
brother
,
David
Zimmerman
.

Sentence #31 (19 tokens):
Even with this setback, Columbia managed to release Blood on the Tracks by January 20, 1975.

Tokens:
Even
with
this
setback
,
Columbia
managed
to
release
Blood
on
the
Tracks
by
January
20
,
1975
.

Sentence #32 (11 tokens):
All personnel credits adapted from the album's liner notes.

Tokens:
All
personnel
credits
adapted
from
the
album
's
liner
notes
.
Coreference set: 1
2 4 4 6 1 16 15 17
4 13 13 15 1 16 15 17
5 29 29 30 1 16 15 17
7 17 17 18 1 16 15 17
7 26 26 27 1 16 15 17
7 29 28 30 1 16 15 17
7 37 37 38 1 16 15 17
12 19 19 20 1 16 15 17
13 7 7 8 1 16 15 17
14 1 1 2 1 16 15 17
15 10 10 12 1 16 15 17
15 21 21 22 1 16 15 17
16 3 3 4 1 16 15 17
16 28 28 29 1 16 15 17
17 6 6 7 1 16 15 17
17 10 10 11 1 16 15 17
17 17 17 18 1 16 15 17
20 1 1 2 1 16 15 17
21 5 5 6 1 16 15 17
22 1 1 2 1 16 15 17
22 26 26 27 1 16 15 17
27 29 29 31 1 16 15 17
28 1 1 2 1 16 15 17
29 12 12 13 1 16 15 17
30 25 25 26 1 16 15 17
30 46 46 47 1 16 15 17
Coreference set: 2
12 13 12 14 1 24 23 25
Coreference set: 3
1 1 1 5 1 9 6 25
5 33 33 37 1 9 6 25
12 27 27 31 1 9 6 25
31 10 10 14 1 9 6 25
Coreference set: 4
5 36 35 37 1 4 3 5
12 30 29 31 1 4 3 5
16 9 8 10 1 4 3 5
31 13 12 14 1 4 3 5
Coreference set: 8
30 1 1 2 2 8 8 9
31 6 6 7 2 8 8 9
Coreference set: 11
3 7 6 8 2 2 1 3
4 2 1 19 2 2 1 3
4 2 1 3 2 2 1 3
5 5 5 6 2 2 1 3
8 5 4 6 2 2 1 3
9 2 1 3 2 2 1 3
11 2 1 3 2 2 1 3
13 22 21 23 2 2 1 3
21 12 11 13 2 2 1 3
29 31 30 32 2 2 1 3
30 8 7 10 2 2 1 3
32 7 6 9 2 2 1 3
Coreference set: 22
5 7 7 8 5 6 5 7
7 1 1 2 5 6 5 7
Coreference set: 27
7 35 34 36 7 22 21 23
12 22 21 42 7 22 21 23
13 19 18 20 7 22 21 23
14 5 4 6 7 22 21 23
Coreference set: 35
10 16 16 17 8 42 42 43
Coreference set: 40
8 28 28 29 8 26 26 27
Coreference set: 46
9 7 7 8 10 15 14 16
Coreference set: 59
11 29 29 30 11 25 22 28
Coreference set: 65
13 12 12 13 13 5 4 6
Coreference set: 68
13 26 26 28 13 10 9 14
13 39 39 41 13 10 9 14
Coreference set: 75
15 4 3 5 14 11 10 12
15 29 29 30 14 11 10 12
Coreference set: 76
15 8 7 9 14 14 13 15
15 15 15 16 14 14 13 15
15 26 26 27 14 14 13 15
15 32 32 33 14 14 13 15
15 36 34 37 14 14 13 15
15 39 39 40 14 14 13 15
15 42 41 43 14 14 13 15
Coreference set: 79
17 19 19 20 14 8 7 22
18 8 8 9 14 8 7 22
18 18 18 19 14 8 7 22
18 26 26 27 14 8 7 22
Coreference set: 83
16 23 22 32 16 20 19 21
17 23 23 24 16 20 19 21
18 1 1 2 16 20 19 21
18 16 16 17 16 20 19 21
19 9 9 10 16 20 19 21
20 8 8 9 16 20 19 21
Coreference set: 84
28 23 23 24 16 31 31 32
Coreference set: 91
19 1 1 2 18 5 4 6
20 12 12 13 18 5 4 6
Coreference set: 98
27 5 4 6 21 15 14 16
28 8 7 9 21 15 14 16
Coreference set: 104
24 2 2 3 23 9 8 10
24 14 14 15 23 9 8 10
24 17 17 18 23 9 8 10
Coreference set: 106
23 14 14 15 23 3 1 12
Coreference set: 112
24 22 22 23 24 6 5 7
Coreference set: 115
25 4 3 5 24 29 28 30
Coreference set: 118
27 4 4 5 27 2 1 3
Coreference set: 119
27 23 23 24 27 2 1 6
Coreference set: 147
30 47 46 48 30 50 49 51
