Document: ID=Crystal Eastman (43 sentences, 1123 tokens)

Sentence #1 (27 tokens):
Crystal Catherine Eastman (June 25, 1881 - July 8, 1928) was a lawyer, antimilitarist, feminist, socialist, and journalist.

Tokens:
Crystal
Catherine
Eastman
(
June
25
,
1881
-
July
8
,
1928
)
was
a
lawyer
,
antimilitarist
,
feminist
,
socialist
,
and
journalist
.

Sentence #2 (45 tokens):
She is best remembered as a leader in the fight for women's right to vote, as a co-editor of the radical arts and politics magazine The Liberator, and as a co-founder of the Women's International League for Peace and Freedom.

Tokens:
She
is
best
remembered
as
a
leader
in
the
fight
for
women
's
right
to
vote
,
as
a
co-editor
of
the
radical
arts
and
politics
magazine
The
Liberator
,
and
as
a
co-founder
of
the
Women
's
International
League
for
Peace
and
Freedom
.

Sentence #3 (14 tokens):
Crystal Eastman was born in Marlborough, Massachusetts on June 25, 1881.

Tokens:
Crystal
Eastman
was
born
in
Marlborough
,
Massachusetts
on
June
25
,
1881
.

Sentence #4 (35 tokens):
Her parents, Samuel Elijah Eastman and Annis Bertha Ford, were both Congregational Church clergy, and together served as pastors at the church of Thomas K. Beecher near Elmira, New York.

Tokens:
Her
parents
,
Samuel
Elijah
Eastman
and
Annis
Bertha
Ford
,
were
both
Congregational
Church
clergy
,
and
together
served
as
pastors
at
the
church
of
Thomas
K.
Beecher
near
Elmira
,
New
York
.

Sentence #5 (32 tokens):
In 1889, her mother had become one of the first women ordained as a Protestant minister in America when she was ordained by the Congregationalist Church in the late 1880s.

Tokens:
In
1889
,
her
mother
had
become
one
of
the
first
women
ordained
as
a
Protestant
minister
in
America
when
she
was
ordained
by
the
Congregationalist
Church
in
the
late
1880s
.

Sentence #6 (49 tokens):
This part of New York was in the so-called "Burnt Over District," which earlier in the 19th century had generated much religious excitement, including the beginnings of Mormonism, and social causes, such as abolitionism and support for the Underground Railroad.

Tokens:
This
part
of
New
York
was
in
the
so
-
called
"
Burnt
Over
District
,
"
which
earlier
in
the
19th
century
had
generated
much
religious
excitement
,
including
the
beginnings
of
Mormonism
,
and
social
causes
,
such
as
abolitionism
and
support
for
the
Underground
Railroad
.

Sentence #7 (22 tokens):
Her parents were friendly with the writer Mark Twain, and from this association young Crystal herself became acquainted with Twain.

Tokens:
Her
parents
were
friendly
with
the
writer
Mark
Twain
,
and
from
this
association
young
Crystal
herself
became
acquainted
with
Twain
.

Sentence #8 (21 tokens):
She was the sister of the socialist activist Max Eastman, with whom she was quite close throughout her life.

Tokens:
She
was
the
sister
of
the
socialist
activist
Max
Eastman
,
with
whom
she
was
quite
close
throughout
her
life
.

Sentence #9 (18 tokens):
The two lived together for several years on 11th Street in Greenwich Village among other radical activists.

Tokens:
The
two
lived
together
for
several
years
on
11th
Street
in
Greenwich
Village
among
other
radical
activists
.

Sentence #10 (28 tokens):
The group, including Ida Rauh, Inez Milholland, Floyd Dell, and Doris Stevens, also spent summers and weekends in Croton on the Hudson.

Tokens:
The
group
,
including
Ida
Rauh
,
Inez
Milholland
,
Floyd
Dell
,
and
Doris
Stevens
,
also
spent
summers
and
weekends
in
Croton
on
the
Hudson
.

Sentence #11 (19 tokens):
Eastman graduated from Vassar College in 1903 and received an M.A. in sociology from Columbia University in 1904.

Tokens:
Eastman
graduated
from
Vassar
College
in
1903
and
received
an
M.A.
in
sociology
from
Columbia
University
in
1904
.

Sentence #12 (20 tokens):
Receiving her law degree from New York University Law School, she graduated second in the class of 1907.

Tokens:
Receiving
her
law
degree
from
New
York
University
Law
School
,
she
graduated
second
in
the
class
of
1907
.

Sentence #13 (28 tokens):
Social work pioneer and journal editor Paul Kellogg offered Eastman her first job, investigating labor conditions for The Pittsburgh Survey sponsored by the Russell Sage Foundation.

Tokens:
Social
work
pioneer
and
journal
editor
Paul
Kellogg
offered
Eastman
her
first
job
,
investigating
labor
conditions
for
The
Pittsburgh
Survey
sponsored
by
the
Russell
Sage
Foundation
.

Sentence #14 (37 tokens):
Her report, Work Accidents and the Law (1910), became a classic and resulted in the first workers' compensation law, which she drafted while serving on a New York state commission.

Tokens:
Her
report
,
Work
Accidents
and
the
Law
(
1910
)
,
became
a
classic
and
resulted
in
the
first
workers
'
compensation
law
,
which
she
drafted
while
serving
on
a
New
York
state
commission
.

Sentence #15 (28 tokens):
She continued to campaign for occupational safety and health while working as an investigating attorney for the U.S. Commission on Industrial Relations during Woodrow Wilson's presidency.

Tokens:
She
continued
to
campaign
for
occupational
safety
and
health
while
working
as
an
investigating
attorney
for
the
U.S.
Commission
on
Industrial
Relations
during
Woodrow
Wilson
's
presidency
.

Sentence #16 (26 tokens):
She was at one time called the "most dangerous woman in America," due to her free-love idealism and outspoken nature.

Tokens:
She
was
at
one
time
called
the
"
most
dangerous
woman
in
America
,
"
due
to
her
free
-
love
idealism
and
outspoken
nature
.

Sentence #17 (26 tokens):
During a brief marriage to Wallace J. Benedict which ended in divorce, Eastman lived in Milwaukee and managed the unsuccessful 1912 Wisconsin suffrage battle.

Tokens:
During
a
brief
marriage
to
Wallace
J.
Benedict
which
ended
in
divorce
,
Eastman
lived
in
Milwaukee
and
managed
the
unsuccessful
1912
Wisconsin
suffrage
battle
.

Sentence #18 (32 tokens):
When she returned east in 1913, she joined Alice Paul, Lucy Burns, and others in founding the militant Congressional Union, which became the National Woman's Party.

Tokens:
When
she
returned
east
in
1913
,
she
joined
Alice
Paul
,
Lucy
Burns
,
and
others
in
founding
the
militant
Congressional
Union
,
which
became
the
National
Woman
's
Party
.

Sentence #19 (29 tokens):
After the passage of the 19th Amendment gave women the vote in 1920, Eastman and three others wrote the Equal Rights Amendment, first introduced in 1923.

Tokens:
After
the
passage
of
the
19th
Amendment
gave
women
the
vote
in
1920
,
Eastman
and
three
others
wrote
the
Equal
Rights
Amendment
,
first
introduced
in
1923
.

Sentence #20 (24 tokens):
One of the few socialists to endorse the ERA, she warned that protective legislation for women would mean only discrimination against women.

Tokens:
One
of
the
few
socialists
to
endorse
the
ERA
,
she
warned
that
protective
legislation
for
women
would
mean
only
discrimination
against
women
.

Sentence #21 (32 tokens):
Eastman claimed that one could assess the importance of the ERA by the intensity of the opposition to it, but she felt that it was still a struggle worth fighting.

Tokens:
Eastman
claimed
that
one
could
assess
the
importance
of
the
ERA
by
the
intensity
of
the
opposition
to
it
,
but
she
felt
that
it
was
still
a
struggle
worth
fighting
.

Sentence #22 (31 tokens):
During World War I, Eastman was one of the founders of the Woman's Peace Party, soon joined by Jane Addams, Lillian D. Wald, and others.

Tokens:
During
World
War
I
,
Eastman
was
one
of
the
founders
of
the
Woman
's
Peace
Party
,
soon
joined
by
Jane
Addams
,
Lillian
D.
Wald
,
and
others
.

Sentence #23 (10 tokens):
She served as president of the New York branch.

Tokens:
She
served
as
president
of
the
New
York
branch
.

Sentence #24 (23 tokens):
Renamed the Women's International League for Peace and Freedom in 1921, it remains the oldest extant women's peace organization.

Tokens:
Renamed
the
Women
's
International
League
for
Peace
and
Freedom
in
1921
,
it
remains
the
oldest
extant
women
's
peace
organization
.

Sentence #25 (48 tokens):
Eastman also became executive director of the American Union Against Militarism, which lobbied against America's entrance into the European war and more successfully against war with Mexico in 1916, sought to remove profiteering from arms manufacturing, and campaigned against conscription and imperial adventures.

Tokens:
Eastman
also
became
executive
director
of
the
American
Union
Against
Militarism
,
which
lobbied
against
America
's
entrance
into
the
European
war
and
more
successfully
against
war
with
Mexico
in
1916
,
sought
to
remove
profiteering
from
arms
manufacturing
,
and
campaigned
against
conscription
and
imperial
adventures
.

Sentence #26 (53 tokens):
When the United States entered World War I, Eastman organized with Roger Baldwin and Norman Thomas the National Civil Liberties Bureau to protect conscientious objectors, or in her words: "To maintain something over here that will be worth coming back to when the weary war is over".

Tokens:
When
the
United
States
entered
World
War
I
,
Eastman
organized
with
Roger
Baldwin
and
Norman
Thomas
the
National
Civil
Liberties
Bureau
to
protect
conscientious
objectors
,
or
in
her
words
:
"
To
maintain
something
over
here
that
will
be
worth
coming
back
to
when
the
weary
war
is
over
"
.

Sentence #27 (25 tokens):
The NCLB grew into the American Civil Liberties Union, with Baldwin at the head and Eastman functioning as attorney-in-charge.

Tokens:
The
NCLB
grew
into
the
American
Civil
Liberties
Union
,
with
Baldwin
at
the
head
and
Eastman
functioning
as
attorney
-
in
-
charge
.

Sentence #28 (34 tokens):
Eastman is credited as a founding member of the ACLU, but her role as founder of the NCLB may have been largely ignored by posterity due to her personal differences with Baldwin.

Tokens:
Eastman
is
credited
as
a
founding
member
of
the
ACLU
,
but
her
role
as
founder
of
the
NCLB
may
have
been
largely
ignored
by
posterity
due
to
her
personal
differences
with
Baldwin
.

Sentence #29 (13 tokens):
In 1916 Eastman married the British editor and antiwar activist Walter Fuller.

Tokens:
In
1916
Eastman
married
the
British
editor
and
antiwar
activist
Walter
Fuller
.

Sentence #30 (9 tokens):
They had two children, Jeffrey and Annis.

Tokens:
They
had
two
children
,
Jeffrey
and
Annis
.

Sentence #31 (19 tokens):
They worked together until the end of the war, when he returned to England to find work.

Tokens:
They
worked
together
until
the
end
of
the
war
,
when
he
returned
to
England
to
find
work
.

Sentence #32 (24 tokens):
In 1917, Eastman co-founded a radical journal of politics, art, and literature, The Liberator, with her brother Max.

Tokens:
In
1917
,
Eastman
co-founded
a
radical
journal
of
politics
,
art
,
and
literature
,
The
Liberator
,
with
her
brother
Max
.

Sentence #33 (10 tokens):
She served as managing editor from 1917 to 1921.

Tokens:
She
served
as
managing
editor
from
1917
to
1921
.

Sentence #34 (13 tokens):
After the war, Eastman organized the First Feminist Congress in 1919.

Tokens:
After
the
war
,
Eastman
organized
the
First
Feminist
Congress
in
1919
.

Sentence #35 (31 tokens):
She commuted between London to be with her husband, and New York, where she was blacklisted and thus rendered unemployable during the Red Scare of 1919-1920.

Tokens:
She
commuted
between
London
to
be
with
her
husband
,
and
New
York
,
where
she
was
blacklisted
and
thus
rendered
unemployable
during
the
Red
Scare
of
1919
-
1920
.

Sentence #36 (23 tokens):
During the 1920s her only paid work was as a columnist for feminist journals, notably Equal Rights and Time and Tide.

Tokens:
During
the
1920s
her
only
paid
work
was
as
a
columnist
for
feminist
journals
,
notably
Equal
Rights
and
Time
and
Tide
.

Sentence #37 (29 tokens):
Eastman claimed that "life was a big battle for the complete feminist," but she was convinced that the complete feminist would someday achieve total victory.

Tokens:
Eastman
claimed
that
"
life
was
a
big
battle
for
the
complete
feminist
,
"
but
she
was
convinced
that
the
complete
feminist
would
someday
achieve
total
victory
.

Sentence #38 (12 tokens):
Crystal Eastman died on July 8, 1928, of nephritis.

Tokens:
Crystal
Eastman
died
on
July
8
,
1928
,
of
nephritis
.

Sentence #39 (37 tokens):
Eastman has been called one of the United States' most neglected leaders, because, although she wrote pioneering legislation and created long-lasting political organizations, she disappeared from history for fifty years.

Tokens:
Eastman
has
been
called
one
of
the
United
States
'
most
neglected
leaders
,
because
,
although
she
wrote
pioneering
legislation
and
created
long
-
lasting
political
organizations
,
she
disappeared
from
history
for
fifty
years
.

Sentence #40 (40 tokens):
Freda Kirchwey, then editor of The Nation, wrote at the time of her death: "When she spoke to people-whether it was to a small committee or a swarming crowd-hearts beat faster.

Tokens:
Freda
Kirchwey
,
then
editor
of
The
Nation
,
wrote
at
the
time
of
her
death
:
"
When
she
spoke
to
people
-
whether
it
was
to
a
small
committee
or
a
swarming
crowd
-
hearts
beat
faster
.

Sentence #41 (15 tokens):
She was for thousands a symbol of what the free woman might be".

Tokens:
She
was
for
thousands
a
symbol
of
what
the
free
woman
might
be
"
.

Sentence #42 (23 tokens):
In 2000 Eastman was inducted in the (American) National Women's Hall of Fame in Seneca Falls, New York.

Tokens:
In
2000
Eastman
was
inducted
in
the
(
American
)
National
Women
's
Hall
of
Fame
in
Seneca
Falls
,
New
York
.

Sentence #43 (9 tokens):
Eastman's papers are housed at Harvard University.

Tokens:
Eastman
's
papers
are
housed
at
Harvard
University
.
Coreference set: 1
2 1 1 2 1 3 1 15
3 2 1 3 1 3 1 15
4 1 1 2 1 3 1 15
5 4 4 5 1 3 1 15
38 2 1 3 1 3 1 15
39 18 18 19 1 3 1 15
39 30 30 31 1 3 1 15
Coreference set: 2
3 10 10 14 1 5 5 14
Coreference set: 3
38 5 5 12 1 10 10 14
38 5 5 9 1 10 10 14
Coreference set: 11
2 12 12 17 2 37 36 39
19 9 9 10 2 37 36 39
20 17 17 18 2 37 36 39
20 23 23 24 2 37 36 39
24 3 2 5 2 37 36 39
Coreference set: 14
32 18 17 19 2 29 28 30
32 21 21 22 2 29 28 30
33 1 1 2 2 29 28 30
35 1 1 2 2 29 28 30
35 8 8 9 2 29 28 30
35 16 16 17 2 29 28 30
36 4 4 5 2 29 28 30
Coreference set: 16
24 6 2 7 2 40 36 45
24 6 3 11 2 40 36 45
24 14 14 15 2 40 36 45
Coreference set: 22
4 2 1 3 8 10 6 11
4 6 4 11 8 10 6 11
4 6 4 7 8 10 6 11
7 2 1 3 8 10 6 11
8 10 9 11 8 10 6 11
11 1 1 2 8 10 6 11
13 10 10 11 8 10 6 11
17 14 14 15 8 10 6 11
19 15 15 16 8 10 6 11
21 1 1 2 8 10 6 11
22 6 6 7 8 10 6 11
25 1 1 2 8 10 6 11
26 10 10 11 8 10 6 11
28 1 1 2 8 10 6 11
29 3 3 4 8 10 6 11
30 1 1 2 8 10 6 11
30 8 8 9 8 10 6 11
31 1 1 2 8 10 6 11
32 4 4 5 8 10 6 11
32 23 23 24 8 10 6 11
34 5 5 6 8 10 6 11
37 1 1 2 8 10 6 11
39 1 1 2 8 10 6 11
42 3 3 4 8 10 6 11
43 1 1 3 8 10 6 11
Coreference set: 27
6 5 4 6 4 34 31 35
14 34 33 35 4 34 31 35
23 8 7 9 4 34 31 35
35 13 12 14 4 34 31 35
42 22 21 23 4 34 31 35
Coreference set: 28
13 12 12 13 5 11 11 12
14 20 20 21 5 11 11 12
Coreference set: 30
16 13 13 14 5 19 19 20
25 16 16 18 5 19 19 20
Coreference set: 32
5 21 21 22 5 5 4 6
7 1 1 2 5 5 4 6
7 17 17 18 5 5 4 6
8 1 1 2 5 5 4 6
8 4 3 11 5 5 4 6
8 14 14 15 5 5 4 6
8 19 19 20 5 5 4 6
Coreference set: 49
7 21 21 22 7 9 8 10
Coreference set: 53
30 3 3 4 9 2 1 3
Coreference set: 70
12 2 2 3 11 11 10 12
12 12 12 13 11 11 10 12
13 11 11 12 11 11 10 12
14 1 1 2 11 11 10 12
14 27 27 28 11 11 10 12
15 1 1 2 11 11 10 12
16 1 1 2 11 11 10 12
18 2 2 3 11 11 10 12
18 8 8 9 11 11 10 12
Coreference set: 100
16 18 18 19 16 11 7 14
Coreference set: 116
22 14 13 16 18 29 27 31
23 1 1 2 18 29 27 31
26 30 30 31 18 29 27 31
28 13 13 14 18 29 27 31
28 29 29 30 18 29 27 31
Coreference set: 117
20 11 11 12 19 6 6 7
Coreference set: 126
19 23 20 24 20 9 8 10
20 9 9 10 20 9 8 10
21 11 10 12 20 9 8 10
Coreference set: 130
21 22 22 23 21 4 4 5
Coreference set: 131
21 19 19 20 21 8 7 12
21 25 25 26 21 8 7 12
21 29 28 32 21 8 7 12
Coreference set: 134
26 8 6 9 22 4 2 5
26 7 6 8 22 4 2 5
31 9 8 10 22 4 2 5
34 3 2 4 22 4 2 5
Coreference set: 156
29 2 2 3 25 31 31 32
Coreference set: 160
27 12 12 16 26 14 13 15
28 33 33 34 26 14 13 15
Coreference set: 162
39 9 8 10 26 4 2 5
Coreference set: 168
28 10 9 11 27 9 6 10
28 10 10 11 27 9 6 10
Coreference set: 169
27 2 1 3 28 19 18 20
Coreference set: 182
31 12 12 13 30 6 6 7
Coreference set: 206
36 14 13 15 36 20 20 21
36 20 17 23 36 20 20 21
Coreference set: 211
37 17 17 18 37 13 11 14
37 23 21 24 37 13 11 14
Coreference set: 215
40 15 15 16 40 2 1 3
40 20 20 21 40 2 1 3
Coreference set: 218
40 26 26 27 40 8 7 9
Coreference set: 224
41 1 1 2 40 33 33 38
