Document: ID=Environmental science (42 sentences, 1216 tokens)

Sentence #1 (52 tokens):
Environmental science is a multidisciplinary academic field that integrates physical and biological sciences, (including but not limited to ecology, physics, chemistry, biology, soil science, geology, atmospheric science and geography) to the study of the environment, and the solution of environmental problems.

Tokens:
Environmental
science
is
a
multidisciplinary
academic
field
that
integrates
physical
and
biological
sciences
,
(
including
but
not
limited
to
ecology
,
physics
,
chemistry
,
biology
,
soil
science
,
geology
,
atmospheric
science
and
geography
)
to
the
study
of
the
environment
,
and
the
solution
of
environmental
problems
.

Sentence #2 (18 tokens):
Environmental science provides an integrated, quantitative, and interdisciplinary approach to the study of environmental systems.

Tokens:
Environmental
science
provides
an
integrated
,
quantitative
,
and
interdisciplinary
approach
to
the
study
of
environmental
systems
.

Sentence #3 (11 tokens):
Related areas of study include environmental studies and environmental engineering.

Tokens:
Related
areas
of
study
include
environmental
studies
and
environmental
engineering
.

Sentence #4 (20 tokens):
Environmental studies incorporates more of the social sciences for understanding human relationships, perceptions and policies towards the environment.

Tokens:
Environmental
studies
incorporates
more
of
the
social
sciences
for
understanding
human
relationships
,
perceptions
and
policies
towards
the
environment
.

Sentence #5 (15 tokens):
Environmental engineering focuses on design and technology for improving environmental quality in every aspect.

Tokens:
Environmental
engineering
focuses
on
design
and
technology
for
improving
environmental
quality
in
every
aspect
.

Sentence #6 (34 tokens):
Environmental scientists work on subjects like the understanding of earth processes, evaluating alternative energy systems, pollution control and mitigation, natural resource management, and the effects of global climate change.

Tokens:
Environmental
scientists
work
on
subjects
like
the
understanding
of
earth
processes
,
evaluating
alternative
energy
systems
,
pollution
control
and
mitigation
,
natural
resource
management
,
and
the
effects
of
global
climate
change
.

Sentence #7 (16 tokens):
Environmental issues almost always include an interaction of physical, chemical, and biological processes.

Tokens:
Environmental
issues
almost
always
include
an
interaction
of
physical
,
chemical
,
and
biological
processes
.

Sentence #8 (13 tokens):
Environmental scientists bring a systems approach to the analysis of environmental problems.

Tokens:
Environmental
scientists
bring
a
systems
approach
to
the
analysis
of
environmental
problems
.

Sentence #9 (23 tokens):
Key elements of an effective environmental scientist include the ability to relate space, and time relationships as well as quantitative analysis.

Tokens:
Key
elements
of
an
effective
environmental
scientist
include
the
ability
to
relate
space
,
and
time
relationships
as
well
as
quantitative
analysis
.

Sentence #10 (68 tokens):
Environmental science came alive as a substantive, active field of scientific investigation in the 1960s and 1970s driven by (a) the need for a multi-disciplinary approach to analyze complex environmental problems, (b) the arrival of substantive environmental laws requiring specific environmental protocols of investigation and (c) the growing public awareness of a need for action in addressing environmental problems.

Tokens:
Environmental
science
came
alive
as
a
substantive
,
active
field
of
scientific
investigation
in
the
1960s
and
1970s
driven
by
(
a
)
the
need
for
a
multi-disciplinary
approach
to
analyze
complex
environmental
problems
,
(
b
)
the
arrival
of
substantive
environmental
laws
requiring
specific
environmental
protocols
of
investigation
and
(
c
)
the
growing
public
awareness
of
a
need
for
action
in
addressing
environmental
problems
.

Sentence #11 (70 tokens):
Events that spurred this development included the publication of Rachael Carson's landmark environmental book Silent Spring along with major environmental issues becoming very public, such as the 1969 Santa Barbara oil spill, and the Cuyahoga River of Cleveland, Ohio, "catching fire" (also in 1969), and helped increase the visibility of environmental issues and create this new field of study.

Tokens:
Events
that
spurred
this
development
included
the
publication
of
Rachael
Carson
's
landmark
environmental
book
Silent
Spring
along
with
major
environmental
issues
becoming
very
public
,
such
as
the
1969
Santa
Barbara
oil
spill
,
and
the
Cuyahoga
River
of
Cleveland
,
Ohio
,
"
catching
fire
"
(
also
in
1969
)
,
and
helped
increase
the
visibility
of
environmental
issues
and
create
this
new
field
of
study
.

Sentence #12 (38 tokens):
In common usage, "environmental science" and "ecology" are often used interchangeably, but technically, ecology refers only to the study of organisms and their interactions with each other and their environment.

Tokens:
In
common
usage
,
"
environmental
science
"
and
"
ecology
"
are
often
used
interchangeably
,
but
technically
,
ecology
refers
only
to
the
study
of
organisms
and
their
interactions
with
each
other
and
their
environment
.

Sentence #13 (31 tokens):
Ecology could be considered a subset of environmental science, which also could involve purely chemical or public health issues (for example) ecologists would be unlikely to study.

Tokens:
Ecology
could
be
considered
a
subset
of
environmental
science
,
which
also
could
involve
purely
chemical
or
public
health
issues
(
for
example
)
ecologists
would
be
unlikely
to
study
.

Sentence #14 (17 tokens):
In practice, there is considerable overlap between the work of ecologists and other environmental scientists.

Tokens:
In
practice
,
there
is
considerable
overlap
between
the
work
of
ecologists
and
other
environmental
scientists
.

Sentence #15 (56 tokens):
A program that focuses on the application of biological, chemical, and physical principles to the study of the physical environment and the solution of environmental problems, including subjects such as abating or controlling environmental pollution and degradation; the interaction between human society and the natural environment; and natural resources management.

Tokens:
A
program
that
focuses
on
the
application
of
biological
,
chemical
,
and
physical
principles
to
the
study
of
the
physical
environment
and
the
solution
of
environmental
problems
,
including
subjects
such
as
abating
or
controlling
environmental
pollution
and
degradation
;
the
interaction
between
human
society
and
the
natural
environment
;
and
natural
resources
management
.

Sentence #16 (19 tokens):
Includes instruction in biology, chemistry, physics, geosciences, climatology, statistics, and mathematical modeling.

Tokens:
Includes
instruction
in
biology
,
chemistry
,
physics
,
geosciences
,
climatology
,
statistics
,
and
mathematical
modeling
.

Sentence #17 (19 tokens):
Atmospheric sciences focuses on the Earth's atmosphere, with an emphasis upon its interrelation to other systems.

Tokens:
Atmospheric
sciences
focuses
on
the
Earth
's
atmosphere
,
with
an
emphasis
upon
its
interrelation
to
other
systems
.

Sentence #18 (32 tokens):
Atmospheric sciences can include studies of meteorology, greenhouse gas phenomena, atmospheric dispersion modeling of airborne contaminants, sound propagation phenomena related to noise pollution, and even light pollution.

Tokens:
Atmospheric
sciences
can
include
studies
of
meteorology
,
greenhouse
gas
phenomena
,
atmospheric
dispersion
modeling
of
airborne
contaminants
,
sound
propagation
phenomena
related
to
noise
pollution
,
and
even
light
pollution
.

Sentence #19 (62 tokens):
Taking the example of the global warming phenomena, physicists create computer models of atmospheric circulation and infra-red radiation transmission, chemists examine the inventory of atmospheric chemicals and their reactions, biologists analyze the plant and animal contributions to carbon dioxide fluxes, and specialists such as meteorologists and oceanographers add additional breadth in understanding the atmospheric dynamics.

Tokens:
Taking
the
example
of
the
global
warming
phenomena
,
physicists
create
computer
models
of
atmospheric
circulation
and
infra
-
red
radiation
transmission
,
chemists
examine
the
inventory
of
atmospheric
chemicals
and
their
reactions
,
biologists
analyze
the
plant
and
animal
contributions
to
carbon
dioxide
fluxes
,
and
specialists
such
as
meteorologists
and
oceanographers
add
additional
breadth
in
understanding
the
atmospheric
dynamics
.

Sentence #20 (13 tokens):
Ecology is the study of the interactions between organisms and their environment.

Tokens:
Ecology
is
the
study
of
the
interactions
between
organisms
and
their
environment
.

Sentence #21 (44 tokens):
Ecologists might investigate the relationship between a population of organisms and some physical characteristic of their environment, such as concentration of a chemical; or they might investigate the interaction between two populations of different organisms through some symbiotic or competitive relationship.

Tokens:
Ecologists
might
investigate
the
relationship
between
a
population
of
organisms
and
some
physical
characteristic
of
their
environment
,
such
as
concentration
of
a
chemical
;
or
they
might
investigate
the
interaction
between
two
populations
of
different
organisms
through
some
symbiotic
or
competitive
relationship
.

Sentence #22 (27 tokens):
For example, an interdisciplinary analysis of an ecological system which is being impacted by one or more stressors might include several related environmental science fields.

Tokens:
For
example
,
an
interdisciplinary
analysis
of
an
ecological
system
which
is
being
impacted
by
one
or
more
stressors
might
include
several
related
environmental
science
fields
.

Sentence #23 (58 tokens):
In an estuarine setting where a proposed industrial development could impact certain species by water and air pollution, biologists would describe the flora and fauna, chemists would analyze the transport of water pollutants to the marsh, physicists would calculate air pollution emissions and geologists would assist in understanding the marsh soils and bay muds.

Tokens:
In
an
estuarine
setting
where
a
proposed
industrial
development
could
impact
certain
species
by
water
and
air
pollution
,
biologists
would
describe
the
flora
and
fauna
,
chemists
would
analyze
the
transport
of
water
pollutants
to
the
marsh
,
physicists
would
calculate
air
pollution
emissions
and
geologists
would
assist
in
understanding
the
marsh
soils
and
bay
muds
.

Sentence #24 (12 tokens):
Environmental chemistry is the study of chemical alterations in the environment.

Tokens:
Environmental
chemistry
is
the
study
of
chemical
alterations
in
the
environment
.

Sentence #25 (11 tokens):
Principal areas of study include soil contamination and water pollution.

Tokens:
Principal
areas
of
study
include
soil
contamination
and
water
pollution
.

Sentence #26 (40 tokens):
The topics of analysis include chemical degradation in the environment, multi-phase transport of chemicals (for example, evaporation of a solvent containing lake to yield solvent as an air pollutant), and chemical effects upon biota.

Tokens:
The
topics
of
analysis
include
chemical
degradation
in
the
environment
,
multi-phase
transport
of
chemicals
(
for
example
,
evaporation
of
a
solvent
containing
lake
to
yield
solvent
as
an
air
pollutant
)
,
and
chemical
effects
upon
biota
.

Sentence #27 (26 tokens):
As an example study, consider the case of a leaking solvent tank which has entered the habitat soil of an endangered species of amphibian.

Tokens:
As
an
example
study
,
consider
the
case
of
a
leaking
solvent
tank
which
has
entered
the
habitat
soil
of
an
endangered
species
of
amphibian
.

Sentence #28 (25 tokens):
As a method to resolve or understand the extent of soil contamination and subsurface transport of solvent, a computer model would be implemented.

Tokens:
As
a
method
to
resolve
or
understand
the
extent
of
soil
contamination
and
subsurface
transport
of
solvent
,
a
computer
model
would
be
implemented
.

Sentence #29 (43 tokens):
Chemists would then characterize the molecular bonding of the solvent to the specific soil type, and biologists would study the impacts upon soil arthropods, plants, and ultimately pond-dwelling organisms that are the food of the endangered amphibian.

Tokens:
Chemists
would
then
characterize
the
molecular
bonding
of
the
solvent
to
the
specific
soil
type
,
and
biologists
would
study
the
impacts
upon
soil
arthropods
,
plants
,
and
ultimately
pond
-
dwelling
organisms
that
are
the
food
of
the
endangered
amphibian
.

Sentence #30 (19 tokens):
Geosciences include environmental geology, environmental soil science, volcanic phenomena and evolution of the Earth's crust.

Tokens:
Geosciences
include
environmental
geology
,
environmental
soil
science
,
volcanic
phenomena
and
evolution
of
the
Earth
's
crust
.

Sentence #31 (13 tokens):
In some classification systems this can also include hydrology, including oceanography.

Tokens:
In
some
classification
systems
this
can
also
include
hydrology
,
including
oceanography
.

Sentence #32 (19 tokens):
As an example study of soils erosion, calculations would be made of surface runoff by soil scientists.

Tokens:
As
an
example
study
of
soils
erosion
,
calculations
would
be
made
of
surface
runoff
by
soil
scientists
.

Sentence #33 (12 tokens):
Fluvial geomorphologists would assist in examining sediment transport in overland flow.

Tokens:
Fluvial
geomorphologists
would
assist
in
examining
sediment
transport
in
overland
flow
.

Sentence #34 (15 tokens):
Physicists would contribute by assessing the changes in light transmission in the receiving waters.

Tokens:
Physicists
would
contribute
by
assessing
the
changes
in
light
transmission
in
the
receiving
waters
.

Sentence #35 (16 tokens):
Biologists would analyze subsequent impacts to aquatic flora and fauna from increases in water turbidity.

Tokens:
Biologists
would
analyze
subsequent
impacts
to
aquatic
flora
and
fauna
from
increases
in
water
turbidity
.

Sentence #36 (28 tokens):
In the U.S. the National Environmental Policy Act (NEPA) of 1969 set forth requirements for analysis of major projects in terms of specific environmental criteria.

Tokens:
In
the
U.S.
the
National
Environmental
Policy
Act
(
NEPA
)
of
1969
set
forth
requirements
for
analysis
of
major
projects
in
terms
of
specific
environmental
criteria
.

Sentence #37 (17 tokens):
Numerous state laws have echoed these mandates, applying the principles to local-scale actions.

Tokens:
Numerous
state
laws
have
echoed
these
mandates
,
applying
the
principles
to
local
-
scale
actions
.

Sentence #38 (20 tokens):
The upshot has been an explosion of documentation and study of environmental consequences before the fact of development actions.

Tokens:
The
upshot
has
been
an
explosion
of
documentation
and
study
of
environmental
consequences
before
the
fact
of
development
actions
.

Sentence #39 (70 tokens):
One can examine the specifics of environmental science by reading examples of Environmental Impact Statements prepared under NEPA such as: Wastewater treatment expansion options discharging into the San Diego/Tijuana Estuary, Expansion of the San Francisco International Airport, Development of the Houston, Metro Transportation system, Expansion of the metropolitan Boston MBTA transit system, and Construction of Interstate 66 through Arlington, Virginia.

Tokens:
One
can
examine
the
specifics
of
environmental
science
by
reading
examples
of
Environmental
Impact
Statements
prepared
under
NEPA
such
as
:
Wastewater
treatment
expansion
options
discharging
into
the
San
Diego
/
Tijuana
Estuary
,
Expansion
of
the
San
Francisco
International
Airport
,
Development
of
the
Houston
,
Metro
Transportation
system
,
Expansion
of
the
metropolitan
Boston
MBTA
transit
system
,
and
Construction
of
Interstate
66
through
Arlington
,
Virginia
.

Sentence #40 (38 tokens):
In England and Wales the Environment Agency (EA), formed in 1996, is a public body for protecting and improving the environment and enforces the regulations listed on the communities and local government site.

Tokens:
In
England
and
Wales
the
Environment
Agency
(
EA
)
,
formed
in
1996
,
is
a
public
body
for
protecting
and
improving
the
environment
and
enforces
the
regulations
listed
on
the
communities
and
local
government
site
.

Sentence #41 (11 tokens):
(formerly the office of the deputy prime minister).

Tokens:
(
formerly
the
office
of
the
deputy
prime
minister
)
.

Sentence #42 (25 tokens):
The agency was set up under the Environment Act 1995 as an independent body and works closely with UK Government to enforce the regulations.

Tokens:
The
agency
was
set
up
under
the
Environment
Act
1995
as
an
independent
body
and
works
closely
with
UK
Government
to
enforce
the
regulations
.
Coreference set: 8
4 19 18 20 1 44 43 45
12 37 36 38 1 44 43 45
20 12 11 13 1 44 43 45
21 17 16 18 1 44 43 45
24 11 10 12 1 44 43 45
26 10 9 11 1 44 43 45
40 25 24 26 1 44 43 45
Coreference set: 9
15 25 24 29 1 48 47 52
Coreference set: 10
8 12 11 13 1 51 50 52
10 67 66 68 1 51 50 52
15 28 27 29 1 51 50 52
Coreference set: 16
4 2 1 3 3 7 6 8
Coreference set: 21
8 2 1 3 6 2 1 3
Coreference set: 26
11 62 61 63 7 2 1 3
Coreference set: 68
20 9 9 10 12 28 28 29
21 10 10 11 12 28 28 29
Coreference set: 70
12 36 36 37 12 30 30 31
Coreference set: 73
20 1 1 2 13 1 1 2
20 4 3 13 13 1 1 2
Coreference set: 76
14 12 12 13 13 25 25 26
21 1 1 2 13 25 25 26
21 16 16 17 13 25 25 26
21 27 27 28 13 25 25 26
Coreference set: 82
15 15 9 16 37 11 10 12
Coreference set: 94
18 2 1 3 17 2 1 3
Coreference set: 95
17 14 14 15 17 8 5 9
Coreference set: 96
30 16 15 18 17 6 5 8
Coreference set: 108
20 11 11 12 19 10 10 11
23 40 40 41 19 10 10 11
34 1 1 2 19 10 10 11
Coreference set: 111
19 32 32 33 19 24 24 25
23 28 28 29 19 24 24 25
29 1 1 2 19 24 24 25
Coreference set: 116
23 20 20 21 19 35 35 36
29 18 18 19 19 35 35 36
35 1 1 2 19 35 35 36
Coreference set: 143
23 18 15 19 25 10 9 11
Coreference set: 157
28 12 11 13 25 7 6 8
Coreference set: 164
29 10 9 11 26 23 22 33
Coreference set: 218
38 6 5 14 38 2 1 3
Coreference set: 252
42 2 1 3 40 7 5 11
Coreference set: 253
40 9 9 10 42 9 7 15
Coreference set: 256
42 24 23 25 40 29 28 38
