Document: ID=Federated States of Micronesia (86 sentences, 1947 tokens)

Sentence #1 (41 tokens):
The Federated States of Micronesia (FSM) is an independent sovereign island nation consisting of four states- from west to east, Yap, Chuuk, Pohnpei and Kosrae-that are spread across the Western Pacific Ocean.

Tokens:
The
Federated
States
of
Micronesia
(
FSM
)
is
an
independent
sovereign
island
nation
consisting
of
four
states
-
from
west
to
east
,
Yap
,
Chuuk
,
Pohnpei
and
Kosrae
-
that
are
spread
across
the
Western
Pacific
Ocean
.

Sentence #2 (31 tokens):
Together, the states comprise around 607 islands (a combined land area of approximately 702 km2 ) that cover a longitudinal distance of almost just north of the equator.

Tokens:
Together
,
the
states
comprise
around
607
islands
(
a
combined
land
area
of
approximately
702
km2
)
that
cover
a
longitudinal
distance
of
almost
just
north
of
the
equator
.

Sentence #3 (44 tokens):
They lie northeast of New Guinea, south of Guam and the Marianas, west of Nauru and the Marshall Islands, east of Palau and the Philippines, about north of eastern Australia and some southwest of the main islands of Hawaii.

Tokens:
They
lie
northeast
of
New
Guinea
,
south
of
Guam
and
the
Marianas
,
west
of
Nauru
and
the
Marshall
Islands
,
east
of
Palau
and
the
Philippines
,
about
north
of
eastern
Australia
and
some
southwest
of
the
main
islands
of
Hawaii
.

Sentence #4 (22 tokens):
While the FSM's total land area is quite small, it occupies more than 2600000 km2 of the Pacific Ocean.

Tokens:
While
the
FSM
's
total
land
area
is
quite
small
,
it
occupies
more
than
2600000
km2
of
the
Pacific
Ocean
.

Sentence #5 (23 tokens):
The capital is Palikir, located on Pohnpei Island, while the largest city is Weno, located in the Chuuk Atoll.

Tokens:
The
capital
is
Palikir
,
located
on
Pohnpei
Island
,
while
the
largest
city
is
Weno
,
located
in
the
Chuuk
Atoll
.

Sentence #6 (24 tokens):
Each of its four states is centered around one or more main high islands, and all but Kosrae include numerous outlying atolls.

Tokens:
Each
of
its
four
states
is
centered
around
one
or
more
main
high
islands
,
and
all
but
Kosrae
include
numerous
outlying
atolls
.

Sentence #7 (32 tokens):
The Federated States of Micronesia is spread across part of the Caroline Islands in the wider region of Micronesia, which consists of thousands of small islands divided between several countries.

Tokens:
The
Federated
States
of
Micronesia
is
spread
across
part
of
the
Caroline
Islands
in
the
wider
region
of
Micronesia
,
which
consists
of
thousands
of
small
islands
divided
between
several
countries
.

Sentence #8 (17 tokens):
The term Micronesia may refer to the Federated States or to the region as a whole.

Tokens:
The
term
Micronesia
may
refer
to
the
Federated
States
or
to
the
region
as
a
whole
.

Sentence #9 (64 tokens):
The FSM was formerly a part of the Trust Territory of the Pacific Islands (TTPI), a United Nations Trust Territory under U.S. administration, but it formed its own constitutional government on May 10, 1979, becoming a sovereign state after independence was attained on November 3, 1986 under a Compact of Free Association with the United States.

Tokens:
The
FSM
was
formerly
a
part
of
the
Trust
Territory
of
the
Pacific
Islands
(
TTPI
)
,
a
United
Nations
Trust
Territory
under
U.S.
administration
,
but
it
formed
its
own
constitutional
government
on
May
10
,
1979
,
becoming
a
sovereign
state
after
independence
was
attained
on
November
3
,
1986
under
a
Compact
of
Free
Association
with
the
United
States
.

Sentence #10 (38 tokens):
Other neighboring island entities, and also former members of the TTPI, formulated their own constitutional governments and became the Republic of the Marshall Islands (RMI) and the Republic of Palau (ROP).

Tokens:
Other
neighboring
island
entities
,
and
also
former
members
of
the
TTPI
,
formulated
their
own
constitutional
governments
and
became
the
Republic
of
the
Marshall
Islands
(
RMI
)
and
the
Republic
of
Palau
(
ROP
)
.

Sentence #11 (10 tokens):
The FSM has a seat in the United Nations.

Tokens:
The
FSM
has
a
seat
in
the
United
Nations
.

Sentence #12 (12 tokens):
The ancestors of the Micronesians settled over four thousand years ago.

Tokens:
The
ancestors
of
the
Micronesians
settled
over
four
thousand
years
ago
.

Sentence #13 (20 tokens):
A decentralized chieftain-based system eventually evolved into a more centralized economic and religious empire centered on Yap.

Tokens:
A
decentralized
chieftain
-
based
system
eventually
evolved
into
a
more
centralized
economic
and
religious
empire
centered
on
Yap
.

Sentence #14 (27 tokens):
Nan Madol, consisting of a series of small artificial islands linked by a network of canals, is often called the Venice of the Pacific.

Tokens:
Nan
Madol
,
consisting
of
a
series
of
small
artificial
islands
linked
by
a
network
of
canals
,
is
often
called
the
Venice
of
the
Pacific
.

Sentence #15 (45 tokens):
It is located on the eastern periphery of the island of Pohnpei and used to be the ceremonial and political seat of the Saudeleur dynasty that united Pohnpei's estimated 25,000 people from about AD 500 until 1500, when the centralized system collapsed.

Tokens:
It
is
located
on
the
eastern
periphery
of
the
island
of
Pohnpei
and
used
to
be
the
ceremonial
and
political
seat
of
the
Saudeleur
dynasty
that
united
Pohnpei
's
estimated
25,000
people
from
about
AD
500
until
1500
,
when
the
centralized
system
collapsed
.

Sentence #16 (28 tokens):
European explorers-first the Portuguese in search of the Spice Islands (Indonesia) and then the Spanish-reached the Carolines in the sixteenth century.

Tokens:
European
explorers
-
first
the
Portuguese
in
search
of
the
Spice
Islands
(
Indonesia
)
and
then
the
Spanish
-
reached
the
Carolines
in
the
sixteenth
century
.

Sentence #17 (23 tokens):
The Spanish incorporated the archipelago to the Spanish East Indies and in the 19th century established a number of outposts and missions.

Tokens:
The
Spanish
incorporated
the
archipelago
to
the
Spanish
East
Indies
and
in
the
19th
century
established
a
number
of
outposts
and
missions
.

Sentence #18 (22 tokens):
In 1887 they founded the town of Santiago de la Ascension in what today is Kolonia on the island of Pohnpei.

Tokens:
In
1887
they
founded
the
town
of
Santiago
de
la
Ascension
in
what
today
is
Kolonia
on
the
island
of
Pohnpei
.

Sentence #19 (16 tokens):
Following the Spanish-American War the Spanish sold the archipelago to Germany in 1899.

Tokens:
Following
the
Spanish
-
American
War
the
Spanish
sold
the
archipelago
to
Germany
in
1899
.

Sentence #20 (41 tokens):
Later it was conquered by Japan in 1914, and later by the United States during World War II and administered by the U.S. under United Nations auspices in 1947 as part of the Trust Territory of the Pacific Islands.

Tokens:
Later
it
was
conquered
by
Japan
in
1914
,
and
later
by
the
United
States
during
World
War
II
and
administered
by
the
U.S.
under
United
Nations
auspices
in
1947
as
part
of
the
Trust
Territory
of
the
Pacific
Islands
.

Sentence #21 (18 tokens):
During World War II, a significant portion of the Japanese fleet was based in Truk Lagoon.

Tokens:
During
World
War
II
,
a
significant
portion
of
the
Japanese
fleet
was
based
in
Truk
Lagoon
.

Sentence #22 (34 tokens):
In February 1944, Operation Hailstone, one of the most important naval battles of the war, took place at Truk, in which many Japanese support vessels and aircraft were destroyed.

Tokens:
In
February
1944
,
Operation
Hailstone
,
one
of
the
most
important
naval
battles
of
the
war
,
took
place
at
Truk
,
in
which
many
Japanese
support
vessels
and
aircraft
were
destroyed
.

Sentence #23 (24 tokens):
On May 10, 1979, four of the Trust Territory districts ratified a new constitution to become the Federated States of Micronesia.

Tokens:
On
May
10
,
1979
,
four
of
the
Trust
Territory
districts
ratified
a
new
constitution
to
become
the
Federated
States
of
Micronesia
.

Sentence #24 (16 tokens):
Palau, the Marshall Islands, and the Northern Mariana Islands chose not to participate.

Tokens:
Palau
,
the
Marshall
Islands
,
and
the
Northern
Mariana
Islands
chose
not
to
participate
.

Sentence #25 (34 tokens):
The FSM signed a Compact of Free Association with the United States of America, which entered into force on November 3, 1986, marking Micronesia's emergence from trusteeship to independence.

Tokens:
The
FSM
signed
a
Compact
of
Free
Association
with
the
United
States
of
America
,
which
entered
into
force
on
November
3
,
1986
,
marking
Micronesia
's
emergence
from
trusteeship
to
independence
.

Sentence #26 (7 tokens):
The Compact was renewed in 2004.

Tokens:
The
Compact
was
renewed
in
2004
.

Sentence #27 (25 tokens):
The Federated States of Micronesia is governed by the 1979 constitution, which guarantees fundamental human rights and establishes a separation of governmental powers.

Tokens:
The
Federated
States
of
Micronesia
is
governed
by
the
1979
constitution
,
which
guarantees
fundamental
human
rights
and
establishes
a
separation
of
governmental
powers
.

Sentence #28 (11 tokens):
The unicameral Congress has fourteen members elected by popular vote.

Tokens:
The
unicameral
Congress
has
fourteen
members
elected
by
popular
vote
.

Sentence #29 (34 tokens):
Four senators-one from each state-serve four-year terms; the remaining ten senators represent single-member districts based on population, and serve two-year terms.

Tokens:
Four
senators
-
one
from
each
state
-
serve
four
-
year
terms
;
the
remaining
ten
senators
represent
single
-
member
districts
based
on
population
,
and
serve
two
-
year
terms
.

Sentence #30 (28 tokens):
The President and Vice President are elected by Congress from among the four state-based senators to serve four-year terms in the executive branch.

Tokens:
The
President
and
Vice
President
are
elected
by
Congress
from
among
the
four
state
-
based
senators
to
serve
four
-
year
terms
in
the
executive
branch
.

Sentence #31 (10 tokens):
Their congressional seats are then filled by special elections.

Tokens:
Their
congressional
seats
are
then
filled
by
special
elections
.

Sentence #32 (12 tokens):
The president and vice president are supported by an appointed cabinet.

Tokens:
The
president
and
vice
president
are
supported
by
an
appointed
cabinet
.

Sentence #33 (7 tokens):
There are no formal political parties.

Tokens:
There
are
no
formal
political
parties
.

Sentence #34 (25 tokens):
In international politics, the Federated States of Micronesia has often voted with the United States with respect to United Nations General Assembly resolutions.

Tokens:
In
international
politics
,
the
Federated
States
of
Micronesia
has
often
voted
with
the
United
States
with
respect
to
United
Nations
General
Assembly
resolutions
.

Sentence #35 (8 tokens):
These states are further divided into municipalities.

Tokens:
These
states
are
further
divided
into
municipalities
.

Sentence #36 (22 tokens):
The Federated States of Micronesia consists of 607 islands extending across the archipelago of the Caroline Islands east of the Philippines.

Tokens:
The
Federated
States
of
Micronesia
consists
of
607
islands
extending
across
the
archipelago
of
the
Caroline
Islands
east
of
the
Philippines
.

Sentence #37 (40 tokens):
The islands are grouped into four states, which are Yap, Chuuk (called Truk until January 1990), Pohnpei (known as "Ponape" until November 1984), and Kosrae (formerly Kusaie).

Tokens:
The
islands
are
grouped
into
four
states
,
which
are
Yap
,
Chuuk
(
called
Truk
until
January
1990
)
,
Pohnpei
(
known
as
"
Ponape
"
until
November
1984
)
,
and
Kosrae
(
formerly
Kusaie
)
.

Sentence #38 (15 tokens):
These four states are each represented by a white star on the national flag.

Tokens:
These
four
states
are
each
represented
by
a
white
star
on
the
national
flag
.

Sentence #39 (8 tokens):
The capital is Palikir, on Pohnpei.

Tokens:
The
capital
is
Palikir
,
on
Pohnpei
.

Sentence #40 (16 tokens):
Economic activity in the Federated States of Micronesia consists primarily of subsistence farming and fishing.

Tokens:
Economic
activity
in
the
Federated
States
of
Micronesia
consists
primarily
of
subsistence
farming
and
fishing
.

Sentence #41 (16 tokens):
The islands have few mineral deposits worth exploiting, except for high-grade phosphate.

Tokens:
The
islands
have
few
mineral
deposits
worth
exploiting
,
except
for
high
-
grade
phosphate
.

Sentence #42 (17 tokens):
Long line tuna fishing is also viable with foreign vessels from China operated in the 1990s.

Tokens:
Long
line
tuna
fishing
is
also
viable
with
foreign
vessels
from
China
operated
in
the
1990s
.

Sentence #43 (23 tokens):
The potential for a tourist industry exists, but the remoteness of the location and a lack of adequate facilities hinder development.

Tokens:
The
potential
for
a
tourist
industry
exists
,
but
the
remoteness
of
the
location
and
a
lack
of
adequate
facilities
hinder
development
.

Sentence #44 (29 tokens):
Financial assistance from the U.S. is the primary source of revenue, with the U.S. pledged to spend $1.3 billion in the islands in 1986-2001.

Tokens:
Financial
assistance
from
the
U.S.
is
the
primary
source
of
revenue
,
with
the
U.S.
pledged
to
spend
$
1.3
billion
in
the
islands
in
1986
-
2001
.

Sentence #45 (16 tokens):
Geographical isolation and a poorly developed infrastructure are major impediments to long-term growth.

Tokens:
Geographical
isolation
and
a
poorly
developed
infrastructure
are
major
impediments
to
long
-
term
growth
.

Sentence #46 (10 tokens):
The nation uses the U.S. dollar as its currency.

Tokens:
The
nation
uses
the
U.S.
dollar
as
its
currency
.

Sentence #47 (12 tokens):
The Federated States of Micronesia is served by four international airports.

Tokens:
The
Federated
States
of
Micronesia
is
served
by
four
international
airports
.

Sentence #48 (21 tokens):
The indigenous population of the Federated States of Micronesia, which is predominantly Micronesian, consists of various ethnolinguistic groups.

Tokens:
The
indigenous
population
of
the
Federated
States
of
Micronesia
,
which
is
predominantly
Micronesian
,
consists
of
various
ethnolinguistic
groups
.

Sentence #49 (12 tokens):
It has a nearly 100% Pacific Islander and Asian population.

Tokens:
It
has
a
nearly
100
%
Pacific
Islander
and
Asian
population
.

Sentence #50 (38 tokens):
Chuukese 48.8%, Pohnpeian 24.2%, Kosraean 6.2%, Yapese 5.2%, Yap outer islands 4.5%, Asian 1.8%, Polynesian 1.5%, other 6.4%, unknown 1.4%.

Tokens:
Chuukese
48.8
%
,
Pohnpeian
24.2
%
,
Kosraean
6.2
%
,
Yapese
5.2
%
,
Yap
outer
islands
4.5
%
,
Asian
1.8
%
,
Polynesian
1.5
%
,
other
6.4
%
,
unknown
1.4
%
.

Sentence #51 (26 tokens):
A sizeable minority also have some Japanese ancestry, which is a result of intermarriages between Japanese settlers and Micronesians during the Japanese colonial period.

Tokens:
A
sizeable
minority
also
have
some
Japanese
ancestry
,
which
is
a
result
of
intermarriages
between
Japanese
settlers
and
Micronesians
during
the
Japanese
colonial
period
.

Sentence #52 (24 tokens):
There is also growing expatriate population of Americans, Australians, Europeans, and residents from China and the Philippines since the 1990s.

Tokens:
There
is
also
growing
expatriate
population
of
Americans
,
Australians
,
Europeans
,
and
residents
from
China
and
the
Philippines
since
the
1990s
.

Sentence #53 (17 tokens):
English has become the common language of the government, and for secondary and tertiary education.

Tokens:
English
has
become
the
common
language
of
the
government
,
and
for
secondary
and
tertiary
education
.

Sentence #54 (19 tokens):
Outside of the main capital towns of the four FSM states, the local languages are primarily spoken.

Tokens:
Outside
of
the
main
capital
towns
of
the
four
FSM
states
,
the
local
languages
are
primarily
spoken
.

Sentence #55 (17 tokens):
Population growth remains high at more than 3% annually, offset somewhat by net emigration.

Tokens:
Population
growth
remains
high
at
more
than
3
%
annually
,
offset
somewhat
by
net
emigration
.

Sentence #56 (17 tokens):
Pohnpei is notable for the prevalence of the extreme form of color blindness known as maskun.

Tokens:
Pohnpei
is
notable
for
the
prevalence
of
the
extreme
form
of
color
blindness
known
as
maskun
.

Sentence #57 (26 tokens):
Each of the four States has its own culture and traditions, but there are also common cultural and economic bonds that are centuries old.

Tokens:
Each
of
the
four
States
has
its
own
culture
and
traditions
,
but
there
are
also
common
cultural
and
economic
bonds
that
are
centuries
old
.

Sentence #58 (24 tokens):
For example, cultural similarities like the importance of the traditional extended family and clan systems can be found on all the islands.

Tokens:
For
example
,
cultural
similarities
like
the
importance
of
the
traditional
extended
family
and
clan
systems
can
be
found
on
all
the
islands
.

Sentence #59 (42 tokens):
The island of Yap is notable for its "stone money" (Rai stones), large disks usually of calcite, up to 4 m (about 13 ft) in diameter, with a hole in the middle.

Tokens:
The
island
of
Yap
is
notable
for
its
"
stone
money
"
(
Rai
stones
)
,
large
disks
usually
of
calcite
,
up
to
4
m
(
about
13
ft
)
in
diameter
,
with
a
hole
in
the
middle
.

Sentence #60 (20 tokens):
The islanders, aware of the owner of a piece, do not necessarily move them when ownership changes.

Tokens:
The
islanders
,
aware
of
the
owner
of
a
piece
,
do
not
necessarily
move
them
when
ownership
changes
.

Sentence #61 (24 tokens):
There are five major types: Mmbul, Gaw, Ray, Yar, and Reng, the last being only in diameter.

Tokens:
There
are
five
major
types
:
Mmbul
,
Gaw
,
Ray
,
Yar
,
and
Reng
,
the
last
being
only
in
diameter
.

Sentence #62 (35 tokens):
Their value is based on both size and history, many of them having been brought from other islands, as far as New Guinea, but most coming in ancient times from Palau.

Tokens:
Their
value
is
based
on
both
size
and
history
,
many
of
them
having
been
brought
from
other
islands
,
as
far
as
New
Guinea
,
but
most
coming
in
ancient
times
from
Palau
.

Sentence #63 (10 tokens):
Approximately 6,500 of them are scattered around the island.

Tokens:
Approximately
6,500
of
them
are
scattered
around
the
island
.

Sentence #64 (42 tokens):
The languages of the Federated States of Micronesia include English (the official and common language), and the country has seven official languages: English, Pohnpeian, Woleaian, Yapese, Kosraean, and Chuukese (Trukese).

Tokens:
The
languages
of
the
Federated
States
of
Micronesia
include
English
(
the
official
and
common
language
)
,
and
the
country
has
seven
official
languages
:
English
,
Pohnpeian
,
Woleaian
,
Yapese
,
Kosraean
,
and
Chuukese
(
Trukese
)
.

Sentence #65 (20 tokens):
Other languages spoken in the country include Pingelapese, Ngatikese, Satawalese, Puluwatese, Mortlockese, and Mokilese.

Tokens:
Other
languages
spoken
in
the
country
include
Pingelapese
,
Ngatikese
,
Satawalese
,
Puluwatese
,
Mortlockese
,
and
Mokilese
.

Sentence #66 (18 tokens):
There are also about 3,000 speakers of Kapingamarangi and Ulithian, and under 1,000 speakers of Nukuoro.

Tokens:
There
are
also
about
3,000
speakers
of
Kapingamarangi
and
Ulithian
,
and
under
1,000
speakers
of
Nukuoro
.

Sentence #67 (14 tokens):
There have been few published literary writers from the Federated States of Micronesia.

Tokens:
There
have
been
few
published
literary
writers
from
the
Federated
States
of
Micronesia
.

Sentence #68 (21 tokens):
In 2008, Emelihter Kihleng became the first ever Micronesian to publish a collection of poetry in the English language.

Tokens:
In
2008
,
Emelihter
Kihleng
became
the
first
ever
Micronesian
to
publish
a
collection
of
poetry
in
the
English
language
.

Sentence #69 (19 tokens):
Several Protestant denominations, as well as the Roman Catholic Church, are present in every Micronesian state.

Tokens:
Several
Protestant
denominations
,
as
well
as
the
Roman
Catholic
Church
,
are
present
in
every
Micronesian
state
.

Sentence #70 (11 tokens):
Most Protestant groups trace their roots to American Congregationalist missionaries.

Tokens:
Most
Protestant
groups
trace
their
roots
to
American
Congregationalist
missionaries
.

Sentence #71 (17 tokens):
On the island of Kosrae, the population is approximately 7,800; 95 percent are Protestants.

Tokens:
On
the
island
of
Kosrae
,
the
population
is
approximately
7,800
;
95
percent
are
Protestants
.

Sentence #72 (15 tokens):
On Pohnpei, the population of 35,000 is evenly divided between Protestants and Catholics.

Tokens:
On
Pohnpei
,
the
population
of
35,000
is
evenly
divided
between
Protestants
and
Catholics
.

Sentence #73 (17 tokens):
On Chuuk and Yap, an estimated 60 percent are Catholic and 40 percent are Protestant.

Tokens:
On
Chuuk
and
Yap
,
an
estimated
60
percent
are
Catholic
and
40
percent
are
Protestant
.

Sentence #74 (43 tokens):
Religious groups with small followings include Baptists, Assemblies of God, Salvation Army, Seventh-day Adventists, Jehovah's Witnesses, the Church of Jesus Christ of Latter-day Saints (Mormons), and the Baha'i Faith.

Tokens:
Religious
groups
with
small
followings
include
Baptists
,
Assemblies
of
God
,
Salvation
Army
,
Seventh
-
day
Adventists
,
Jehovah
's
Witnesses
,
the
Church
of
Jesus
Christ
of
Latter
-
day
Saints
(
Mormons
)
,
and
the
Baha'i
Faith
.

Sentence #75 (10 tokens):
There is a small group of Buddhists on Pohnpei.

Tokens:
There
is
a
small
group
of
Buddhists
on
Pohnpei
.

Sentence #76 (24 tokens):
Attendance at religious services is generally high; churches are well supported by their congregations and play a significant role in civil society.

Tokens:
Attendance
at
religious
services
is
generally
high
;
churches
are
well
supported
by
their
congregations
and
play
a
significant
role
in
civil
society
.

Sentence #77 (12 tokens):
Most immigrants are Filipino Catholics who have joined local Catholic churches.

Tokens:
Most
immigrants
are
Filipino
Catholics
who
have
joined
local
Catholic
churches
.

Sentence #78 (12 tokens):
The Filipino Iglesia Ni Cristo also has a church in Pohnpei.

Tokens:
The
Filipino
Iglesia
Ni
Cristo
also
has
a
church
in
Pohnpei
.

Sentence #79 (29 tokens):
In the 1890s, on the island of Pohnpei, intermissionary conflicts and the conversion of clan leaders resulted in religious divisions along clan lines which persist today.

Tokens:
In
the
1890s
,
on
the
island
of
Pohnpei
,
intermissionary
conflicts
and
the
conversion
of
clan
leaders
resulted
in
religious
divisions
along
clan
lines
which
persist
today
.

Sentence #80 (20 tokens):
More Protestants live on the western side of the island, while more Catholics live on the eastern side.

Tokens:
More
Protestants
live
on
the
western
side
of
the
island
,
while
more
Catholics
live
on
the
eastern
side
.

Sentence #81 (11 tokens):
Missionaries of many religious traditions are present and operate freely.

Tokens:
Missionaries
of
many
religious
traditions
are
present
and
operate
freely
.

Sentence #82 (18 tokens):
The Constitution provides for freedom of religion, and the Government generally respected this right in practice.

Tokens:
The
Constitution
provides
for
freedom
of
religion
,
and
the
Government
generally
respected
this
right
in
practice
.

Sentence #83 (20 tokens):
The US government received no reports of societal abuses or discrimination based on religious belief or practice in 2007.

Tokens:
The
US
government
received
no
reports
of
societal
abuses
or
discrimination
based
on
religious
belief
or
practice
in
2007
.

Sentence #84 (26 tokens):
The FSM is a sovereign, self-governing state in free association with the United States, which is wholly responsible for its defense.

Tokens:
The
FSM
is
a
sovereign
,
self
-
governing
state
in
free
association
with
the
United
States
,
which
is
wholly
responsible
for
its
defense
.

Sentence #85 (17 tokens):
The Division of Maritime Surveillance operates a paramilitary Maritime Wing and a small Maritime Police Unit.

Tokens:
The
Division
of
Maritime
Surveillance
operates
a
paramilitary
Maritime
Wing
and
a
small
Maritime
Police
Unit
.

Sentence #86 (42 tokens):
The Compact of Free Association allows FSM citizens to join the U.S. military without having to obtain U.S. permanent residency or citizenship, allows for immigration and employment for Micronesians in the U.S., and establishes economic and technical aid programs.

Tokens:
The
Compact
of
Free
Association
allows
FSM
citizens
to
join
the
U.S.
military
without
having
to
obtain
U.S.
permanent
residency
or
citizenship
,
allows
for
immigration
and
employment
for
Micronesians
in
the
U.S.
,
and
establishes
economic
and
technical
aid
programs
.
Coreference set: 2
7 5 5 6 1 5 5 6
7 19 19 20 1 5 5 6
8 3 3 4 1 5 5 6
12 5 4 6 1 5 5 6
23 23 23 24 1 5 5 6
25 27 27 29 1 5 5 6
27 5 5 6 1 5 5 6
34 9 9 10 1 5 5 6
36 5 5 6 1 5 5 6
40 8 8 9 1 5 5 6
47 5 5 6 1 5 5 6
48 9 9 10 1 5 5 6
64 8 8 9 1 5 5 6
67 13 13 14 1 5 5 6
Coreference set: 4
6 4 4 5 1 17 17 18
29 1 1 2 1 17 17 18
30 13 13 14 1 17 17 18
37 6 6 7 1 17 17 18
38 2 2 3 1 17 17 18
47 9 9 10 1 17 17 18
54 9 9 10 1 17 17 18
57 4 4 5 1 17 17 18
Coreference set: 6
13 19 19 20 1 25 25 26
37 11 11 12 1 25 25 26
50 13 13 16 1 25 25 26
50 17 17 18 1 25 25 26
59 4 4 5 1 25 25 26
64 33 33 34 1 25 25 26
Coreference set: 10
15 12 12 13 1 29 29 30
15 28 28 30 1 29 29 30
18 21 21 22 1 29 29 30
39 7 7 8 1 29 29 30
56 1 1 2 1 29 29 30
72 2 2 3 1 29 29 30
75 9 9 10 1 29 29 30
78 11 11 12 1 29 29 30
79 9 9 10 1 29 29 30
Coreference set: 12
1 31 31 34 6 19 19 20
71 5 5 6 6 19 19 20
Coreference set: 14
1 14 10 41 1 3 1 9
2 4 3 5 1 3 1 9
7 3 1 6 1 3 1 9
8 9 7 10 1 3 1 9
8 9 8 10 1 3 1 9
9 63 61 64 1 3 1 9
20 15 13 16 1 3 1 9
23 21 19 24 1 3 1 9
27 3 1 6 1 3 1 9
34 7 5 10 1 3 1 9
34 16 14 17 1 3 1 9
35 2 1 3 1 3 1 9
35 4 4 8 1 3 1 9
36 3 1 6 1 3 1 9
40 6 4 9 1 3 1 9
46 2 1 3 1 3 1 9
46 6 4 7 1 3 1 9
47 3 1 6 1 3 1 9
48 7 5 10 1 3 1 9
54 11 8 12 1 3 1 9
54 10 10 11 1 3 1 9
57 5 3 6 1 3 1 9
64 6 4 9 1 3 1 9
67 7 4 14 1 3 1 9
67 11 9 12 1 3 1 9
83 2 2 3 1 3 1 9
84 17 15 18 1 3 1 9
84 17 16 18 1 3 1 9
86 7 7 8 1 3 1 9
86 13 11 14 1 3 1 9
86 20 18 23 1 3 1 9
86 20 18 21 1 3 1 9
Coreference set: 18
1 18 17 19 6 5 3 6
37 7 6 21 6 5 3 6
37 7 6 8 6 5 3 6
38 3 1 4 6 5 3 6
Coreference set: 20
1 25 25 41 37 13 11 14
3 1 1 2 37 13 11 14
73 2 2 5 37 13 11 14
Coreference set: 22
4 21 19 22 1 40 37 41
Coreference set: 24
36 8 8 9 2 7 7 8
Coreference set: 36
62 25 24 26 3 6 5 7
Coreference set: 41
24 1 1 2 3 25 25 26
62 34 34 35 3 25 25 26
Coreference set: 43
3 28 28 29 3 28 27 29
36 21 20 22 3 28 27 29
Coreference set: 58
3 21 20 22 3 21 19 22
24 5 3 6 3 21 19 22
24 5 4 6 3 21 19 22
Coreference set: 69
4 12 12 13 4 7 2 8
Coreference set: 70
4 3 2 5 9 23 19 27
9 2 1 3 9 23 19 27
9 6 5 27 9 23 19 27
9 10 8 15 9 23 19 27
9 16 16 17 9 23 19 27
9 29 29 30 9 23 19 27
9 31 31 32 9 23 19 27
10 12 11 13 9 23 19 27
10 12 12 13 9 23 19 27
11 2 1 3 9 23 19 27
11 9 7 10 9 23 19 27
20 27 26 28 9 23 19 27
20 32 32 41 9 23 19 27
20 36 34 41 9 23 19 27
25 2 1 3 9 23 19 27
84 2 1 3 9 23 19 27
84 10 4 26 9 23 19 27
84 24 24 25 9 23 19 27
Coreference set: 72
15 10 9 13 5 9 8 10
18 19 18 22 5 9 8 10
79 7 6 10 5 9 8 10
Coreference set: 74
5 2 1 3 5 4 4 23
5 4 4 5 5 4 4 23
6 3 3 4 5 4 4 23
39 2 1 3 5 4 4 23
39 4 4 5 5 4 4 23
Coreference set: 83
36 17 16 18 7 13 11 14
37 2 1 3 7 13 11 14
41 2 1 3 7 13 11 14
Coreference set: 91
14 26 25 27 9 14 12 15
20 40 38 41 9 14 12 15
Coreference set: 93
9 34 31 35 82 11 10 12
53 9 8 10 82 11 10 12
Coreference set: 94
23 2 2 6 9 36 36 40
Coreference set: 96
25 21 21 25 9 50 50 54
Coreference set: 97
86 2 1 6 9 56 55 64
Coreference set: 98
86 5 4 6 9 59 58 64
Coreference set: 101
10 15 15 16 10 9 8 13
Coreference set: 116
15 1 1 2 14 7 6 18
Coreference set: 131
16 19 19 22 16 19 17 20
19 8 7 9 16 19 17 20
Coreference set: 132
18 3 3 4 16 2 1 29
Coreference set: 140
19 11 10 12 17 5 4 6
Coreference set: 150
20 2 2 3 19 6 2 7
22 17 16 18 19 6 2 7
Coreference set: 152
21 4 2 5 20 19 17 20
Coreference set: 155
44 5 4 6 20 24 23 25
44 15 14 16 20 24 23 25
86 33 32 34 20 24 23 25
Coreference set: 158
22 22 22 23 21 17 16 18
37 16 16 17 21 17 16 18
Coreference set: 172
26 2 1 3 25 5 4 9
Coreference set: 178
27 11 9 12 82 2 1 3
Coreference set: 183
30 9 9 10 28 3 1 4
Coreference set: 185
30 22 20 23 29 12 10 13
Coreference set: 190
30 23 20 24 29 33 6 34
Coreference set: 195
31 1 1 2 30 5 1 6
32 5 1 6 30 5 1 6
Coreference set: 220
52 17 17 18 42 12 12 13
Coreference set: 222
52 23 22 24 42 16 15 17
Coreference set: 233
46 8 8 9 45 7 4 8
Coreference set: 238
49 1 1 2 48 3 1 10
Coreference set: 244
50 9 9 10 64 35 35 36
Coreference set: 245
64 29 29 30 50 5 5 6
Coreference set: 265
57 7 7 8 57 1 1 6
Coreference set: 277
59 8 8 9 59 2 1 5
63 9 8 10 59 2 1 5
80 10 9 11 59 2 1 5
Coreference set: 287
60 16 16 17 60 2 1 3
Coreference set: 297
62 1 1 2 61 13 7 14
62 13 13 14 61 13 7 14
63 4 4 5 61 13 7 14
Coreference set: 310
64 10 10 18 68 19 18 20
Coreference set: 313
65 6 5 7 64 21 20 22
Coreference set: 343
69 3 1 4 69 11 8 12
69 11 9 12 69 11 8 12
Coreference set: 345
70 5 5 6 70 3 1 4
Coreference set: 349
71 8 7 9 71 11 10 12
Coreference set: 350
72 12 12 13 71 16 16 17
Coreference set: 352
72 14 14 15 77 5 4 12
Coreference set: 355
77 10 10 11 73 11 11 12
Coreference set: 362
76 14 14 15 74 2 1 6
