Document: ID=FedEx (46 sentences, 1294 tokens)

Sentence #1 (23 tokens):
FedEx Corporation, originally known as FDX Corporation, is an American global courier delivery services company headquartered in Memphis, Tennessee.

Tokens:
FedEx
Corporation
,
originally
known
as
FDX
Corporation
,
is
an
American
global
courier
delivery
services
company
headquartered
in
Memphis
,
Tennessee
.

Sentence #2 (31 tokens):
The name "FedEx" is a syllabic abbreviation of the name of the company's original air division, Federal Express, which was used from 1973 until 2000.

Tokens:
The
name
"
FedEx
"
is
a
syllabic
abbreviation
of
the
name
of
the
company
's
original
air
division
,
Federal
Express
,
which
was
used
from
1973
until
2000
.

Sentence #3 (13 tokens):
FedEx Corporation is a Delaware corporation, incorporated October 2, 1997.

Tokens:
FedEx
Corporation
is
a
Delaware
corporation
,
incorporated
October
2
,
1997
.

Sentence #4 (18 tokens):
FDX Corporation was founded in January 1998 with the acquisition of Caliber System Inc. by Federal Express.

Tokens:
FDX
Corporation
was
founded
in
January
1998
with
the
acquisition
of
Caliber
System
Inc.
by
Federal
Express
.

Sentence #5 (15 tokens):
With the purchase of Caliber, FedEx started offering other services besides express shipping.

Tokens:
With
the
purchase
of
Caliber
,
FedEx
started
offering
other
services
besides
express
shipping
.

Sentence #6 (68 tokens):
Caliber subsidiaries included RPS, a small-package ground service; Roberts Express, an expedited shipping provider; Viking Freight, a regional, less than truckload freight carrier serving the Western United States; Caribbean Transportation Services, a provider of airfreight forwarding between the United States and the Caribbean; and Caliber Logistics and Caliber Technology, providers of logistics and technology solutions.

Tokens:
Caliber
subsidiaries
included
RPS
,
a
small
-
package
ground
service
;
Roberts
Express
,
an
expedited
shipping
provider
;
Viking
Freight
,
a
regional
,
less
than
truckload
freight
carrier
serving
the
Western
United
States
;
Caribbean
Transportation
Services
,
a
provider
of
airfreight
forwarding
between
the
United
States
and
the
Caribbean
;
and
Caliber
Logistics
and
Caliber
Technology
,
providers
of
logistics
and
technology
solutions
.

Sentence #7 (22 tokens):
FDX Corporation was founded to oversee all of the operations of those companies and its original air division, Federal Express.

Tokens:
FDX
Corporation
was
founded
to
oversee
all
of
the
operations
of
those
companies
and
its
original
air
division
,
Federal
Express
.

Sentence #8 (47 tokens):
In the 1980s, FedEx planned, but later abandoned, a joint service with British Airways to have BA fly a Concorde to Shannon, Ireland with FedEx packages onboard and then FedEx would have flown the packages subsonically to their delivery points in Europe.

Tokens:
In
the
1980s
,
FedEx
planned
,
but
later
abandoned
,
a
joint
service
with
British
Airways
to
have
BA
fly
a
Concorde
to
Shannon
,
Ireland
with
FedEx
packages
onboard
and
then
FedEx
would
have
flown
the
packages
subsonically
to
their
delivery
points
in
Europe
.

Sentence #9 (18 tokens):
Ron Ponder, a vice president at the time, was in charge of this proposed venture.

Tokens:
Ron
Ponder
,
a
vice
president
at
the
time
,
was
in
charge
of
this
proposed
venture
.

Sentence #10 (19 tokens):
In January 2000, FDX Corporation changed its name to FedEx Corporation and re-branded all of its subsidiaries.

Tokens:
In
January
2000
,
FDX
Corporation
changed
its
name
to
FedEx
Corporation
and
re-branded
all
of
its
subsidiaries
.

Sentence #11 (33 tokens):
Federal Express became FedEx Express, RPS became FedEx Ground, Roberts Express became FedEx Custom Critical, and Caliber Logistics and Caliber Technology were combined to make up FedEx Global Logistics.

Tokens:
Federal
Express
became
FedEx
Express
,
RPS
became
FedEx
Ground
,
Roberts
Express
became
FedEx
Custom
Critical
,
and
Caliber
Logistics
and
Caliber
Technology
were
combined
to
make
up
FedEx
Global
Logistics
.

Sentence #12 (24 tokens):
A new subsidiary called FedEx Corporate Services was formed to centralize the sales, marketing, customer service for all of the subsidiaries.

Tokens:
A
new
subsidiary
called
FedEx
Corporate
Services
was
formed
to
centralize
the
sales
,
marketing
,
customer
service
for
all
of
the
subsidiaries
.

Sentence #13 (15 tokens):
In February 2000, FedEx acquired Tower Group International, an international logistics company.

Tokens:
In
February
2000
,
FedEx
acquired
Tower
Group
International
,
an
international
logistics
company
.

Sentence #14 (24 tokens):
FedEx also acquired WorldTariff, a customs duty and tax information company, TowerGroup and WorldTariff were re-branded to form FedEx Trade Networks.

Tokens:
FedEx
also
acquired
WorldTariff
,
a
customs
duty
and
tax
information
company
,
TowerGroup
and
WorldTariff
were
re-branded
to
form
FedEx
Trade
Networks
.

Sentence #15 (18 tokens):
FedEx Corp. acquired privately held Kinko's Inc. in February 2004 and rebranded it FedEx Kinko's.

Tokens:
FedEx
Corp.
acquired
privately
held
Kinko
's
Inc.
in
February
2004
and
rebranded
it
FedEx
Kinko
's
.

Sentence #16 (14 tokens):
The acquisition was made to expand FedEx retail access to the general public.

Tokens:
The
acquisition
was
made
to
expand
FedEx
retail
access
to
the
general
public
.

Sentence #17 (15 tokens):
After the acquisition, all FedEx Kinko's locations exclusively offered only FedEx shipping.

Tokens:
After
the
acquisition
,
all
FedEx
Kinko
's
locations
exclusively
offered
only
FedEx
shipping
.

Sentence #18 (29 tokens):
In June 2008, FedEx announced that they would be dropping the Kinko's name from their ship centers, with FedEx Kinko's changing to FedEx Office.

Tokens:
In
June
2008
,
FedEx
announced
that
they
would
be
dropping
the
Kinko
's
name
from
their
ship
centers
,
with
FedEx
Kinko
's
changing
to
FedEx
Office
.

Sentence #19 (19 tokens):
In September 2004, FedEx acquired Parcel Direct, a parcel consolidator, and re-branded it FedEx SmartPost.

Tokens:
In
September
2004
,
FedEx
acquired
Parcel
Direct
,
a
parcel
consolidator
,
and
re-branded
it
FedEx
SmartPost
.

Sentence #20 (43 tokens):
In December 2007, the Internal Revenue Service of the United States 'tentatively decided' that FedEx Ground Division might be facing a tax liability of $319 million for 2002, due to misclassification of its operatives as independent contractors.

Tokens:
In
December
2007
,
the
Internal
Revenue
Service
of
the
United
States
'
tentatively
decided
'
that
FedEx
Ground
Division
might
be
facing
a
tax
liability
of
$
319
million
for
2002
,
due
to
misclassification
of
its
operatives
as
independent
contractors
.

Sentence #21 (41 tokens):
Reversing a 1994 decision which allowed FedEx to classify its operatives that own their own vehicles, the IRS is auditing the years 2003 to 2006, with a view to assessing whether similar misclassification of operatives has taken place.

Tokens:
Reversing
a
1994
decision
which
allowed
FedEx
to
classify
its
operatives
that
own
their
own
vehicles
,
the
IRS
is
auditing
the
years
2003
to
2006
,
with
a
view
to
assessing
whether
similar
misclassification
of
operatives
has
taken
place
.

Sentence #22 (31 tokens):
FedEx denies that any irregularities in classification have taken place, but is facing legal action from operatives claiming benefits that would have accrued had they been classified as employees.

Tokens:
FedEx
denies
that
any
irregularities
in
classification
have
taken
place
,
but
is
facing
legal
action
from
operatives
claiming
benefits
that
would
have
accrued
had
they
been
classified
as
employees
.

Sentence #23 (60 tokens):
On October 22, 2008, the Internal Revenue Service withdrew its tentative assessment of tax and penalties for the 2002 calendar year ($319 million plus interest) against FedEx Ground Package System, Inc. (“FedEx Ground”) relating to the classification of FedEx Ground’s owner-operators for federal employment tax purposes.

Tokens:
On
October
22
,
2008
,
the
Internal
Revenue
Service
withdrew
its
tentative
assessment
of
tax
and
penalties
for
the
2002
calendar
year
(
$
319
million
plus
interest
)
against
FedEx
Ground
Package
System
,
Inc.
(
“
FedEx
Ground
”
)
relating
to
the
classification
of
FedEx
Ground
’s
owner
-
operators
for
federal
employment
tax
purposes
.

Sentence #24 (37 tokens):
In June 2009, FedEx began a campaign against United Parcel Service (UPS) and the Teamsters union, accusing its competitor of receiving a bailout in an advertising campaign called "brown bailout".

Tokens:
In
June
2009
,
FedEx
began
a
campaign
against
United
Parcel
Service
(
UPS
)
and
the
Teamsters
union
,
accusing
its
competitor
of
receiving
a
bailout
in
an
advertising
campaign
called
"
brown
bailout
"
.

Sentence #25 (71 tokens):
FedEx claims that signing the Federal Aviation Administration re-authorization bill, which would let some of its workers unionize more easily (and, according to the Memphis-based company, "could expose its customers at any time to local work stoppages that interrupt the flow of their time-sensitive, high-value shipments”), is equivalent to giving UPS a 'bailout'.

Tokens:
FedEx
claims
that
signing
the
Federal
Aviation
Administration
re-authorization
bill
,
which
would
let
some
of
its
workers
unionize
more
easily
(
and
,
according
to
the
Memphis
-
based
company
,
"
could
expose
its
customers
at
any
time
to
local
work
stoppages
that
interrupt
the
flow
of
their
time
-
sensitive
,
high
-
value
shipments
”
)
,
is
equivalent
to
giving
UPS
a
'
bailout
'
.

Sentence #26 (21 tokens):
Independent observers have heavily criticized FedEx's wording, claiming that it was "an abuse of the term".

Tokens:
Independent
observers
have
heavily
criticized
FedEx
's
wording
,
claiming
that
it
was
"
an
abuse
of
the
term
"
.

Sentence #27 (11 tokens):
FedEx Express employees are regulated under the Railway Labor Act.

Tokens:
FedEx
Express
employees
are
regulated
under
the
Railway
Labor
Act
.

Sentence #28 (11 tokens):
As of 2012, FedEx experimented with electric fleet vehicles.

Tokens:
As
of
2012
,
FedEx
experimented
with
electric
fleet
vehicles
.

Sentence #29 (16 tokens):
On August 13, 2012, FedEx makes an offer to buyouts to cut costs.

Tokens:
On
August
13
,
2012
,
FedEx
makes
an
offer
to
buyouts
to
cut
costs
.

Sentence #30 (15 tokens):
Most of the buyouts are likely to come from the express and services unit.

Tokens:
Most
of
the
buyouts
are
likely
to
come
from
the
express
and
services
unit
.

Sentence #31 (17 tokens):
On January 14, 2013, FedEx named Henry Maier CEO and President of FedEx Ground.

Tokens:
On
January
14
,
2013
,
FedEx
named
Henry
Maier
CEO
and
President
of
FedEx
Ground
.

Sentence #32 (14 tokens):
He will take over after David Rebholz retires on May 31, 2013.

Tokens:
He
will
take
over
after
David
Rebholz
retires
on
May
31
,
2013
.

Sentence #33 (33 tokens):
FedEx is organized into operating units, each of which has its own version of the wordmark, designed by Lindon Leader of Landor Associates, of San Francisco, in 1994.

Tokens:
FedEx
is
organized
into
operating
units
,
each
of
which
has
its
own
version
of
the
wordmark
,
designed
by
Lindon
Leader
of
Landor
Associates
,
of
San
Francisco
,
in
1994
.

Sentence #34 (24 tokens):
The Fed is always purple and the Ex is in a different color for each division and grey for the overall corporation use.

Tokens:
The
Fed
is
always
purple
and
the
Ex
is
in
a
different
color
for
each
division
and
grey
for
the
overall
corporation
use
.

Sentence #35 (22 tokens):
The original "FedEx" logo had the Ex in orange; it is now used as the FedEx Express wordmark.

Tokens:
The
original
"
FedEx
"
logo
had
the
Ex
in
orange
;
it
is
now
used
as
the
FedEx
Express
wordmark
.

Sentence #36 (49 tokens):
The FedEx wordmark is notable for containing a hidden right-pointing arrow in the negative space between the "E" and the "X", which was achieved by designing a proprietary font, based on Univers and Futura, to emphasize the arrow shape.

Tokens:
The
FedEx
wordmark
is
notable
for
containing
a
hidden
right
-
pointing
arrow
in
the
negative
space
between
the
"
E
"
and
the
"
X
"
,
which
was
achieved
by
designing
a
proprietary
font
,
based
on
Univers
and
Futura
,
to
emphasize
the
arrow
shape
.

Sentence #37 (18 tokens):
The Standard Carrier Alpha Code (SCAC) is a unique code used to identify transportation companies.

Tokens:
The
Standard
Carrier
Alpha
Code
(
SCAC
)
is
a
unique
code
used
to
identify
transportation
companies
.

Sentence #38 (21 tokens):
According to the Center for Responsive Politics, FedEx Corp is the 21st largest campaign contributor in the United States.

Tokens:
According
to
the
Center
for
Responsive
Politics
,
FedEx
Corp
is
the
21st
largest
campaign
contributor
in
the
United
States
.

Sentence #39 (24 tokens):
The company has donated over $21 million since 1990, 45% of which went to Democrats and 55% to Republicans.

Tokens:
The
company
has
donated
over
$
21
million
since
1990
,
45
%
of
which
went
to
Democrats
and
55
%
to
Republicans
.

Sentence #40 (35 tokens):
Strong ties to the White House and members of Congress allow access to international trade and tax cut rebates as well as the rules of the business practices of the United States Postal Service.

Tokens:
Strong
ties
to
the
White
House
and
members
of
Congress
allow
access
to
international
trade
and
tax
cut
rebates
as
well
as
the
rules
of
the
business
practices
of
the
United
States
Postal
Service
.

Sentence #41 (26 tokens):
In 2001, FedEx sealed a $9 billion deal with the USPS to transport all of the post office's overnight and express deliveries.

Tokens:
In
2001
,
FedEx
sealed
a
$
9
billion
deal
with
the
USPS
to
transport
all
of
the
post
office
's
overnight
and
express
deliveries
.

Sentence #42 (26 tokens):
In 2005, FedEx was among 53 entities that contributed the maximum of $250,000 to sponsor the second inauguration of President George W. Bush.

Tokens:
In
2005
,
FedEx
was
among
53
entities
that
contributed
the
maximum
of
$
250,000
to
sponsor
the
second
inauguration
of
President
George
W.
Bush
.

Sentence #43 (71 tokens):
During the first three months of 2010, FedEx spent nearly $4.9 million lobbying the federal government (UPS, FedEx's main competitor, spent $1.6 million on lobbying over the same period), a 4% increase from the $4.7 million spent during the last quarter of 2009, but more than twice what it spent on lobbying during the first quarter of 2009.

Tokens:
During
the
first
three
months
of
2010
,
FedEx
spent
nearly
$
4.9
million
lobbying
the
federal
government
(
UPS
,
FedEx
's
main
competitor
,
spent
$
1.6
million
on
lobbying
over
the
same
period
)
,
a
4
%
increase
from
the
$
4.7
million
spent
during
the
last
quarter
of
2009
,
but
more
than
twice
what
it
spent
on
lobbying
during
the
first
quarter
of
2009
.

Sentence #44 (35 tokens):
The firm was named by Fortune magazine as one of the top 100 companies to work for in 2013, citing the company's choice to downsize with voluntary buyouts rather than involuntary layoffs.

Tokens:
The
firm
was
named
by
Fortune
magazine
as
one
of
the
top
100
companies
to
work
for
in
2013
,
citing
the
company
's
choice
to
downsize
with
voluntary
buyouts
rather
than
involuntary
layoffs
.

Sentence #45 (37 tokens):
In 1981, their advertising firm Ally & Gargano hired performer John Moschitta, Jr., known for his fast speech delivery, to do an ad for Federal Express titled "Fast Paced World".

Tokens:
In
1981
,
their
advertising
firm
Ally
&
Gargano
hired
performer
John
Moschitta
,
Jr.
,
known
for
his
fast
speech
delivery
,
to
do
an
ad
for
Federal
Express
titled
"
Fast
Paced
World
"
.

Sentence #46 (20 tokens):
This single commercial would be cited years later by New York as one of the most memorable ads ever.

Tokens:
This
single
commercial
would
be
cited
years
later
by
New
York
as
one
of
the
most
memorable
ads
ever
.
Coreference set: 1
1 17 11 23 1 2 1 3
2 15 14 17 1 2 1 3
3 2 1 3 1 2 1 3
3 6 4 13 1 2 1 3
3 6 4 7 1 2 1 3
10 12 11 13 1 2 1 3
39 2 1 3 1 2 1 3
44 23 22 25 1 2 1 3
Coreference set: 2
4 2 1 3 1 8 7 9
7 2 1 3 1 8 7 9
7 15 15 16 1 8 7 9
10 6 5 7 1 8 7 9
Coreference set: 3
25 28 28 29 1 20 20 21
Coreference set: 6
2 4 1 6 18 28 27 29
2 9 7 31 18 28 27 29
5 7 7 8 18 28 27 29
8 5 5 6 18 28 27 29
8 34 34 35 18 28 27 29
13 5 5 6 18 28 27 29
14 1 1 2 18 28 27 29
15 1 1 3 18 28 27 29
15 14 14 15 18 28 27 29
18 5 5 6 18 28 27 29
19 5 5 6 18 28 27 29
22 1 1 2 18 28 27 29
26 6 6 8 18 28 27 29
28 5 5 6 18 28 27 29
29 7 7 8 18 28 27 29
31 7 7 8 18 28 27 29
34 2 1 3 18 28 27 29
38 9 9 11 18 28 27 29
41 4 4 5 18 28 27 29
43 9 9 10 18 28 27 29
43 22 22 24 18 28 27 29
Coreference set: 7
10 9 8 10 2 12 11 31
Coreference set: 8
2 19 14 31 2 22 21 23
2 19 14 20 2 22 21 23
2 22 21 31 2 22 21 23
4 17 16 18 2 22 21 23
7 18 15 22 2 22 21 23
7 18 15 19 2 22 21 23
7 21 20 22 2 22 21 23
11 2 1 3 2 22 21 23
45 30 29 31 2 22 21 23
Coreference set: 15
16 2 1 3 4 10 9 15
17 3 2 4 4 10 9 15
Coreference set: 19
11 13 12 14 6 14 13 15
Coreference set: 22
6 57 56 61 11 24 20 25
Coreference set: 25
11 7 7 8 6 4 4 5
Coreference set: 31
6 50 48 51 6 36 33 37
6 50 49 51 6 36 33 37
38 20 18 21 6 36 33 37
Coreference set: 38
8 42 42 43 7 13 12 14
Coreference set: 43
8 14 12 18 8 20 20 21
Coreference set: 46
8 39 38 40 8 30 29 31
Coreference set: 48
9 6 4 10 9 2 1 3
Coreference set: 50
25 51 50 52 9 9 8 10
Coreference set: 53
10 8 8 9 10 2 2 4
Coreference set: 54
27 2 1 3 11 5 4 6
Coreference set: 56
23 41 40 42 11 10 9 11
23 50 49 52 11 10 9 11
31 16 15 17 11 10 9 11
Coreference set: 60
13 14 11 15 13 9 7 10
Coreference set: 65
14 4 4 5 14 16 16 17
Coreference set: 70
17 7 7 9 15 6 4 9
18 13 12 15 15 6 4 9
Coreference set: 71
18 8 8 9 15 5 4 8
18 17 17 18 15 5 4 8
Coreference set: 73
18 23 22 25 15 16 15 18
Coreference set: 80
19 16 16 17 19 2 2 4
Coreference set: 86
20 38 38 39 20 2 2 4
21 10 10 11 20 2 2 4
Coreference set: 87
23 10 7 11 20 8 5 14
Coreference set: 92
21 11 10 17 20 39 38 40
21 14 14 15 20 39 38 40
21 37 37 38 20 39 38 40
22 26 26 27 20 39 38 40
Coreference set: 96
21 21 21 41 21 19 18 20
Coreference set: 97
46 7 7 8 21 23 22 25
Coreference set: 104
23 12 12 13 23 2 2 6
Coreference set: 114
24 22 22 23 24 2 2 4
Coreference set: 118
24 14 14 15 25 66 66 67
43 20 20 26 25 66 66 67
43 20 20 21 25 66 66 67
Coreference set: 125
25 17 17 18 25 10 5 11
Coreference set: 128
25 36 36 37 25 31 27 32
Coreference set: 129
25 50 50 51 25 37 36 38
Coreference set: 135
26 12 12 13 26 8 6 9
26 16 14 21 26 8 6 9
Coreference set: 143
29 12 12 13 30 4 3 5
Coreference set: 150
32 1 1 2 31 11 9 12
Coreference set: 159
33 12 12 13 33 8 8 9
Coreference set: 171
35 13 13 14 35 6 1 7
Coreference set: 173
36 3 1 4 35 21 18 22
Coreference set: 186
37 12 10 18 37 5 1 9
Coreference set: 220
43 61 61 62 43 5 2 8
Coreference set: 227
43 70 70 71 43 54 54 55
Coreference set: 238
45 13 12 16 45 13 11 14
45 19 19 20 45 13 11 14
