Document: ID=Gonzales (musician) (46 sentences, 1343 tokens)

Sentence #1 (34 tokens):
Gonzales, (born Jason Charles Beck; 1972), is a Grammy-nominated Canadian musician who resided in Paris, France for several years, now in Cologne, Germany.

Tokens:
Gonzales
,
(
born
Jason
Charles
Beck
;
1972
)
,
is
a
Grammy
-
nominated
Canadian
musician
who
resided
in
Paris
,
France
for
several
years
,
now
in
Cologne
,
Germany
.

Sentence #2 (22 tokens):
Though best known for his first MC and electro albums, he is also a pianist, producer, and songwriter.

Tokens:
Though
best
known
for
his
first
MC
and
electro
albums
,
he
is
also
a
pianist
,
producer
,
and
songwriter
.

Sentence #3 (36 tokens):
He regularly collaborates with the Canadian musicians Peaches, Mocky and Feist (who, among other things, joined him on tour through Europe and Australia for the album 'Presidential Suite').

Tokens:
He
regularly
collaborates
with
the
Canadian
musicians
Peaches
,
Mocky
and
Feist
(
who
,
among
other
things
,
joined
him
on
tour
through
Europe
and
Australia
for
the
album
'
Presidential
Suite
'
)
.

Sentence #4 (44 tokens):
Additionally, he has collaborated with Jamie Lidell on the albums Multiply and Compass, Buck 65 on the album Secret House Against the World, Daft Punk on the album Random Access Memories and performed with Drake at the 2011 Juno Awards.

Tokens:
Additionally
,
he
has
collaborated
with
Jamie
Lidell
on
the
albums
Multiply
and
Compass
,
Buck
65
on
the
album
Secret
House
Against
the
World
,
Daft
Punk
on
the
album
Random
Access
Memories
and
performed
with
Drake
at
the
2011
Juno
Awards
.

Sentence #5 (26 tokens):
Gonzales was born on March 20, 1972 and began teaching himself piano at age three, when his older brother Chris began taking lessons.

Tokens:
Gonzales
was
born
on
March
20
,
1972
and
began
teaching
himself
piano
at
age
three
,
when
his
older
brother
Chris
began
taking
lessons
.

Sentence #6 (37 tokens):
He was later classically trained as a pianist at McGill University, where he began both his composing career, co-authoring several musicals with his brother, and his performing career, as a jazz virtuoso.

Tokens:
He
was
later
classically
trained
as
a
pianist
at
McGill
University
,
where
he
began
both
his
composing
career
,
co-authoring
several
musicals
with
his
brother
,
and
his
performing
career
,
as
a
jazz
virtuoso
.

Sentence #7 (20 tokens):
In the 1990s, he embarked on a pop career as the leader of the alternative rock band Son.

Tokens:
In
the
1990s
,
he
embarked
on
a
pop
career
as
the
leader
of
the
alternative
rock
band
Son
.

Sentence #8 (22 tokens):
Son was signed to a three-album deal with Warner Music Canada in 1995, a subsidiary of Warner Bros.

Tokens:
Son
was
signed
to
a
three
-
album
deal
with
Warner
Music
Canada
in
1995
,
a
subsidiary
of
Warner
Bros.
.

Sentence #9 (2 tokens):
Records.

Tokens:
Records
.

Sentence #10 (45 tokens):
The first release, the Prince/Elvis Costello-flavored LP Thriller, was moderately successful, spawning one single that received heavy radio airplay ("Pick up the Phone") and leading to several opening gigs for the Barenaked Ladies.

Tokens:
The
first
release
,
the
Prince
/
Elvis
Costello
-
flavored
LP
Thriller
,
was
moderately
successful
,
spawning
one
single
that
received
heavy
radio
airplay
(
"
Pick
up
the
Phone
"
)
and
leading
to
several
opening
gigs
for
the
Barenaked
Ladies
.

Sentence #11 (39 tokens):
While the album's production values were limited (Warner Bros. simply released the band's hastily recorded demo), it showcased Beck's gift for melody, and his talent as a self-taught producer.

Tokens:
While
the
album
's
production
values
were
limited
(
Warner
Bros.
simply
released
the
band
's
hastily
recorded
demo
)
,
it
showcased
Beck
's
gift
for
melody
,
and
his
talent
as
a
self
-
taught
producer
.

Sentence #12 (44 tokens):
The latter was even more in evidence with Son's second release, Wolfstein, recorded at a fully equipped studio in LA with the assistance of Chris Beck, then on his way to becoming an Emmy-award winning soundtrack composer.

Tokens:
The
latter
was
even
more
in
evidence
with
Son
's
second
release
,
Wolfstein
,
recorded
at
a
fully
equipped
studio
in
LA
with
the
assistance
of
Chris
Beck
,
then
on
his
way
to
becoming
an
Emmy
-
award
winning
soundtrack
composer
.

Sentence #13 (46 tokens):
Nominally a concept album about a man who starts turning into a wolf after hitting one with his car, it featured a darker, more complex sensibility than its predecessor, and marked Gonzales's arrival as a musical innovator in his own right.

Tokens:
Nominally
a
concept
album
about
a
man
who
starts
turning
into
a
wolf
after
hitting
one
with
his
car
,
it
featured
a
darker
,
more
complex
sensibility
than
its
predecessor
,
and
marked
Gonzales
's
arrival
as
a
musical
innovator
in
his
own
right
.

Sentence #14 (58 tokens):
As far as Warner Bros. was concerned, however, the album represented too radical a change in direction, and suffered from a dearth of singles acceptable to the Canadian pop charts-perhaps the most upbeat, catchy tune on the album had the radio-unfriendly title, "Making a Jew Cry".

Tokens:
As
far
as
Warner
Bros.
was
concerned
,
however
,
the
album
represented
too
radical
a
change
in
direction
,
and
suffered
from
a
dearth
of
singles
acceptable
to
the
Canadian
pop
charts
-
perhaps
the
most
upbeat
,
catchy
tune
on
the
album
had
the
radio
-
unfriendly
title
,
"
Making
a
Jew
Cry
"
.

Sentence #15 (19 tokens):
The label gave little promotional support to the release, and parted ways with the band soon after.

Tokens:
The
label
gave
little
promotional
support
to
the
release
,
and
parted
ways
with
the
band
soon
after
.

Sentence #16 (37 tokens):
(While remaining largely silent on the experience in interviews, Gonzales did recount part of his Warner Bros. experience in "Candy", the opening track to his 2000 album, The Entertainist.)

Tokens:
(
While
remaining
largely
silent
on
the
experience
in
interviews
,
Gonzales
did
recount
part
of
his
Warner
Bros.
experience
in
"
Candy
"
,
the
opening
track
to
his
2000
album
,
The
Entertainist
.
)

Sentence #17 (38 tokens):
Recognising that pop success had as much to do with a good press angle as musical talent, Gonzales decamped to Berlin in 1999, where he decided his Jewish ethnicity could give him a marketing edge.

Tokens:
Recognising
that
pop
success
had
as
much
to
do
with
a
good
press
angle
as
musical
talent
,
Gonzales
decamped
to
Berlin
in
1999
,
where
he
decided
his
Jewish
ethnicity
could
give
him
a
marketing
edge
.

Sentence #18 (7 tokens):
However, he spoke no German.

Tokens:
However
,
he
spoke
no
German
.

Sentence #19 (39 tokens):
Of moving away from Canada, what Gonzales said in an interview was: “My experiences in Canada had been disappointing, because I hadn’t really stepped up on the extra-musical elements of music making".

Tokens:
Of
moving
away
from
Canada
,
what
Gonzales
said
in
an
interview
was
:
“
My
experiences
in
Canada
had
been
disappointing
,
because
I
had
n’t
really
stepped
up
on
the
extra-musical
elements
of
music
making
"
.

Sentence #20 (15 tokens):
With this change in image came another major change in Gonzales's musical style.

Tokens:
With
this
change
in
image
came
another
major
change
in
Gonzales
's
musical
style
.

Sentence #21 (32 tokens):
His three albums on the German Kitty-yo label were largely built around rap, though his skills as a keyboardist shone through on a series of interspersed instrumental tracks.

Tokens:
His
three
albums
on
the
German
Kitty
-
yo
label
were
largely
built
around
rap
,
though
his
skills
as
a
keyboardist
shone
through
on
a
series
of
interspersed
instrumental
tracks
.

Sentence #22 (18 tokens):
European critics and audiences were more receptive to the eclectic and experimental nature of Gonzales's output.

Tokens:
European
critics
and
audiences
were
more
receptive
to
the
eclectic
and
experimental
nature
of
Gonzales
's
output
.

Sentence #23 (24 tokens):
His first Kitty-yo single, "Let's Groove Again", became an immediate dancefloor hit upon its 1999 release.

Tokens:
His
first
Kitty
-
yo
single
,
"
Let
's
Groove
Again
"
,
became
an
immediate
dancefloor
hit
upon
its
1999
release
.

Sentence #24 (22 tokens):
(It was later used in a BBC promotional trailer for their new TV programme The Restaurant aired in 2007.)

Tokens:
(
It
was
later
used
in
a
BBC
promotional
trailer
for
their
new
TV
programme
The
Restaurant
aired
in
2007
.
)

Sentence #25 (15 tokens):
Gonzales became a fixture in both nightclubs and on the summer pop festival circuit.

Tokens:
Gonzales
became
a
fixture
in
both
nightclubs
and
on
the
summer
pop
festival
circuit
.

Sentence #26 (18 tokens):
In 2004, the performer released an album entirely made up of instrumental material, Solo Piano.

Tokens:
In
2004
,
the
performer
released
an
album
entirely
made
up
of
instrumental
material
,
Solo
Piano
.

Sentence #27 (29 tokens):
Highly acclaimed by public and critics alike, it drew immediate comparisons to the work of Erik Satie and so attracted a new global audience to his work.

Tokens:
Highly
acclaimed
by
public
and
critics
alike
,
it
drew
immediate
comparisons
to
the
work
of
Erik
Satie
and
so
attracted
a
new
global
audience
to
his
work
.

Sentence #28 (20 tokens):
Solo Piano has been released in several countries, and remains Gonzales's best-selling album to date.

Tokens:
Solo
Piano
has
been
released
in
several
countries
,
and
remains
Gonzales
's
best
-
selling
album
to
date
.

Sentence #29 (36 tokens):
In the meantime, Gonzales continued to develop as a producer and songwriter for other artists, collaborating on singles and albums with Peaches, renowned chanteuse Jane Birkin and budding indie star Leslie Feist.

Tokens:
In
the
meantime
,
Gonzales
continued
to
develop
as
a
producer
and
songwriter
for
other
artists
,
collaborating
on
singles
and
albums
with
Peaches
,
renowned
chanteuse
Jane
Birkin
and
budding
indie
star
Leslie
Feist
.

Sentence #30 (40 tokens):
The output of the latter collaboration-Feist's 2003 album, Let It Die, became a bestseller, won critical acclaim and industry awards, and became the basis for her breakthrough as a mainstream pop artist.

Tokens:
The
output
of
the
latter
collaboration
-
Feist
's
2003
album
,
Let
It
Die
,
became
a
bestseller
,
won
critical
acclaim
and
industry
awards
,
and
became
the
basis
for
her
breakthrough
as
a
mainstream
pop
artist
.

Sentence #31 (27 tokens):
Gonzales returned as a key contributor on Feist's 2007 album, The Reminder, which was nominated for a Grammy and won a Juno Award.

Tokens:
Gonzales
returned
as
a
key
contributor
on
Feist
's
2007
album
,
The
Reminder
,
which
was
nominated
for
a
Grammy
and
won
a
Juno
Award
.

Sentence #32 (32 tokens):
In early 2008, he announced he was going back to the studio as a singer in his own right, and had re-signed with a major label, Mercury Records.

Tokens:
In
early
2008
,
he
announced
he
was
going
back
to
the
studio
as
a
singer
in
his
own
right
,
and
had
re-signed
with
a
major
label
,
Mercury
Records
.

Sentence #33 (8 tokens):
On April 7 Soft Power was released.

Tokens:
On
April
7
Soft
Power
was
released
.

Sentence #34 (50 tokens):
While maintaining a typically eclectic mix of styles, Soft Power was in some ways a stylistic return for Gonzales-his most purely pop recording since Thriller, though with a sound inspired more by the 1970s hits of such artists as the Bee Gees and Billy Joel.

Tokens:
While
maintaining
a
typically
eclectic
mix
of
styles
,
Soft
Power
was
in
some
ways
a
stylistic
return
for
Gonzales
-
his
most
purely
pop
recording
since
Thriller
,
though
with
a
sound
inspired
more
by
the
1970s
hits
of
such
artists
as
the
Bee
Gees
and
Billy
Joel
.

Sentence #35 (37 tokens):
Of his choice to sing on this album, Gonzales said in an interview, “I was afraid of doing an album with a bunch of guests, as so many people could’ve expected.

Tokens:
Of
his
choice
to
sing
on
this
album
,
Gonzales
said
in
an
interview
,
“
I
was
afraid
of
doing
an
album
with
a
bunch
of
guests
,
as
so
many
people
could
’ve
expected
.

Sentence #36 (17 tokens):
I didn’t want to open up my Rolodex and get everyone to sing for me.

Tokens:
I
did
n’t
want
to
open
up
my
Rolodex
and
get
everyone
to
sing
for
me
.

Sentence #37 (18 tokens):
I thought, ‘No, I want to put myself in more of a danger zone.

Tokens:
I
thought
,
‘
No
,
I
want
to
put
myself
in
more
of
a
danger
zone
.

Sentence #38 (55 tokens):
’” Gonzales said in an interview that he works in the Bee Gees style of music: "There's a Bee Gees cover on Feist's album Let it Die "Inside and Out" which I'm sort of responsible, for better or worse, for putting on that album".

Tokens:
’”
Gonzales
said
in
an
interview
that
he
works
in
the
Bee
Gees
style
of
music
:
"
There
's
a
Bee
Gees
cover
on
Feist
's
album
Let
it
Die
"
Inside
and
Out
"
which
I
'm
sort
of
responsible
,
for
better
or
worse
,
for
putting
on
that
album
"
.

Sentence #39 (22 tokens):
Apart from his solo career, he is also a member of the Berlin-based hip-hop band Puppetmastaz.

Tokens:
Apart
from
his
solo
career
,
he
is
also
a
member
of
the
Berlin
-
based
hip
-
hop
band
Puppetmastaz
.

Sentence #40 (48 tokens):
On May 18, 2009, at the Ciné 13 Théâtre , Paris, he broke a world record for the longest solo-artist performance with a total time of 27 hours, 3 minutes and 44 seconds, breaking a record set by Prasanna Gudi.

Tokens:
On
May
18
,
2009
,
at
the
Ciné
13
Théâtre
,
Paris
,
he
broke
a
world
record
for
the
longest
solo
-
artist
performance
with
a
total
time
of
27
hours
,
3
minutes
and
44
seconds
,
breaking
a
record
set
by
Prasanna
Gudi
.

Sentence #41 (29 tokens):
On September 25, 2009, he challenged singer/songwriter/fellow pianist Andrew W.K. to a piano battle at Joe's Pub in New York City.

Tokens:
On
September
25
,
2009
,
he
challenged
singer
/
songwriter
/
fellow
pianist
Andrew
W.K.
to
a
piano
battle
at
Joe
's
Pub
in
New
York
City
.

Sentence #42 (25 tokens):
After twenty minutes of back and forth, Chilly finally threw a gold necklace at Andrew, distracting him long enough to claim victory.

Tokens:
After
twenty
minutes
of
back
and
forth
,
Chilly
finally
threw
a
gold
necklace
at
Andrew
,
distracting
him
long
enough
to
claim
victory
.

Sentence #43 (11 tokens):
A rematch has been talked about but not yet organized.

Tokens:
A
rematch
has
been
talked
about
but
not
yet
organized
.

Sentence #44 (32 tokens):
He may be best known for his song "Never Stop" on his 2010 album which the opening piano tune was featured on the original Apple Inc.'s iPad commercials.

Tokens:
He
may
be
best
known
for
his
song
"
Never
Stop
"
on
his
2010
album
which
the
opening
piano
tune
was
featured
on
the
original
Apple
Inc.
's
iPad
commercials
.

Sentence #45 (12 tokens):
Apple even went as far to make an electric guitar version.

Tokens:
Apple
even
went
as
far
to
make
an
electric
guitar
version
.

Sentence #46 (36 tokens):
On April 13, 2013, it was announced through a teaser video played at the Coachella Music Festival that Gonzales will be featured on Daft Punk's fourth studio album, Random Access Memories.

Tokens:
On
April
13
,
2013
,
it
was
announced
through
a
teaser
video
played
at
the
Coachella
Music
Festival
that
Gonzales
will
be
featured
on
Daft
Punk
's
fourth
studio
album
,
Random
Access
Memories
.
Coreference set: 2
40 13 13 14 1 22 22 23
Coreference set: 4
1 1 1 11 1 1 1 2
1 18 13 34 1 1 1 2
2 5 5 6 1 1 1 2
2 12 12 13 1 1 1 2
3 1 1 2 1 1 1 2
3 21 21 35 1 1 1 2
4 3 3 4 1 1 1 2
5 1 1 2 1 1 1 2
5 12 12 13 1 1 1 2
5 19 19 20 1 1 1 2
6 1 1 2 1 1 1 2
6 14 14 15 1 1 1 2
6 17 17 18 1 1 1 2
6 25 25 26 1 1 1 2
6 29 29 30 1 1 1 2
7 5 5 6 1 1 1 2
16 12 12 13 1 1 1 2
16 17 17 18 1 1 1 2
16 30 30 31 1 1 1 2
17 19 19 20 1 1 1 2
17 27 27 28 1 1 1 2
17 29 29 30 1 1 1 2
17 34 34 35 1 1 1 2
18 3 3 4 1 1 1 2
19 8 8 9 1 1 1 2
20 11 11 13 1 1 1 2
22 15 15 17 1 1 1 2
25 1 1 2 1 1 1 2
28 12 12 14 1 1 1 2
29 5 5 6 1 1 1 2
31 1 1 2 1 1 1 2
32 5 5 6 1 1 1 2
32 7 7 8 1 1 1 2
32 18 18 19 1 1 1 2
35 10 10 11 1 1 1 2
38 2 2 3 1 1 1 2
38 8 8 9 1 1 1 2
39 3 3 4 1 1 1 2
39 7 7 8 1 1 1 2
39 11 10 22 1 1 1 2
46 21 21 22 1 1 1 2
Coreference set: 5
11 24 24 26 1 7 5 10
11 31 31 32 1 7 5 10
Coreference set: 9
10 2 2 3 2 6 6 7
23 2 2 3 2 6 6 7
23 21 21 22 2 6 6 7
24 2 2 3 2 6 6 7
Coreference set: 13
4 11 10 12 2 10 9 11
Coreference set: 15
29 24 24 25 3 8 6 9
Coreference set: 17
3 12 12 13 29 35 34 36
31 8 8 10 29 35 34 36
38 26 26 28 29 35 34 36
Coreference set: 26
4 20 19 21 3 30 29 31
11 3 2 5 3 30 29 31
11 22 22 23 3 30 29 31
14 12 11 13 3 30 29 31
14 44 43 45 3 30 29 31
Coreference set: 34
46 27 26 29 4 28 27 35
Coreference set: 35
46 31 26 32 4 34 30 35
46 35 33 36 4 34 30 35
Coreference set: 39
21 2 2 3 5 16 16 17
Coreference set: 40
5 22 22 23 12 29 28 30
Coreference set: 45
6 26 25 27 5 21 19 23
Coreference set: 58
8 1 1 2 7 19 15 20
12 9 9 11 7 19 15 20
12 33 33 34 7 19 15 20
Coreference set: 60
11 11 10 12 8 21 20 22
14 5 4 6 8 21 20 22
16 19 18 20 8 21 20 22
Coreference set: 62
19 5 5 6 8 13 11 22
19 19 19 20 8 13 11 22
Coreference set: 64
8 18 17 22 8 15 15 16
Coreference set: 69
10 3 1 4 10 13 5 14
34 28 28 34 10 13 5 14
34 28 28 29 10 13 5 14
Coreference set: 76
15 16 15 17 11 15 14 17
Coreference set: 87
15 9 8 10 12 12 9 13
Coreference set: 88
32 13 12 14 12 21 18 24
Coreference set: 93
13 21 21 22 13 4 2 20
13 30 30 31 13 4 2 20
Coreference set: 94
13 43 43 44 13 7 6 20
Coreference set: 95
13 18 18 19 13 13 12 14
Coreference set: 102
32 20 18 21 13 45 43 46
Coreference set: 118
16 28 26 29 16 23 22 25
Coreference set: 120
16 32 30 33 16 35 34 36
Coreference set: 121
39 14 14 15 17 22 22 23
Coreference set: 128
35 14 13 15 19 12 11 13
38 6 5 7 19 12 11 13
Coreference set: 130
19 25 25 26 19 16 16 17
21 1 1 2 19 16 16 17
21 18 18 19 19 16 16 17
23 1 1 2 19 16 16 17
38 38 38 39 19 16 16 17
Coreference set: 143
22 2 1 5 27 6 6 8
24 12 12 13 27 6 6 8
Coreference set: 147
23 10 10 11 23 3 1 7
35 17 17 18 23 3 1 7
36 1 1 2 23 3 1 7
36 8 8 9 23 3 1 7
36 16 16 17 23 3 1 7
37 1 1 2 23 3 1 7
37 7 7 8 23 3 1 7
37 11 11 12 23 3 1 7
Coreference set: 159
27 9 9 10 26 2 2 3
Coreference set: 161
35 23 22 24 26 8 7 9
Coreference set: 162
27 27 27 28 27 18 17 19
Coreference set: 166
27 28 27 29 27 15 14 19
Coreference set: 170
30 33 33 34 29 29 28 30
Coreference set: 179
30 14 14 15 30 2 1 12
Coreference set: 180
38 28 26 29 30 11 4 12
38 30 30 31 30 11 4 12
38 53 52 54 30 11 4 12
Coreference set: 189
35 8 7 9 31 11 8 12
Coreference set: 197
32 28 26 29 32 31 30 32
Coreference set: 199
34 11 10 12 33 5 4 6
Coreference set: 205
35 2 2 3 34 20 20 27
Coreference set: 230
40 15 15 16 40 11 8 12
41 7 7 8 40 11 8 12
Coreference set: 241
42 16 16 17 41 16 9 21
42 19 19 20 41 16 9 21
44 1 1 2 41 16 9 21
44 7 7 8 41 16 9 21
44 14 14 15 41 16 9 21
Coreference set: 248
45 1 1 2 44 27 27 30
Coreference set: 256
46 7 7 8 46 2 2 6
