Document: ID=Harry Potter and the Chamber of Secrets (129 sentences, 3731 tokens)

Sentence #1 (22 tokens):
Harry Potter and the Chamber of Secrets is the second novel in the Harry Potter series written by J. K. Rowling.

Tokens:
Harry
Potter
and
the
Chamber
of
Secrets
is
the
second
novel
in
the
Harry
Potter
series
written
by
J.
K.
Rowling
.

Sentence #2 (62 tokens):
The plot follows Harry's second year at Hogwarts School of Witchcraft and Wizardry, during which a series of messages on the walls on the school's corridors warn that the "Chamber of Secrets" has been opened and that the "heir of Slytherin" would kill all pupils who do not come from all-magical families.

Tokens:
The
plot
follows
Harry
's
second
year
at
Hogwarts
School
of
Witchcraft
and
Wizardry
,
during
which
a
series
of
messages
on
the
walls
on
the
school
's
corridors
warn
that
the
"
Chamber
of
Secrets
"
has
been
opened
and
that
the
"
heir
of
Slytherin
"
would
kill
all
pupils
who
do
not
come
from
all
-
magical
families
.

Sentence #3 (22 tokens):
These threats are followed by attacks which leave residents of the school "petrified" (that is, frozen).

Tokens:
These
threats
are
followed
by
attacks
which
leave
residents
of
the
school
"
petrified
"
(
that
is
,
frozen
)
.

Sentence #4 (39 tokens):
Throughout the year, Harry and his friends Ron Weasley and Hermione Granger investigate the attacks, and Harry is confronted by Tom Riddle, later known as Lord Voldemort, who is attempting to regain full power.

Tokens:
Throughout
the
year
,
Harry
and
his
friends
Ron
Weasley
and
Hermione
Granger
investigate
the
attacks
,
and
Harry
is
confronted
by
Tom
Riddle
,
later
known
as
Lord
Voldemort
,
who
is
attempting
to
regain
full
power
.

Sentence #5 (27 tokens):
The book was published in the United Kingdom on 2 July 1998 by Bloomsbury and in the United States on 2 June 1999 by Scholastic Inc.

Tokens:
The
book
was
published
in
the
United
Kingdom
on
2
July
1998
by
Bloomsbury
and
in
the
United
States
on
2
June
1999
by
Scholastic
Inc.
.

Sentence #6 (40 tokens):
Although Rowling found it difficult to finish the book, it won high praise and awards from critics, young readers and the book industry, although some critics thought the story was perhaps too frightening for younger children.

Tokens:
Although
Rowling
found
it
difficult
to
finish
the
book
,
it
won
high
praise
and
awards
from
critics
,
young
readers
and
the
book
industry
,
although
some
critics
thought
the
story
was
perhaps
too
frightening
for
younger
children
.

Sentence #7 (49 tokens):
Although much like the rest of the series, some religious authorities have condemned its use of magical themes, while others have praised its emphasis on self-sacrifice and on the way in which a person's character is the result of the person's choices.

Tokens:
Although
much
like
the
rest
of
the
series
,
some
religious
authorities
have
condemned
its
use
of
magical
themes
,
while
others
have
praised
its
emphasis
on
self
-
sacrifice
and
on
the
way
in
which
a
person
's
character
is
the
result
of
the
person
's
choices
.

Sentence #8 (33 tokens):
Several commentators have noted that personal identity is a strong theme in the book, and that it addresses issues of racism through the treatment of non-magical, non-human and non-living characters.

Tokens:
Several
commentators
have
noted
that
personal
identity
is
a
strong
theme
in
the
book
,
and
that
it
addresses
issues
of
racism
through
the
treatment
of
non-magical
,
non-human
and
non-living
characters
.

Sentence #9 (24 tokens):
Some commentators regard the diary as a warning against uncritical acceptance of information from sources whose motives and reliability cannot be checked.

Tokens:
Some
commentators
regard
the
diary
as
a
warning
against
uncritical
acceptance
of
information
from
sources
whose
motives
and
reliability
can
not
be
checked
.

Sentence #10 (11 tokens):
Institutional authority is portrayed as self-serving and incompetent.

Tokens:
Institutional
authority
is
portrayed
as
self
-
serving
and
incompetent
.

Sentence #11 (26 tokens):
The book is also known to have some connections to the sixth novel of the series, Harry Potter and the Half-Blood Prince.

Tokens:
The
book
is
also
known
to
have
some
connections
to
the
sixth
novel
of
the
series
,
Harry
Potter
and
the
Half
-
Blood
Prince
.

Sentence #12 (36 tokens):
The film version of Harry Potter and the Chamber of Secrets, released in 2002, became the third film to exceed £600 million in international box office sales and received generally favourable reviews.

Tokens:
The
film
version
of
Harry
Potter
and
the
Chamber
of
Secrets
,
released
in
2002
,
became
the
third
film
to
exceed
£
600
million
in
international
box
office
sales
and
received
generally
favourable
reviews
.

Sentence #13 (25 tokens):
Video games loosely based on Harry Potter and the Chamber of Secrets were also released for several platforms, and most obtained favourable reviews.

Tokens:
Video
games
loosely
based
on
Harry
Potter
and
the
Chamber
of
Secrets
were
also
released
for
several
platforms
,
and
most
obtained
favourable
reviews
.

Sentence #14 (23 tokens):
Harry Potter and the Chamber of Secrets begins as Harry spends a miserable summer with his only remaining family, the Dursleys.

Tokens:
Harry
Potter
and
the
Chamber
of
Secrets
begins
as
Harry
spends
a
miserable
summer
with
his
only
remaining
family
,
the
Dursleys
.

Sentence #15 (42 tokens):
During a dinner party given by Harry's aunt and uncle, Dobby, a house-elf pops into Harry's bedroom, warning Harry not to return to Hogwarts, telling him terrible things will happen if he does.

Tokens:
During
a
dinner
party
given
by
Harry
's
aunt
and
uncle
,
Dobby
,
a
house
-
elf
pops
into
Harry
's
bedroom
,
warning
Harry
not
to
return
to
Hogwarts
,
telling
him
terrible
things
will
happen
if
he
does
.

Sentence #16 (5 tokens):
Harry disregards the warning.

Tokens:
Harry
disregards
the
warning
.

Sentence #17 (16 tokens):
Dobby wreaks havoc in the kitchen, infuriating the Dursleys, who angrily imprison Harry.

Tokens:
Dobby
wreaks
havoc
in
the
kitchen
,
infuriating
the
Dursleys
,
who
angrily
imprison
Harry
.

Sentence #18 (26 tokens):
Harry is rescued by his friend Ron Weasley and brothers Fred and George in their flying car, spending the summer at the Weasley home.

Tokens:
Harry
is
rescued
by
his
friend
Ron
Weasley
and
brothers
Fred
and
George
in
their
flying
car
,
spending
the
summer
at
the
Weasley
home
.

Sentence #19 (14 tokens):
Harry accidentally ends up in Diagon Alley in dark-arts Knockturn Alley.

Tokens:
Harry
accidentally
ends
up
in
Diagon
Alley
in
dark
-
arts
Knockturn
Alley
.

Sentence #20 (25 tokens):
Fortunately, Hagrid (who is buying flesh-eating slug repellent) guides him safely to Diagon Alley to shop for school supplies.

Tokens:
Fortunately
,
Hagrid
(
who
is
buying
flesh
-
eating
slug
repellent
)
guides
him
safely
to
Diagon
Alley
to
shop
for
school
supplies
.

Sentence #21 (39 tokens):
In the company of the Weasleys, Harry encounters famous Gilderoy Lockhart, who informs everyone that he's the new Defense Against the Dark Arts teacher, and demands to be in a photo shoot with Harry.

Tokens:
In
the
company
of
the
Weasleys
,
Harry
encounters
famous
Gilderoy
Lockhart
,
who
informs
everyone
that
he
's
the
new
Defense
Against
the
Dark
Arts
teacher
,
and
demands
to
be
in
a
photo
shoot
with
Harry
.

Sentence #22 (37 tokens):
When Harry and Ron get to the train station, they inexplicably can't get through the secret entrance to Platform 9 ¾, so they decide to fly the Weasley's car to Hogwarts instead.

Tokens:
When
Harry
and
Ron
get
to
the
train
station
,
they
inexplicably
ca
n't
get
through
the
secret
entrance
to
Platform
9
3/4
,
so
they
decide
to
fly
the
Weasley
's
car
to
Hogwarts
instead
.

Sentence #23 (25 tokens):
The next day, Molly Weasley sends a Howler to Ron, threatening to bring him home if puts a toe out of line.

Tokens:
The
next
day
,
Molly
Weasley
sends
a
Howler
to
Ron
,
threatening
to
bring
him
home
if
puts
a
toe
out
of
line
.

Sentence #24 (14 tokens):
Lockhart is an incompetent teacher, more concerned with personal accomplishment than teaching.

Tokens:
Lockhart
is
an
incompetent
teacher
,
more
concerned
with
personal
accomplishment
than
teaching
.

Sentence #25 (15 tokens):
On Halloween, the school caretaker's cat, Mrs. Norris, is petrified.

Tokens:
On
Halloween
,
the
school
caretaker
's
cat
,
Mrs.
Norris
,
is
petrified
.

Sentence #26 (23 tokens):
On a wall "The Chamber of Secrets has been opened, enemies of heir beware" is found scrawled in blood.

Tokens:
On
a
wall
"
The
Chamber
of
Secrets
has
been
opened
,
enemies
of
heir
beware
"
is
found
scrawled
in
blood
.

Sentence #27 (37 tokens):
Harry, Ron and Hermione Granger discover that one of Hogwarts' founders, Salazar Slytherin secretly built the Chamber of Secrets, which is rumoured to contain a monster only Slytherin's heir can control.

Tokens:
Harry
,
Ron
and
Hermione
Granger
discover
that
one
of
Hogwarts
'
founders
,
Salazar
Slytherin
secretly
built
the
Chamber
of
Secrets
,
which
is
rumoured
to
contain
a
monster
only
Slytherin
's
heir
can
control
.

Sentence #28 (33 tokens):
Suspecting that Draco is the heir of Slytherin, the trio make Polyjuice Potion, a brew which allows them, for a period of time, to look like someone else.

Tokens:
Suspecting
that
Draco
is
the
heir
of
Slytherin
,
the
trio
make
Polyjuice
Potion
,
a
brew
which
allows
them
,
for
a
period
of
time
,
to
look
like
someone
else
.

Sentence #29 (12 tokens):
While playing Quidditch, Harry is pursued by a rogue Bludger.

Tokens:
While
playing
Quidditch
,
Harry
is
pursued
by
a
rogue
Bludger
.

Sentence #30 (6 tokens):
Harry's arm is broken.

Tokens:
Harry
's
arm
is
broken
.

Sentence #31 (13 tokens):
Lockhart volunteers to heal the broken bones, but removes them instead.

Tokens:
Lockhart
volunteers
to
heal
the
broken
bones
,
but
removes
them
instead
.

Sentence #32 (26 tokens):
That night, as Harry lies mending in his hospital bed, Dobby appears and admits responsibility for the platform incident and the rogue Bludger.

Tokens:
That
night
,
as
Harry
lies
mending
in
his
hospital
bed
,
Dobby
appears
and
admits
responsibility
for
the
platform
incident
and
the
rogue
Bludger
.

Sentence #33 (16 tokens):
Soon after, a first year student, Colin Creevey, is attacked and petrified.

Tokens:
Soon
after
,
a
first
year
student
,
Colin
Creevey
,
is
attacked
and
petrified
.

Sentence #34 (24 tokens):
During the first meeting of Lockhart's new dueling club, Harry unwittingly speaks Parseltongue which stops a snake from attacking a student.

Tokens:
During
the
first
meeting
of
Lockhart
's
new
dueling
club
,
Harry
unwittingly
speaks
Parseltongue
which
stops
a
snake
from
attacking
a
student
.

Sentence #35 (24 tokens):
Harry's ability frightens everyone because Salazar Slytherin was also able to speak Parseltongue, and his heir would also have this ability.

Tokens:
Harry
's
ability
frightens
everyone
because
Salazar
Slytherin
was
also
able
to
speak
Parseltongue
,
and
his
heir
would
also
have
this
ability
.

Sentence #36 (22 tokens):
Harry comes under further suspicion when he stumbles upon the petrified bodies of Justin Finch-Fletchley and Nearly Headless Nick.

Tokens:
Harry
comes
under
further
suspicion
when
he
stumbles
upon
the
petrified
bodies
of
Justin
Finch
-
Fletchley
and
Nearly
Headless
Nick
.

Sentence #37 (22 tokens):
At Christmas, Harry and Ron use the finished Polyjuice Potion to disguise themselves as Draco's friends Crabbe and Goyle.

Tokens:
At
Christmas
,
Harry
and
Ron
use
the
finished
Polyjuice
Potion
to
disguise
themselves
as
Draco
's
friends
Crabbe
and
Goyle
.

Sentence #38 (23 tokens):
Harry and Ron discover that Draco is not the heir of Slytherin, and that the Chamber was opened fifty years before.

Tokens:
Harry
and
Ron
discover
that
Draco
is
not
the
heir
of
Slytherin
,
and
that
the
Chamber
was
opened
fifty
years
before
.

Sentence #39 (15 tokens):
After a few quiet months, Harry finds a diary in a flooded bathroom.

Tokens:
After
a
few
quiet
months
,
Harry
finds
a
diary
in
a
flooded
bathroom
.

Sentence #40 (34 tokens):
He writes in the diary, which responds in writing, showing Tom Riddle, a boy who fifty years before accused Hagrid, Hogwarts gamekeeper, of opening the Chamber of Secrets.

Tokens:
He
writes
in
the
diary
,
which
responds
in
writing
,
showing
Tom
Riddle
,
a
boy
who
fifty
years
before
accused
Hagrid
,
Hogwarts
gamekeeper
,
of
opening
the
Chamber
of
Secrets
.

Sentence #41 (15 tokens):
Some time later, Harry's room is ransacked and the diary is taken.

Tokens:
Some
time
later
,
Harry
's
room
is
ransacked
and
the
diary
is
taken
.

Sentence #42 (12 tokens):
Hermione and a Ravenclaw girl, Penelope Clearwater, are petrified.

Tokens:
Hermione
and
a
Ravenclaw
girl
,
Penelope
Clearwater
,
are
petrified
.

Sentence #43 (31 tokens):
Harry and Ron intend to question Hagrid, but before they can, he is accused of opening the Chamber of Secrets again, and is sentenced to Azkaban prison.

Tokens:
Harry
and
Ron
intend
to
question
Hagrid
,
but
before
they
can
,
he
is
accused
of
opening
the
Chamber
of
Secrets
again
,
and
is
sentenced
to
Azkaban
prison
.

Sentence #44 (21 tokens):
Before Hagrid is led away, he instructs the boys to "follow the spiders" into the Forbidden Forest.

Tokens:
Before
Hagrid
is
led
away
,
he
instructs
the
boys
to
"
follow
the
spiders
"
into
the
Forbidden
Forest
.

Sentence #45 (38 tokens):
There they encounter Aragog who tells them the monster who killed the girl fifty years before was not a spider, that the girl's body was found in a bathroom, and that Hagrid is innocent.

Tokens:
There
they
encounter
Aragog
who
tells
them
the
monster
who
killed
the
girl
fifty
years
before
was
not
a
spider
,
that
the
girl
's
body
was
found
in
a
bathroom
,
and
that
Hagrid
is
innocent
.

Sentence #46 (37 tokens):
The boys escape a colony of giant spiders and realise that Moaning Myrtle, the ghost who haunts the bathroom where they made the Polyjuice Potion, must have been the girl Aragog is referring to.

Tokens:
The
boys
escape
a
colony
of
giant
spiders
and
realise
that
Moaning
Myrtle
,
the
ghost
who
haunts
the
bathroom
where
they
made
the
Polyjuice
Potion
,
must
have
been
the
girl
Aragog
is
referring
to
.

Sentence #47 (13 tokens):
The trio discovers the entrance to the Chamber in Myrtle's bathroom.

Tokens:
The
trio
discovers
the
entrance
to
the
Chamber
in
Myrtle
's
bathroom
.

Sentence #48 (8 tokens):
Harry opens the chamber by speaking Parseltongue.

Tokens:
Harry
opens
the
chamber
by
speaking
Parseltongue
.

Sentence #49 (29 tokens):
Lockhart, brought along by the boys when caught trying to run away from Hogwarts, steals Ron's wand, and attempts a memory charm on them.

Tokens:
Lockhart
,
brought
along
by
the
boys
when
caught
trying
to
run
away
from
Hogwarts
,
steals
Ron
's
wand
,
and
attempts
a
memory
charm
on
them
.

Sentence #50 (11 tokens):
Ron's broken wand deflects the spell back at Lockhart.

Tokens:
Ron
's
broken
wand
deflects
the
spell
back
at
Lockhart
.

Sentence #51 (13 tokens):
Harry is forced to go on alone after a cave-in.

Tokens:
Harry
is
forced
to
go
on
alone
after
a
cave
-
in
.

Sentence #52 (18 tokens):
Harry finds Ginny's unconscious body, as well as the almost-physical form of Riddle.

Tokens:
Harry
finds
Ginny
's
unconscious
body
,
as
well
as
the
almost
-
physical
form
of
Riddle
.

Sentence #53 (20 tokens):
Riddle forced Ginny to enter the Chamber, and by possessing her soul, began to take physical form.

Tokens:
Riddle
forced
Ginny
to
enter
the
Chamber
,
and
by
possessing
her
soul
,
began
to
take
physical
form
.

Sentence #54 (15 tokens):
Riddle reveals that Tom Marvolo Riddle is an anagram for I am Lord Voldemort.

Tokens:
Riddle
reveals
that
Tom
Marvolo
Riddle
is
an
anagram
for
I
am
Lord
Voldemort
.

Sentence #55 (25 tokens):
Just when it seems Harry will be killed by the Basilisk, Fawkes, Dumbledore's pet phoenix, appears and blinds the Basilisk.

Tokens:
Just
when
it
seems
Harry
will
be
killed
by
the
Basilisk
,
Fawkes
,
Dumbledore
's
pet
phoenix
,
appears
and
blinds
the
Basilisk
.

Sentence #56 (28 tokens):
Fawkes carries the school Sorting Hat, from which Harry draws a sword and kills the Basilisk, but one of its fangs pierces Harry's arm.

Tokens:
Fawkes
carries
the
school
Sorting
Hat
,
from
which
Harry
draws
a
sword
and
kills
the
Basilisk
,
but
one
of
its
fangs
pierces
Harry
's
arm
.

Sentence #57 (14 tokens):
Harry is saved by Fawkes, as phoenix tears have immense healing powers.

Tokens:
Harry
is
saved
by
Fawkes
,
as
phoenix
tears
have
immense
healing
powers
.

Sentence #58 (16 tokens):
Harry then stabs the diary with a Basilisk fang, defeating Riddle and saving Ginny.

Tokens:
Harry
then
stabs
the
diary
with
a
Basilisk
fang
,
defeating
Riddle
and
saving
Ginny
.

Sentence #59 (29 tokens):
The two then return with Ron and Lockhart to the school, where Ginny is reunited with her parents, and Harry and Ron are commended by Dumbledore.

Tokens:
The
two
then
return
with
Ron
and
Lockhart
to
the
school
,
where
Ginny
is
reunited
with
her
parents
,
and
Harry
and
Ron
are
commended
by
Dumbledore
.

Sentence #60 (45 tokens):
In the aftermath, Harry accuses school governor Lucius Malfoy (Draco's father) of putting the journal in Ginny's cauldron and later tricks him into freeing Dobby (who works for the Malfoys), earning him the elf's gratitude.

Tokens:
In
the
aftermath
,
Harry
accuses
school
governor
Lucius
Malfoy
(
Draco
's
father
)
of
putting
the
journal
in
Ginny
's
cauldron
and
later
tricks
him
into
freeing
Dobby
(
who
works
for
the
Malfoys
)
,
earning
him
the
elf
's
gratitude
.

Sentence #61 (14 tokens):
In the end, the petrified students are revived and Hagrid is freed.

Tokens:
In
the
end
,
the
petrified
students
are
revived
and
Hagrid
is
freed
.

Sentence #62 (12 tokens):
Hogwarts is saved and Harry returns to the Dursleys once again.

Tokens:
Hogwarts
is
saved
and
Harry
returns
to
the
Dursleys
once
again
.

Sentence #63 (47 tokens):
Rowling found it difficult to finish Harry Potter and the Chamber of Secrets because she was afraid it would not live up to the expectations raised by Harry Potter and the Philosopher's Stone (Harry Potter and the Sorcerer's Stone in the U.S.).

Tokens:
Rowling
found
it
difficult
to
finish
Harry
Potter
and
the
Chamber
of
Secrets
because
she
was
afraid
it
would
not
live
up
to
the
expectations
raised
by
Harry
Potter
and
the
Philosopher
's
Stone
(
Harry
Potter
and
the
Sorcerer
's
Stone
in
the
U.S.
)
.

Sentence #64 (19 tokens):
After delivering the manuscript to Bloomsbury on schedule, she took it back for six weeks of revision.

Tokens:
After
delivering
the
manuscript
to
Bloomsbury
on
schedule
,
she
took
it
back
for
six
weeks
of
revision
.

Sentence #65 (28 tokens):
In early drafts of the book, the ghost Nearly Headless Nick sang a self-composed song explaining his condition and the circumstances of his death.

Tokens:
In
early
drafts
of
the
book
,
the
ghost
Nearly
Headless
Nick
sang
a
self
-
composed
song
explaining
his
condition
and
the
circumstances
of
his
death
.

Sentence #66 (31 tokens):
This was cut as the book's editor did not care for the poem, which has been subsequently published as an extra on J. K. Rowling's official website.

Tokens:
This
was
cut
as
the
book
's
editor
did
not
care
for
the
poem
,
which
has
been
subsequently
published
as
an
extra
on
J.
K.
Rowling
's
official
website
.

Sentence #67 (40 tokens):
The family background of Dean Thomas was removed because Rowling and her publishers considered it an "unnecessary digression", and she considered Neville Longbottom's own journey of discovery "more important to the central plot".

Tokens:
The
family
background
of
Dean
Thomas
was
removed
because
Rowling
and
her
publishers
considered
it
an
"
unnecessary
digression
"
,
and
she
considered
Neville
Longbottom
's
own
journey
of
discovery
"
more
important
to
the
central
plot
"
.

Sentence #68 (25 tokens):
Harry Potter and the Chamber of Secrets was published in the UK on 2 July 1998 and in the US on 2 June 1999.

Tokens:
Harry
Potter
and
the
Chamber
of
Secrets
was
published
in
the
UK
on
2
July
1998
and
in
the
US
on
2
June
1999
.

Sentence #69 (51 tokens):
It immediately took first place in UK best-seller lists, displacing popular authors such as John Grisham, Tom Clancy, and Terry Pratchett, and making Rowling the first author to win the British Book Awards Children's Book of the Year for two years in succession.

Tokens:
It
immediately
took
first
place
in
UK
best
-
seller
lists
,
displacing
popular
authors
such
as
John
Grisham
,
Tom
Clancy
,
and
Terry
Pratchett
,
and
making
Rowling
the
first
author
to
win
the
British
Book
Awards
Children
's
Book
of
the
Year
for
two
years
in
succession
.

Sentence #70 (23 tokens):
In June 1999 it went straight to the top of three US best-seller lists, including The New York Times.

Tokens:
In
June
1999
it
went
straight
to
the
top
of
three
US
best
-
seller
lists
,
including
The
New
York
Times
.

Sentence #71 (14 tokens):
First edition printings had several errors, which were fixed in subsequent reprints.

Tokens:
First
edition
printings
had
several
errors
,
which
were
fixed
in
subsequent
reprints
.

Sentence #72 (19 tokens):
Initially Dumbledore said that Voldemort was the last remaining ancestor of Salazar Slytherin, instead of his descendant.

Tokens:
Initially
Dumbledore
said
that
Voldemort
was
the
last
remaining
ancestor
of
Salazar
Slytherin
,
instead
of
his
descendant
.

Sentence #73 (23 tokens):
Gilderoy Lockhart's book on werewolves is entitled Weekends with Werewolves at one point and Wanderings with Werewolves later in the book.

Tokens:
Gilderoy
Lockhart
's
book
on
werewolves
is
entitled
Weekends
with
Werewolves
at
one
point
and
Wanderings
with
Werewolves
later
in
the
book
.

Sentence #74 (16 tokens):
"Harry Potter and the Chamber of Secrets" was met with near universal acclaim.

Tokens:
"
Harry
Potter
and
the
Chamber
of
Secrets
"
was
met
with
near
universal
acclaim
.

Sentence #75 (51 tokens):
In The Times, Deborah Loudon described Harry Potter and the Chamber of Secrets as a children's book that would be "re-read into adulthood" and highlighted its "strong plots, engaging characters, excellent jokes and a moral message which flows naturally from the story".

Tokens:
In
The
Times
,
Deborah
Loudon
described
Harry
Potter
and
the
Chamber
of
Secrets
as
a
children
's
book
that
would
be
"
re-read
into
adulthood
"
and
highlighted
its
"
strong
plots
,
engaging
characters
,
excellent
jokes
and
a
moral
message
which
flows
naturally
from
the
story
"
.

Sentence #76 (33 tokens):
Fantasy author Charles de Lint agreed, and considered the second Harry Potter book as good as Harry Potter and the Philosopher's Stone, a rare achievement among series of books.

Tokens:
Fantasy
author
Charles
de
Lint
agreed
,
and
considered
the
second
Harry
Potter
book
as
good
as
Harry
Potter
and
the
Philosopher
's
Stone
,
a
rare
achievement
among
series
of
books
.

Sentence #77 (26 tokens):
Thomas Wagner regarded the plot as very similar to that of the first book, based on searching for a secret hidden under the school.

Tokens:
Thomas
Wagner
regarded
the
plot
as
very
similar
to
that
of
the
first
book
,
based
on
searching
for
a
secret
hidden
under
the
school
.

Sentence #78 (27 tokens):
However, he enjoyed the parody of celebrities and their fans that centres round Gilderoy Lockhart, and approved of the book's handling of racism.

Tokens:
However
,
he
enjoyed
the
parody
of
celebrities
and
their
fans
that
centres
round
Gilderoy
Lockhart
,
and
approved
of
the
book
's
handling
of
racism
.

Sentence #79 (47 tokens):
Tammy Nezol found the book more disturbing than its predecessor, particularly in the rash behaviour of Harry and his friends after Harry withholds information from Dumbledore, and in the human-like behaviour of the mandrakes used to make a potion that cures petrification.

Tokens:
Tammy
Nezol
found
the
book
more
disturbing
than
its
predecessor
,
particularly
in
the
rash
behaviour
of
Harry
and
his
friends
after
Harry
withholds
information
from
Dumbledore
,
and
in
the
human
-
like
behaviour
of
the
mandrakes
used
to
make
a
potion
that
cures
petrification
.

Sentence #80 (12 tokens):
Nevertheless she considered the second story as enjoyable as the first.

Tokens:
Nevertheless
she
considered
the
second
story
as
enjoyable
as
the
first
.

Sentence #81 (35 tokens):
Mary Stuart thought the final conflict with Tom Riddle in the Chamber was almost as scary as in some of Stephen King's works, and perhaps too strong for young or timid children.

Tokens:
Mary
Stuart
thought
the
final
conflict
with
Tom
Riddle
in
the
Chamber
was
almost
as
scary
as
in
some
of
Stephen
King
's
works
,
and
perhaps
too
strong
for
young
or
timid
children
.

Sentence #82 (22 tokens):
She commented that "there are enough surprises and imaginative details thrown in as would normally fill five lesser books".

Tokens:
She
commented
that
"
there
are
enough
surprises
and
imaginative
details
thrown
in
as
would
normally
fill
five
lesser
books
"
.

Sentence #83 (18 tokens):
Like other reviewers, she thought the book would give pleasure to both children and adult readers.

Tokens:
Like
other
reviewers
,
she
thought
the
book
would
give
pleasure
to
both
children
and
adult
readers
.

Sentence #84 (29 tokens):
According to Philip Nel, the early reviews gave unalloyed praise while the later ones included some criticisms, although they still agreed that the book was outstanding.

Tokens:
According
to
Philip
Nel
,
the
early
reviews
gave
unalloyed
praise
while
the
later
ones
included
some
criticisms
,
although
they
still
agreed
that
the
book
was
outstanding
.

Sentence #85 (46 tokens):
Writing after all seven books had been published, Graeme Davis regarded Harry Potter and the Chamber of Secrets as the weakest of the series, and agreed that the plot structure is much the same as in Harry Potter and the Philosopher's Stone.

Tokens:
Writing
after
all
seven
books
had
been
published
,
Graeme
Davis
regarded
Harry
Potter
and
the
Chamber
of
Secrets
as
the
weakest
of
the
series
,
and
agreed
that
the
plot
structure
is
much
the
same
as
in
Harry
Potter
and
the
Philosopher
's
Stone
.

Sentence #86 (70 tokens):
He described Fawkes's appearance to arm Harry and then to heal him as a deus ex machina: he said that the book does not explain how Fawkes knew where to find Harry; and Fawkes's timing had to be very precise, as arriving earlier would probably have prevented the battle with the basilisk, while arriving later would have been fatal to Harry and Ginny.

Tokens:
He
described
Fawkes
's
appearance
to
arm
Harry
and
then
to
heal
him
as
a
deus
ex
machina
:
he
said
that
the
book
does
not
explain
how
Fawkes
knew
where
to
find
Harry
;
and
Fawkes
's
timing
had
to
be
very
precise
,
as
arriving
earlier
would
probably
have
prevented
the
battle
with
the
basilisk
,
while
arriving
later
would
have
been
fatal
to
Harry
and
Ginny
.

Sentence #87 (16 tokens):
Rowling's Harry Potter and the Chamber of Secrets was the recipient of several awards.

Tokens:
Rowling
's
Harry
Potter
and
the
Chamber
of
Secrets
was
the
recipient
of
several
awards
.

Sentence #88 (25 tokens):
The American Library Association listed the novel among its 2000 Notable Children's Books,
as well as its Best Books for Young Adults.

Tokens:
The
American
Library
Association
listed
the
novel
among
its
2000
Notable
Children
's
Books
,
as
well
as
its
Best
Books
for
Young
Adults
.

Sentence #89 (32 tokens):
In 1999, Booklist named Harry Potter and the Chamber of Secrets as one of its Editors' Choices, and as one of its Top Ten Fantasy Novels for Youth.

Tokens:
In
1999
,
Booklist
named
Harry
Potter
and
the
Chamber
of
Secrets
as
one
of
its
Editors
'
Choices
,
and
as
one
of
its
Top
Ten
Fantasy
Novels
for
Youth
.

Sentence #90 (23 tokens):
The Cooperative Children's Book center made the novel a CCBC Choice of 2000 in the "Fiction for Children" category.

Tokens:
The
Cooperative
Children
's
Book
center
made
the
novel
a
CCBC
Choice
of
2000
in
the
"
Fiction
for
Children
"
category
.

Sentence #91 (30 tokens):
The novel also won Children's Book of the Year British Book Award, and was shortlisted for the 1998 Guardian Children's Award and the 1998 Carnegie Award.

Tokens:
The
novel
also
won
Children
's
Book
of
the
Year
British
Book
Award
,
and
was
shortlisted
for
the
1998
Guardian
Children
's
Award
and
the
1998
Carnegie
Award
.

Sentence #92 (24 tokens):
Harry Potter and the Chamber of Secrets won the Nestlé Smarties Book Prize 1998 Gold Medal in the 9-11 years division.

Tokens:
Harry
Potter
and
the
Chamber
of
Secrets
won
the
Nestlé
Smarties
Book
Prize
1998
Gold
Medal
in
the
9
-
11
years
division
.

Sentence #93 (26 tokens):
Rowling also won two other Nestlé Smarties Book Prizes for Harry Potter and the Philosopher's Stone and Harry Potter and the Prisoner of Azkaban.

Tokens:
Rowling
also
won
two
other
Nestlé
Smarties
Book
Prizes
for
Harry
Potter
and
the
Philosopher
's
Stone
and
Harry
Potter
and
the
Prisoner
of
Azkaban
.

Sentence #94 (31 tokens):
The Scottish Arts Council awarded their first ever Children’s Book Award to the novel in 1999, and it was also awarded Whitaker's Platinum Book Award in 2001.

Tokens:
The
Scottish
Arts
Council
awarded
their
first
ever
Children
’s
Book
Award
to
the
novel
in
1999
,
and
it
was
also
awarded
Whitaker
's
Platinum
Book
Award
in
2001
.

Sentence #95 (33 tokens):
Religious controversy surrounding Harry Potter and the Chamber of the Secrets and the other books in the Harry Potter series mainly deal with claims that the novel contains occult or Satanic subtexts.

Tokens:
Religious
controversy
surrounding
Harry
Potter
and
the
Chamber
of
the
Secrets
and
the
other
books
in
the
Harry
Potter
series
mainly
deal
with
claims
that
the
novel
contains
occult
or
Satanic
subtexts
.

Sentence #96 (30 tokens):
Religious response to the series has not been exclusively negative, however, and several religious groups have spoken in defence of the moralistic themes found in the book.

Tokens:
Religious
response
to
the
series
has
not
been
exclusively
negative
,
however
,
and
several
religious
groups
have
spoken
in
defence
of
the
moralistic
themes
found
in
the
book
.

Sentence #97 (21 tokens):
The American Library Association even placed the series atop the "most challenged books" list for 1999-2001.

Tokens:
The
American
Library
Association
even
placed
the
series
atop
the
"
most
challenged
books
"
list
for
1999
-
2001
.

Sentence #98 (34 tokens):
The Orthodox churches of Greece and Bulgaria have campaigned against the series, and in the United States, calls for the book to be banned from schools have led to legal challenges.

Tokens:
The
Orthodox
churches
of
Greece
and
Bulgaria
have
campaigned
against
the
series
,
and
in
the
United
States
,
calls
for
the
book
to
be
banned
from
schools
have
led
to
legal
challenges
.

Sentence #99 (36 tokens):
Most of these are held on the grounds that witchcraft is a government-recognised religion and that to allow the novels to be held in public schools violates the separation of church and state.

Tokens:
Most
of
these
are
held
on
the
grounds
that
witchcraft
is
a
government
-
recognised
religion
and
that
to
allow
the
novels
to
be
held
in
public
schools
violates
the
separation
of
church
and
state
.

Sentence #100 (7 tokens):
Some religious responses have been positive.

Tokens:
Some
religious
responses
have
been
positive
.

Sentence #101 (63 tokens):
Emily Griesinger wrote that fantasy literature helps children to survive reality for long enough to learn how to deal with it, described Harry's first passage through to Platform 9¾ as an application of faith and hope, and his encounter with the Sorting Hat as the first of many in which Harry is shaped by the choices he makes.

Tokens:
Emily
Griesinger
wrote
that
fantasy
literature
helps
children
to
survive
reality
for
long
enough
to
learn
how
to
deal
with
it
,
described
Harry
's
first
passage
through
to
Platform
9
3/4
as
an
application
of
faith
and
hope
,
and
his
encounter
with
the
Sorting
Hat
as
the
first
of
many
in
which
Harry
is
shaped
by
the
choices
he
makes
.

Sentence #102 (58 tokens):
She noted that the self-sacrifice of Harry's mother, which protected the boy in the first book and throughout the series, was the most powerful of the "deeper magics" that transcend the magical "technology" of the wizards, and one which the power-hungry Voldemort fails to understand.

Tokens:
She
noted
that
the
self
-
sacrifice
of
Harry
's
mother
,
which
protected
the
boy
in
the
first
book
and
throughout
the
series
,
was
the
most
powerful
of
the
"
deeper
magics
"
that
transcend
the
magical
"
technology
"
of
the
wizards
,
and
one
which
the
power
-
hungry
Voldemort
fails
to
understand
.

Sentence #103 (71 tokens):
Christianity Today published an editorial in favour of the books in January 2000, calling the series a "Book of Virtues" and averring that although "modern witchcraft is indeed an ensnaring, seductive false religion that we must protect our children from", the Harry Potter books represent "wonderful examples of compassion, loyalty, courage, friendship, and even self-sacrifice".

Tokens:
Christianity
Today
published
an
editorial
in
favour
of
the
books
in
January
2000
,
calling
the
series
a
"
Book
of
Virtues
"
and
averring
that
although
"
modern
witchcraft
is
indeed
an
ensnaring
,
seductive
false
religion
that
we
must
protect
our
children
from
"
,
the
Harry
Potter
books
represent
"
wonderful
examples
of
compassion
,
loyalty
,
courage
,
friendship
,
and
even
self
-
sacrifice
"
.

Sentence #104 (49 tokens):
"At least as much as they've been attacked from a theological point of view", commented Rowling, "the books have been lauded and taken into pulpit, and most interesting and satisfying for me, it's been by several different faiths".

Tokens:
"
At
least
as
much
as
they
've
been
attacked
from
a
theological
point
of
view
"
,
commented
Rowling
,
"
the
books
have
been
lauded
and
taken
into
pulpit
,
and
most
interesting
and
satisfying
for
me
,
it
's
been
by
several
different
faiths
"
.

Sentence #105 (28 tokens):
Harry Potter and the Chamber of Secrets continues the examination of what makes a person who he or she is, which began in the first book.

Tokens:
Harry
Potter
and
the
Chamber
of
Secrets
continues
the
examination
of
what
makes
a
person
who
he
or
she
is
,
which
began
in
the
first
book
.

Sentence #106 (63 tokens):
As well as maintaining that Harry's identity is shaped by his decisions rather than any aspect of his birth,Harry Potter and the Chamber of Secrets provides contrasting characters who try to conceal their true personalities: as Tammy Nezol puts it, Gilderoy Lockhart "lacks any real identity" because he is nothing more than a charming liar.

Tokens:
As
well
as
maintaining
that
Harry
's
identity
is
shaped
by
his
decisions
rather
than
any
aspect
of
his
birth
,
Harry
Potter
and
the
Chamber
of
Secrets
provides
contrasting
characters
who
try
to
conceal
their
true
personalities
:
as
Tammy
Nezol
puts
it
,
Gilderoy
Lockhart
"
lacks
any
real
identity
"
because
he
is
nothing
more
than
a
charming
liar
.

Sentence #107 (44 tokens):
Riddle also complicates Harry's struggle to understand himself by pointing out the similarities between the two: "both half-bloods, orphans raised by Muggles, probably the only two Parselmouths to come to Hogwarts since the great Slytherin".

Tokens:
Riddle
also
complicates
Harry
's
struggle
to
understand
himself
by
pointing
out
the
similarities
between
the
two
:
"
both
half
-
bloods
,
orphans
raised
by
Muggles
,
probably
the
only
two
Parselmouths
to
come
to
Hogwarts
since
the
great
Slytherin
"
.

Sentence #108 (16 tokens):
Opposition to class, prejudice, and racism is a constant theme of the series.

Tokens:
Opposition
to
class
,
prejudice
,
and
racism
is
a
constant
theme
of
the
series
.

Sentence #109 (29 tokens):
In Harry Potter and the Chamber of Secrets Harry's consideration and respect for others extends to the lowly, non-human Dobby and the ghost Nearly Headless Nick.

Tokens:
In
Harry
Potter
and
the
Chamber
of
Secrets
Harry
's
consideration
and
respect
for
others
extends
to
the
lowly
,
non-human
Dobby
and
the
ghost
Nearly
Headless
Nick
.

Sentence #110 (21 tokens):
According to Marguerite Krause, achievements in the novel depend more on ingenuity and hard work than on natural talents.

Tokens:
According
to
Marguerite
Krause
,
achievements
in
the
novel
depend
more
on
ingenuity
and
hard
work
than
on
natural
talents
.

Sentence #111 (43 tokens):
Edward Duffy, an associate professor at Marquette University, says that one of the central characters of Chamber of Secrets is a book, Tom Riddle's enchanted diary, which takes control of Ginny Weasley - just as Riddle planned.

Tokens:
Edward
Duffy
,
an
associate
professor
at
Marquette
University
,
says
that
one
of
the
central
characters
of
Chamber
of
Secrets
is
a
book
,
Tom
Riddle
's
enchanted
diary
,
which
takes
control
of
Ginny
Weasley
-
just
as
Riddle
planned
.

Sentence #112 (21 tokens):
Duffy suggests that Rowling intended this as a warning against passively consuming information from sources that have their own agendas.

Tokens:
Duffy
suggests
that
Rowling
intended
this
as
a
warning
against
passively
consuming
information
from
sources
that
have
their
own
agendas
.

Sentence #113 (54 tokens):
Although Bronwyn Williams and Amy Zenger regard the diary as more like an instant messaging or chat room system, they agree about the dangers of relying too much on the written word, which can camouflage the author, and they highlight a comical example, Lockhart's self-promoting books.

Tokens:
Although
Bronwyn
Williams
and
Amy
Zenger
regard
the
diary
as
more
like
an
instant
messaging
or
chat
room
system
,
they
agree
about
the
dangers
of
relying
too
much
on
the
written
word
,
which
can
camouflage
the
author
,
and
they
highlight
a
comical
example
,
Lockhart
's
self
-
promoting
books
.

Sentence #114 (15 tokens):
Immorality and the portrayal of authority as negative are significant themes in the novel.

Tokens:
Immorality
and
the
portrayal
of
authority
as
negative
are
significant
themes
in
the
novel
.

Sentence #115 (40 tokens):
Marguerite Krause states that there are few absolute moral rules in Harry Potter's world, for example Harry prefers to tell the truth, but lies whenever he considers it necessary - very like his enemy Draco Malfoy.

Tokens:
Marguerite
Krause
states
that
there
are
few
absolute
moral
rules
in
Harry
Potter
's
world
,
for
example
Harry
prefers
to
tell
the
truth
,
but
lies
whenever
he
considers
it
necessary
-
very
like
his
enemy
Draco
Malfoy
.

Sentence #116 (57 tokens):
At the end of Harry Potter and the Chamber of Secrets, Dumbledore retracts his promise to punish Harry, Ron, and Hermione if they break any more school rules - after Professor McGonagall estimates that they have broken over 100 - and lavishly rewards them for ending the threat from the Chamber of Secrets.

Tokens:
At
the
end
of
Harry
Potter
and
the
Chamber
of
Secrets
,
Dumbledore
retracts
his
promise
to
punish
Harry
,
Ron
,
and
Hermione
if
they
break
any
more
school
rules
-
after
Professor
McGonagall
estimates
that
they
have
broken
over
100
-
and
lavishly
rewards
them
for
ending
the
threat
from
the
Chamber
of
Secrets
.

Sentence #117 (15 tokens):
Krause further states that authority figures and political institutions receive little respect from Rowling.

Tokens:
Krause
further
states
that
authority
figures
and
political
institutions
receive
little
respect
from
Rowling
.

Sentence #118 (21 tokens):
William MacNeil of Griffith University, Queensland, Australia states that the Minister for Magic is presented as a mediocrity.

Tokens:
William
MacNeil
of
Griffith
University
,
Queensland
,
Australia
states
that
the
Minister
for
Magic
is
presented
as
a
mediocrity
.

Sentence #119 (71 tokens):
In his article "Harry Potter and the Secular City", Ken Jacobson suggests that the Ministry as a whole is portrayed as a tangle of bureaucratic empires, saying that "Ministry officials busy themselves with minutiae (e.g. standardising cauldron thicknesses) and coin politically
correct euphemisms like 'non-magical community' (for Muggles) and 'memory
modification' (for magical brainwashing)".

Tokens:
In
his
article
"
Harry
Potter
and
the
Secular
City
"
,
Ken
Jacobson
suggests
that
the
Ministry
as
a
whole
is
portrayed
as
a
tangle
of
bureaucratic
empires
,
saying
that
"
Ministry
officials
busy
themselves
with
minutiae
(
e.g.
standardising
cauldron
thicknesses
)
and
coin
politically
correct
euphemisms
like
'
non-magical
community
'
(
for
Muggles
)
and
'
memory
modification
'
(
for
magical
brainwashing
)
"
.

Sentence #120 (35 tokens):
This novel implies that it begins in 1992: the cake for Nearly-Headless Nick's 500th deathday party bears the words "Sir Nicholas De Mimsy Porpington died 31 October 1492".

Tokens:
This
novel
implies
that
it
begins
in
1992
:
the
cake
for
Nearly
-
Headless
Nick
's
500th
deathday
party
bears
the
words
"
Sir
Nicholas
De
Mimsy
Porpington
died
31
October
1492
"
.

Sentence #121 (23 tokens):
Chamber of Secrets has many links with the sixth book of the series, Harry Potter and the Half-Blood Prince.

Tokens:
Chamber
of
Secrets
has
many
links
with
the
sixth
book
of
the
series
,
Harry
Potter
and
the
Half
-
Blood
Prince
.

Sentence #122 (50 tokens):
In fact, Half-Blood Prince was the working title of Chamber of Secrets and Rowling says she originally intended to present some "crucial pieces of information" in the second book, but ultimately felt that "this information's proper home was book six".

Tokens:
In
fact
,
Half
-
Blood
Prince
was
the
working
title
of
Chamber
of
Secrets
and
Rowling
says
she
originally
intended
to
present
some
"
crucial
pieces
of
information
"
in
the
second
book
,
but
ultimately
felt
that
"
this
information
's
proper
home
was
book
six
"
.

Sentence #123 (63 tokens):
Some objects that play significant roles in Half-Blood Prince first appear in Chamber of Secrets: the Hand of Glory and the opal necklace that are on sale in Borgin and Burkes; a Vanishing Cabinet in Hogwarts that is damaged by Peeves the Poltergeist; and Tom Riddle's diary, which is later shown to be a Horcrux.

Tokens:
Some
objects
that
play
significant
roles
in
Half
-
Blood
Prince
first
appear
in
Chamber
of
Secrets
:
the
Hand
of
Glory
and
the
opal
necklace
that
are
on
sale
in
Borgin
and
Burkes
;
a
Vanishing
Cabinet
in
Hogwarts
that
is
damaged
by
Peeves
the
Poltergeist
;
and
Tom
Riddle
's
diary
,
which
is
later
shown
to
be
a
Horcrux
.

Sentence #124 (20 tokens):
Additionally, these two novels are the ones with the most focus on Harry's relationship with Ginny Weasley.

Tokens:
Additionally
,
these
two
novels
are
the
ones
with
the
most
focus
on
Harry
's
relationship
with
Ginny
Weasley
.

Sentence #125 (16 tokens):
The film version of Harry Potter and the Chamber of Secrets was released in 2002.

Tokens:
The
film
version
of
Harry
Potter
and
the
Chamber
of
Secrets
was
released
in
2002
.

Sentence #126 (15 tokens):
Chris Columbus directed the film, and the screenplay was written by Steve Kloves.

Tokens:
Chris
Columbus
directed
the
film
,
and
the
screenplay
was
written
by
Steve
Kloves
.

Sentence #127 (37 tokens):
It became the third film to exceed $600 million in international box office sales, preceded by Titanic, released in 1997, and Harry Potter and the Philosopher's Stone, released in 2001.

Tokens:
It
became
the
third
film
to
exceed
$
600
million
in
international
box
office
sales
,
preceded
by
Titanic
,
released
in
1997
,
and
Harry
Potter
and
the
Philosopher
's
Stone
,
released
in
2001
.

Sentence #128 (58 tokens):
The film was nominated for a Saturn Award for the Best Fantasy Film, According to Metacritic, the film version of Harry Potter and the Chamber of Secrets received "generally favourable reviews" with an average score of 63%, and another aggregator, Rotten Tomatoes, gave it a score of 82%.

Tokens:
The
film
was
nominated
for
a
Saturn
Award
for
the
Best
Fantasy
Film
,
According
to
Metacritic
,
the
film
version
of
Harry
Potter
and
the
Chamber
of
Secrets
received
"
generally
favourable
reviews
"
with
an
average
score
of
63
%
,
and
another
aggregator
,
Rotten
Tomatoes
,
gave
it
a
score
of
82
%
.

Sentence #129 (24 tokens):
Video games loosely based on the book were released in 2002, mostly published by Electronic Arts but produced by different developers:.

Tokens:
Video
games
loosely
based
on
the
book
were
released
in
2002
,
mostly
published
by
Electronic
Arts
but
produced
by
different
developers
:
.
Coreference set: 2
1 2 1 3 87 4 1 5
1 15 14 16 87 4 1 5
2 4 4 6 87 4 1 5
4 5 5 6 87 4 1 5
4 7 7 8 87 4 1 5
4 19 19 20 87 4 1 5
11 19 18 20 87 4 1 5
12 6 5 7 87 4 1 5
13 7 6 8 87 4 1 5
14 2 1 3 87 4 1 5
14 10 10 11 87 4 1 5
14 16 16 17 87 4 1 5
15 7 7 9 87 4 1 5
15 21 21 23 87 4 1 5
15 26 26 27 87 4 1 5
15 34 34 35 87 4 1 5
15 40 40 41 87 4 1 5
16 1 1 2 87 4 1 5
17 15 15 16 87 4 1 5
18 1 1 2 87 4 1 5
18 5 5 6 87 4 1 5
19 1 1 2 87 4 1 5
21 8 8 9 87 4 1 5
21 18 18 19 87 4 1 5
21 38 38 39 87 4 1 5
22 2 2 3 87 4 1 5
27 1 1 2 87 4 1 5
29 5 5 6 87 4 1 5
30 1 1 3 87 4 1 5
32 5 5 6 87 4 1 5
32 9 9 10 87 4 1 5
34 12 12 13 87 4 1 5
35 1 1 3 87 4 1 5
35 17 17 18 87 4 1 5
36 1 1 2 87 4 1 5
36 7 7 8 87 4 1 5
37 4 4 5 87 4 1 5
38 1 1 2 87 4 1 5
39 7 7 8 87 4 1 5
40 1 1 2 87 4 1 5
41 5 5 7 87 4 1 5
43 1 1 2 87 4 1 5
43 14 14 15 87 4 1 5
48 1 1 2 87 4 1 5
51 1 1 2 87 4 1 5
52 1 1 2 87 4 1 5
55 5 5 6 87 4 1 5
56 10 10 11 87 4 1 5
56 25 25 27 87 4 1 5
57 1 1 2 87 4 1 5
58 1 1 2 87 4 1 5
59 22 22 23 87 4 1 5
60 5 5 6 87 4 1 5
60 27 27 28 87 4 1 5
60 40 40 41 87 4 1 5
62 5 5 6 87 4 1 5
63 8 7 9 87 4 1 5
63 29 28 30 87 4 1 5
63 37 36 38 87 4 1 5
68 2 1 3 87 4 1 5
74 3 2 4 87 4 1 5
75 9 8 10 87 4 1 5
76 13 12 14 87 4 1 5
76 19 18 20 87 4 1 5
79 18 18 19 87 4 1 5
79 20 20 21 87 4 1 5
79 23 23 24 87 4 1 5
85 14 13 15 87 4 1 5
85 40 39 41 87 4 1 5
86 8 8 9 87 4 1 5
86 34 34 35 87 4 1 5
86 67 67 68 87 4 1 5
87 4 3 5 87 4 1 5
87 12 11 16 87 4 1 5
89 7 6 8 87 4 1 5
92 2 1 3 87 4 1 5
93 12 11 13 87 4 1 5
93 20 19 21 87 4 1 5
95 5 4 6 87 4 1 5
101 24 24 26 87 4 1 5
101 55 55 56 87 4 1 5
101 61 61 62 87 4 1 5
102 9 9 11 87 4 1 5
105 2 1 3 87 4 1 5
105 17 17 18 87 4 1 5
106 6 6 8 87 4 1 5
106 12 12 13 87 4 1 5
106 19 19 20 87 4 1 5
106 23 22 24 87 4 1 5
107 4 4 6 87 4 1 5
107 9 9 10 87 4 1 5
109 3 2 4 87 4 1 5
115 13 12 15 87 4 1 5
115 19 19 20 87 4 1 5
115 29 29 30 87 4 1 5
115 36 36 37 87 4 1 5
116 6 5 7 87 4 1 5
116 15 15 16 87 4 1 5
116 19 19 20 87 4 1 5
119 6 5 7 87 4 1 5
121 16 15 17 87 4 1 5
124 14 14 16 87 4 1 5
125 6 5 7 87 4 1 5
127 27 26 28 87 4 1 5
128 24 23 25 87 4 1 5
Coreference set: 4
2 6 6 7 1 10 10 11
76 11 11 12 1 10 10 11
80 5 5 6 1 10 10 11
122 33 33 34 1 10 10 11
Coreference set: 5
119 37 37 38 119 35 34 36
Coreference set: 6
6 2 2 3 1 21 19 22
63 1 1 2 1 21 19 22
63 15 15 16 1 21 19 22
64 10 10 11 1 21 19 22
66 27 25 29 1 21 19 22
67 10 10 11 1 21 19 22
67 12 12 13 1 21 19 22
67 23 23 24 1 21 19 22
69 30 30 31 1 21 19 22
87 1 1 3 1 21 19 22
93 1 1 2 1 21 19 22
104 20 20 21 1 21 19 22
104 39 39 40 1 21 19 22
105 19 19 20 1 21 19 22
112 4 4 5 1 21 19 22
117 14 14 15 1 21 19 22
122 17 17 18 1 21 19 22
122 19 19 20 1 21 19 22
Coreference set: 8
13 7 6 13 1 2 1 8
14 2 1 8 1 2 1 8
63 8 7 14 1 2 1 8
68 2 1 8 1 2 1 8
74 3 2 9 1 2 1 8
75 9 8 15 1 2 1 8
85 14 13 20 1 2 1 8
92 2 1 8 1 2 1 8
105 2 1 8 1 2 1 8
106 5 5 6 1 2 1 8
106 36 36 37 1 2 1 8
109 3 2 9 1 2 1 8
Coreference set: 10
2 34 32 38 1 5 4 8
12 9 8 12 1 5 4 8
13 10 9 13 1 5 4 8
14 5 4 8 1 5 4 8
26 6 4 9 1 5 4 8
27 20 19 37 1 5 4 8
27 20 19 23 1 5 4 8
27 20 20 23 1 5 4 8
38 17 16 18 1 5 4 8
40 31 30 34 1 5 4 8
43 20 19 23 1 5 4 8
48 4 3 5 1 5 4 8
53 7 6 8 1 5 4 8
63 11 10 14 1 5 4 8
63 18 18 19 1 5 4 8
68 5 4 8 1 5 4 8
69 1 1 2 1 5 4 8
74 6 5 9 1 5 4 8
75 12 11 15 1 5 4 8
81 12 11 13 1 5 4 8
85 17 16 20 1 5 4 8
87 7 6 10 1 5 4 8
92 5 4 8 1 5 4 8
95 8 7 12 1 5 4 8
105 5 4 8 1 5 4 8
106 26 25 29 1 5 4 8
109 6 5 9 1 5 4 8
116 9 8 12 1 5 4 8
116 9 9 12 1 5 4 8
116 54 53 57 1 5 4 8
121 1 1 4 1 5 4 8
122 13 13 14 1 5 4 8
123 15 15 18 1 5 4 8
125 9 8 12 1 5 4 8
128 27 26 30 1 5 4 8
Coreference set: 18
77 5 4 6 2 2 1 3
Coreference set: 19
4 3 2 4 2 7 4 8
Coreference set: 22
7 8 7 9 2 19 18 30
11 16 15 17 2 19 18 30
85 25 24 26 2 19 18 30
96 5 4 6 2 19 18 30
97 8 7 9 2 19 18 30
98 12 11 13 2 19 18 30
102 24 23 25 2 19 18 30
103 17 16 18 2 19 18 30
108 15 14 16 2 19 18 30
121 13 12 14 2 19 18 30
Coreference set: 30
3 12 11 13 2 27 26 29
3 17 17 18 2 27 26 29
59 11 10 20 2 27 26 29
59 11 10 12 2 27 26 29
77 25 24 26 2 27 26 29
Coreference set: 33
12 11 11 12 2 36 36 37
13 12 12 13 2 36 36 37
14 7 7 8 2 36 36 37
26 8 8 9 2 36 36 37
40 33 33 34 2 36 36 37
75 14 14 15 2 36 36 37
85 19 19 20 2 36 36 37
95 11 10 12 2 36 36 37
105 7 7 8 2 36 36 37
106 28 28 29 2 36 36 37
116 56 56 57 2 36 36 37
121 3 3 4 2 36 36 37
122 15 15 16 2 36 36 37
123 17 17 18 2 36 36 37
128 29 29 30 2 36 36 37
Coreference set: 35
2 45 43 48 27 34 31 35
Coreference set: 37
3 6 6 16 4 16 15 17
Coreference set: 41
18 8 7 9 4 10 9 11
18 24 24 25 4 10 9 11
22 4 4 5 4 10 9 11
22 31 30 33 4 10 9 11
23 11 11 12 4 10 9 11
23 16 16 17 4 10 9 11
27 3 3 4 4 10 9 11
37 6 6 7 4 10 9 11
38 3 3 4 4 10 9 11
43 3 3 4 4 10 9 11
49 18 18 20 4 10 9 11
50 1 1 3 4 10 9 11
59 6 6 7 4 10 9 11
59 24 24 25 4 10 9 11
116 21 21 22 4 10 9 11
Coreference set: 42
4 24 23 25 54 6 4 7
40 14 13 34 54 6 4 7
40 14 13 15 54 6 4 7
40 17 16 34 54 6 4 7
52 17 17 18 54 6 4 7
102 16 15 17 54 6 4 7
111 27 26 29 54 6 4 7
111 41 41 42 54 6 4 7
123 51 50 53 54 6 4 7
Coreference set: 43
72 5 5 6 4 30 30 31
72 10 7 19 4 30 30 31
72 10 7 14 4 30 30 31
72 18 17 19 4 30 30 31
72 17 17 18 4 30 30 31
Coreference set: 50
4 30 29 31 4 30 29 39
54 14 13 15 4 30 29 39
Coreference set: 52
64 6 6 7 5 14 14 15
Coreference set: 56
6 4 4 5 5 2 1 3
6 9 8 10 5 2 1 3
6 11 11 12 5 2 1 3
8 14 13 15 5 2 1 3
11 2 1 3 5 2 1 3
65 6 5 7 5 2 1 3
66 6 5 8 5 2 1 3
73 22 21 23 5 2 1 3
78 22 21 24 5 2 1 3
83 8 7 9 5 2 1 3
84 26 25 27 5 2 1 3
86 24 23 25 5 2 1 3
96 29 28 30 5 2 1 3
129 7 6 8 5 2 1 3
Coreference set: 58
122 47 47 49 122 45 41 46
Coreference set: 59
5 21 21 22 5 10 10 11
68 14 14 15 5 10 10 11
68 22 22 23 5 10 10 11
Coreference set: 61
68 15 15 17 5 11 11 13
Coreference set: 62
54 11 11 12 5 19 17 24
63 45 44 46 5 19 17 24
70 12 12 13 5 19 17 24
98 18 16 19 5 19 17 24
98 18 17 19 5 19 17 24
Coreference set: 64
68 23 23 25 5 22 22 24
70 2 2 4 5 22 22 24
70 4 4 5 5 22 22 24
Coreference set: 76
75 49 48 50 6 32 31 33
Coreference set: 80
7 15 15 16 7 5 4 9
7 25 25 26 7 5 4 9
Coreference set: 92
103 69 67 70 7 30 28 31
Coreference set: 96
7 46 45 48 7 38 37 40
Coreference set: 103
8 18 18 19 8 11 9 15
Coreference set: 108
8 32 27 33 75 36 36 37
Coreference set: 112
16 4 3 5 9 8 7 14
Coreference set: 116
121 9 9 10 11 12 12 13
Coreference set: 122
11 16 15 26 95 20 17 21
121 13 12 23 95 20 17 21
Coreference set: 123
121 21 18 23 11 24 21 26
Coreference set: 124
121 22 22 23 11 25 25 26
122 7 7 8 11 25 25 26
123 11 11 12 11 25 25 26
Coreference set: 126
127 4 4 5 12 19 19 20
Coreference set: 130
125 3 1 12 12 3 1 12
128 21 19 30 12 3 1 12
Coreference set: 132
125 3 1 7 12 3 1 7
128 21 19 25 12 3 1 7
Coreference set: 133
125 15 15 16 12 15 15 16
129 11 11 12 12 15 15 16
Coreference set: 134
126 5 4 6 12 20 18 21
127 1 1 2 12 20 18 21
127 5 3 6 12 20 18 21
128 2 1 3 12 20 18 21
Coreference set: 136
127 15 12 16 12 30 27 31
Coreference set: 138
13 24 23 25 12 35 33 36
Coreference set: 140
128 52 52 53 128 46 45 47
Coreference set: 150
18 21 20 22 14 14 12 15
Coreference set: 151
14 19 16 23 14 22 21 23
14 19 16 20 14 22 21 23
17 10 9 16 14 22 21 23
17 10 9 11 14 22 21 23
17 10 10 11 14 22 21 23
62 9 8 10 14 22 21 23
63 3 3 4 14 22 21 23
Coreference set: 152
22 35 35 36 15 31 31 32
40 25 25 26 15 31 31 32
49 15 15 16 15 31 31 32
62 1 1 2 15 31 31 32
107 38 38 39 15 31 31 32
123 40 40 48 15 31 31 32
Coreference set: 154
18 15 15 16 15 9 7 12
Coreference set: 155
15 13 13 14 15 13 13 19
17 1 1 2 15 13 13 19
32 13 13 14 15 13 13 19
109 22 22 23 15 13 13 19
Coreference set: 156
60 42 41 44 15 18 15 19
Coreference set: 170
20 15 15 16 20 3 3 14
40 23 23 24 20 3 3 14
43 7 7 8 20 3 3 14
44 2 2 3 20 3 3 14
44 7 7 8 20 3 3 14
45 35 35 36 20 3 3 14
61 11 11 12 20 3 3 14
Coreference set: 175
21 12 11 13 78 16 13 17
24 1 1 2 78 16 13 17
24 5 3 14 78 16 13 17
24 5 3 6 78 16 13 17
31 1 1 2 78 16 13 17
34 6 6 8 78 16 13 17
49 1 1 2 78 16 13 17
50 10 10 11 78 16 13 17
59 8 8 9 78 16 13 17
73 2 1 4 78 16 13 17
78 16 15 17 78 16 13 17
106 47 46 48 78 16 13 17
106 55 55 56 78 16 13 17
113 48 48 50 78 16 13 17
Coreference set: 185
101 32 31 33 22 23 22 24
Coreference set: 186
22 11 11 12 22 2 2 5
22 26 26 27 22 2 2 5
38 1 1 4 22 2 2 5
43 1 1 4 22 2 2 5
43 11 11 12 22 2 2 5
59 22 22 25 22 2 2 5
Coreference set: 188
47 5 4 6 22 19 17 22
Coreference set: 196
25 8 4 9 25 11 10 12
25 11 11 12 25 11 10 12
Coreference set: 201
27 32 31 34 27 16 15 17
35 8 7 9 27 16 15 17
72 13 12 14 27 16 15 17
Coreference set: 202
28 20 20 21 27 6 1 7
31 11 11 12 27 6 1 7
116 19 19 25 27 6 1 7
116 26 26 27 27 6 1 7
116 38 38 39 27 6 1 7
116 47 47 48 27 6 1 7
Coreference set: 206
28 6 5 9 28 3 3 4
35 18 17 19 28 3 3 4
37 16 16 18 28 3 3 4
38 6 6 7 28 3 3 4
38 10 9 13 28 3 3 4
60 12 12 14 28 3 3 4
Coreference set: 207
47 2 1 3 28 11 10 12
Coreference set: 209
28 17 16 33 28 14 13 15
Coreference set: 214
32 25 23 26 29 11 9 12
Coreference set: 215
56 27 25 28 30 3 1 4
Coreference set: 222
33 5 5 6 80 11 10 12
34 3 3 4 80 11 10 12
69 4 4 5 80 11 10 12
69 32 32 33 80 11 10 12
71 1 1 2 80 11 10 12
77 13 13 14 80 11 10 12
94 7 6 8 80 11 10 12
101 26 26 27 80 11 10 12
102 19 19 20 80 11 10 12
105 26 26 27 80 11 10 12
Coreference set: 224
33 7 4 8 33 10 9 11
Coreference set: 227
34 15 15 24 35 14 14 15
48 7 7 8 35 14 14 15
Coreference set: 230
35 23 22 24 35 3 1 4
Coreference set: 233
37 14 14 15 36 17 14 22
Coreference set: 234
36 21 20 22 65 12 10 13
109 28 26 29 65 12 10 13
120 16 16 18 65 12 10 13
Coreference set: 238
46 26 24 27 37 11 8 12
Coreference set: 242
45 15 14 16 38 21 20 22
Coreference set: 246
40 5 4 34 40 5 4 6
41 12 11 13 40 5 4 6
113 9 8 10 40 5 4 6
Coreference set: 252
116 24 24 25 42 1 1 2
Coreference set: 256
45 13 12 14 42 5 3 6
45 24 23 26 42 5 3 6
Coreference set: 258
45 2 2 3 44 10 9 11
45 7 7 8 44 10 9 11
46 2 1 3 44 10 9 11
46 22 22 23 44 10 9 11
49 7 6 8 44 10 9 11
49 28 28 29 44 10 9 11
Coreference set: 261
46 33 33 34 45 4 4 38
Coreference set: 266
46 16 15 27 46 13 12 14
47 10 10 12 46 13 12 14
Coreference set: 279
52 3 3 5 111 37 36 38
53 3 3 4 111 37 36 38
53 12 12 13 111 37 36 38
58 15 15 16 111 37 36 38
59 14 14 15 111 37 36 38
59 18 18 19 111 37 36 38
60 21 21 23 111 37 36 38
86 69 69 70 111 37 36 38
124 19 18 20 111 37 36 38
Coreference set: 281
52 6 3 7 52 15 11 18
Coreference set: 284
59 28 28 29 55 15 15 17
72 2 2 3 55 15 15 17
79 27 27 28 55 15 15 17
116 13 13 14 55 15 15 17
Coreference set: 285
55 24 23 25 55 11 10 12
56 17 16 18 55 11 10 12
86 57 56 58 55 11 10 12
Coreference set: 287
55 13 13 14 56 1 1 2
57 5 5 6 56 1 1 2
86 3 3 5 56 1 1 2
86 29 29 30 56 1 1 2
86 37 37 39 56 1 1 2
Coreference set: 297
93 4 4 5 59 2 1 3
107 17 16 18 59 2 1 3
107 33 33 34 59 2 1 3
124 4 4 5 59 2 1 3
Coreference set: 301
115 39 38 40 60 10 7 16
Coreference set: 313
63 29 28 35 93 20 14 21
85 40 39 46 93 20 14 21
93 12 11 21 93 20 14 21
94 6 6 7 93 20 14 21
127 27 26 33 93 20 14 21
Coreference set: 314
76 24 21 29 63 34 31 35
76 24 21 25 63 34 31 35
85 45 42 46 63 34 31 35
127 32 29 33 63 34 31 35
Coreference set: 315
76 22 21 24 63 32 31 34
85 43 42 45 63 32 31 34
93 15 14 17 63 32 31 34
127 30 29 32 63 32 31 34
Coreference set: 319
64 12 12 13 64 4 3 5
Coreference set: 322
65 20 20 21 65 9 8 13
65 26 26 27 65 9 8 13
109 25 24 29 65 9 8 13
Coreference set: 334
77 2 1 3 67 6 5 7
78 3 3 4 67 6 5 7
Coreference set: 336
67 15 15 16 67 3 1 7
Coreference set: 352
113 39 38 40 69 33 31 34
Coreference set: 360
75 3 2 4 70 22 19 23
75 30 30 31 70 22 19 23
Coreference set: 367
73 6 6 7 73 11 11 12
73 18 18 19 73 11 11 12
Coreference set: 381
122 34 32 35 76 14 10 17
Coreference set: 385
76 32 32 33 103 10 9 11
97 14 14 15 103 10 9 11
103 51 51 52 103 10 9 11
104 24 23 25 103 10 9 11
Coreference set: 387
102 20 18 21 77 14 12 15
105 27 25 28 77 14 12 15
Coreference set: 391
78 10 10 11 78 8 8 9
Coreference set: 394
80 2 2 3 79 2 1 3
106 42 41 43 79 2 1 3
Coreference set: 395
79 9 9 10 79 5 4 8
Coreference set: 404
82 1 1 2 81 2 1 3
83 5 5 6 81 2 1 3
Coreference set: 420
84 21 21 22 84 15 13 16
Coreference set: 423
86 1 1 2 85 11 10 12
86 13 13 14 85 11 10 12
86 20 20 21 85 11 10 12
Coreference set: 437
97 2 2 5 88 2 2 5
Coreference set: 438
88 9 9 10 88 4 1 5
88 19 19 20 88 4 1 5
97 4 1 5 88 4 1 5
Coreference set: 440
90 9 8 10 88 7 6 15
91 2 1 3 88 7 6 15
95 27 26 28 88 7 6 15
110 9 8 10 88 7 6 15
114 14 13 15 88 7 6 15
120 2 1 3 88 7 6 15
120 5 5 6 88 7 6 15
Coreference set: 446
94 17 17 18 89 2 2 3
Coreference set: 449
99 22 21 23 89 29 12 30
Coreference set: 455
91 5 5 7 90 3 1 5
101 8 8 9 90 3 1 5
101 42 42 43 90 3 1 5
103 44 43 45 90 3 1 5
Coreference set: 466
92 13 10 14 92 12 9 13
Coreference set: 474
94 20 20 21 94 4 1 5
Coreference set: 478
127 36 36 37 94 30 30 31
Coreference set: 506
102 1 1 2 101 2 1 3
Coreference set: 508
101 21 21 22 101 11 11 15
Coreference set: 525
103 40 40 41 102 45 44 46
103 43 43 44 102 45 44 46
104 7 7 8 102 45 44 46
Coreference set: 539
104 41 41 42 104 14 12 18
Coreference set: 547
106 44 44 45 106 8 6 9
Coreference set: 559
107 28 28 43 107 28 28 29
119 58 58 59 107 28 28 29
Coreference set: 562
108 1 1 9 108 12 10 16
Coreference set: 569
115 2 1 3 110 4 3 5
117 1 1 2 110 4 3 5
Coreference set: 573
111 6 4 10 111 2 1 3
112 1 1 2 111 2 1 3
Coreference set: 580
111 24 23 25 111 30 26 38
111 30 26 31 111 30 26 38
123 53 50 54 111 30 26 38
Coreference set: 582
112 18 18 19 112 6 6 7
Coreference set: 588
113 21 21 22 113 3 2 7
113 42 42 43 113 3 2 7
Coreference set: 598
114 1 1 9 114 11 10 15
Coreference set: 604
115 31 31 32 115 24 23 25
Coreference set: 617
119 2 2 3 118 2 1 10
Coreference set: 626
119 34 34 35 119 18 17 22
