Document: ID=Houston Texans (74 sentences, 1747 tokens)

Sentence #1 (15 tokens):
The Houston Texans are a professional American football team based in Houston, Texas.

Tokens:
The
Houston
Texans
are
a
professional
American
football
team
based
in
Houston
,
Texas
.

Sentence #2 (26 tokens):
The team is a member of the South Division of the American Football Conference (AFC) in the National Football League (NFL).

Tokens:
The
team
is
a
member
of
the
South
Division
of
the
American
Football
Conference
(
AFC
)
in
the
National
Football
League
(
NFL
)
.

Sentence #3 (35 tokens):
The Texans joined the NFL in 2002 as an expansion team after Houston's previous franchise, the Houston Oilers, moved to Nashville, Tennessee, where they are now the Tennessee Titans.

Tokens:
The
Texans
joined
the
NFL
in
2002
as
an
expansion
team
after
Houston
's
previous
franchise
,
the
Houston
Oilers
,
moved
to
Nashville
,
Tennessee
,
where
they
are
now
the
Tennessee
Titans
.

Sentence #4 (8 tokens):
The team majority owner is Bob McNair.

Tokens:
The
team
majority
owner
is
Bob
McNair
.

Sentence #5 (18 tokens):
The team clinched its first playoff berth during the 2011 season as champions of the AFC South.

Tokens:
The
team
clinched
its
first
playoff
berth
during
the
2011
season
as
champions
of
the
AFC
South
.

Sentence #6 (10 tokens):
The Texans repeated as AFC South champions in 2012.

Tokens:
The
Texans
repeated
as
AFC
South
champions
in
2012
.

Sentence #7 (37 tokens):
The name "Houston Oilers" was unavailable to the expansion team, as that name was still owned by the Tennessee Titans, whose owner Bud Adams had retired the name from use in 1999.

Tokens:
The
name
"
Houston
Oilers
"
was
unavailable
to
the
expansion
team
,
as
that
name
was
still
owned
by
the
Tennessee
Titans
,
whose
owner
Bud
Adams
had
retired
the
name
from
use
in
1999
.

Sentence #8 (34 tokens):
On March 2, 2000, Houston NFL 2002 announced that the team name search had been narrowed down to five choices: Bobcats, Stallions, Texans, Toros, and Apollos.

Tokens:
On
March
2
,
2000
,
Houston
NFL
2002
announced
that
the
team
name
search
had
been
narrowed
down
to
five
choices
:
Bobcats
,
Stallions
,
Texans
,
Toros
,
and
Apollos
.

Sentence #9 (21 tokens):
The list of names was determined after several months of research conducted jointly by Houston NFL 2002 and NFL Properties.

Tokens:
The
list
of
names
was
determined
after
several
months
of
research
conducted
jointly
by
Houston
NFL
2002
and
NFL
Properties
.

Sentence #10 (16 tokens):
An online survey regarding the name generated more than 65,000 responses in just seven days.

Tokens:
An
online
survey
regarding
the
name
generated
more
than
65,000
responses
in
just
seven
days
.

Sentence #11 (35 tokens):
The name which was chosen, the "Houston Texans," had previously been the name of a defunct World Football League franchise, which moved to Louisiana to become the Shreveport Steamer.

Tokens:
The
name
which
was
chosen
,
the
"
Houston
Texans
,
"
had
previously
been
the
name
of
a
defunct
World
Football
League
franchise
,
which
moved
to
Louisiana
to
become
the
Shreveport
Steamer
.

Sentence #12 (39 tokens):
The nickname "Texans" was also used by the precursor of the NFL's present-day Kansas City Chiefs, the Dallas Texans, which was also the name of a former Arena Football League franchise.

Tokens:
The
nickname
"
Texans
"
was
also
used
by
the
precursor
of
the
NFL
's
present
-
day
Kansas
City
Chiefs
,
the
Dallas
Texans
,
which
was
also
the
name
of
a
former
Arena
Football
League
franchise
.

Sentence #13 (22 tokens):
The nickname "Texans" was more recently used by the now-defunct Canadian Football League franchise in San Antonio.

Tokens:
The
nickname
"
Texans
"
was
more
recently
used
by
the
now
-
defunct
Canadian
Football
League
franchise
in
San
Antonio
.

Sentence #14 (25 tokens):
Owner Bob McNair did have to make a deal with Chiefs' owner Lamar Hunt to use the Texans nickname for his new team.

Tokens:
Owner
Bob
McNair
did
have
to
make
a
deal
with
Chiefs
'
owner
Lamar
Hunt
to
use
the
Texans
nickname
for
his
new
team
.

Sentence #15 (27 tokens):
On September 6, 2000, the NFL's 32nd franchise was officially christened the Houston Texans before thousands at a downtown rally on Texas Avenue.

Tokens:
On
September
6
,
2000
,
the
NFL
's
32nd
franchise
was
officially
christened
the
Houston
Texans
before
thousands
at
a
downtown
rally
on
Texas
Avenue
.

Sentence #16 (26 tokens):
Before unveiling the logo Bob McNair described the colors as "Deep Steel Blue", "Battle Red" and "Liberty White".

Tokens:
Before
unveiling
the
logo
Bob
McNair
described
the
colors
as
"
Deep
Steel
Blue
"
,
"
Battle
Red
"
and
"
Liberty
White
"
.

Sentence #17 (50 tokens):
The logo was an abstract depiction of a bull's head, split in such a way to resemble the flag of Texas, including a lone star to stand for the eye, the five points of which representing pride, courage, strength, tradition and independence.

Tokens:
The
logo
was
an
abstract
depiction
of
a
bull
's
head
,
split
in
such
a
way
to
resemble
the
flag
of
Texas
,
including
a
lone
star
to
stand
for
the
eye
,
the
five
points
of
which
representing
pride
,
courage
,
strength
,
tradition
and
independence
.

Sentence #18 (13 tokens):
A year later the Texans unveiled their uniforms during another downtown rally.

Tokens:
A
year
later
the
Texans
unveiled
their
uniforms
during
another
downtown
rally
.

Sentence #19 (13 tokens):
The Texans' helmet is dark blue with the Texans bull logo.

Tokens:
The
Texans
'
helmet
is
dark
blue
with
the
Texans
bull
logo
.

Sentence #20 (22 tokens):
The helmet was initially white when the team name and logo were unveiled, but was later changed to dark blue.

Tokens:
The
helmet
was
initially
white
when
the
team
name
and
logo
were
unveiled
,
but
was
later
changed
to
dark
blue
.

Sentence #21 (15 tokens):
The uniform design consists of red trim and either Navy blue or white jerseys.

Tokens:
The
uniform
design
consists
of
red
trim
and
either
Navy
blue
or
white
jerseys
.

Sentence #22 (17 tokens):
The team wears white pants with its blue jerseys, blue pants with its white jerseys.

Tokens:
The
team
wears
white
pants
with
its
blue
jerseys
,
blue
pants
with
its
white
jerseys
.

Sentence #23 (35 tokens):
Starting with the 2006 season, the Texans wear all-white for their home opener and the team began to wear an all-blue combination for home games vs. the Indianapolis Colts.

Tokens:
Starting
with
the
2006
season
,
the
Texans
wear
all
-
white
for
their
home
opener
and
the
team
began
to
wear
an
all
-
blue
combination
for
home
games
vs.
the
Indianapolis
Colts
.

Sentence #24 (28 tokens):
In 2003, the Texans introduced an alternative red jersey (most of the time worn in divisional games against the Jacksonville Jaguars) with blue trim.

Tokens:
In
2003
,
the
Texans
introduced
an
alternative
red
jersey
(
most
of
the
time
worn
in
divisional
games
against
the
Jacksonville
Jaguars
)
with
blue
trim
.

Sentence #25 (25 tokens):
In 2007 the Texans introduced red pants for the first time, pairing them with the red jerseys for an all-red look.

Tokens:
In
2007
the
Texans
introduced
red
pants
for
the
first
time
,
pairing
them
with
the
red
jerseys
for
an
all
-
red
look
.

Sentence #26 (23 tokens):
In October 2008 the Texans paired blue socks (instead of the traditional red) with their blue pants and white jerseys.

Tokens:
In
October
2008
the
Texans
paired
blue
socks
(
instead
of
the
traditional
red
)
with
their
blue
pants
and
white
jerseys
.

Sentence #27 (12 tokens):
In 2002 the team wore a patch commemorating their inaugural season.

Tokens:
In
2002
the
team
wore
a
patch
commemorating
their
inaugural
season
.

Sentence #28 (8 tokens):
The team's official mascot is Toro.

Tokens:
The
team
's
official
mascot
is
Toro
.

Sentence #29 (14 tokens):
The team also has a cheerleading squad simply named the Houston Texans Cheerleaders.

Tokens:
The
team
also
has
a
cheerleading
squad
simply
named
the
Houston
Texans
Cheerleaders
.

Sentence #30 (20 tokens):
The Texans are the youngest franchise in the NFL, having only been competing in the League since 2002.

Tokens:
The
Texans
are
the
youngest
franchise
in
the
NFL
,
having
only
been
competing
in
the
League
since
2002
.

Sentence #31 (18 tokens):
For most of that time, they were considered perennial bottom-dwellers in the AFC South.

Tokens:
For
most
of
that
time
,
they
were
considered
perennial
bottom
-
dwellers
in
the
AFC
South
.

Sentence #32 (39 tokens):
For that reason, they have not had the history or the reputation on which to build classic rivalries like the ones that exist between older and more successful franchises such as the Baltimore Ravens and Pittsburgh Steelers.

Tokens:
For
that
reason
,
they
have
not
had
the
history
or
the
reputation
on
which
to
build
classic
rivalries
like
the
ones
that
exist
between
older
and
more
successful
franchises
such
as
the
Baltimore
Ravens
and
Pittsburgh
Steelers
.

Sentence #33 (15 tokens):
However, there are a few franchises for whom Texans fans hold special animosity.

Tokens:
However
,
there
are
a
few
franchises
for
whom
Texans
fans
hold
special
animosity
.

Sentence #34 (29 tokens):
The Tennessee Titans, formerly the Houston Oilers before their relocation in the 1990's, are viewed by many Houston fans as the Texans' chief rival.

Tokens:
The
Tennessee
Titans
,
formerly
the
Houston
Oilers
before
their
relocation
in
the
1990
's
,
are
viewed
by
many
Houston
fans
as
the
Texans
'
chief
rival
.

Sentence #35 (61 tokens):
The Jacksonville Jaguars, the only other team in the AFC South against whom the Texans have a winning all-time record, and the Indianapolis Colts, whom the Texans have never defeated in Indianapolis (compiling an all-time record of 0-11 at Lucas Oil Stadium), are also rivals to the Texans.

Tokens:
The
Jacksonville
Jaguars
,
the
only
other
team
in
the
AFC
South
against
whom
the
Texans
have
a
winning
all
-
time
record
,
and
the
Indianapolis
Colts
,
whom
the
Texans
have
never
defeated
in
Indianapolis
(
compiling
an
all
-
time
record
of
0
-
11
at
Lucas
Oil
Stadium
)
,
are
also
rivals
to
the
Texans
.

Sentence #36 (32 tokens):
More recently, Houston has defeated the Cincinnati Bengals in the Wild-Card Round of the playoffs in two consecutive seasons, fomenting a potential future rivalry with that franchise.

Tokens:
More
recently
,
Houston
has
defeated
the
Cincinnati
Bengals
in
the
Wild
-
Card
Round
of
the
playoffs
in
two
consecutive
seasons
,
fomenting
a
potential
future
rivalry
with
that
franchise
.

Sentence #37 (56 tokens):
The Texans' back-to-back playoff appearances, and their growing reputation as one of the AFC's premier franchises, puts them into direct competition with the Ravens, New England Patriots, Steelers, and Denver Broncos, which are generally considered the top-flight teams in the conference.

Tokens:
The
Texans
'
back
-
to
-
back
playoff
appearances
,
and
their
growing
reputation
as
one
of
the
AFC
's
premier
franchises
,
puts
them
into
direct
competition
with
the
Ravens
,
New
England
Patriots
,
Steelers
,
and
Denver
Broncos
,
which
are
generally
considered
the
top
-
flight
teams
in
the
conference
.

Sentence #38 (27 tokens):
As of the end of the 2012 season, the Texans' overall regular season win-loss record is 77-99 (.438).

Tokens:
As
of
the
end
of
the
2012
season
,
the
Texans
'
overall
regular
season
win
-
loss
record
is
77
-
99
(
.438
)
.

Sentence #39 (15 tokens):
They are 2-2 (.500) all-time in playoff games.

Tokens:
They
are
2
-
2
(
.500
)
all
-
time
in
playoff
games
.

Sentence #40 (17 tokens):
The Texans posted their best-ever season record in 2012 finishing at 12-4.

Tokens:
The
Texans
posted
their
best
-
ever
season
record
in
2012
finishing
at
12
-
4
.

Sentence #41 (15 tokens):
The team's worst-ever season record was 2-14 in 2005.

Tokens:
The
team
's
worst
-
ever
season
record
was
2
-
14
in
2005
.

Sentence #42 (34 tokens):
The Texans participated in the playoffs for the first time at the end of the 2011 season, after having clinched the South Division title and qualifying as the AFC's third seed.

Tokens:
The
Texans
participated
in
the
playoffs
for
the
first
time
at
the
end
of
the
2011
season
,
after
having
clinched
the
South
Division
title
and
qualifying
as
the
AFC
's
third
seed
.

Sentence #43 (22 tokens):
In the Wildcard Round they hosted a playoff game for the first time, defeating the Cincinnati Bengals 31-10.

Tokens:
In
the
Wildcard
Round
they
hosted
a
playoff
game
for
the
first
time
,
defeating
the
Cincinnati
Bengals
31
-
10
.

Sentence #44 (21 tokens):
The following weekend they were defeated 20-13 by the Baltimore Ravens on the road in the Divisional Round.

Tokens:
The
following
weekend
they
were
defeated
20
-
13
by
the
Baltimore
Ravens
on
the
road
in
the
Divisional
Round
.

Sentence #45 (15 tokens):
In 2012 the Texans again won the AFC South Division and were seeded third.

Tokens:
In
2012
the
Texans
again
won
the
AFC
South
Division
and
were
seeded
third
.

Sentence #46 (23 tokens):
They again beat the Cincinnati Bengals at home in the Wildcard Round, this time by a score of 19-13.

Tokens:
They
again
beat
the
Cincinnati
Bengals
at
home
in
the
Wildcard
Round
,
this
time
by
a
score
of
19
-
13
.

Sentence #47 (21 tokens):
On the road in the Divisional Round against the New England Patriots, the Texans were defeated 41-28.

Tokens:
On
the
road
in
the
Divisional
Round
against
the
New
England
Patriots
,
the
Texans
were
defeated
41
-
28
.

Sentence #48 (23 tokens):
As members of the AFC South, the Texans play six of their sixteen games each season against other AFC South teams.

Tokens:
As
members
of
the
AFC
South
,
the
Texans
play
six
of
their
sixteen
games
each
season
against
other
AFC
South
teams
.

Sentence #49 (19 tokens):
The Texans have a cumulative record of 25-41 (.379) against their three divisional rivals.

Tokens:
The
Texans
have
a
cumulative
record
of
25
-
41
(
.379
)
against
their
three
divisional
rivals
.

Sentence #50 (29 tokens):
This includes lifetime records of 4-18 against the Indianapolis Colts, 13-9 against the Jacksonville Jaguars and 8-14 against the Tennessee Titans.

Tokens:
This
includes
lifetime
records
of
4
-
18
against
the
Indianapolis
Colts
,
13
-
9
against
the
Jacksonville
Jaguars
and
8
-
14
against
the
Tennessee
Titans
.

Sentence #51 (33 tokens):
The Texans have never won at Lucas Oil Stadium, where the Colts play their home games, even in the 2011 season, in which the Colts had only 2 wins.

Tokens:
The
Texans
have
never
won
at
Lucas
Oil
Stadium
,
where
the
Colts
play
their
home
games
,
even
in
the
2011
season
,
in
which
the
Colts
had
only
2
wins
.

Sentence #52 (32 tokens):
The Texans have fared better against the rest of their conference, posting a record of 32-34 (.485) against AFC teams from divisions other than the South.

Tokens:
The
Texans
have
fared
better
against
the
rest
of
their
conference
,
posting
a
record
of
32
-
34
(
.485
)
against
AFC
teams
from
divisions
other
than
the
South
.

Sentence #53 (13 tokens):
The Texans are 20-24 (.455) against the NFC.

Tokens:
The
Texans
are
20
-
24
(
.455
)
against
the
NFC
.

Sentence #54 (38 tokens):
As of the end of the 2012 season, there are two teams against which the Texans have never lost: the Chicago Bears (3-0) and Miami Dolphins (7-0).

Tokens:
As
of
the
end
of
the
2012
season
,
there
are
two
teams
against
which
the
Texans
have
never
lost
:
the
Chicago
Bears
(
3
-
0
)
and
Miami
Dolphins
(
7
-
0
)
.

Sentence #55 (38 tokens):
There are also three teams which the Texans have never beaten: the Minnesota Vikings (0-3), Philadelphia Eagles (0-3) and San Diego Chargers (0-4).

Tokens:
There
are
also
three
teams
which
the
Texans
have
never
beaten
:
the
Minnesota
Vikings
(
0
-
3
)
,
Philadelphia
Eagles
(
0
-
3
)
and
San
Diego
Chargers
(
0
-
4
)
.

Sentence #56 (23 tokens):
In 2013, the only team the Texans are scheduled to play that they are unbeaten or winless against is San Diego.

Tokens:
In
2013
,
the
only
team
the
Texans
are
scheduled
to
play
that
they
are
unbeaten
or
winless
against
is
San
Diego
.

Sentence #57 (45 tokens):
In both the 2012 playoffs and the 2013 playoffs, the 3-seeded Texans hosted and defeated the 6-seeded Cincinnati Bengals in the Wild Card Round, the Texans' flagship radio stations were KILT SportsRadio 610AM and KILT 100.3FM.

Tokens:
In
both
the
2012
playoffs
and
the
2013
playoffs
,
the
3
-
seeded
Texans
hosted
and
defeated
the
6
-
seeded
Cincinnati
Bengals
in
the
Wild
Card
Round
,
the
Texans
'
flagship
radio
stations
were
KILT
SportsRadio
610AM
and
KILT
100.3
FM
.

Sentence #58 (19 tokens):
The AM station has an all-sports format, while the FM station plays contemporary country music.

Tokens:
The
AM
station
has
an
all
-
sports
format
,
while
the
FM
station
plays
contemporary
country
music
.

Sentence #59 (7 tokens):
Both are owned by CBS Radio.

Tokens:
Both
are
owned
by
CBS
Radio
.

Sentence #60 (11 tokens):
Marc Vandermeer is the play-by-play announcer.

Tokens:
Marc
Vandermeer
is
the
play
-
by
-
play
announcer
.

Sentence #61 (21 tokens):
Heisman Trophy winner Andre Ware provides color commentary, and SportsRadio 610 host Rich Lord serves as the sideline reporter.

Tokens:
Heisman
Trophy
winner
Andre
Ware
provides
color
commentary
,
and
SportsRadio
610
host
Rich
Lord
serves
as
the
sideline
reporter
.

Sentence #62 (14 tokens):
Preseason games are telecast by KTRK, an ABC owned and operated station.

Tokens:
Preseason
games
are
telecast
by
KTRK
,
an
ABC
owned
and
operated
station
.

Sentence #63 (20 tokens):
Joel Meyers calls the preseason games on TV, with former Oilers running back Spencer Tillman providing color commentary.

Tokens:
Joel
Meyers
calls
the
preseason
games
on
TV
,
with
former
Oilers
running
back
Spencer
Tillman
providing
color
commentary
.

Sentence #64 (18 tokens):
Spanish-language radio broadcasts of the team's games are aired on KLAT Univisión América 1010AM.

Tokens:
Spanish
-
language
radio
broadcasts
of
the
team
's
games
are
aired
on
KLAT
Univisión
América
1010AM
.

Sentence #65 (11 tokens):
Enrique Vásquez is the play-by-play announcer.

Tokens:
Enrique
Vásquez
is
the
play
-
by
-
play
announcer
.

Sentence #66 (15 tokens):
José Jojo Padrón provides color commentary, and Fernando Hernández serves as sideline reporter.

Tokens:
José
Jojo
Padrón
provides
color
commentary
,
and
Fernando
Hernández
serves
as
sideline
reporter
.

Sentence #67 (19 tokens):
The theme song of the Texans is "It's Football Time In Houston" by Clay Walker.

Tokens:
The
theme
song
of
the
Texans
is
"
It
's
Football
Time
In
Houston
"
by
Clay
Walker
.

Sentence #68 (31 tokens):
The Texans tried to introduce a new fight song in 2003 written by Chad Kroeger from Nickelback, but quickly returned to the original after a negative reception by fans.

Tokens:
The
Texans
tried
to
introduce
a
new
fight
song
in
2003
written
by
Chad
Kroeger
from
Nickelback
,
but
quickly
returned
to
the
original
after
a
negative
reception
by
fans
.

Sentence #69 (12 tokens):
The song was donated by Walker to the City of Houston.

Tokens:
The
song
was
donated
by
Walker
to
the
City
of
Houston
.

Sentence #70 (23 tokens):
The Texans' defensive squad takes the field to the sound of "Bulls On Parade" by Rage Against the Machine.

Tokens:
The
Texans
'
defensive
squad
takes
the
field
to
the
sound
of
"
Bulls
On
Parade
"
by
Rage
Against
the
Machine
.

Sentence #71 (19 tokens):
The Texans started using the song after OLB Connor Barwin coined the nickname in a Tweet in 2011.

Tokens:
The
Texans
started
using
the
song
after
OLB
Connor
Barwin
coined
the
nickname
in
a
Tweet
in
2011
.

Sentence #72 (29 tokens):
On January 5, 2012, local Houston rap artists Slim Thug, Paul Wall and ZRo released a song titled "HOUSTON" supporting the Houston Texans.

Tokens:
On
January
5
,
2012
,
local
Houston
rap
artists
Slim
Thug
,
Paul
Wall
and
ZRo
released
a
song
titled
"
HOUSTON
"
supporting
the
Houston
Texans
.

Sentence #73 (18 tokens):
The YouTube video has amassed over a million views becoming unofficially the Texans most popular theme song.

Tokens:
The
YouTube
video
has
amassed
over
a
million
views
becoming
unofficially
the
Texans
most
popular
theme
song
.

Sentence #74 (18 tokens):
The Houston Texans organization is a supporter of the character education program, Heart of a Champion.

Tokens:
The
Houston
Texans
organization
is
a
supporter
of
the
character
education
program
,
Heart
of
a
Champion
.
Coreference set: 2
1 12 12 13 1 2 2 3
3 13 13 15 1 2 2 3
11 9 9 10 1 2 2 3
15 16 16 17 1 2 2 3
29 11 11 12 1 2 2 3
34 21 21 22 1 2 2 3
36 4 4 5 1 2 2 3
67 14 14 15 1 2 2 3
69 11 11 12 1 2 2 3
72 8 8 9 1 2 2 3
72 27 27 28 1 2 2 3
74 2 2 3 1 2 2 3
Coreference set: 5
1 3 1 4 11 10 7 11
3 29 29 30 11 10 7 11
15 17 15 18 11 10 7 11
18 7 7 8 11 10 7 11
29 12 10 13 11 10 7 11
31 7 7 8 11 10 7 11
32 5 5 6 11 10 7 11
72 28 26 29 11 10 7 11
Coreference set: 7
2 2 1 3 1 9 5 15
5 2 1 3 1 9 5 15
5 4 4 5 1 9 5 15
22 2 1 3 1 9 5 15
22 7 7 8 1 9 5 15
22 14 14 15 1 9 5 15
23 19 18 20 1 9 5 15
27 4 3 5 1 9 5 15
28 2 1 4 1 9 5 15
29 2 1 3 1 9 5 15
41 2 1 4 1 9 5 15
64 8 7 10 1 9 5 15
Coreference set: 9
15 26 25 27 1 14 12 15
17 23 23 24 1 14 12 15
Coreference set: 14
2 9 7 18 45 10 7 11
42 24 23 25 45 10 7 11
45 10 8 11 45 10 7 11
Coreference set: 16
2 16 16 17 2 14 11 15
37 20 20 22 2 14 11 15
37 55 54 56 2 14 11 15
42 30 29 32 2 14 11 15
52 11 10 12 2 14 11 15
52 24 24 25 2 14 11 15
Coreference set: 19
2 24 24 25 2 22 19 23
3 5 4 6 2 22 19 23
11 23 21 24 2 22 19 23
12 14 13 16 2 22 19 23
12 37 35 38 2 22 19 23
13 17 15 18 2 22 19 23
15 8 7 10 2 22 19 23
30 9 8 10 2 22 19 23
30 9 9 10 2 22 19 23
30 17 16 18 2 22 19 23
Coreference set: 25
74 14 14 18 74 12 9 13
Coreference set: 26
3 2 1 3 53 8 4 13
6 2 1 3 53 8 4 13
8 28 28 29 53 8 4 13
12 4 4 5 53 8 4 13
12 25 23 39 53 8 4 13
12 25 23 26 53 8 4 13
12 25 25 26 53 8 4 13
13 4 4 5 53 8 4 13
14 19 19 20 53 8 4 13
18 5 4 6 53 8 4 13
19 2 1 4 53 8 4 13
19 10 10 11 53 8 4 13
23 8 7 9 53 8 4 13
24 5 4 6 53 8 4 13
25 4 3 5 53 8 4 13
26 5 4 6 53 8 4 13
30 2 1 3 53 8 4 13
30 6 4 10 53 8 4 13
33 10 10 11 53 8 4 13
34 25 24 27 53 8 4 13
35 16 15 17 53 8 4 13
35 32 31 33 53 8 4 13
35 60 59 61 53 8 4 13
36 31 30 32 53 8 4 13
37 2 1 4 53 8 4 13
38 11 10 13 53 8 4 13
40 2 1 3 53 8 4 13
42 2 1 3 53 8 4 13
45 4 3 5 53 8 4 13
47 15 14 16 53 8 4 13
48 9 8 10 53 8 4 13
49 2 1 3 53 8 4 13
51 2 1 3 53 8 4 13
52 2 1 3 53 8 4 13
53 2 1 3 53 8 4 13
54 17 16 18 53 8 4 13
55 8 7 9 53 8 4 13
56 8 7 9 53 8 4 13
57 15 15 16 53 8 4 13
57 32 31 34 53 8 4 13
67 6 5 7 53 8 4 13
68 2 1 3 53 8 4 13
70 2 1 4 53 8 4 13
71 2 1 3 53 8 4 13
Coreference set: 28
8 9 9 10 3 7 7 8
27 2 2 3 3 7 7 8
30 19 19 20 3 7 7 8
Coreference set: 29
7 12 10 13 3 11 9 12
Coreference set: 30
3 16 13 21 3 20 18 21
3 16 13 17 3 20 18 21
3 20 19 21 3 20 18 21
7 5 4 6 3 20 18 21
Coreference set: 32
7 23 21 24 3 34 32 35
7 23 22 24 3 34 32 35
34 3 1 4 3 34 32 35
34 3 2 4 3 34 32 35
50 28 26 29 3 34 32 35
Coreference set: 33
4 4 1 5 14 3 1 4
4 7 6 8 14 3 1 4
14 22 22 23 14 3 1 4
16 6 5 7 14 3 1 4
Coreference set: 34
25 10 10 11 5 5 5 6
42 9 9 10 5 5 5 6
43 12 12 13 5 5 5 6
Coreference set: 36
42 17 15 18 5 11 9 12
51 23 21 33 5 11 9 12
51 23 21 24 5 11 9 12
Coreference set: 37
5 13 13 18 6 7 5 8
Coreference set: 38
5 17 15 18 52 31 30 32
31 17 15 18 52 31 30 32
48 6 4 7 52 31 30 32
Coreference set: 39
40 11 11 12 6 9 9 10
45 2 2 3 6 9 9 10
Coreference set: 41
7 16 15 17 7 2 1 7
10 6 5 7 7 2 1 7
Coreference set: 44
17 36 36 37 8 21 21 22
Coreference set: 48
9 16 15 18 8 8 7 10
9 20 19 21 8 8 7 10
Coreference set: 63
11 17 16 35 11 2 1 6
Coreference set: 67
14 11 11 13 12 21 19 22
Coreference set: 69
12 2 1 6 14 20 18 21
13 2 1 6 14 20 18 21
71 13 12 14 14 20 18 21
Coreference set: 87
16 4 3 5 17 6 4 50
17 2 1 3 17 6 4 50
Coreference set: 104
20 2 1 3 19 4 1 5
Coreference set: 111
26 22 21 23 21 14 13 15
Coreference set: 114
22 12 11 17 22 9 7 10
22 16 14 17 22 9 7 10
26 19 17 23 22 9 7 10
26 19 17 20 22 9 7 10
Coreference set: 117
25 14 14 15 23 14 14 15
26 17 17 18 23 14 14 15
27 9 9 10 23 14 14 15
Coreference set: 119
23 30 29 31 51 17 15 18
Coreference set: 120
35 28 26 54 23 34 32 35
35 28 26 29 23 34 32 35
35 28 27 29 23 34 32 35
50 12 10 13 23 34 32 35
50 12 11 13 23 34 32 35
51 13 12 14 23 34 32 35
51 28 27 29 23 34 32 35
Coreference set: 126
35 3 1 54 24 23 21 24
35 3 1 4 24 23 21 24
35 3 2 4 24 23 21 24
35 8 5 54 24 23 21 24
50 20 18 21 24 23 21 24
50 20 19 21 24 23 21 24
Coreference set: 129
31 5 4 6 25 11 9 12
42 10 8 11 25 11 9 12
43 13 11 14 25 11 9 12
Coreference set: 137
28 5 1 6 28 7 7 8
Coreference set: 142
37 32 31 43 32 35 34 36
37 32 31 33 32 35 34 36
37 32 32 33 32 35 34 36
Coreference set: 143
37 38 38 39 32 38 37 39
Coreference set: 152
44 13 11 14 32 35 33 36
Coreference set: 154
34 10 10 11 33 11 10 12
Coreference set: 159
68 30 30 31 34 22 20 23
Coreference set: 162
51 9 7 33 35 52 50 53
51 9 7 10 35 52 50 53
Coreference set: 168
37 13 13 14 35 57 57 61
37 26 26 27 35 57 57 61
39 1 1 2 35 57 57 61
40 4 4 5 35 57 57 61
43 5 5 6 35 57 57 61
44 4 4 5 35 57 57 61
Coreference set: 169
54 12 12 13 36 20 20 21
Coreference set: 170
43 18 16 19 36 9 7 23
Coreference set: 171
57 29 26 35 36 15 11 23
57 29 26 30 36 15 11 23
57 29 27 30 36 15 11 23
57 34 31 35 36 15 11 23
Coreference set: 175
37 36 34 37 47 12 9 13
47 12 10 13 47 12 9 13
Coreference set: 184
54 4 3 9 38 4 3 9
Coreference set: 185
54 8 6 9 38 8 6 9
Coreference set: 186
38 19 10 20 38 25 21 27
Coreference set: 187
51 31 31 32 39 5 3 6
Coreference set: 193
41 8 1 9 41 12 10 15
Coreference set: 195
45 14 14 15 42 32 32 33
Coreference set: 203
46 12 10 13 43 4 2 5
Coreference set: 209
46 1 1 2 45 13 13 14
Coreference set: 218
49 15 15 16 48 2 2 7
Coreference set: 221
52 25 24 26 48 22 19 23
Coreference set: 223
55 4 4 5 49 16 16 17
Coreference set: 227
51 15 15 16 50 1 1 2
52 10 10 11 50 1 1 2
Coreference set: 246
55 27 25 28 55 19 17 20
Coreference set: 249
56 14 14 15 55 5 4 33
Coreference set: 262
57 36 11 37 57 40 38 41
57 40 38 45 57 40 38 41
Coreference set: 272
60 10 4 11 60 2 1 3
65 10 4 11 60 2 1 3
Coreference set: 275
63 19 18 20 61 8 7 9
66 6 5 7 61 8 7 9
Coreference set: 278
66 14 13 15 61 20 18 21
Coreference set: 279
62 13 8 14 62 6 6 7
Coreference set: 281
62 2 1 3 63 6 4 7
Coreference set: 293
69 6 6 7 67 18 17 19
Coreference set: 294
67 3 1 7 67 12 11 13
67 9 9 10 67 12 11 13
Coreference set: 296
69 2 1 3 68 9 6 10
71 6 5 7 68 9 6 10
