Document: ID=Jarvis Island (55 sentences, 1489 tokens)

Sentence #1 (38 tokens):
Jarvis Island is an uninhabited 1.75 square mile (4.5 sq kilometer) coral island located in the South Pacific Ocean at 0 22 S 160 01 W , about halfway between Hawaii and the Cook Islands.

Tokens:
Jarvis
Island
is
an
uninhabited
1.75
square
mile
(
4.5
sq
kilometer
)
coral
island
located
in
the
South
Pacific
Ocean
at
0
22
S
160
01
W
,
about
halfway
between
Hawaii
and
the
Cook
Islands
.

Sentence #2 (38 tokens):
It is an unincorporated, unorganized territory of the United States, administered by the United States Fish and Wildlife Service of the United States Department of the Interior as part of the National Wildlife Refuge system.

Tokens:
It
is
an
unincorporated
,
unorganized
territory
of
the
United
States
,
administered
by
the
United
States
Fish
and
Wildlife
Service
of
the
United
States
Department
of
the
Interior
as
part
of
the
National
Wildlife
Refuge
system
.

Sentence #3 (13 tokens):
Unlike most coral atolls, the lagoon on Jarvis is wholly dry.

Tokens:
Unlike
most
coral
atolls
,
the
lagoon
on
Jarvis
is
wholly
dry
.

Sentence #4 (25 tokens):
Jarvis is one of the southern Line Islands and for statistical purposes is also grouped as one of the United States Minor Outlying Islands.

Tokens:
Jarvis
is
one
of
the
southern
Line
Islands
and
for
statistical
purposes
is
also
grouped
as
one
of
the
United
States
Minor
Outlying
Islands
.

Sentence #5 (26 tokens):
While a few offshore anchorage spots are marked on maps, Jarvis island has no ports or harbors, and swift currents are a hazard.

Tokens:
While
a
few
offshore
anchorage
spots
are
marked
on
maps
,
Jarvis
island
has
no
ports
or
harbors
,
and
swift
currents
are
a
hazard
.

Sentence #6 (29 tokens):
There is a boat landing area in the middle of the western shoreline near a crumbling day beacon, and another near the southwest corner of the island.

Tokens:
There
is
a
boat
landing
area
in
the
middle
of
the
western
shoreline
near
a
crumbling
day
beacon
,
and
another
near
the
southwest
corner
of
the
island
.

Sentence #7 (27 tokens):
The center of Jarvis island is a dried lagoon where deep guano deposits accumulated, which were mined for about 20 years during the nineteenth century.

Tokens:
The
center
of
Jarvis
island
is
a
dried
lagoon
where
deep
guano
deposits
accumulated
,
which
were
mined
for
about
20
years
during
the
nineteenth
century
.

Sentence #8 (20 tokens):
The island has a tropical desert climate, with high daytime temperatures, constant wind, and strong sun.

Tokens:
The
island
has
a
tropical
desert
climate
,
with
high
daytime
temperatures
,
constant
wind
,
and
strong
sun
.

Sentence #9 (8 tokens):
Nights, however, are quite cool.

Tokens:
Nights
,
however
,
are
quite
cool
.

Sentence #10 (18 tokens):
The ground is mostly sandy and reaches 23 feet (7 meters) at its highest point.

Tokens:
The
ground
is
mostly
sandy
and
reaches
23
feet
(
7
meters
)
at
its
highest
point
.

Sentence #11 (26 tokens):
The low-lying coral island has long been noted as hard to sight from small ships and is surrounded by a narrow fringing reef.

Tokens:
The
low
-
lying
coral
island
has
long
been
noted
as
hard
to
sight
from
small
ships
and
is
surrounded
by
a
narrow
fringing
reef
.

Sentence #12 (20 tokens):
Located only 25 miles south of the equator, Jarvis has no known natural freshwater lens and scant rainfall.

Tokens:
Located
only
25
miles
south
of
the
equator
,
Jarvis
has
no
known
natural
freshwater
lens
and
scant
rainfall
.

Sentence #13 (15 tokens):
This creates a very bleak, flat landscape without any plants larger than shrubs.

Tokens:
This
creates
a
very
bleak
,
flat
landscape
without
any
plants
larger
than
shrubs
.

Sentence #14 (17 tokens):
There is no evidence that the island has ever supported a self-sustaining human population.

Tokens:
There
is
no
evidence
that
the
island
has
ever
supported
a
self
-
sustaining
human
population
.

Sentence #15 (31 tokens):
Its sparse bunch grass, prostrate vines and low-growing shrubs are primarily a nesting, roosting, and foraging habitat for seabirds, shorebirds, and marine wildlife.

Tokens:
Its
sparse
bunch
grass
,
prostrate
vines
and
low
-
growing
shrubs
are
primarily
a
nesting
,
roosting
,
and
foraging
habitat
for
seabirds
,
shorebirds
,
and
marine
wildlife
.

Sentence #16 (38 tokens):
The island's first known sighting by Europeans was on 21 August 1821 by the British ship Eliza Francis (or Eliza Frances) owned by Edward, Thomas and William Jarvis and commanded by Captain Brown.

Tokens:
The
island
's
first
known
sighting
by
Europeans
was
on
21
August
1821
by
the
British
ship
Eliza
Francis
(
or
Eliza
Frances
)
owned
by
Edward
,
Thomas
and
William
Jarvis
and
commanded
by
Captain
Brown
.

Sentence #17 (25 tokens):
In March 1857 the uninhabited island was claimed for the United States under the Guano Islands Act and formally annexed on 27 February 1858.

Tokens:
In
March
1857
the
uninhabited
island
was
claimed
for
the
United
States
under
the
Guano
Islands
Act
and
formally
annexed
on
27
February
1858
.

Sentence #18 (35 tokens):
The American Guano Company, which was incorporated in 1857, established claims in respect of Baker Island and Jarvis Island which was recognised under the under the U.S. Guano Islands Act of 1856.

Tokens:
The
American
Guano
Company
,
which
was
incorporated
in
1857
,
established
claims
in
respect
of
Baker
Island
and
Jarvis
Island
which
was
recognised
under
the
under
the
U.S.
Guano
Islands
Act
of
1856
.

Sentence #19 (36 tokens):
Beginning in 1858, several support structures were built on Jarvis Island, along with a two-story, eight-room "superintendent's house" featuring an observation cupola and wide verandahs.

Tokens:
Beginning
in
1858
,
several
support
structures
were
built
on
Jarvis
Island
,
along
with
a
two
-
story
,
eight
-
room
"
superintendent
's
house
"
featuring
an
observation
cupola
and
wide
verandahs
.

Sentence #20 (14 tokens):
Tram tracks were laid down for bringing mined guano to the western shore.

Tokens:
Tram
tracks
were
laid
down
for
bringing
mined
guano
to
the
western
shore
.

Sentence #21 (12 tokens):
One of the first loads was taken by Samuel Gardner Wilder.

Tokens:
One
of
the
first
loads
was
taken
by
Samuel
Gardner
Wilder
.

Sentence #22 (45 tokens):
For the following twenty-one years, Jarvis was commercially mined for guano, sent to the United States as fertilizer, but the island was abruptly abandoned in 1879, leaving behind about a dozen buildings and 8,000 tonnes of mined guano.

Tokens:
For
the
following
twenty
-
one
years
,
Jarvis
was
commercially
mined
for
guano
,
sent
to
the
United
States
as
fertilizer
,
but
the
island
was
abruptly
abandoned
in
1879
,
leaving
behind
about
a
dozen
buildings
and
8,000
tonnes
of
mined
guano
.

Sentence #23 (28 tokens):
New Zealand entrepreneurs then made unsuccessful attempts to continue guano extraction on Jarvis, and the two-story house was sporadically inhabited during the early 1880s.

Tokens:
New
Zealand
entrepreneurs
then
made
unsuccessful
attempts
to
continue
guano
extraction
on
Jarvis
,
and
the
two
-
story
house
was
sporadically
inhabited
during
the
early
1880s
.

Sentence #24 (27 tokens):
Squire Flockton was left alone on the island as caretaker for several months and committed suicide there in 1883, apparently from gin-fueled despair.

Tokens:
Squire
Flockton
was
left
alone
on
the
island
as
caretaker
for
several
months
and
committed
suicide
there
in
1883
,
apparently
from
gin
-
fueled
despair
.

Sentence #25 (24 tokens):
His wooden grave marker was a carved plank which could be seen in the island's tiny four-grave cemetery for decades.

Tokens:
His
wooden
grave
marker
was
a
carved
plank
which
could
be
seen
in
the
island
's
tiny
four
-
grave
cemetery
for
decades
.

Sentence #26 (11 tokens):
The United Kingdom annexed the island on 3 June 1889.

Tokens:
The
United
Kingdom
annexed
the
island
on
3
June
1889
.

Sentence #27 (49 tokens):
Phosphate and copra entrepreneur John T. Arundel visited the island in 1909 on maiden voyage of the S.S. Ocean Queen and near the beach landing on the western shore members of the crew built a pyramidal day beacon made from slats of wood, which was painted white.

Tokens:
Phosphate
and
copra
entrepreneur
John
T.
Arundel
visited
the
island
in
1909
on
maiden
voyage
of
the
S.S.
Ocean
Queen
and
near
the
beach
landing
on
the
western
shore
members
of
the
crew
built
a
pyramidal
day
beacon
made
from
slats
of
wood
,
which
was
painted
white
.

Sentence #28 (14 tokens):
The beacon was standing in 1935, and remained until at least 1942.

Tokens:
The
beacon
was
standing
in
1935
,
and
remained
until
at
least
1942
.

Sentence #29 (38 tokens):
On 30 August 1913, the barquentine Amaranth (C.W. Nielson, captain) was carrying a cargo of coal from Newcastle, New South Wales to San Francisco when it wrecked on Jarvis' southern shore.

Tokens:
On
30
August
1913
,
the
barquentine
Amaranth
(
C.W.
Nielson
,
captain
)
was
carrying
a
cargo
of
coal
from
Newcastle
,
New
South
Wales
to
San
Francisco
when
it
wrecked
on
Jarvis
'
southern
shore
.

Sentence #30 (33 tokens):
Ruins of ten wooden guano-mining buildings, the two-story house among them, could still be seen by the Amaranth crew, who left Jarvis aboard two lifeboats.

Tokens:
Ruins
of
ten
wooden
guano
-
mining
buildings
,
the
two
-
story
house
among
them
,
could
still
be
seen
by
the
Amaranth
crew
,
who
left
Jarvis
aboard
two
lifeboats
.

Sentence #31 (16 tokens):
One reached Pago Pago, American Samoa and the other made Apia in Western Samoa.

Tokens:
One
reached
Pago
Pago
,
American
Samoa
and
the
other
made
Apia
in
Western
Samoa
.

Sentence #32 (35 tokens):
The ship's scattered remains were noted and scavenged for many years, and rounded fragments of coal from the Amaranths hold were still being found on the south beach in the late 1930s.

Tokens:
The
ship
's
scattered
remains
were
noted
and
scavenged
for
many
years
,
and
rounded
fragments
of
coal
from
the
Amaranths
hold
were
still
being
found
on
the
south
beach
in
the
late
1930s
.

Sentence #33 (36 tokens):
Jarvis Island was reclaimed by the United States government and colonized from 26 March 1935 onwards, under the Baker, Howland and Jarvis Colonization Scheme (see also Howland Island and Baker Island).

Tokens:
Jarvis
Island
was
reclaimed
by
the
United
States
government
and
colonized
from
26
March
1935
onwards
,
under
the
Baker
,
Howland
and
Jarvis
Colonization
Scheme
(
see
also
Howland
Island
and
Baker
Island
)
.

Sentence #34 (21 tokens):
President Franklin D. Roosevelt assigned administration of the island to the U.S. Department of the Interior on 13 May 1936.

Tokens:
President
Franklin
D.
Roosevelt
assigned
administration
of
the
island
to
the
U.S.
Department
of
the
Interior
on
13
May
1936
.

Sentence #35 (45 tokens):
Starting out as a cluster of large, open tents pitched next to the still-standing white wooden day beacon, the Millersville settlement on the island's western shore was named after a bureaucrat with the United States Department of Air Commerce.

Tokens:
Starting
out
as
a
cluster
of
large
,
open
tents
pitched
next
to
the
still
-
standing
white
wooden
day
beacon
,
the
Millersville
settlement
on
the
island
's
western
shore
was
named
after
a
bureaucrat
with
the
United
States
Department
of
Air
Commerce
.

Sentence #36 (54 tokens):
The settlement grew into a group of shacks built mostly with wreckage from the Amaranth (lumber from which was also used by the young Hawaiian colonists to build surfboards), but later, stone and wood dwellings were built and equipped with refrigeration, radio equipment, and a weather station.

Tokens:
The
settlement
grew
into
a
group
of
shacks
built
mostly
with
wreckage
from
the
Amaranth
(
lumber
from
which
was
also
used
by
the
young
Hawaiian
colonists
to
build
surfboards
)
,
but
later
,
stone
and
wood
dwellings
were
built
and
equipped
with
refrigeration
,
radio
equipment
,
and
a
weather
station
.

Sentence #37 (47 tokens):
A crude aircraft landing area was cleared on the northeast side of the island, and a T-shaped marker which was intended to be seen from the air was made from gathered stones, but no airplane is known to have ever landed there.

Tokens:
A
crude
aircraft
landing
area
was
cleared
on
the
northeast
side
of
the
island
,
and
a
T
-
shaped
marker
which
was
intended
to
be
seen
from
the
air
was
made
from
gathered
stones
,
but
no
airplane
is
known
to
have
ever
landed
there
.

Sentence #38 (22 tokens):
At the beginning of World War II, an Imperial Japanese Navy submarine surfaced off the west coast of the Island.

Tokens:
At
the
beginning
of
World
War
II
,
an
Imperial
Japanese
Navy
submarine
surfaced
off
the
west
coast
of
the
Island
.

Sentence #39 (33 tokens):
Believing that it was a U.S. Navy submarine which had come to fetch them, the four young colonists rushed down the steep western beach in front of Millersville towards the shore.

Tokens:
Believing
that
it
was
a
U.S.
Navy
submarine
which
had
come
to
fetch
them
,
the
four
young
colonists
rushed
down
the
steep
western
beach
in
front
of
Millersville
towards
the
shore
.

Sentence #40 (21 tokens):
The submarine answered their waves with fire from its deck gun, but no one was hurt in the attack.

Tokens:
The
submarine
answered
their
waves
with
fire
from
its
deck
gun
,
but
no
one
was
hurt
in
the
attack
.

Sentence #41 (19 tokens):
On 7 February 1942, the USCGC Taney evacuated the colonists, then shelled and burned the dwellings.

Tokens:
On
7
February
1942
,
the
USCGC
Taney
evacuated
the
colonists
,
then
shelled
and
burned
the
dwellings
.

Sentence #42 (22 tokens):
The roughly cleared landing area on the island's northeast end was later shelled by the Japanese, leaving crater holes.

Tokens:
The
roughly
cleared
landing
area
on
the
island
's
northeast
end
was
later
shelled
by
the
Japanese
,
leaving
crater
holes
.

Sentence #43 (17 tokens):
Jarvis was visited by scientists during the International Geophysical Year from July 1957 until November 1958.

Tokens:
Jarvis
was
visited
by
scientists
during
the
International
Geophysical
Year
from
July
1957
until
November
1958
.

Sentence #44 (42 tokens):
In January 1958 all scattered building ruins from both the nineteenth century guano diggings and the 1935-1942 colonization attempt were swept away without a trace by a severe storm which lasted several days and was witnessed by the scientists.

Tokens:
In
January
1958
all
scattered
building
ruins
from
both
the
nineteenth
century
guano
diggings
and
the
1935
-
1942
colonization
attempt
were
swept
away
without
a
trace
by
a
severe
storm
which
lasted
several
days
and
was
witnessed
by
the
scientists
.

Sentence #45 (12 tokens):
When the IGY research project ended the island was abandoned again.

Tokens:
When
the
IGY
research
project
ended
the
island
was
abandoned
again
.

Sentence #46 (46 tokens):
By the early 1960s a few sheds, a century of accumulated trash, the scientists' house from the late 1950s and a solid, short lighthouse-like day beacon built two decades before were the only signs of human habitation on Jarvis.

Tokens:
By
the
early
1960s
a
few
sheds
,
a
century
of
accumulated
trash
,
the
scientists
'
house
from
the
late
1950s
and
a
solid
,
short
lighthouse
-
like
day
beacon
built
two
decades
before
were
the
only
signs
of
human
habitation
on
Jarvis
.

Sentence #47 (33 tokens):
On 27 June 1974, Secretary of the Interior Rogers Morton created Jarvis Island National Wildlife Refuge which was expanded in 2009 to add submerged lands within 12 nmi of the island.

Tokens:
On
27
June
1974
,
Secretary
of
the
Interior
Rogers
Morton
created
Jarvis
Island
National
Wildlife
Refuge
which
was
expanded
in
2009
to
add
submerged
lands
within
12
nmi
of
the
island
.

Sentence #48 (10 tokens):
The refuge now includes of land and of water.

Tokens:
The
refuge
now
includes
of
land
and
of
water
.

Sentence #49 (29 tokens):
Along with six other islands, the island was administered by the U.S. Fish and Wildlife Service as part of the Pacific Remote Islands National Wildlife Refuge Complex.

Tokens:
Along
with
six
other
islands
,
the
island
was
administered
by
the
U.S.
Fish
and
Wildlife
Service
as
part
of
the
Pacific
Remote
Islands
National
Wildlife
Refuge
Complex
.

Sentence #50 (22 tokens):
In January 2009, that entity was upgraded to the Pacific Remote Islands Marine National Monument by President George W. Bush.

Tokens:
In
January
2009
,
that
entity
was
upgraded
to
the
Pacific
Remote
Islands
Marine
National
Monument
by
President
George
W.
Bush
.

Sentence #51 (26 tokens):
A feral cat population, descendants of cats brought by guano miners, wrought disruption to the island's wildlife and vegetation since the 1930s.

Tokens:
A
feral
cat
population
,
descendants
of
cats
brought
by
guano
miners
,
wrought
disruption
to
the
island
's
wildlife
and
vegetation
since
the
1930s
.

Sentence #52 (21 tokens):
These cats were removed through efforts which began in the mid-1960s and lasted until 1990 when they were completely eradicated.

Tokens:
These
cats
were
removed
through
efforts
which
began
in
the
mid-1960s
and
lasted
until
1990
when
they
were
completely
eradicated
.

Sentence #53 (41 tokens):
Nineteenth century tram track remains can be seen in the dried lagoon bed at the island's center and the late 1930s-era lighthouse-shaped day beacon still stands on the western shore at the site of Millersville.

Tokens:
Nineteenth
century
tram
track
remains
can
be
seen
in
the
dried
lagoon
bed
at
the
island
's
center
and
the
late
1930s
-
era
lighthouse
-
shaped
day
beacon
still
stands
on
the
western
shore
at
the
site
of
Millersville
.

Sentence #54 (20 tokens):
Public entry to Jarvis Island requires a special-use permit and is generally restricted to scientists and educators.

Tokens:
Public
entry
to
Jarvis
Island
requires
a
special
-
use
permit
and
is
generally
restricted
to
scientists
and
educators
.

Sentence #55 (19 tokens):
The island is visited periodically by the U.S. Fish and Wildlife Service and the United States Coast Guard.

Tokens:
The
island
is
visited
periodically
by
the
U.S.
Fish
and
Wildlife
Service
and
the
United
States
Coast
Guard
.
Coreference set: 1
1 2 1 3 1 37 35 38
1 15 4 38 1 37 35 38
2 1 1 2 1 37 35 38
2 7 3 38 1 37 35 38
2 7 3 12 1 37 35 38
5 13 12 14 1 37 35 38
6 28 27 29 1 37 35 38
7 5 4 6 1 37 35 38
8 2 1 3 1 37 35 38
14 7 6 8 1 37 35 38
16 2 1 4 1 37 35 38
17 6 4 7 1 37 35 38
18 18 17 19 1 37 35 38
18 21 20 27 1 37 35 38
19 12 11 13 1 37 35 38
22 26 25 27 1 37 35 38
25 15 14 17 1 37 35 38
26 6 5 7 1 37 35 38
27 10 9 11 1 37 35 38
33 2 1 3 1 37 35 38
33 31 30 32 1 37 35 38
33 34 33 35 1 37 35 38
34 9 8 10 1 37 35 38
35 28 27 30 1 37 35 38
37 14 13 15 1 37 35 38
38 21 20 22 1 37 35 38
42 8 7 10 1 37 35 38
45 8 7 9 1 37 35 38
47 32 31 33 1 37 35 38
49 8 7 9 1 37 35 38
51 18 17 20 1 37 35 38
53 16 15 18 1 37 35 38
54 5 4 6 1 37 35 38
55 2 1 3 1 37 35 38
Coreference set: 11
2 11 10 12 2 11 9 12
17 12 10 13 2 11 9 12
22 20 18 21 2 11 9 12
33 8 7 9 2 11 9 12
Coreference set: 15
34 16 15 17 2 29 28 37
Coreference set: 18
3 9 9 10 16 32 31 33
4 1 1 2 16 32 31 33
5 12 12 13 16 32 31 33
7 4 4 5 16 32 31 33
12 10 10 11 16 32 31 33
22 9 9 10 16 32 31 33
23 13 13 14 16 32 31 33
25 1 1 2 16 32 31 33
29 34 34 36 16 32 31 33
30 29 29 30 16 32 31 33
33 24 24 25 16 32 31 33
43 1 1 2 16 32 31 33
46 45 45 46 16 32 31 33
Coreference set: 37
53 1 1 2 7 25 25 26
Coreference set: 38
7 2 1 6 53 18 15 19
7 9 7 27 53 18 15 19
7 9 7 15 53 18 15 19
Coreference set: 47
41 2 2 3 10 11 11 12
Coreference set: 48
10 15 15 16 10 2 1 3
Coreference set: 63
15 1 1 2 14 4 3 5
Coreference set: 66
15 16 15 17 15 4 1 5
Coreference set: 96
23 19 17 20 19 19 17 20
30 13 11 14 19 19 17 20
Coreference set: 100
23 20 16 21 19 27 16 28
30 14 10 17 19 27 16 28
Coreference set: 137
30 16 16 17 27 7 1 8
Coreference set: 143
28 2 1 3 27 38 35 49
Coreference set: 148
29 8 8 9 36 15 14 16
30 24 24 25 36 15 14 16
Coreference set: 151
29 31 31 32 29 2 2 5
Coreference set: 160
46 34 34 35 30 31 31 32
Coreference set: 183
51 25 24 26 32 34 32 35
Coreference set: 197
39 29 29 30 35 24 24 25
53 40 40 41 35 24 24 25
Coreference set: 201
36 2 1 3 35 25 23 32
Coreference set: 202
39 32 31 33 35 31 27 32
Coreference set: 208
39 14 14 15 36 27 24 28
40 4 4 5 36 27 24 28
Coreference set: 210
36 39 36 40 41 18 17 19
Coreference set: 228
40 2 1 3 39 8 5 15
40 9 9 10 39 8 5 15
Coreference set: 229
41 11 10 12 39 19 16 20
Coreference set: 242
43 5 5 11 44 41 40 42
46 16 15 18 44 41 40 42
Coreference set: 246
50 2 2 3 44 2 2 4
Coreference set: 255
46 10 9 14 46 4 2 8
Coreference set: 269
48 2 1 3 47 17 13 33
Coreference set: 270
50 3 3 22 47 22 22 23
50 3 3 4 47 22 22 23
Coreference set: 276
49 17 12 18 55 12 11 13
55 12 7 13 55 12 11 13
Coreference set: 284
51 8 8 13 52 2 1 3
Coreference set: 288
52 17 17 18 52 11 10 12
