Document: ID=Johnston Atoll (88 sentences, 2121 tokens)

Sentence #1 (19 tokens):
Johnston Atoll is a 1.03 sqmi atoll in the North Pacific Ocean about 750 nmi west of Hawaii.

Tokens:
Johnston
Atoll
is
a
1.03
sqmi
atoll
in
the
North
Pacific
Ocean
about
750
nmi
west
of
Hawaii
.

Sentence #2 (16 tokens):
The atoll, which is located on the coral reef platform, comprises four islands.

Tokens:
The
atoll
,
which
is
located
on
the
coral
reef
platform
,
comprises
four
islands
.

Sentence #3 (29 tokens):
Johnston and Sand islands are both enlarged natural features, while North (Akau) and East (Hikina) are two artificial islands formed by coral dredging.

Tokens:
Johnston
and
Sand
islands
are
both
enlarged
natural
features
,
while
North
(
Akau
)
and
East
(
Hikina
)
are
two
artificial
islands
formed
by
coral
dredging
.

Sentence #4 (14 tokens):
Johnston Atoll is grouped as one of the United States Minor Outlying Islands.

Tokens:
Johnston
Atoll
is
grouped
as
one
of
the
United
States
Minor
Outlying
Islands
.

Sentence #5 (16 tokens):
For nearly 70 years, the atoll was under the control of the American military.

Tokens:
For
nearly
70
years
,
the
atoll
was
under
the
control
of
the
American
military
.

Sentence #6 (20 tokens):
In that time it was used as an airbase, a naval refuelling depot and a weapons testing area.

Tokens:
In
that
time
it
was
used
as
an
airbase
,
a
naval
refuelling
depot
and
a
weapons
testing
area
.

Sentence #7 (14 tokens):
In the mid-1980s, the atoll became a facility for chemical weapons disposal.

Tokens:
In
the
mid-1980s
,
the
atoll
became
a
facility
for
chemical
weapons
disposal
.

Sentence #8 (17 tokens):
In 2004 the military base was closed; island control was handed over to civilian authorities.

Tokens:
In
2004
the
military
base
was
closed
;
island
control
was
handed
over
to
civilian
authorities
.

Sentence #9 (35 tokens):
Johnston is an unincorporated territory of the United States administered by the United States Fish and Wildlife Service of the Department of the Interior as part of the Pacific Remote Islands Marine National Monument.

Tokens:
Johnston
is
an
unincorporated
territory
of
the
United
States
administered
by
the
United
States
Fish
and
Wildlife
Service
of
the
Department
of
the
Interior
as
part
of
the
Pacific
Remote
Islands
Marine
National
Monument
.

Sentence #10 (27 tokens):
The first Western record of the atoll was on September 2, 1796 when the American brig Sally accidentally grounded on a shoal near the islands.

Tokens:
The
first
Western
record
of
the
atoll
was
on
September
2
,
1796
when
the
American
brig
Sally
accidentally
grounded
on
a
shoal
near
the
islands
.

Sentence #11 (34 tokens):
The ship's captain, Joseph Pierpont, published his experience in several American newspapers the following year giving an accurate position of Johnston and Sand Island along with part of the reef.

Tokens:
The
ship
's
captain
,
Joseph
Pierpont
,
published
his
experience
in
several
American
newspapers
the
following
year
giving
an
accurate
position
of
Johnston
and
Sand
Island
along
with
part
of
the
reef
.

Sentence #12 (12 tokens):
However he did not name or lay claim to the area.

Tokens:
However
he
did
not
name
or
lay
claim
to
the
area
.

Sentence #13 (24 tokens):
The islands were not officially named until Captain Charles J. Johnston of the Royal Naval ship sighted them on December 14, 1807.

Tokens:
The
islands
were
not
officially
named
until
Captain
Charles
J.
Johnston
of
the
Royal
Naval
ship
sighted
them
on
December
14
,
1807
.

Sentence #14 (19 tokens):
In 1858 William Parker and R. F. Ryan, chartered the schooner Palestine specifically to find Johnston Atoll.

Tokens:
In
1858
William
Parker
and
R.
F.
Ryan
,
chartered
the
schooner
Palestine
specifically
to
find
Johnston
Atoll
.

Sentence #15 (22 tokens):
They located guano on the atoll in March 1858 and they proceed to claim the island under the Guano Islands Act.

Tokens:
They
located
guano
on
the
atoll
in
March
1858
and
they
proceed
to
claim
the
island
under
the
Guano
Islands
Act
.

Sentence #16 (18 tokens):
By 1858, Johnston Atoll was claimed by both the United States and the Kingdom of Hawaii.

Tokens:
By
1858
,
Johnston
Atoll
was
claimed
by
both
the
United
States
and
the
Kingdom
of
Hawaii
.

Sentence #17 (23 tokens):
In June 1858, Samuel Allen, sailing on the Kalama, tore down the U.S. flag and raised the Hawaiian flag.

Tokens:
In
June
1858
,
Samuel
Allen
,
sailing
on
the
Kalama
,
tore
down
the
U.S.
flag
and
raised
the
Hawaiian
flag
.

Sentence #18 (19 tokens):
On July 27, 1858, the atoll was declared part of the domain of King Kamehameha IV.

Tokens:
On
July
27
,
1858
,
the
atoll
was
declared
part
of
the
domain
of
King
Kamehameha
IV
.

Sentence #19 (29 tokens):
However, later that year King Kamehameha revoked the lease granted to Allen when the King learned that the atoll had been claimed previously by the United States.

Tokens:
However
,
later
that
year
King
Kamehameha
revoked
the
lease
granted
to
Allen
when
the
King
learned
that
the
atoll
had
been
claimed
previously
by
the
United
States
.

Sentence #20 (25 tokens):
By 1890 the atoll's entire guano deposits had been depleted (mined out) by U.S. interests operating under the Guano Islands Act.

Tokens:
By
1890
the
atoll
's
entire
guano
deposits
had
been
depleted
(
mined
out
)
by
U.S.
interests
operating
under
the
Guano
Islands
Act
.

Sentence #21 (20 tokens):
From July 10 to July 22, 1923, the atoll was recorded in a pioneering aerial photography project.

Tokens:
From
July
10
to
July
22
,
1923
,
the
atoll
was
recorded
in
a
pioneering
aerial
photography
project
.

Sentence #22 (32 tokens):
In 1923 by Executive Order No. 4467, President Calvin Coolidge established Johnston Atoll as a federal bird refuge and placed it under the control of the U.S. Department of Agriculture.

Tokens:
In
1923
by
Executive
Order
No.
4467
,
President
Calvin
Coolidge
established
Johnston
Atoll
as
a
federal
bird
refuge
and
placed
it
under
the
control
of
the
U.S.
Department
of
Agriculture
.

Sentence #23 (42 tokens):
On December 29, 1934, President Franklin D. Roosevelt transferred control of Johnston Atoll to the United States Navy in order to establish an air station, and also to the Department of the Interior to administer the bird refuge.

Tokens:
On
December
29
,
1934
,
President
Franklin
D.
Roosevelt
transferred
control
of
Johnston
Atoll
to
the
United
States
Navy
in
order
to
establish
an
air
station
,
and
also
to
the
Department
of
the
Interior
to
administer
the
bird
refuge
.

Sentence #24 (19 tokens):
In 1936, the Navy began to develop a base for seaplanes and an airstrip with refueling facilities.

Tokens:
In
1936
,
the
Navy
began
to
develop
a
base
for
seaplanes
and
an
airstrip
with
refueling
facilities
.

Sentence #25 (17 tokens):
On February 1941 Johnston Atoll was designated as a Naval Defensive Sea Area and Airspace Reservation.

Tokens:
On
February
1941
Johnston
Atoll
was
designated
as
a
Naval
Defensive
Sea
Area
and
Airspace
Reservation
.

Sentence #26 (20 tokens):
The atoll was briefly shelled by Japanese naval units shortly after the attack on Pearl Harbor in December 1941.

Tokens:
The
atoll
was
briefly
shelled
by
Japanese
naval
units
shortly
after
the
attack
on
Pearl
Harbor
in
December
1941
.

Sentence #27 (31 tokens):
But as the Pacific War soon shifted west, the island's role changed from being a combat outpost to a refueling and resupply base for American aircraft and submarines.

Tokens:
But
as
the
Pacific
War
soon
shifted
west
,
the
island
's
role
changed
from
being
a
combat
outpost
to
a
refueling
and
resupply
base
for
American
aircraft
and
submarines
.

Sentence #28 (33 tokens):
On November 1, 1957, a United States Coast Guard LORAN-A station was commissioned (on Sand Island) which switched to a LORAN-C station in 1979.

Tokens:
On
November
1
,
1957
,
a
United
States
Coast
Guard
LORAN
-
A
station
was
commissioned
(
on
Sand
Island
)
which
switched
to
a
LORAN
-
C
station
in
1979
.

Sentence #29 (10 tokens):
The station was disestablished on July 1, 1992.

Tokens:
The
station
was
disestablished
on
July
1
,
1992
.

Sentence #30 (29 tokens):
The Johnston Atoll area was used during the 1950s and 1960s as an American nuclear weapons test site-for both above-ground and underground nuclear tests.

Tokens:
The
Johnston
Atoll
area
was
used
during
the
1950s
and
1960s
as
an
American
nuclear
weapons
test
site
-
for
both
above
-
ground
and
underground
nuclear
tests
.

Sentence #31 (27 tokens):
Later on, it became the site of a chemical weapons depot and the site of the Johnston Atoll Chemical Agent Disposal System (JACADS).

Tokens:
Later
on
,
it
became
the
site
of
a
chemical
weapons
depot
and
the
site
of
the
Johnston
Atoll
Chemical
Agent
Disposal
System
(
JACADS
)
.

Sentence #32 (29 tokens):
All of the chemical weapons that were once stored on Johnston Island have been incinerated, and that process was completed in 2000 and JACADS demolished by 2003.

Tokens:
All
of
the
chemical
weapons
that
were
once
stored
on
Johnston
Island
have
been
incinerated
,
and
that
process
was
completed
in
2000
and
JACADS
demolished
by
2003
.

Sentence #33 (15 tokens):
Between 1958 and 1975, several scientific sounding rockets were launched from Johnston Island.

Tokens:
Between
1958
and
1975
,
several
scientific
sounding
rockets
were
launched
from
Johnston
Island
.

Sentence #34 (31 tokens):
There were also several nuclear test missiles that were launched from Johnston Island in 1962 during the "Operation Dominic" series of nuclear tests, from a launchpad at .

Tokens:
There
were
also
several
nuclear
test
missiles
that
were
launched
from
Johnston
Island
in
1962
during
the
"
Operation
Dominic
"
series
of
nuclear
tests
,
from
a
launchpad
at
.

Sentence #35 (32 tokens):
Twelve thermonuclear warheads were exploded in all, one of which was deliberately disrupted when the PGM-17 Thor carrying it failed to launch scattering plutonium debris over the island.

Tokens:
Twelve
thermonuclear
warheads
were
exploded
in
all
,
one
of
which
was
deliberately
disrupted
when
the
PGM
-
17
Thor
carrying
it
failed
to
launch
scattering
plutonium
debris
over
the
island
.

Sentence #36 (52 tokens):
Afterwards, the radioactive debris and soils were placed in a 25 acre landfill on the island, along with residue from Agent Orange containers returned from Southeast Asia after the Vietnam War, PCBs, PAHs, dioxins, and sarin nerve gas from the Soviet Union and East Germany.

Tokens:
Afterwards
,
the
radioactive
debris
and
soils
were
placed
in
a
25
acre
landfill
on
the
island
,
along
with
residue
from
Agent
Orange
containers
returned
from
Southeast
Asia
after
the
Vietnam
War
,
PCBs
,
PAHs
,
dioxins
,
and
sarin
nerve
gas
from
the
Soviet
Union
and
East
Germany
.

Sentence #37 (26 tokens):
citation needed
In 1963, the U.S. Senate ratified the Limited Test Ban Treaty, which contained a provision known as "Safeguard C".

Tokens:
citation
needed
In
1963
,
the
U.S.
Senate
ratified
the
Limited
Test
Ban
Treaty
,
which
contained
a
provision
known
as
"
Safeguard
C
"
.

Sentence #38 (34 tokens):
Safeguard C was the basis for maintaining Johnston Atoll as a "ready to test" above-ground nuclear testing site should atmospheric nuclear testing ever be deemed to be necessary again.

Tokens:
Safeguard
C
was
the
basis
for
maintaining
Johnston
Atoll
as
a
"
ready
to
test
"
above
-
ground
nuclear
testing
site
should
atmospheric
nuclear
testing
ever
be
deemed
to
be
necessary
again
.

Sentence #39 (23 tokens):
In 1993, Congress appropriated no funds for the Johnston Atoll "Safeguard C" mission, bringing it to an end.

Tokens:
In
1993
,
Congress
appropriated
no
funds
for
the
Johnston
Atoll
"
Safeguard
C
"
mission
,
bringing
it
to
an
end
.

Sentence #40 (16 tokens):
Congress redefined the island's military mission as the storage and destruction of chemical weapons.

Tokens:
Congress
redefined
the
island
's
military
mission
as
the
storage
and
destruction
of
chemical
weapons
.

Sentence #41 (13 tokens):
It was used for rocket-launched nuclear tests in the 1950s.

Tokens:
It
was
used
for
rocket
-
launched
nuclear
tests
in
the
1950s
.

Sentence #42 (15 tokens):
In the 1960s it was the site for the operational Program 437 anti-satellite system.

Tokens:
In
the
1960s
it
was
the
site
for
the
operational
Program
437
anti-satellite
system
.

Sentence #43 (10 tokens):
Several sounding rockets were also launched over the years.

Tokens:
Several
sounding
rockets
were
also
launched
over
the
years
.

Sentence #44 (20 tokens):
Known to have been used for 124 launches from 1958 to 1975, reaching up to 1158 kilometers altitude.

Tokens:
Known
to
have
been
used
for
124
launches
from
1958
to
1975
,
reaching
up
to
1158
kilometers
altitude
.

Sentence #45 (24 tokens):
In 2003, all structures and facilities, including those used in JACADS, were removed, and the runway was marked closed.

Tokens:
In
2003
,
all
structures
and
facilities
,
including
those
used
in
JACADS
,
were
removed
,
and
the
runway
was
marked
closed
.

Sentence #46 (13 tokens):
The last flight out for official personnel was June 15, 2004.

Tokens:
The
last
flight
out
for
official
personnel
was
June
15
,
2004
.

Sentence #47 (28 tokens):
After this date, the base was completely deserted, with the only structure left standing being the JOC building at the east end of the runway.

Tokens:
After
this
date
,
the
base
was
completely
deserted
,
with
the
only
structure
left
standing
being
the
JOC
building
at
the
east
end
of
the
runway
.

Sentence #48 (14 tokens):
On August 22, 2006, Johnston Island was struck by Hurricane Ioke.

Tokens:
On
August
22
,
2006
,
Johnston
Island
was
struck
by
Hurricane
Ioke
.

Sentence #49 (17 tokens):
The eastern eye-wall passed directly over the atoll, with winds exceeding 100 mph .

Tokens:
The
eastern
eye
-
wall
passed
directly
over
the
atoll
,
with
winds
exceeding
100
mph
.

Sentence #50 (28 tokens):
Twelve people were actually on the island when the hurricane struck, part of a contracted USAF crew sent to the island to monitor groundwater contamination levels.

Tokens:
Twelve
people
were
actually
on
the
island
when
the
hurricane
struck
,
part
of
a
contracted
USAF
crew
sent
to
the
island
to
monitor
groundwater
contamination
levels
.

Sentence #51 (4 tokens):
All 12 survived.

Tokens:
All
12
survived
.

Sentence #52 (38 tokens):
On December 9, 2007, the United States Coast Guard swept the runway at Johnston Island of debris and used the runway in the removal and rescue of an ill Taiwanese fisherman to Oahu, Hawaii.

Tokens:
On
December
9
,
2007
,
the
United
States
Coast
Guard
swept
the
runway
at
Johnston
Island
of
debris
and
used
the
runway
in
the
removal
and
rescue
of
an
ill
Taiwanese
fisherman
to
Oahu
,
Hawaii
.

Sentence #53 (27 tokens):
The fisherman was transferred from the Taiwanese fishing vessel Sheng Yi Tsai No. 166 to the Coast Guard buoy tender Kukui on December 6, 2007.

Tokens:
The
fisherman
was
transferred
from
the
Taiwanese
fishing
vessel
Sheng
Yi
Tsai
No.
166
to
the
Coast
Guard
buoy
tender
Kukui
on
December
6
,
2007
.

Sentence #54 (27 tokens):
The fisherman was transported to the island, and then picked up by a Coast Guard HC-130 Hercules rescue plane from Kodiak, Alaska.

Tokens:
The
fisherman
was
transported
to
the
island
,
and
then
picked
up
by
a
Coast
Guard
HC
-
130
Hercules
rescue
plane
from
Kodiak
,
Alaska
.

Sentence #55 (37 tokens):
Since the base was closed, the atoll is likely to have been visited by sailing vessels crossing the Pacific, as the deserted atoll has a strong lure due to the activities once performed there.

Tokens:
Since
the
base
was
closed
,
the
atoll
is
likely
to
have
been
visited
by
sailing
vessels
crossing
the
Pacific
,
as
the
deserted
atoll
has
a
strong
lure
due
to
the
activities
once
performed
there
.

Sentence #56 (19 tokens):
One vessel blogged about stopping there for several days during a trip from Honolulu to the Marshall Islands.

Tokens:
One
vessel
blogged
about
stopping
there
for
several
days
during
a
trip
from
Honolulu
to
the
Marshall
Islands
.

Sentence #57 (21 tokens):
In 2010, a Fish and Wildlife survey team identified a swarm of Anoplolepis ants that had invaded the island.

Tokens:
In
2010
,
a
Fish
and
Wildlife
survey
team
identified
a
swarm
of
Anoplolepis
ants
that
had
invaded
the
island
.

Sentence #58 (17 tokens):
The crazy ants are particularly destructive to the native wildlife, and needed to be eradicated.

Tokens:
The
crazy
ants
are
particularly
destructive
to
the
native
wildlife
,
and
needed
to
be
eradicated
.

Sentence #59 (27 tokens):
A "Crazy Ant Strike Team" was formed to stay on the island for nine months to bait traps for the ants and eliminate them.

Tokens:
A
"
Crazy
Ant
Strike
Team
"
was
formed
to
stay
on
the
island
for
nine
months
to
bait
traps
for
the
ants
and
eliminate
them
.

Sentence #60 (18 tokens):
The team camped in the old chemical weapons storage bunkers on the southwest corner of the island.

Tokens:
The
team
camped
in
the
old
chemical
weapons
storage
bunkers
on
the
southwest
corner
of
the
island
.

Sentence #61 (15 tokens):
It is believed that the ants arrived with private boaters visiting the island illegally.

Tokens:
It
is
believed
that
the
ants
arrived
with
private
boaters
visiting
the
island
illegally
.

Sentence #62 (38 tokens):
Dr Lisa Lobel's work at the Atoll on the impact of PCB contamination in reef damselfish (Abudefduf sordidus) demonstrated that embryonic abnormalities could be utilized as a metric for comparing contaminated and uncontaminated areas.

Tokens:
Dr
Lisa
Lobel
's
work
at
the
Atoll
on
the
impact
of
PCB
contamination
in
reef
damselfish
(
Abudefduf
sordidus
)
demonstrated
that
embryonic
abnormalities
could
be
utilized
as
a
metric
for
comparing
contaminated
and
uncontaminated
areas
.

Sentence #63 (20 tokens):
In 1923, Johnston Atoll was designated a federal bird refuge by President Calvin Coolidge with Executive Order 4467.

Tokens:
In
1923
,
Johnston
Atoll
was
designated
a
federal
bird
refuge
by
President
Calvin
Coolidge
with
Executive
Order
4467
.

Sentence #64 (21 tokens):
The island was later converted to a National Wildlife Refuge and now includes of land and over of water area.

Tokens:
The
island
was
later
converted
to
a
National
Wildlife
Refuge
and
now
includes
of
land
and
over
of
water
area
.

Sentence #65 (29 tokens):
While the outer islets and water rights are part administered by the Fish and Wildlife Service, the actual land mass remains under Navy control for cleanup purposes.

Tokens:
While
the
outer
islets
and
water
rights
are
part
administered
by
the
Fish
and
Wildlife
Service
,
the
actual
land
mass
remains
under
Navy
control
for
cleanup
purposes
.

Sentence #66 (22 tokens):
Along with six other islands, the atoll was administered as part of the Pacific Remote Islands National Wildlife Refuge Complex.

Tokens:
Along
with
six
other
islands
,
the
atoll
was
administered
as
part
of
the
Pacific
Remote
Islands
National
Wildlife
Refuge
Complex
.

Sentence #67 (24 tokens):
On January 6, 2009, that entity was upgraded to the Pacific Remote Islands Marine National Monument by President George W. Bush.

Tokens:
On
January
6
,
2009
,
that
entity
was
upgraded
to
the
Pacific
Remote
Islands
Marine
National
Monument
by
President
George
W.
Bush
.

Sentence #68 (38 tokens):
Johnston Atoll has never had any indigenous inhabitants, although during the late part of the 20th century, there were averages of about 300 American military personnel and 1,000 civilian contractors present at any given time.

Tokens:
Johnston
Atoll
has
never
had
any
indigenous
inhabitants
,
although
during
the
late
part
of
the
20th
century
,
there
were
averages
of
about
300
American
military
personnel
and
1,000
civilian
contractors
present
at
any
given
time
.

Sentence #69 (19 tokens):
The central means of transportation to this island was the airport, which had a paved military runway.

Tokens:
The
central
means
of
transportation
to
this
island
was
the
airport
,
which
had
a
paved
military
runway
.

Sentence #70 (72 tokens):
The islands were wired with 13 outgoing and 10 incoming commercial telephone lines, a 60-channel submarine cable, 22 DSN circuits by satellite, an Autodin with standard remote terminal, a digital telephone switch, the Military Affiliated Radio System (MARS station), a UHF/VHF air-ground radio, and a link to the Pacific Consolidated Telecommunications Network (PCTN) satellite.

Tokens:
The
islands
were
wired
with
13
outgoing
and
10
incoming
commercial
telephone
lines
,
a
60
-
channel
submarine
cable
,
22
DSN
circuits
by
satellite
,
an
Autodin
with
standard
remote
terminal
,
a
digital
telephone
switch
,
the
Military
Affiliated
Radio
System
(
MARS
station
)
,
a
UHF
/
VHF
air
-
ground
radio
,
and
a
link
to
the
Pacific
Consolidated
Telecommunications
Network
(
PCTN
)
satellite
.

Sentence #71 (15 tokens):
Amateur radio operators occasionally transmitted from the island, using the KH3 callsign prefix.

Tokens:
Amateur
radio
operators
occasionally
transmitted
from
the
island
,
using
the
KH3
callsign
prefix
.

Sentence #72 (23 tokens):
Johnston Atoll's economic activity was limited to providing services to American military personnel and the contractors residing temporarily on the island.

Tokens:
Johnston
Atoll
's
economic
activity
was
limited
to
providing
services
to
American
military
personnel
and
the
contractors
residing
temporarily
on
the
island
.

Sentence #73 (8 tokens):
All foodstuffs and manufactured goods were imported.

Tokens:
All
foodstuffs
and
manufactured
goods
were
imported
.

Sentence #74 (35 tokens):
The base had six 2.5 megawatt (MW) electrical generators supplied by the base's support contractor, Holmes and Narver, using Enterprise Engine and Machinery Company DSR-36 diesel engines.

Tokens:
The
base
had
six
2.5
megawatt
(
MW
)
electrical
generators
supplied
by
the
base
's
support
contractor
,
Holmes
and
Narver
,
using
Enterprise
Engine
and
Machinery
Company
DSR
-
36
diesel
engines
.

Sentence #75 (44 tokens):
The runway was also available to commercial airlines for emergency landings (a fairly common event), and for many years it was a regular stop on Continental Micronesia airline's "island hopper" service between Hawaii and the Marshall Islands.

Tokens:
The
runway
was
also
available
to
commercial
airlines
for
emergency
landings
(
a
fairly
common
event
)
,
and
for
many
years
it
was
a
regular
stop
on
Continental
Micronesia
airline
's
"
island
hopper
"
service
between
Hawaii
and
the
Marshall
Islands
.

Sentence #76 (13 tokens):
There were no official license plates issued for use on Johnston Atoll.

Tokens:
There
were
no
official
license
plates
issued
for
use
on
Johnston
Atoll
.

Sentence #77 (21 tokens):
U.S. government vehicles were issued U.S. government license plates and private vehicles retained the plates from which they were registered.

Tokens:
U.S.
government
vehicles
were
issued
U.S.
government
license
plates
and
private
vehicles
retained
the
plates
from
which
they
were
registered
.

Sentence #78 (39 tokens):
According to reputable license plate collectors, a number of "Johnston Atoll license plates" were created as souvenirs, and have even been sold on-line to collectors, but they were not officially issued.

Tokens:
According
to
reputable
license
plate
collectors
,
a
number
of
"
Johnston
Atoll
license
plates
"
were
created
as
souvenirs
,
and
have
even
been
sold
on
-
line
to
collectors
,
but
they
were
not
officially
issued
.

Sentence #79 (13 tokens):
The four islands compose a total land mass of 2.67 km².

Tokens:
The
four
islands
compose
a
total
land
mass
of
2.67
km
²
.

Sentence #80 (18 tokens):
Due to the atoll's tilt, much of the reef on the southeast portion has subsided.

Tokens:
Due
to
the
atoll
's
tilt
,
much
of
the
reef
on
the
southeast
portion
has
subsided
.

Sentence #81 (38 tokens):
But even though it does not have an encircling reef crest, the reef crest on the northwest portion of the atoll does provide for a shallow lagoon, with depths ranging from 3 - 10 m .

Tokens:
But
even
though
it
does
not
have
an
encircling
reef
crest
,
the
reef
crest
on
the
northwest
portion
of
the
atoll
does
provide
for
a
shallow
lagoon
,
with
depths
ranging
from
3
-
10
m
.

Sentence #82 (8 tokens):
Its climate is tropical but generally dry.

Tokens:
Its
climate
is
tropical
but
generally
dry
.

Sentence #83 (13 tokens):
Northeast trade winds are consistent and there is little seasonal temperature variation.

Tokens:
Northeast
trade
winds
are
consistent
and
there
is
little
seasonal
temperature
variation
.

Sentence #84 (32 tokens):
With elevation ranging from sea level to 5 m at Summit Peak, the islands contain some low-growing vegetation on mostly flat terrain and no natural fresh water resources.

Tokens:
With
elevation
ranging
from
sea
level
to
5
m
at
Summit
Peak
,
the
islands
contain
some
low
-
growing
vegetation
on
mostly
flat
terrain
and
no
natural
fresh
water
resources
.

Sentence #85 (18 tokens):
About 300 species of fish have been recorded from the reefs and inshore waters of the atoll.

Tokens:
About
300
species
of
fish
have
been
recorded
from
the
reefs
and
inshore
waters
of
the
atoll
.

Sentence #86 (12 tokens):
It is also visited by Green Turtles and Hawaiian Monk Seals.

Tokens:
It
is
also
visited
by
Green
Turtles
and
Hawaiian
Monk
Seals
.

Sentence #87 (60 tokens):
Seabird species recorded as breeding on the atoll include Bulwer's Petrel, Wedge-tailed Shearwater, Christmas Shearwater, White-tailed Tropicbird, Red-tailed Tropicbird, Brown Booby, Red-footed Booby, Masked Booby, Great Frigatebird, Spectacled Tern, Sooty Tern, Brown Noddy, Black Noddy and White Tern.

Tokens:
Seabird
species
recorded
as
breeding
on
the
atoll
include
Bulwer
's
Petrel
,
Wedge
-
tailed
Shearwater
,
Christmas
Shearwater
,
White
-
tailed
Tropicbird
,
Red
-
tailed
Tropicbird
,
Brown
Booby
,
Red
-
footed
Booby
,
Masked
Booby
,
Great
Frigatebird
,
Spectacled
Tern
,
Sooty
Tern
,
Brown
Noddy
,
Black
Noddy
and
White
Tern
.

Sentence #88 (26 tokens):
It is visited by migratory shorebirds, including the Pacific Golden Plover, Wandering Tattler, Bristle-thighed Curlew, Ruddy Turnstone and Sanderling.

Tokens:
It
is
visited
by
migratory
shorebirds
,
including
the
Pacific
Golden
Plover
,
Wandering
Tattler
,
Bristle
-
thighed
Curlew
,
Ruddy
Turnstone
and
Sanderling
.
Coreference set: 1
1 2 1 3 31 20 18 21
1 7 4 19 31 20 18 21
2 2 1 3 31 20 18 21
3 1 1 2 31 20 18 21
4 2 1 3 31 20 18 21
5 7 6 8 31 20 18 21
7 6 5 7 31 20 18 21
9 1 1 2 31 20 18 21
10 7 6 8 31 20 18 21
11 24 24 25 31 20 18 21
14 18 17 19 31 20 18 21
16 5 4 6 31 20 18 21
18 8 7 9 31 20 18 21
19 20 19 21 31 20 18 21
20 4 3 6 31 20 18 21
21 11 10 12 31 20 18 21
23 15 14 16 31 20 18 21
25 5 4 6 31 20 18 21
26 2 1 3 31 20 18 21
30 3 2 4 31 20 18 21
39 11 10 12 31 20 18 21
49 10 9 11 31 20 18 21
55 8 7 9 31 20 18 21
63 5 4 6 31 20 18 21
66 8 7 9 31 20 18 21
68 2 1 3 31 20 18 21
72 2 1 4 31 20 18 21
76 12 11 13 31 20 18 21
80 4 3 6 31 20 18 21
81 22 21 23 31 20 18 21
85 17 16 18 31 20 18 21
87 8 7 9 31 20 18 21
88 1 1 2 31 20 18 21
Coreference set: 4
16 17 17 18 1 18 18 19
75 39 39 40 1 18 18 19
Coreference set: 7
79 2 2 3 2 14 14 15
Coreference set: 10
2 15 14 16 79 3 1 4
Coreference set: 15
10 26 25 27 3 4 3 5
13 2 1 3 3 4 3 5
70 2 1 3 3 4 3 5
84 15 14 16 3 4 3 5
Coreference set: 17
3 12 12 21 3 24 22 29
Coreference set: 23
43 9 8 10 5 4 2 5
Coreference set: 26
6 4 4 5 6 3 2 4
Coreference set: 30
12 11 10 12 6 19 16 20
Coreference set: 39
16 12 10 13 9 9 7 35
16 12 11 13 9 9 7 35
19 28 26 29 9 9 7 35
52 9 8 10 9 9 7 35
55 20 19 21 9 9 7 35
55 20 20 21 9 9 7 35
66 17 15 18 9 9 7 35
Coreference set: 40
23 33 32 37 9 15 12 25
65 16 12 17 9 15 12 25
65 16 15 17 9 15 12 25
Coreference set: 42
67 18 12 19 9 34 28 35
Coreference set: 51
11 4 1 5 11 7 6 8
11 10 10 11 11 7 6 8
12 2 2 3 11 7 6 8
Coreference set: 55
19 5 3 6 11 18 16 19
Coreference set: 57
15 16 15 17 11 27 26 34
27 11 10 13 11 27 26 34
28 21 20 22 11 27 26 34
35 31 30 32 11 27 26 34
36 17 16 18 11 27 26 34
40 4 3 6 11 27 26 34
50 7 6 8 11 27 26 34
50 22 21 23 11 27 26 34
54 7 6 8 11 27 26 34
57 20 19 21 11 27 26 34
60 17 16 18 11 27 26 34
61 13 12 14 11 27 26 34
64 2 1 3 11 27 26 34
69 8 7 9 11 27 26 34
71 8 7 9 11 27 26 34
72 22 21 23 11 27 26 34
Coreference set: 64
16 2 2 3 14 2 2 3
Coreference set: 67
15 1 1 2 14 4 3 9
15 11 11 12 14 4 3 9
Coreference set: 71
20 24 21 25 15 21 18 22
Coreference set: 74
19 13 13 14 17 6 5 7
Coreference set: 96
63 19 19 20 22 7 7 8
Coreference set: 97
22 22 22 23 22 2 2 8
63 2 2 3 22 2 2 8
Coreference set: 100
23 41 39 42 22 19 16 20
63 11 8 12 22 19 16 20
Coreference set: 106
24 5 4 6 23 20 17 23
65 24 24 25 23 20 17 23
Coreference set: 126
47 6 5 7 27 25 24 31
55 3 2 4 27 25 24 31
74 2 1 3 27 25 24 31
74 15 14 17 27 25 24 31
Coreference set: 127
28 11 8 12 52 11 7 12
53 18 17 19 52 11 7 12
54 16 15 17 52 11 7 12
Coreference set: 129
29 2 1 3 28 15 7 16
Coreference set: 133
31 4 4 5 30 4 1 5
Coreference set: 134
30 9 8 29 41 12 11 13
Coreference set: 136
34 25 24 26 30 28 21 29
Coreference set: 139
31 7 6 24 45 13 13 14
31 15 14 24 45 13 13 14
31 25 25 26 45 13 13 14
Coreference set: 141
33 14 13 15 32 12 11 13
48 8 7 9 32 12 11 13
Coreference set: 145
45 2 2 3 32 28 28 29
Coreference set: 146
33 2 2 5 44 10 10 11
Coreference set: 154
50 1 1 2 35 1 1 2
Coreference set: 155
35 22 22 23 35 9 9 10
Coreference set: 183
39 14 13 15 37 24 22 26
Coreference set: 188
40 1 1 2 39 4 4 5
41 1 1 2 39 4 4 5
Coreference set: 189
39 19 19 20 39 2 2 3
Coreference set: 198
42 4 4 5 42 3 2 4
42 7 6 15 42 3 2 4
Coreference set: 208
45 20 19 21 75 27 25 44
47 27 26 28 75 27 25 44
52 14 13 15 75 27 25 44
52 23 22 24 75 27 25 44
75 2 1 3 75 27 25 44
75 23 23 24 75 27 25 44
Coreference set: 233
53 2 1 3 52 33 30 34
54 2 1 3 52 33 30 34
Coreference set: 253
75 43 41 44 56 18 16 19
Coreference set: 258
59 23 22 24 58 3 1 4
61 6 5 7 58 3 1 4
Coreference set: 260
60 2 1 3 59 6 1 8
Coreference set: 293
85 2 2 3 68 25 25 26
86 1 1 2 68 25 25 26
Coreference set: 299
72 14 12 15 68 28 24 29
Coreference set: 311
70 6 6 14 70 24 22 27
Coreference set: 335
77 18 18 19 74 20 20 23
Coreference set: 350
78 15 14 16 77 9 6 10
Coreference set: 353
78 31 31 32 78 6 3 7
78 34 34 35 78 6 3 7
Coreference set: 360
81 4 4 5 80 6 3 7
82 1 1 2 80 6 3 7
