Document: ID=Michael Foot (163 sentences, 4485 tokens)

Sentence #1 (27 tokens):
Michael Mackintosh Foot, FRSL, PC (23 July 1913 - 3 March 2010) was a British Labour Party politician and man of letters.

Tokens:
Michael
Mackintosh
Foot
,
FRSL
,
PC
(
23
July
1913
-
3
March
2010
)
was
a
British
Labour
Party
politician
and
man
of
letters
.

Sentence #2 (19 tokens):
He was a Member of Parliament (MP) from 1945 to 1955 and from 1960 until 1992.

Tokens:
He
was
a
Member
of
Parliament
(
MP
)
from
1945
to
1955
and
from
1960
until
1992
.

Sentence #3 (26 tokens):
He was deputy leader of the Labour Party from 1976 to 1980, and later became the Leader of the Opposition from 1980 to 1983.

Tokens:
He
was
deputy
leader
of
the
Labour
Party
from
1976
to
1980
,
and
later
became
the
Leader
of
the
Opposition
from
1980
to
1983
.

Sentence #4 (30 tokens):
Associated with the Labour left for most of his career, Foot was a supporter of the Campaign for Nuclear Disarmament and British withdrawal from the European Economic Community.

Tokens:
Associated
with
the
Labour
left
for
most
of
his
career
,
Foot
was
a
supporter
of
the
Campaign
for
Nuclear
Disarmament
and
British
withdrawal
from
the
European
Economic
Community
.

Sentence #5 (28 tokens):
His first Cabinet appointment was as Employment secretary under Harold Wilson in 1974, and later served as Leader of the House of Commons under James Callaghan.

Tokens:
His
first
Cabinet
appointment
was
as
Employment
secretary
under
Harold
Wilson
in
1974
,
and
later
served
as
Leader
of
the
House
of
Commons
under
James
Callaghan
.

Sentence #6 (26 tokens):
A passionate orator, he was Labour leader at the 1983 general election when the party obtained its lowest share of the vote since 1918.

Tokens:
A
passionate
orator
,
he
was
Labour
leader
at
the
1983
general
election
when
the
party
obtained
its
lowest
share
of
the
vote
since
1918
.

Sentence #7 (24 tokens):
Foot's parallel career as a journalist included appointments as editor of Tribune, on several occasions, and the Evening Standard newspaper.

Tokens:
Foot
's
parallel
career
as
a
journalist
included
appointments
as
editor
of
Tribune
,
on
several
occasions
,
and
the
Evening
Standard
newspaper
.

Sentence #8 (44 tokens):
Among the books he authored are Guilty Men (an attack on Neville Chamberlain and others for the policy of appeasement), a biography of Jonathan Swift (The Pen and the Sword, 1957) and a biography of Aneurin Bevan.

Tokens:
Among
the
books
he
authored
are
Guilty
Men
(
an
attack
on
Neville
Chamberlain
and
others
for
the
policy
of
appeasement
)
,
a
biography
of
Jonathan
Swift
(
The
Pen
and
the
Sword
,
1957
)
and
a
biography
of
Aneurin
Bevan
.

Sentence #9 (40 tokens):
Michael Foot was born in Lipson Terrace, Plymouth, Devon, the fifth of seven children of Isaac Foot (1880-1960) and Eva (née Mackintosh, died 17 May 1946), a Scotswoman.

Tokens:
Michael
Foot
was
born
in
Lipson
Terrace
,
Plymouth
,
Devon
,
the
fifth
of
seven
children
of
Isaac
Foot
(
1880
-
1960
)
and
Eva
(
née
Mackintosh
,
died
17
May
1946
)
,
a
Scotswoman
.

Sentence #10 (27 tokens):
Isaac Foot was a solicitor and founder of the Plymouth law firm Foot and Bowden (which merged with another firm to become Foot Anstey).

Tokens:
Isaac
Foot
was
a
solicitor
and
founder
of
the
Plymouth
law
firm
Foot
and
Bowden
(
which
merged
with
another
firm
to
become
Foot
Anstey
)
.

Sentence #11 (34 tokens):
Isaac Foot was an active member of the Liberal Party and was Liberal Member of Parliament for Bodmin in Cornwall 1922-1924 and 1929-1935 and a Lord Mayor of Plymouth.

Tokens:
Isaac
Foot
was
an
active
member
of
the
Liberal
Party
and
was
Liberal
Member
of
Parliament
for
Bodmin
in
Cornwall
1922
-
1924
and
1929
-
1935
and
a
Lord
Mayor
of
Plymouth
.

Sentence #12 (95 tokens):
Michael Foot was the brother of Sir Dingle Foot MP (1905-1978), a Liberal and subsequently Labour MP; Hugh Foot, Baron Caradon (1907-1990), Governor of Cyprus (1957-1960) and representative of the United Kingdom at the United Nations from 1964 to 1970; Liberal politician John Foot, Baron Foot (1909-1999); Margaret Elizabeth Foot (1911-1965), Jennifer Mackintosh Highet (born 1916) and Christopher Isaac Foot (born 1917).

Tokens:
Michael
Foot
was
the
brother
of
Sir
Dingle
Foot
MP
(
1905
-
1978
)
,
a
Liberal
and
subsequently
Labour
MP
;
Hugh
Foot
,
Baron
Caradon
(
1907
-
1990
)
,
Governor
of
Cyprus
(
1957
-
1960
)
and
representative
of
the
United
Kingdom
at
the
United
Nations
from
1964
to
1970
;
Liberal
politician
John
Foot
,
Baron
Foot
(
1909
-
1999
)
;
Margaret
Elizabeth
Foot
(
1911
-
1965
)
,
Jennifer
Mackintosh
Highet
(
born
1916
)
and
Christopher
Isaac
Foot
(
born
1917
)
.

Sentence #13 (25 tokens):
He was the uncle of campaigning journalist Paul Foot (1937-2004) and charity worker Oliver Foot (1946-2008).

Tokens:
He
was
the
uncle
of
campaigning
journalist
Paul
Foot
(
1937
-
2004
)
and
charity
worker
Oliver
Foot
(
1946
-
2008
)
.

Sentence #14 (15 tokens):
Foot was educated at Plymouth College Preparatory School and Leighton Park School in Reading.

Tokens:
Foot
was
educated
at
Plymouth
College
Preparatory
School
and
Leighton
Park
School
in
Reading
.

Sentence #15 (17 tokens):
He then went on to read Philosophy, Politics and Economics at Wadham College, Oxford.

Tokens:
He
then
went
on
to
read
Philosophy
,
Politics
and
Economics
at
Wadham
College
,
Oxford
.

Sentence #16 (9 tokens):
Foot was the President of the Oxford Union.

Tokens:
Foot
was
the
President
of
the
Oxford
Union
.

Sentence #17 (25 tokens):
He also took part in the ESU USA Tour (the debating tour of the USA run by the English-Speaking Union).

Tokens:
He
also
took
part
in
the
ESU
USA
Tour
(
the
debating
tour
of
the
USA
run
by
the
English
-
Speaking
Union
)
.

Sentence #18 (16 tokens):
On graduating in 1934, he took a job as a shipping clerk in Birkenhead.

Tokens:
On
graduating
in
1934
,
he
took
a
job
as
a
shipping
clerk
in
Birkenhead
.

Sentence #19 (29 tokens):
Foot was profoundly influenced by the poverty and unemployment that he witnessed in Liverpool, which was on a different scale from anything he had seen in Plymouth.

Tokens:
Foot
was
profoundly
influenced
by
the
poverty
and
unemployment
that
he
witnessed
in
Liverpool
,
which
was
on
a
different
scale
from
anything
he
had
seen
in
Plymouth
.

Sentence #20 (47 tokens):
A Liberal up to this time, Foot was converted to socialism by Oxford University Labour Club president David Lewis and others: "... I knew him at Oxford when I was a Liberal and Lewis played a part in converting me to socialism".

Tokens:
A
Liberal
up
to
this
time
,
Foot
was
converted
to
socialism
by
Oxford
University
Labour
Club
president
David
Lewis
and
others
:
"
...
I
knew
him
at
Oxford
when
I
was
a
Liberal
and
Lewis
played
a
part
in
converting
me
to
socialism
"
.

Sentence #21 (26 tokens):
Foot joined the Labour Party and first stood for parliament at the age of 22 in the 1935 general election, when he contested Monmouth.

Tokens:
Foot
joined
the
Labour
Party
and
first
stood
for
parliament
at
the
age
of
22
in
the
1935
general
election
,
when
he
contested
Monmouth
.

Sentence #22 (16 tokens):
During this election Foot criticised the Prime Minister, Stanley Baldwin, for seeking rearmament.

Tokens:
During
this
election
Foot
criticised
the
Prime
Minister
,
Stanley
Baldwin
,
for
seeking
rearmament
.

Sentence #23 (19 tokens):
In his election address Foot contended that "the armaments race in Europe must be stopped now".

Tokens:
In
his
election
address
Foot
contended
that
"
the
armaments
race
in
Europe
must
be
stopped
now
"
.

Sentence #24 (18 tokens):
Foot also supported unilateral disarmament, after multilateral disarmament talks at Geneva had broken down in 1933.

Tokens:
Foot
also
supported
unilateral
disarmament
,
after
multilateral
disarmament
talks
at
Geneva
had
broken
down
in
1933
.

Sentence #25 (51 tokens):
Foot became a journalist, working briefly on the New Statesman, before joining the left-wing weekly Tribune when it was set up in early 1937 to support the Unity Campaign, an attempt to secure an anti-fascist United Front between Labour and the parties to its left.

Tokens:
Foot
became
a
journalist
,
working
briefly
on
the
New
Statesman
,
before
joining
the
left
-
wing
weekly
Tribune
when
it
was
set
up
in
early
1937
to
support
the
Unity
Campaign
,
an
attempt
to
secure
an
anti-fascist
United
Front
between
Labour
and
the
parties
to
its
left
.

Sentence #26 (31 tokens):
The campaign's members were Stafford Cripps's (Labour-affiliated) Socialist League, the Independent Labour Party and the Communist Party of Great Britain (CP).

Tokens:
The
campaign
's
members
were
Stafford
Cripps
's
(
Labour
-
affiliated
)
Socialist
League
,
the
Independent
Labour
Party
and
the
Communist
Party
of
Great
Britain
(
CP
)
.

Sentence #27 (39 tokens):
Foot resigned in 1938 after the paper's first editor, William Mellor, was fired for refusing to adopt a new CP policy of backing a Popular Front, including non-socialist parties, against fascism and appeasement.

Tokens:
Foot
resigned
in
1938
after
the
paper
's
first
editor
,
William
Mellor
,
was
fired
for
refusing
to
adopt
a
new
CP
policy
of
backing
a
Popular
Front
,
including
non-socialist
parties
,
against
fascism
and
appeasement
.

Sentence #28 (13 tokens):
In a 1955 interview, Foot ideologically identified as a libertarian socialist.

Tokens:
In
a
1955
interview
,
Foot
ideologically
identified
as
a
libertarian
socialist
.

Sentence #29 (24 tokens):
On the recommendation of Aneurin Bevan, Foot was soon hired by Lord Beaverbrook to work as a writer on his Evening Standard.

Tokens:
On
the
recommendation
of
Aneurin
Bevan
,
Foot
was
soon
hired
by
Lord
Beaverbrook
to
work
as
a
writer
on
his
Evening
Standard
.

Sentence #30 (24 tokens):
(Bevan is supposed to have told Beaverbrook on the phone: "I've got a young bloody knight-errant here.

Tokens:
(
Bevan
is
supposed
to
have
told
Beaverbrook
on
the
phone
:
"
I
've
got
a
young
bloody
knight
-
errant
here
.

Sentence #31 (9 tokens):
They sacked his boss, so he resigned.

Tokens:
They
sacked
his
boss
,
so
he
resigned
.

Sentence #32 (8 tokens):
Have a look at him".)

Tokens:
Have
a
look
at
him
"
.
)

Sentence #33 (24 tokens):
At the outbreak of the Second World War, Foot volunteered for military service, but was rejected because of his chronic asthma.

Tokens:
At
the
outbreak
of
the
Second
World
War
,
Foot
volunteered
for
military
service
,
but
was
rejected
because
of
his
chronic
asthma
.

Sentence #34 (18 tokens):
It has been suggested (2011) that he became a member of the secret Auxiliary Units.

Tokens:
It
has
been
suggested
(
2011
)
that
he
became
a
member
of
the
secret
Auxiliary
Units
.

Sentence #35 (62 tokens):
In 1940, under the pen-name "Cato" he and two other Beaverbrook journalists (Frank Owen, editor of the Standard, and Peter Howard of the Daily Express) published Guilty Men, a Left Book Club book attacking the appeasement policy of the Chamberlain government, which became a run-away best-seller.

Tokens:
In
1940
,
under
the
pen
-
name
"
Cato
"
he
and
two
other
Beaverbrook
journalists
(
Frank
Owen
,
editor
of
the
Standard
,
and
Peter
Howard
of
the
Daily
Express
)
published
Guilty
Men
,
a
Left
Book
Club
book
attacking
the
appeasement
policy
of
the
Chamberlain
government
,
which
became
a
run
-
away
best
-
seller
.

Sentence #36 (16 tokens):
Beaverbrook made Foot editor of the Evening Standard in 1942 at the age of 28.

Tokens:
Beaverbrook
made
Foot
editor
of
the
Evening
Standard
in
1942
at
the
age
of
28
.

Sentence #37 (25 tokens):
During the war Foot made a speech that was later featured in the documentary TV series The World at War broadcast in February 1974.

Tokens:
During
the
war
Foot
made
a
speech
that
was
later
featured
in
the
documentary
TV
series
The
World
at
War
broadcast
in
February
1974
.

Sentence #38 (23 tokens):
Foot was speaking in defence of the Daily Mirror, which had criticised the conduct of the war by the Churchill Government.

Tokens:
Foot
was
speaking
in
defence
of
the
Daily
Mirror
,
which
had
criticised
the
conduct
of
the
war
by
the
Churchill
Government
.

Sentence #39 (25 tokens):
He mocked the notion that the Government would make no more territorial demands of other newspapers if they allowed the Mirror to be censored.

Tokens:
He
mocked
the
notion
that
the
Government
would
make
no
more
territorial
demands
of
other
newspapers
if
they
allowed
the
Mirror
to
be
censored
.

Sentence #40 (15 tokens):
Foot left the Standard in 1945 to join the Daily Herald as a columnist.

Tokens:
Foot
left
the
Standard
in
1945
to
join
the
Daily
Herald
as
a
columnist
.

Sentence #41 (22 tokens):
The Daily Herald was jointly owned by the TUC and Odhams Press, and was effectively an official Labour Party paper.

Tokens:
The
Daily
Herald
was
jointly
owned
by
the
TUC
and
Odhams
Press
,
and
was
effectively
an
official
Labour
Party
paper
.

Sentence #42 (22 tokens):
He rejoined Tribune as editor from 1948 to 1952, and was again the paper's editor from 1955 to 1960.

Tokens:
He
rejoined
Tribune
as
editor
from
1948
to
1952
,
and
was
again
the
paper
's
editor
from
1955
to
1960
.

Sentence #43 (23 tokens):
Throughout his political career he railed against the increasing corporate domination of the press, entertaining a special loathing for Rupert Murdoch.

Tokens:
Throughout
his
political
career
he
railed
against
the
increasing
corporate
domination
of
the
press
,
entertaining
a
special
loathing
for
Rupert
Murdoch
.

Sentence #44 (12 tokens):
Foot fought the Plymouth Devonport constituency in the 1945 general election.

Tokens:
Foot
fought
the
Plymouth
Devonport
constituency
in
the
1945
general
election
.

Sentence #45 (12 tokens):
His election agent was Labour activist and lifelong friend Ron Lemin.

Tokens:
His
election
agent
was
Labour
activist
and
lifelong
friend
Ron
Lemin
.

Sentence #46 (27 tokens):
He won the seat for Labour for the first time, holding it until his surprise defeat by Dame Joan Vickers at the 1955 general election.

Tokens:
He
won
the
seat
for
Labour
for
the
first
time
,
holding
it
until
his
surprise
defeat
by
Dame
Joan
Vickers
at
the
1955
general
election
.

Sentence #47 (45 tokens):
Until 1957, he was the most prominent ally of Aneurin Bevan, who had taken Cripps's place as leader of the Labour left, though Foot and Bevan fell out after Bevan renounced unilateral nuclear disarmament at the 1957 Labour Party conference.

Tokens:
Until
1957
,
he
was
the
most
prominent
ally
of
Aneurin
Bevan
,
who
had
taken
Cripps
's
place
as
leader
of
the
Labour
left
,
though
Foot
and
Bevan
fell
out
after
Bevan
renounced
unilateral
nuclear
disarmament
at
the
1957
Labour
Party
conference
.

Sentence #48 (68 tokens):
Before the cold war began in the late 1940s, Foot favoured a 'third way' foreign policy for Europe (he was joint author with Richard Crossman and Ian Mikardo of the pamphlet Keep Left in 1947), but in the wake of the communist seizure of power in Hungary and Czechoslovakia he and Tribune took a strongly anti-communist position, eventually embracing NATO.

Tokens:
Before
the
cold
war
began
in
the
late
1940s
,
Foot
favoured
a
'
third
way
'
foreign
policy
for
Europe
(
he
was
joint
author
with
Richard
Crossman
and
Ian
Mikardo
of
the
pamphlet
Keep
Left
in
1947
)
,
but
in
the
wake
of
the
communist
seizure
of
power
in
Hungary
and
Czechoslovakia
he
and
Tribune
took
a
strongly
anti-communist
position
,
eventually
embracing
NATO
.

Sentence #49 (36 tokens):
Foot was however a critic of the West's handling of the Korean War, an opponent of West German rearmament in the early 1950s and a founder member of the Campaign for Nuclear Disarmament.

Tokens:
Foot
was
however
a
critic
of
the
West
's
handling
of
the
Korean
War
,
an
opponent
of
West
German
rearmament
in
the
early
1950s
and
a
founder
member
of
the
Campaign
for
Nuclear
Disarmament
.

Sentence #50 (24 tokens):
Under his editorship, Tribune opposed both the British government's Suez adventure and the Soviet crushing of the Hungarian Revolution in 1956.

Tokens:
Under
his
editorship
,
Tribune
opposed
both
the
British
government
's
Suez
adventure
and
the
Soviet
crushing
of
the
Hungarian
Revolution
in
1956
.

Sentence #51 (27 tokens):
In this period he made regular television appearances on the current affairs programmes In The News (BBC) and subsequently Free Speech (ITV).

Tokens:
In
this
period
he
made
regular
television
appearances
on
the
current
affairs
programmes
In
The
News
(
BBC
)
and
subsequently
Free
Speech
(
ITV
)
.

Sentence #52 (24 tokens):
"There was certainly nothing wrong with his television technique in those days", reflected Anthony Howard shortly after Foot's death.

Tokens:
"
There
was
certainly
nothing
wrong
with
his
television
technique
in
those
days
"
,
reflected
Anthony
Howard
shortly
after
Foot
's
death
.

Sentence #53 (24 tokens):
Foot returned to parliament in 1960 at a by-election in Ebbw Vale in Monmouthshire, left vacant by Bevan's death.

Tokens:
Foot
returned
to
parliament
in
1960
at
a
by
-
election
in
Ebbw
Vale
in
Monmouthshire
,
left
vacant
by
Bevan
's
death
.

Sentence #54 (20 tokens):
He had the Labour whip withdrawn in March 1961 after rebelling against the Labour leadership over air force estimates.

Tokens:
He
had
the
Labour
whip
withdrawn
in
March
1961
after
rebelling
against
the
Labour
leadership
over
air
force
estimates
.

Sentence #55 (24 tokens):
He only returned to the Parliamentary Labour Group in 1963 when Harold Wilson became Labour leader after the sudden death of Hugh Gaitskell.

Tokens:
He
only
returned
to
the
Parliamentary
Labour
Group
in
1963
when
Harold
Wilson
became
Labour
leader
after
the
sudden
death
of
Hugh
Gaitskell
.

Sentence #56 (37 tokens):
Harold Wilson - the subject of an enthusiastic campaign biography by Foot published by Robert Maxwell's Pergamon Press in 1964 - offered Foot a place in his first government, but Foot turned it down.

Tokens:
Harold
Wilson
-
the
subject
of
an
enthusiastic
campaign
biography
by
Foot
published
by
Robert
Maxwell
's
Pergamon
Press
in
1964
-
offered
Foot
a
place
in
his
first
government
,
but
Foot
turned
it
down
.

Sentence #57 (24 tokens):
Instead he became the leader of Labour's left opposition from the back benches, dazzling the Commons with his command of rhetoric.

Tokens:
Instead
he
became
the
leader
of
Labour
's
left
opposition
from
the
back
benches
,
dazzling
the
Commons
with
his
command
of
rhetoric
.

Sentence #58 (51 tokens):
He opposed the government's moves to restrict immigration, join the Common Market and reform the trade unions, was against the Vietnam War and Rhodesia's unilateral declaration of independence, and denounced the Soviet suppression of "socialism with a human face" in Czechoslovakia in 1968.

Tokens:
He
opposed
the
government
's
moves
to
restrict
immigration
,
join
the
Common
Market
and
reform
the
trade
unions
,
was
against
the
Vietnam
War
and
Rhodesia
's
unilateral
declaration
of
independence
,
and
denounced
the
Soviet
suppression
of
"
socialism
with
a
human
face
"
in
Czechoslovakia
in
1968
.

Sentence #59 (48 tokens):
He also famously allied with the Tory right-winger Enoch Powell to scupper the government's plan to abolish the voting rights of hereditary peers and create a House of Lords comprising only life peers - a "seraglio of eunuchs" as Foot put it.

Tokens:
He
also
famously
allied
with
the
Tory
right
-
winger
Enoch
Powell
to
scupper
the
government
's
plan
to
abolish
the
voting
rights
of
hereditary
peers
and
create
a
House
of
Lords
comprising
only
life
peers
-
a
"
seraglio
of
eunuchs
"
as
Foot
put
it
.

Sentence #60 (20 tokens):
In 1967, Foot challenged James Callaghan but failed to win the post of Treasurer of the Labour Party.

Tokens:
In
1967
,
Foot
challenged
James
Callaghan
but
failed
to
win
the
post
of
Treasurer
of
the
Labour
Party
.

Sentence #61 (17 tokens):
After 1970, Labour moved to the left and Wilson came to an accommodation with Foot.

Tokens:
After
1970
,
Labour
moved
to
the
left
and
Wilson
came
to
an
accommodation
with
Foot
.

Sentence #62 (22 tokens):
In April 1972, he stood for the Deputy Leadership of the party, along with Edward Short and Anthony Crosland.

Tokens:
In
April
1972
,
he
stood
for
the
Deputy
Leadership
of
the
party
,
along
with
Edward
Short
and
Anthony
Crosland
.

Sentence #63 (16 tokens):
Short defeated Foot in the second ballot after Crosland had been eliminated in the first.

Tokens:
Short
defeated
Foot
in
the
second
ballot
after
Crosland
had
been
eliminated
in
the
first
.

Sentence #64 (21 tokens):
When, in 1974, Labour returned to office under Harold Wilson, Foot became Secretary of State for Employment.

Tokens:
When
,
in
1974
,
Labour
returned
to
office
under
Harold
Wilson
,
Foot
became
Secretary
of
State
for
Employment
.

Sentence #65 (21 tokens):
According to Ben Pimlott, his appointment was intended to please the left of the party and the Trade Unions.

Tokens:
According
to
Ben
Pimlott
,
his
appointment
was
intended
to
please
the
left
of
the
party
and
the
Trade
Unions
.

Sentence #66 (22 tokens):
In this role, he played the major part in the government's efforts to maintain the trade unions' support.

Tokens:
In
this
role
,
he
played
the
major
part
in
the
government
's
efforts
to
maintain
the
trade
unions
'
support
.

Sentence #67 (13 tokens):
He was also responsible for the Health and Safety at Work Act.

Tokens:
He
was
also
responsible
for
the
Health
and
Safety
at
Work
Act
.

Sentence #68 (25 tokens):
Foot was one of the mainstays of the "no" campaign in the 1975 referendum on British membership of the European Economic Community.

Tokens:
Foot
was
one
of
the
mainstays
of
the
"
no
"
campaign
in
the
1975
referendum
on
British
membership
of
the
European
Economic
Community
.

Sentence #69 (26 tokens):
When Wilson retired in 1976, Foot contested the party leadership and led in the first ballot, but was ultimately defeated by James Callaghan.

Tokens:
When
Wilson
retired
in
1976
,
Foot
contested
the
party
leadership
and
led
in
the
first
ballot
,
but
was
ultimately
defeated
by
James
Callaghan
.

Sentence #70 (40 tokens):
Later that year, Foot was elected Deputy Leader and served as Leader of the House of Commons, which gave him the unenviable task of trying to maintain the survival of the Callaghan government as its majority evaporated.

Tokens:
Later
that
year
,
Foot
was
elected
Deputy
Leader
and
served
as
Leader
of
the
House
of
Commons
,
which
gave
him
the
unenviable
task
of
trying
to
maintain
the
survival
of
the
Callaghan
government
as
its
majority
evaporated
.

Sentence #71 (37 tokens):
In 1975, Foot, along with Jennie Lee and others, courted controversy when they supported Indira Gandhi, the Prime Minister of India, after she prompted the declaration of a state of emergency.

Tokens:
In
1975
,
Foot
,
along
with
Jennie
Lee
and
others
,
courted
controversy
when
they
supported
Indira
Gandhi
,
the
Prime
Minister
of
India
,
after
she
prompted
the
declaration
of
a
state
of
emergency
.

Sentence #72 (18 tokens):
In December 1975, The Times ran an editorial titled 'Is Mr Foot a Fascist?'

Tokens:
In
December
1975
,
The
Times
ran
an
editorial
titled
'
Is
Mr
Foot
a
Fascist
?
'

Sentence #73 (33 tokens):
- their answer was that he was - after Norman Tebbit accused him of 'undiluted fascism' once Foot said that the Ferrybridge Six deserved dismissal for defying a closed shop.

Tokens:
-
their
answer
was
that
he
was
-
after
Norman
Tebbit
accused
him
of
'
undiluted
fascism
'
once
Foot
said
that
the
Ferrybridge
Six
deserved
dismissal
for
defying
a
closed
shop
.

Sentence #74 (25 tokens):
Following Labour's 1979 general election defeat by Margaret Thatcher, James Callaghan remained party leader for the next 18 months before he resigned.

Tokens:
Following
Labour
's
1979
general
election
defeat
by
Margaret
Thatcher
,
James
Callaghan
remained
party
leader
for
the
next
18
months
before
he
resigned
.

Sentence #75 (33 tokens):
Foot was elected Labour leader on 4 November 1980, beating Denis Healey in the second round of the leadership election (the last leadership contest to involve only Labour MPs).

Tokens:
Foot
was
elected
Labour
leader
on
4
November
1980
,
beating
Denis
Healey
in
the
second
round
of
the
leadership
election
(
the
last
leadership
contest
to
involve
only
Labour
MPs
)
.

Sentence #76 (35 tokens):
Foot presented himself as a compromise candidate capable, unlike Healey, of uniting the party, which at the time was riven by the grassroots left-wing insurgency centred around Tony Benn.

Tokens:
Foot
presented
himself
as
a
compromise
candidate
capable
,
unlike
Healey
,
of
uniting
the
party
,
which
at
the
time
was
riven
by
the
grassroots
left
-
wing
insurgency
centred
around
Tony
Benn
.

Sentence #77 (18 tokens):
The Bennites were demanding revenge for what they considered to be the betrayals of the Callaghan government.

Tokens:
The
Bennites
were
demanding
revenge
for
what
they
considered
to
be
the
betrayals
of
the
Callaghan
government
.

Sentence #78 (34 tokens):
They called for replacement of MPs who had acquiesced to Callaghan's policies by left-wingers who would support unilateral nuclear disarmament, withdrawal from the Common Market, and widespread nationalisation.

Tokens:
They
called
for
replacement
of
MPs
who
had
acquiesced
to
Callaghan
's
policies
by
left
-
wingers
who
would
support
unilateral
nuclear
disarmament
,
withdrawal
from
the
Common
Market
,
and
widespread
nationalisation
.

Sentence #79 (46 tokens):
(Benn did not stand for the leadership: apart from Foot and Healey, the other candidates - both eliminated in the first round - were John Silkin, a Tribunite like Foot, and Peter Shore, an anti-European right-winger.)

Tokens:
(
Benn
did
not
stand
for
the
leadership
:
apart
from
Foot
and
Healey
,
the
other
candidates
-
both
eliminated
in
the
first
round
-
were
John
Silkin
,
a
Tribunite
like
Foot
,
and
Peter
Shore
,
an
anti-European
right
-
winger
.
)

Sentence #80 (12 tokens):
When he became leader, Foot was already 67 and frail.

Tokens:
When
he
became
leader
,
Foot
was
already
67
and
frail
.

Sentence #81 (21 tokens):
The Tory government's controversial monetarist policy against inflation had increased unemployment and sent Britain into recession earlier in 1980.

Tokens:
The
Tory
government
's
controversial
monetarist
policy
against
inflation
had
increased
unemployment
and
sent
Britain
into
recession
earlier
in
1980
.

Sentence #82 (16 tokens):
As a result, Labour had moved ahead of the Tories in the opinion polls.

Tokens:
As
a
result
,
Labour
had
moved
ahead
of
the
Tories
in
the
opinion
polls
.

Sentence #83 (40 tokens):
After Foot's election as leader, opinion polls showed a double-digit lead for Labour, boosting his hopes of becoming prime minister in the next general election, which had to be held by May 1984.

Tokens:
After
Foot
's
election
as
leader
,
opinion
polls
showed
a
double
-
digit
lead
for
Labour
,
boosting
his
hopes
of
becoming
prime
minister
in
the
next
general
election
,
which
had
to
be
held
by
May
1984
.

Sentence #84 (15 tokens):
Almost immediately after his election as leader he was faced with a serious crisis.

Tokens:
Almost
immediately
after
his
election
as
leader
he
was
faced
with
a
serious
crisis
.

Sentence #85 (42 tokens):
In early 1981, four senior Labour right-wingers (Roy Jenkins, Shirley Williams, David Owen and William Rodgers, the so-called "Gang of Four") left Labour to form the Social Democratic Party.

Tokens:
In
early
1981
,
four
senior
Labour
right
-
wingers
(
Roy
Jenkins
,
Shirley
Williams
,
David
Owen
and
William
Rodgers
,
the
so
-
called
"
Gang
of
Four
"
)
left
Labour
to
form
the
Social
Democratic
Party
.

Sentence #86 (25 tokens):
This was largely seen as the consequence of the Labour Party's swing to the left, polarising divisions in an already divided party.

Tokens:
This
was
largely
seen
as
the
consequence
of
the
Labour
Party
's
swing
to
the
left
,
polarising
divisions
in
an
already
divided
party
.

Sentence #87 (12 tokens):
The SDP won the support of large sections of the media.

Tokens:
The
SDP
won
the
support
of
large
sections
of
the
media
.

Sentence #88 (26 tokens):
For most of 1981 and early 1982 its opinion poll ratings suggested that it could at least overtake Labour and possibly win a general election.

Tokens:
For
most
of
1981
and
early
1982
its
opinion
poll
ratings
suggested
that
it
could
at
least
overtake
Labour
and
possibly
win
a
general
election
.

Sentence #89 (23 tokens):
The Tories were then unpopular because of the economic policies of Margaret Thatcher, which had seen unemployment reach a postwar high.

Tokens:
The
Tories
were
then
unpopular
because
of
the
economic
policies
of
Margaret
Thatcher
,
which
had
seen
unemployment
reach
a
postwar
high
.

Sentence #90 (28 tokens):
The Labour left was still strong - in 1981 Benn decided to challenge Healey for the deputy leadership of the party, a contest Healey won narrowly.

Tokens:
The
Labour
left
was
still
strong
-
in
1981
Benn
decided
to
challenge
Healey
for
the
deputy
leadership
of
the
party
,
a
contest
Healey
won
narrowly
.

Sentence #91 (38 tokens):
Foot struggled to make an impact and was widely criticised for his ineffectiveness, though his performances in the Commons, most notably on the Falklands war of 1982, won him widespread respect from other parliamentarians.

Tokens:
Foot
struggled
to
make
an
impact
and
was
widely
criticised
for
his
ineffectiveness
,
though
his
performances
in
the
Commons
,
most
notably
on
the
Falklands
war
of
1982
,
won
him
widespread
respect
from
other
parliamentarians
.

Sentence #92 (18 tokens):
He was criticised by some on the left for supporting Thatcher's immediate resort to military action.

Tokens:
He
was
criticised
by
some
on
the
left
for
supporting
Thatcher
's
immediate
resort
to
military
action
.

Sentence #93 (78 tokens):
The right-wing newspapers nevertheless lambasted him consistently for what they saw as his bohemian eccentricity, attacking him for wearing what they described as a "donkey jacket" (actually he wore a type of duffel coat) at the wreath-laying ceremony at the Cenotaph on Remembrance Day in November 1981, for which he was likened to an "out-of-work navvy" by a fellow Labour MP.

Tokens:
The
right
-
wing
newspapers
nevertheless
lambasted
him
consistently
for
what
they
saw
as
his
bohemian
eccentricity
,
attacking
him
for
wearing
what
they
described
as
a
"
donkey
jacket
"
(
actually
he
wore
a
type
of
duffel
coat
)
at
the
wreath
-
laying
ceremony
at
the
Cenotaph
on
Remembrance
Day
in
November
1981
,
for
which
he
was
likened
to
an
"
out
-
of
-
work
navvy
"
by
a
fellow
Labour
MP
.

Sentence #94 (31 tokens):
Foot did not make it generally known that the Queen Mother had complimented him on it; he later donated the garment to the People's History Museum in Manchester.

Tokens:
Foot
did
not
make
it
generally
known
that
the
Queen
Mother
had
complimented
him
on
it
;
he
later
donated
the
garment
to
the
People
's
History
Museum
in
Manchester
.

Sentence #95 (26 tokens):
The formation of the SDP - who formed an alliance with the Liberal Party in June 1981 - contributed to a fall in Labour support.

Tokens:
The
formation
of
the
SDP
-
who
formed
an
alliance
with
the
Liberal
Party
in
June
1981
-
contributed
to
a
fall
in
Labour
support
.

Sentence #96 (40 tokens):
The double-digit lead which had still been intact in opinion polls at the start of 1981 was swiftly wiped out, and by the end of October the opinion polls were showing the Alliance ahead of Labour.

Tokens:
The
double
-
digit
lead
which
had
still
been
intact
in
opinion
polls
at
the
start
of
1981
was
swiftly
wiped
out
,
and
by
the
end
of
October
the
opinion
polls
were
showing
the
Alliance
ahead
of
Labour
.

Sentence #97 (40 tokens):
Labour briefly regained their lead of most opinion polls in early 1982, but when the Falklands conflict ended on 14 June 1982 with a British victory over Argentina, opinion polls showed the Tories firmly in the lead.

Tokens:
Labour
briefly
regained
their
lead
of
most
opinion
polls
in
early
1982
,
but
when
the
Falklands
conflict
ended
on
14
June
1982
with
a
British
victory
over
Argentina
,
opinion
polls
showed
the
Tories
firmly
in
the
lead
.

Sentence #98 (21 tokens):
Their position at the top of the polls was strengthened by the return to economic growth later in the year.

Tokens:
Their
position
at
the
top
of
the
polls
was
strengthened
by
the
return
to
economic
growth
later
in
the
year
.

Sentence #99 (42 tokens):
It was looking certain that the Tories would be re-elected, and the only key issue that the media were still speculating by the end of 1982 was whether it would be Labour or the Alliance who formed the next opposition.

Tokens:
It
was
looking
certain
that
the
Tories
would
be
re-elected
,
and
the
only
key
issue
that
the
media
were
still
speculating
by
the
end
of
1982
was
whether
it
would
be
Labour
or
the
Alliance
who
formed
the
next
opposition
.

Sentence #100 (22 tokens):
Through late 1982 and early 1983, there was constant speculation that Labour MPs would replace Foot with Healey as leader.

Tokens:
Through
late
1982
and
early
1983
,
there
was
constant
speculation
that
Labour
MPs
would
replace
Foot
with
Healey
as
leader
.

Sentence #101 (59 tokens):
Such speculation increased after Labour lost the 1983 Bermondsey by-election, in which Peter Tatchell was its candidate, standing against a Tory, a Liberal (eventual winner Simon Hughes) and the right wing John O'Grady, who had declared himself the Real Bermondsey Labour candidate and fought an openly homophobic campaign against Tatchell.

Tokens:
Such
speculation
increased
after
Labour
lost
the
1983
Bermondsey
by
-
election
,
in
which
Peter
Tatchell
was
its
candidate
,
standing
against
a
Tory
,
a
Liberal
(
eventual
winner
Simon
Hughes
)
and
the
right
wing
John
O'Grady
,
who
had
declared
himself
the
Real
Bermondsey
Labour
candidate
and
fought
an
openly
homophobic
campaign
against
Tatchell
.

Sentence #102 (23 tokens):
Critically, Labour held on in a subsequent by-election in Darlington and Foot remained leader for the 1983 general election.

Tokens:
Critically
,
Labour
held
on
in
a
subsequent
by
-
election
in
Darlington
and
Foot
remained
leader
for
the
1983
general
election
.

Sentence #103 (28 tokens):
The 1983 Labour manifesto, strongly socialist in tone, advocated unilateral nuclear disarmament, higher personal taxation and a return to a more interventionist industrial policy.

Tokens:
The
1983
Labour
manifesto
,
strongly
socialist
in
tone
,
advocated
unilateral
nuclear
disarmament
,
higher
personal
taxation
and
a
return
to
a
more
interventionist
industrial
policy
.

Sentence #104 (26 tokens):
The manifesto also pledged that a Labour government would abolish the House of Lords, nationalise banks and leave the then-European Economic Community.

Tokens:
The
manifesto
also
pledged
that
a
Labour
government
would
abolish
the
House
of
Lords
,
nationalise
banks
and
leave
the
then
-
European
Economic
Community
.

Sentence #105 (28 tokens):
Foot's Labour Party lost to the Conservatives in a landslide - a result which had been widely predicted by the opinion polls since the previous summer.

Tokens:
Foot
's
Labour
Party
lost
to
the
Conservatives
in
a
landslide
-
a
result
which
had
been
widely
predicted
by
the
opinion
polls
since
the
previous
summer
.

Sentence #106 (45 tokens):
The only consolation for Foot and Labour was that they did not lose their place in opposition to the SDP-Liberal Alliance, who came close to them in terms of votes but were still a long way behind in terms of seats.

Tokens:
The
only
consolation
for
Foot
and
Labour
was
that
they
did
not
lose
their
place
in
opposition
to
the
SDP
-
Liberal
Alliance
,
who
came
close
to
them
in
terms
of
votes
but
were
still
a
long
way
behind
in
terms
of
seats
.

Sentence #107 (28 tokens):
Despite this, Foot was very critical of the Alliance, accusing them of "siphoning" Labour support and enabling the Tories to win more seats.

Tokens:
Despite
this
,
Foot
was
very
critical
of
the
Alliance
,
accusing
them
of
"
siphoning
"
Labour
support
and
enabling
the
Tories
to
win
more
seats
.

Sentence #108 (66 tokens):
The Daily Mirror was the only major newspaper to back Foot and Labour at the 1983 general election, urging its readers to vote Labour and "Stop the waste of our nation, for your job your children and your future" in response to the mass unemployment that had resulted from Conservative prime minister Margaret Thatcher's monetarist economic policies to reduce inflation.

Tokens:
The
Daily
Mirror
was
the
only
major
newspaper
to
back
Foot
and
Labour
at
the
1983
general
election
,
urging
its
readers
to
vote
Labour
and
"
Stop
the
waste
of
our
nation
,
for
your
job
your
children
and
your
future
"
in
response
to
the
mass
unemployment
that
had
resulted
from
Conservative
prime
minister
Margaret
Thatcher
's
monetarist
economic
policies
to
reduce
inflation
.

Sentence #109 (11 tokens):
Most other newspapers had urged their readers to vote Tory.

Tokens:
Most
other
newspapers
had
urged
their
readers
to
vote
Tory
.

Sentence #110 (34 tokens):
Foot resigned days after the election and was succeeded as leader on 2 October by Neil Kinnock, who had been tipped from the outset to be Labour's choice of new leader.

Tokens:
Foot
resigned
days
after
the
election
and
was
succeeded
as
leader
on
2
October
by
Neil
Kinnock
,
who
had
been
tipped
from
the
outset
to
be
Labour
's
choice
of
new
leader
.

Sentence #111 (34 tokens):
Gerald Kaufman, once Harold Wilson's press officer and during the 1980s prominent on the Labour right, described the 1983 Labour manifesto as "the longest suicide note in history".

Tokens:
Gerald
Kaufman
,
once
Harold
Wilson
's
press
officer
and
during
the
1980s
prominent
on
the
Labour
right
,
described
the
1983
Labour
manifesto
as
"
the
longest
suicide
note
in
history
"
.

Sentence #112 (23 tokens):
As a statement on internal democracy, Foot passed the edict that the manifesto would consist of all resolutions arrived at conference.

Tokens:
As
a
statement
on
internal
democracy
,
Foot
passed
the
edict
that
the
manifesto
would
consist
of
all
resolutions
arrived
at
conference
.

Sentence #113 (36 tokens):
The party also failed to master the medium of television, while Foot addressed public meetings around the country, and made some radio broadcasts, in the same manner as Clement Attlee in 1945.

Tokens:
The
party
also
failed
to
master
the
medium
of
television
,
while
Foot
addressed
public
meetings
around
the
country
,
and
made
some
radio
broadcasts
,
in
the
same
manner
as
Clement
Attlee
in
1945
.

Sentence #114 (26 tokens):
Members joked that they had not expected Foot to allow the slogan "Think positive, Act positive, Vote Labour" on grammatical grounds.

Tokens:
Members
joked
that
they
had
not
expected
Foot
to
allow
the
slogan
"
Think
positive
,
Act
positive
,
Vote
Labour
"
on
grammatical
grounds
.

Sentence #115 (20 tokens):
In 1986, Foot was the subject of one of the best-known newspaper headlines of all time.

Tokens:
In
1986
,
Foot
was
the
subject
of
one
of
the
best
-
known
newspaper
headlines
of
all
time
.

Sentence #116 (20 tokens):
The Times ran an article about Foot, who had been put in charge of a nuclear disarmament committee.

Tokens:
The
Times
ran
an
article
about
Foot
,
who
had
been
put
in
charge
of
a
nuclear
disarmament
committee
.

Sentence #117 (10 tokens):
The headline stated "Foot Heads Arms Body".

Tokens:
The
headline
stated
"
Foot
Heads
Arms
Body
"
.

Sentence #118 (16 tokens):
Although originally written as a joke by editor Martyn Cornell, the paper ran it.

Tokens:
Although
originally
written
as
a
joke
by
editor
Martyn
Cornell
,
the
paper
ran
it
.

Sentence #119 (48 tokens):
Foot took a back seat in Labour politics after 1983 and retired from the House of Commons at the 1992 general election, when Labour lost to the Tories (now led by John Major) for the fourth election in succession, but remained politically active.

Tokens:
Foot
took
a
back
seat
in
Labour
politics
after
1983
and
retired
from
the
House
of
Commons
at
the
1992
general
election
,
when
Labour
lost
to
the
Tories
(
now
led
by
John
Major
)
for
the
fourth
election
in
succession
,
but
remained
politically
active
.

Sentence #120 (22 tokens):
From 1987 to 1992, he was the oldest sitting British MP (preceding former Prime Minister Sir Edward Heath).

Tokens:
From
1987
to
1992
,
he
was
the
oldest
sitting
British
MP
(
preceding
former
Prime
Minister
Sir
Edward
Heath
)
.

Sentence #121 (51 tokens):
He defended Salman Rushdie, the novelist who was subject to a fatwā requiring Rushdie's execution by Ayatollah Khomeini, and took a strongly pro-interventionist position against Serbia during its conflict with Croatia and Bosnia, supporting NATO forces whilst citing defence of civilian populations in the latter countries.

Tokens:
He
defended
Salman
Rushdie
,
the
novelist
who
was
subject
to
a
fatwā
requiring
Rushdie
's
execution
by
Ayatollah
Khomeini
,
and
took
a
strongly
pro-interventionist
position
against
Serbia
during
its
conflict
with
Croatia
and
Bosnia
,
supporting
NATO
forces
whilst
citing
defence
of
civilian
populations
in
the
latter
countries
.

Sentence #122 (14 tokens):
In addition he was among the Patrons of the British-Croatian Society.

Tokens:
In
addition
he
was
among
the
Patrons
of
the
British
-
Croatian
Society
.

Sentence #123 (19 tokens):
The Guardians political editor Michael White criticised Foot's "overgenerous" support for Croatian leader Franjo Tuđman.

Tokens:
The
Guardians
political
editor
Michael
White
criticised
Foot
's
"
overgenerous
"
support
for
Croatian
leader
Franjo
Tuđman
.

Sentence #124 (14 tokens):
Foot remained a high-profile member of the Campaign for Nuclear Disarmament.

Tokens:
Foot
remained
a
high
-
profile
member
of
the
Campaign
for
Nuclear
Disarmament
.

Sentence #125 (17 tokens):
He wrote several books, including highly regarded biographies of Aneurin Bevan and H. G. Wells.

Tokens:
He
wrote
several
books
,
including
highly
regarded
biographies
of
Aneurin
Bevan
and
H.
G.
Wells
.

Sentence #126 (14 tokens):
Indeed, he was a distinguished Vice-president of the H. G. Wells Society.

Tokens:
Indeed
,
he
was
a
distinguished
Vice-president
of
the
H.
G.
Wells
Society
.

Sentence #127 (19 tokens):
Many of his friends have said publicly that they regret that he ever gave up literature for politics.

Tokens:
Many
of
his
friends
have
said
publicly
that
they
regret
that
he
ever
gave
up
literature
for
politics
.

Sentence #128 (20 tokens):
Foot was an Honorary Associate of the National Secular Society and a Distinguished Supporter of the British Humanist Association.

Tokens:
Foot
was
an
Honorary
Associate
of
the
National
Secular
Society
and
a
Distinguished
Supporter
of
the
British
Humanist
Association
.

Sentence #129 (14 tokens):
He was elected in 1988 a Fellow of the Royal Society of Literature.

Tokens:
He
was
elected
in
1988
a
Fellow
of
the
Royal
Society
of
Literature
.

Sentence #130 (17 tokens):
In a poll of Labour party activists he was voted the worst post-war Labour party leader.

Tokens:
In
a
poll
of
Labour
party
activists
he
was
voted
the
worst
post-war
Labour
party
leader
.

Sentence #131 (44 tokens):
Though Foot is considered by many a failure as Labour leader, his biographer Mervyn Jones strongly makes the case that no one else could have held Labour together at the time, particularly in the face of the strength of Militant tendency.

Tokens:
Though
Foot
is
considered
by
many
a
failure
as
Labour
leader
,
his
biographer
Mervyn
Jones
strongly
makes
the
case
that
no
one
else
could
have
held
Labour
together
at
the
time
,
particularly
in
the
face
of
the
strength
of
Militant
tendency
.

Sentence #132 (12 tokens):
Foot is remembered with affection in Westminster as a great parliamentarian.

Tokens:
Foot
is
remembered
with
affection
in
Westminster
as
a
great
parliamentarian
.

Sentence #133 (26 tokens):
He was widely liked, and admired for his integrity, habitual courtesy, and generosity of spirit, by both his colleagues and opponents.

Tokens:
He
was
widely
liked
,
and
admired
for
his
integrity
,
habitual
courtesy
,
and
generosity
of
spirit
,
by
both
his
colleagues
and
opponents
.

Sentence #134 (18 tokens):
A portrait of Foot by the artist Robert Lenkiewicz now permanently hangs in Portcullis House, Westminster.

Tokens:
A
portrait
of
Foot
by
the
artist
Robert
Lenkiewicz
now
permanently
hangs
in
Portcullis
House
,
Westminster
.

Sentence #135 (29 tokens):
Oleg Gordievsky, a high-ranking KGB officer who defected from the Soviet Union to Britain in 1985, made allegations against Foot in his 1995 memoirs.

Tokens:
Oleg
Gordievsky
,
a
high
-
ranking
KGB
officer
who
defected
from
the
Soviet
Union
to
Britain
in
1985
,
made
allegations
against
Foot
in
his
1995
memoirs
.

Sentence #136 (61 tokens):
The Sunday Times, which serialised Gordievsky's book under the headline "KGB: Michael Foot was our agent", claimed in an article of 19 February that the Soviet intelligence services regarded Foot as an "agent of influence", codenamed "Agent BOOT", and in the pay of the KGB for many years.

Tokens:
The
Sunday
Times
,
which
serialised
Gordievsky
's
book
under
the
headline
"
KGB
:
Michael
Foot
was
our
agent
"
,
claimed
in
an
article
of
19
February
that
the
Soviet
intelligence
services
regarded
Foot
as
an
"
agent
of
influence
"
,
codenamed
"
Agent
BOOT
"
,
and
in
the
pay
of
the
KGB
for
many
years
.

Sentence #137 (23 tokens):
Crucially, the newspaper used material from the original manuscript of the book which had not been included in the published version.

Tokens:
Crucially
,
the
newspaper
used
material
from
the
original
manuscript
of
the
book
which
had
not
been
included
in
the
published
version
.

Sentence #138 (45 tokens):
At the time a leading article in The Independent newspaper asserted: "It seems extraordinary that such an unreliable figure should now be allowed, given the lack of supporting evidence, to damage the reputation of figures such as Mr Foot".

Tokens:
At
the
time
a
leading
article
in
The
Independent
newspaper
asserted
:
"
It
seems
extraordinary
that
such
an
unreliable
figure
should
now
be
allowed
,
given
the
lack
of
supporting
evidence
,
to
damage
the
reputation
of
figures
such
as
Mr
Foot
"
.

Sentence #139 (20 tokens):
In a February 1992 interview, Gordievsky had claimed that he had no further Labour Party revelations to make.

Tokens:
In
a
February
1992
interview
,
Gordievsky
had
claimed
that
he
had
no
further
Labour
Party
revelations
to
make
.

Sentence #140 (13 tokens):
Foot successfully sued the Sunday Times, winning "substantial" damages.

Tokens:
Foot
successfully
sued
the
Sunday
Times
,
winning
"
substantial
"
damages
.

Sentence #141 (43 tokens):
However, in the Daily Telegraph in 2010 Charles Moore gave a "full account", which he claimed had been provided to him by Gordievsky shortly after Foot's death, of the extent of Foot's alleged KGB involvement.

Tokens:
However
,
in
the
Daily
Telegraph
in
2010
Charles
Moore
gave
a
"
full
account
"
,
which
he
claimed
had
been
provided
to
him
by
Gordievsky
shortly
after
Foot
's
death
,
of
the
extent
of
Foot
's
alleged
KGB
involvement
.

Sentence #142 (35 tokens):
Moore also wrote that, although the claims are difficult to corroborate without MI6 and KGB files, Gordievsky's past record in revealing KGB contacts in Britain had been shown to be reliable.

Tokens:
Moore
also
wrote
that
,
although
the
claims
are
difficult
to
corroborate
without
MI6
and
KGB
files
,
Gordievsky
's
past
record
in
revealing
KGB
contacts
in
Britain
had
been
shown
to
be
reliable
.

Sentence #143 (34 tokens):
Foot was a passionate supporter of Plymouth Argyle Football Club from his childhood and once remarked that he wasn't going to die until he had seen them play in the Premier League.

Tokens:
Foot
was
a
passionate
supporter
of
Plymouth
Argyle
Football
Club
from
his
childhood
and
once
remarked
that
he
was
n't
going
to
die
until
he
had
seen
them
play
in
the
Premier
League
.

Sentence #144 (19 tokens):
He served for several years as a director of the club, seeing two promotions under his tenure.

Tokens:
He
served
for
several
years
as
a
director
of
the
club
,
seeing
two
promotions
under
his
tenure
.

Sentence #145 (23 tokens):
For his 90th birthday, Foot was registered with the Football League as an honorary player and given the shirt number 90.

Tokens:
For
his
90th
birthday
,
Foot
was
registered
with
the
Football
League
as
an
honorary
player
and
given
the
shirt
number
90
.

Sentence #146 (15 tokens):
This made him officially the oldest registered professional player in the history of football.

Tokens:
This
made
him
officially
the
oldest
registered
professional
player
in
the
history
of
football
.

Sentence #147 (5 tokens):
Foot had no children.

Tokens:
Foot
had
no
children
.

Sentence #148 (26 tokens):
He was married to the film-maker, author and feminist historian Jill Craigie (1911-1999) from 1949 until her death.

Tokens:
He
was
married
to
the
film
-
maker
,
author
and
feminist
historian
Jill
Craigie
(
1911
-
1999
)
from
1949
until
her
death
.

Sentence #149 (28 tokens):
In February 2007, it was revealed that Foot engaged in an extramarital affair with a black woman around 35 years his junior in the early 1970s.

Tokens:
In
February
2007
,
it
was
revealed
that
Foot
engaged
in
an
extramarital
affair
with
a
black
woman
around
35
years
his
junior
in
the
early
1970s
.

Sentence #150 (17 tokens):
The affair, which lasted nearly a year, put a considerable strain on his marriage.

Tokens:
The
affair
,
which
lasted
nearly
a
year
,
put
a
considerable
strain
on
his
marriage
.

Sentence #151 (15 tokens):
The affair is detailed in Foot's official biography, published in March 2007.

Tokens:
The
affair
is
detailed
in
Foot
's
official
biography
,
published
in
March
2007
.

Sentence #152 (36 tokens):
On 23 July 2006, his 93rd birthday, Michael Foot became the longest-lived leader of a major British political party, passing Lord Callaghan's record of 92 years, 364 days.

Tokens:
On
23
July
2006
,
his
93rd
birthday
,
Michael
Foot
became
the
longest
-
lived
leader
of
a
major
British
political
party
,
passing
Lord
Callaghan
's
record
of
92
years
,
364
days
.

Sentence #153 (41 tokens):
A staunch republican (though actually well liked by the Royal Family on a personal level), Foot rejected honours from the Queen and the government, including a knighthood and a peerage, on more than one occasion.

Tokens:
A
staunch
republican
(
though
actually
well
liked
by
the
Royal
Family
on
a
personal
level
)
,
Foot
rejected
honours
from
the
Queen
and
the
government
,
including
a
knighthood
and
a
peerage
,
on
more
than
one
occasion
.

Sentence #154 (23 tokens):
Foot suffered from asthma until 1963 (which disqualified him from service in World War II) and eczema until middle age.

Tokens:
Foot
suffered
from
asthma
until
1963
(
which
disqualified
him
from
service
in
World
War
II
)
and
eczema
until
middle
age
.

Sentence #155 (24 tokens):
In October 1963 he was involved in a car crash, suffering pierced lungs, broken ribs, and a broken left leg.

Tokens:
In
October
1963
he
was
involved
in
a
car
crash
,
suffering
pierced
lungs
,
broken
ribs
,
and
a
broken
left
leg
.

Sentence #156 (13 tokens):
Foot subsequently used a walking stick for the rest of his life.

Tokens:
Foot
subsequently
used
a
walking
stick
for
the
rest
of
his
life
.

Sentence #157 (26 tokens):
According to former MP Tam Dalyell, Foot had up to the accident been a chain-smoker, but gave up the habit thereafter.

Tokens:
According
to
former
MP
Tam
Dalyell
,
Foot
had
up
to
the
accident
been
a
chain
-
smoker
,
but
gave
up
the
habit
thereafter
.

Sentence #158 (15 tokens):
In 1976, Foot became blind in one eye following an attack of shingles.

Tokens:
In
1976
,
Foot
became
blind
in
one
eye
following
an
attack
of
shingles
.

Sentence #159 (17 tokens):
Foot died at his Hampstead, North London home in the morning of 3 March 2010.

Tokens:
Foot
died
at
his
Hampstead
,
North
London
home
in
the
morning
of
3
March
2010
.

Sentence #160 (51 tokens):
The House of Commons was informed of the news later that day by Justice Secretary Jack Straw, who told the House: "I am sure that this news will be received with great sadness not only in my own party but across the country as a whole".

Tokens:
The
House
of
Commons
was
informed
of
the
news
later
that
day
by
Justice
Secretary
Jack
Straw
,
who
told
the
House
:
"
I
am
sure
that
this
news
will
be
received
with
great
sadness
not
only
in
my
own
party
but
across
the
country
as
a
whole
"
.

Sentence #161 (22 tokens):
Foot's funeral was a non-religious service, held on 15 March 2010 at Golders Green Crematorium in North West London.

Tokens:
Foot
's
funeral
was
a
non-religious
service
,
held
on
15
March
2010
at
Golders
Green
Crematorium
in
North
West
London
.

Sentence #162 (31 tokens):
Foot was portrayed by Patrick Godfrey in the 2002 BBC production of Ian Curteis' long unproduced The Falklands Play and by Michael Pennington in the film The Iron Lady.

Tokens:
Foot
was
portrayed
by
Patrick
Godfrey
in
the
2002
BBC
production
of
Ian
Curteis
'
long
unproduced
The
Falklands
Play
and
by
Michael
Pennington
in
the
film
The
Iron
Lady
.

Sentence #163 (36 tokens):
Foot was also likened to Worzel Gummidge in the series of letters purported to have been written by Denis Thatcher, husband of Margaret Thatcher to his fictional friend Bill which appeared in Private Eye.

Tokens:
Foot
was
also
likened
to
Worzel
Gummidge
in
the
series
of
letters
purported
to
have
been
written
by
Denis
Thatcher
,
husband
of
Margaret
Thatcher
to
his
fictional
friend
Bill
which
appeared
in
Private
Eye
.
Coreference set: 1
1 3 1 4 136 17 11 18
4 12 12 13 136 17 11 18
4 15 14 30 136 17 11 18
7 1 1 3 136 17 11 18
8 4 4 5 136 17 11 18
9 2 1 3 136 17 11 18
9 30 30 31 136 17 11 18
10 13 9 14 136 17 11 18
12 2 1 3 136 17 11 18
12 5 4 16 136 17 11 18
12 25 24 26 136 17 11 18
12 61 58 62 136 17 11 18
12 61 60 62 136 17 11 18
13 1 1 2 136 17 11 18
13 4 3 15 136 17 11 18
13 19 18 20 136 17 11 18
14 1 1 2 136 17 11 18
15 1 1 2 136 17 11 18
16 1 1 2 136 17 11 18
16 4 3 9 136 17 11 18
17 1 1 2 136 17 11 18
18 6 6 7 136 17 11 18
19 1 1 2 136 17 11 18
19 11 11 12 136 17 11 18
19 24 24 25 136 17 11 18
20 8 8 9 136 17 11 18
20 28 28 29 136 17 11 18
21 1 1 2 136 17 11 18
21 23 23 24 136 17 11 18
23 5 5 6 136 17 11 18
24 1 1 2 136 17 11 18
25 1 1 2 136 17 11 18
27 1 1 2 136 17 11 18
28 6 6 7 136 17 11 18
29 8 8 9 136 17 11 18
33 10 10 11 136 17 11 18
33 21 21 22 136 17 11 18
34 9 9 10 136 17 11 18
35 12 12 13 136 17 11 18
37 4 2 5 136 17 11 18
38 1 1 2 136 17 11 18
39 1 1 2 136 17 11 18
40 1 1 2 136 17 11 18
42 1 1 2 136 17 11 18
43 2 2 3 136 17 11 18
43 5 5 6 136 17 11 18
44 1 1 2 136 17 11 18
45 1 1 2 136 17 11 18
47 28 28 29 136 17 11 18
48 11 11 12 136 17 11 18
48 23 23 24 136 17 11 18
48 56 56 57 136 17 11 18
49 1 1 2 136 17 11 18
49 5 4 36 136 17 11 18
50 2 2 3 136 17 11 18
51 4 4 5 136 17 11 18
52 8 8 9 136 17 11 18
52 21 21 23 136 17 11 18
53 1 1 2 136 17 11 18
54 1 1 2 136 17 11 18
55 1 1 2 136 17 11 18
56 12 12 13 136 17 11 18
56 33 33 34 136 17 11 18
59 45 45 46 136 17 11 18
60 4 4 5 136 17 11 18
61 16 16 17 136 17 11 18
64 14 14 15 136 17 11 18
68 1 1 2 136 17 11 18
69 7 7 8 136 17 11 18
70 5 5 6 136 17 11 18
70 22 22 23 136 17 11 18
71 4 4 12 136 17 11 18
71 4 4 5 136 17 11 18
72 14 13 17 136 17 11 18
73 6 6 7 136 17 11 18
73 20 20 21 136 17 11 18
75 1 1 2 136 17 11 18
76 1 1 2 136 17 11 18
76 3 3 4 136 17 11 18
79 12 12 13 136 17 11 18
79 34 34 35 136 17 11 18
80 6 6 7 136 17 11 18
83 2 2 4 136 17 11 18
83 20 20 21 136 17 11 18
84 4 4 5 136 17 11 18
84 8 8 9 136 17 11 18
91 1 1 2 136 17 11 18
91 12 12 13 136 17 11 18
91 16 16 17 136 17 11 18
91 32 32 33 136 17 11 18
92 1 1 2 136 17 11 18
93 8 8 9 136 17 11 18
93 15 15 16 136 17 11 18
93 20 20 21 136 17 11 18
93 34 34 35 136 17 11 18
93 60 60 61 136 17 11 18
94 1 1 2 136 17 11 18
94 14 14 15 136 17 11 18
94 18 18 19 136 17 11 18
102 15 15 16 136 17 11 18
105 1 1 3 136 17 11 18
106 5 5 6 136 17 11 18
107 4 4 5 136 17 11 18
108 11 11 12 136 17 11 18
110 1 1 2 136 17 11 18
112 8 8 9 136 17 11 18
113 13 13 14 136 17 11 18
114 8 8 9 136 17 11 18
115 4 4 5 136 17 11 18
115 7 6 20 136 17 11 18
116 7 7 20 136 17 11 18
116 7 7 8 136 17 11 18
119 1 1 2 136 17 11 18
120 6 6 7 136 17 11 18
120 9 8 22 136 17 11 18
121 1 1 2 136 17 11 18
122 3 3 4 136 17 11 18
123 8 8 10 136 17 11 18
124 1 1 2 136 17 11 18
125 1 1 2 136 17 11 18
126 3 3 4 136 17 11 18
126 7 5 14 136 17 11 18
127 3 3 4 136 17 11 18
127 12 12 13 136 17 11 18
128 1 1 2 136 17 11 18
128 5 3 11 136 17 11 18
129 1 1 2 136 17 11 18
130 8 8 9 136 17 11 18
131 2 2 3 136 17 11 18
131 13 13 14 136 17 11 18
132 1 1 2 136 17 11 18
133 1 1 2 136 17 11 18
133 9 9 10 136 17 11 18
133 22 22 23 136 17 11 18
135 24 24 25 136 17 11 18
138 43 42 44 136 17 11 18
140 1 1 2 136 17 11 18
141 30 30 32 136 17 11 18
141 38 38 40 136 17 11 18
143 1 1 2 136 17 11 18
143 12 12 13 136 17 11 18
143 18 18 19 136 17 11 18
143 25 25 26 136 17 11 18
144 1 1 2 136 17 11 18
144 17 17 18 136 17 11 18
145 2 2 3 136 17 11 18
145 6 6 7 136 17 11 18
146 3 3 4 136 17 11 18
147 1 1 2 136 17 11 18
148 1 1 2 136 17 11 18
149 9 9 10 136 17 11 18
149 22 22 23 136 17 11 18
150 15 15 16 136 17 11 18
151 6 6 8 136 17 11 18
152 6 6 7 136 17 11 18
152 11 10 12 136 17 11 18
153 19 19 20 136 17 11 18
154 1 1 2 136 17 11 18
154 10 10 11 136 17 11 18
155 4 4 5 136 17 11 18
156 1 1 2 136 17 11 18
156 11 11 12 136 17 11 18
157 8 8 9 136 17 11 18
158 4 4 5 136 17 11 18
159 1 1 2 136 17 11 18
159 4 4 5 136 17 11 18
161 1 1 3 136 17 11 18
162 1 1 2 136 17 11 18
163 1 1 2 136 17 11 18
Coreference set: 3
1 22 18 23 1 5 1 17
2 1 1 2 1 5 1 17
2 4 3 10 1 5 1 17
3 1 1 2 1 5 1 17
Coreference set: 4
1 7 7 17 1 5 1 6
Coreference set: 7
159 15 15 17 1 14 14 16
161 12 12 14 1 14 14 16
Coreference set: 14
40 6 6 7 2 11 11 17
113 35 35 36 2 11 11 17
Coreference set: 16
42 21 21 22 2 16 16 17
53 6 6 7 2 16 16 17
Coreference set: 17
120 4 4 5 2 18 18 19
Coreference set: 18
3 8 6 11 26 20 17 21
21 5 3 6 26 20 17 21
21 5 4 6 26 20 17 21
26 20 18 21 26 20 17 21
41 20 19 21 26 20 17 21
47 43 42 44 26 20 17 21
60 19 17 20 26 20 17 21
86 11 9 13 26 20 17 21
105 4 1 5 26 20 17 21
139 16 15 17 26 20 17 21
Coreference set: 19
69 5 5 6 3 10 10 11
158 2 2 3 3 10 10 11
Coreference set: 20
3 23 23 24 3 12 12 13
81 20 20 21 3 12 12 13
Coreference set: 23
119 10 10 11 3 25 25 26
Coreference set: 24
4 18 18 22 124 10 10 14
Coreference set: 25
4 9 9 10 4 1 1 5
5 1 1 2 4 1 1 5
Coreference set: 26
4 4 3 5 101 49 47 50
12 21 21 22 101 49 47 50
25 44 44 45 101 49 47 50
47 24 23 25 101 49 47 50
54 4 4 5 101 49 47 50
54 14 14 15 101 49 47 50
55 15 15 16 101 49 47 50
57 7 7 9 101 49 47 50
61 4 4 5 101 49 47 50
64 6 6 7 101 49 47 50
74 2 2 4 101 49 47 50
75 4 4 5 101 49 47 50
82 5 5 6 101 49 47 50
83 17 17 18 101 49 47 50
85 35 35 36 101 49 47 50
88 19 19 20 101 49 47 50
90 2 1 3 101 49 47 50
96 39 39 40 101 49 47 50
97 1 1 2 101 49 47 50
99 33 33 34 101 49 47 50
101 5 5 6 101 49 47 50
101 19 19 20 101 49 47 50
102 3 3 4 101 49 47 50
106 7 7 8 101 49 47 50
108 13 13 14 101 49 47 50
108 21 21 22 101 49 47 50
110 28 28 30 101 49 47 50
111 17 16 18 101 49 47 50
119 25 25 26 101 49 47 50
130 5 5 6 101 49 47 50
131 28 28 29 101 49 47 50
Coreference set: 30
4 18 17 22 49 32 31 36
Coreference set: 31
4 29 26 30 104 25 20 26
68 24 21 25 104 25 20 26
Coreference set: 32
5 2 2 3 63 15 14 16
21 7 7 8 63 15 14 16
27 9 9 10 63 15 14 16
46 9 9 10 63 15 14 16
56 29 29 30 63 15 14 16
69 16 16 17 63 15 14 16
79 24 24 25 63 15 14 16
Coreference set: 33
60 7 6 8 5 27 26 28
69 25 24 26 5 27 26 28
70 34 34 35 5 27 26 28
74 13 12 14 5 27 26 28
77 16 16 17 5 27 26 28
78 11 11 13 5 27 26 28
Coreference set: 34
65 7 6 8 5 4 1 5
Coreference set: 37
64 4 4 5 5 13 13 14
Coreference set: 38
70 13 13 40 5 19 19 25
70 13 13 19 5 19 19 25
Coreference set: 39
70 16 15 19 5 22 21 25
70 16 16 19 5 22 21 25
160 2 1 5 5 22 21 25
Coreference set: 40
6 5 5 6 6 3 1 4
6 8 7 14 6 3 1 4
47 21 21 25 6 3 1 4
55 16 15 17 6 3 1 4
131 11 10 12 6 3 1 4
Coreference set: 41
6 18 18 19 6 13 10 14
102 22 19 23 6 13 10 14
108 18 15 19 6 13 10 14
110 6 5 7 6 13 10 14
Coreference set: 42
62 13 12 14 6 16 15 17
65 16 15 17 6 16 15 17
76 16 15 27 6 16 15 17
76 16 15 17 6 16 15 17
90 21 20 22 6 16 15 17
113 2 1 3 6 16 15 17
Coreference set: 46
42 3 3 4 7 13 13 14
48 58 58 59 7 13 13 14
50 5 5 6 7 13 13 14
Coreference set: 48
25 4 3 5 7 7 6 8
Coreference set: 56
29 6 5 7 8 43 42 44
29 21 21 22 8 43 42 44
30 2 2 3 8 43 42 44
30 14 14 15 8 43 42 44
47 12 11 45 8 43 42 44
47 12 11 13 8 43 42 44
47 30 30 31 8 43 42 44
47 34 34 35 8 43 42 44
53 21 21 23 8 43 42 44
125 12 11 13 8 43 42 44
Coreference set: 58
35 37 36 38 8 8 7 44
Coreference set: 69
47 2 2 3 8 36 36 37
Coreference set: 72
9 9 9 10 44 5 4 6
10 10 10 11 44 5 4 6
11 33 33 34 44 5 4 6
19 28 28 29 44 5 4 6
Coreference set: 77
108 39 38 40 9 17 16 26
147 4 3 5 9 17 16 26
Coreference set: 78
10 2 1 3 9 20 19 26
11 2 1 3 9 20 19 26
Coreference set: 95
95 14 12 15 11 10 8 11
Coreference set: 102
12 18 18 19 12 58 58 59
20 35 35 36 12 58 58 59
Coreference set: 108
20 35 34 36 12 18 17 19
Coreference set: 116
56 21 21 22 12 54 54 57
Coreference set: 117
61 2 2 3 12 56 56 57
Coreference set: 135
15 16 16 17 16 8 6 9
20 30 30 31 16 8 6 9
Coreference set: 153
20 37 37 38 20 20 19 21
Coreference set: 154
20 26 26 27 20 3 1 9
20 32 32 33 20 3 1 9
20 43 43 44 20 3 1 9
Coreference set: 161
53 16 16 17 21 25 25 26
Coreference set: 165
22 3 2 4 21 20 17 21
Coreference set: 167
23 2 2 3 22 11 6 12
Coreference set: 169
48 21 21 22 23 13 13 14
Coreference set: 175
26 2 1 4 25 33 32 34
124 10 9 11 25 33 32 34
Coreference set: 178
25 49 49 50 25 20 15 34
Coreference set: 184
61 8 7 9 25 50 49 51
86 16 15 17 25 50 49 51
Coreference set: 185
47 17 17 19 26 7 6 9
Coreference set: 187
114 1 1 2 26 4 1 5
114 4 4 5 26 4 1 5
Coreference set: 193
27 10 6 11 27 13 12 14
Coreference set: 194
42 15 14 17 27 7 6 9
118 13 12 14 27 7 6 9
Coreference set: 203
30 8 8 12 29 14 13 15
31 3 3 4 29 14 13 15
35 16 16 17 29 14 13 15
36 1 1 2 29 14 13 15
Coreference set: 205
29 23 21 24 35 25 24 26
35 25 25 26 35 25 24 26
36 8 6 9 35 25 24 26
40 4 3 5 35 25 24 26
Coreference set: 207
31 1 1 2 30 22 17 23
Coreference set: 208
31 7 7 8 31 4 3 5
32 5 5 7 31 4 3 5
Coreference set: 211
38 18 17 19 33 8 6 9
49 14 12 15 33 8 6 9
49 14 13 15 33 8 6 9
58 25 23 26 33 8 6 9
58 25 24 26 33 8 6 9
154 16 14 17 33 8 6 9
Coreference set: 212
34 1 1 2 33 3 2 9
Coreference set: 218
144 14 14 15 35 14 14 15
Coreference set: 242
136 29 29 30 37 23 23 25
Coreference set: 243
39 21 20 22 38 9 8 10
Coreference set: 246
108 3 1 4 38 9 7 10
108 8 5 66 38 9 7 10
137 4 3 5 38 9 7 10
Coreference set: 248
39 7 6 8 38 22 20 23
58 4 3 6 38 22 20 23
59 16 15 18 38 22 20 23
66 12 11 14 38 22 20 23
153 27 26 28 38 22 20 23
Coreference set: 253
41 3 1 4 40 11 9 12
41 21 17 22 40 11 9 12
Coreference set: 255
43 14 13 15 41 12 11 13
Coreference set: 270
45 6 5 7 45 3 1 4
46 1 1 2 45 3 1 4
46 15 15 16 45 3 1 4
47 4 4 5 45 3 1 4
136 20 19 21 45 3 1 4
Coreference set: 272
46 13 13 14 46 4 3 5
Coreference set: 273
76 21 20 22 46 10 8 11
131 32 31 33 46 10 8 11
138 3 2 4 46 10 8 11
Coreference set: 284
58 48 48 49 48 55 55 56
Coreference set: 285
121 39 39 40 48 67 67 68
Coreference set: 314
162 10 10 11 51 18 17 20
Coreference set: 318
110 3 3 4 52 13 12 14
Coreference set: 319
141 32 30 43 52 23 21 24
141 32 30 33 52 23 21 24
148 25 24 26 52 23 21 24
Coreference set: 329
56 2 1 13 55 13 12 14
56 2 1 3 55 13 12 14
56 28 28 29 55 13 12 14
57 2 2 3 55 13 12 14
57 20 20 21 55 13 12 14
58 1 1 2 55 13 12 14
59 1 1 2 55 13 12 14
61 10 10 11 55 13 12 14
62 5 5 6 55 13 12 14
64 12 11 13 55 13 12 14
69 2 2 3 55 13 12 14
111 6 5 8 55 13 12 14
Coreference set: 335
56 35 35 36 56 5 4 13
Coreference set: 339
106 15 14 16 56 26 25 31
Coreference set: 344
57 18 17 19 91 20 19 21
91 20 20 21 91 20 19 21
Coreference set: 348
58 14 12 17 78 29 27 30
Coreference set: 349
58 19 17 20 65 20 18 21
66 19 17 21 65 20 18 21
Coreference set: 356
81 2 2 3 59 7 7 8
101 25 25 26 59 7 7 8
109 10 10 11 59 7 7 8
Coreference set: 361
59 30 29 48 104 12 11 15
104 12 12 15 104 12 11 15
Coreference set: 365
59 47 47 48 59 40 38 43
Coreference set: 372
63 9 9 10 62 21 20 22
Coreference set: 374
69 11 9 12 62 10 8 14
90 18 16 22 62 10 8 14
Coreference set: 376
75 16 16 17 63 6 6 7
Coreference set: 381
65 6 6 7 65 4 3 5
66 5 5 6 65 4 3 5
67 1 1 2 65 4 3 5
Coreference set: 389
114 17 17 18 67 12 11 13
Coreference set: 394
98 20 19 21 70 3 1 4
Coreference set: 397
70 37 37 38 70 31 30 36
Coreference set: 398
77 17 15 18 70 35 33 36
Coreference set: 401
71 28 28 29 71 19 18 20
Coreference set: 404
71 16 16 17 71 9 8 12
73 2 2 3 71 9 8 12
Coreference set: 410
72 6 5 7 140 6 4 7
116 2 1 3 140 6 4 7
136 3 1 22 140 6 4 7
136 3 1 4 140 6 4 7
140 6 5 7 140 6 4 7
Coreference set: 414
73 13 13 14 73 11 10 12
Coreference set: 419
74 23 23 24 74 10 9 11
89 13 12 23 74 10 9 11
89 13 12 14 74 10 9 11
92 11 11 13 74 10 9 11
108 58 57 60 74 10 9 11
163 25 24 26 74 10 9 11
Coreference set: 421
130 16 15 17 74 16 15 17
Coreference set: 426
76 11 11 12 75 13 12 33
79 14 14 15 75 13 12 33
90 14 14 15 75 13 12 33
100 19 19 20 75 13 12 33
Coreference set: 430
77 8 8 9 75 31 30 32
78 1 1 2 75 31 30 32
100 14 13 15 75 31 30 32
Coreference set: 431
79 2 2 3 76 34 33 35
80 2 2 3 76 34 33 35
90 10 10 11 76 34 33 35
Coreference set: 447
79 12 12 15 100 17 17 20
Coreference set: 448
79 20 20 39 79 44 40 45
Coreference set: 453
135 17 17 18 81 15 15 16
142 28 28 29 81 15 15 16
Coreference set: 457
105 14 13 15 82 3 2 4
Coreference set: 458
89 2 1 3 82 11 10 12
97 35 34 36 82 11 10 12
99 7 6 8 82 11 10 12
107 23 22 24 82 11 10 12
119 29 28 30 82 11 10 12
Coreference set: 459
83 9 8 10 82 15 13 16
96 13 12 14 82 15 13 16
96 32 30 33 82 15 13 16
97 32 31 33 82 15 13 16
105 23 21 24 82 15 13 16
Coreference set: 460
84 5 4 8 83 4 2 7
Coreference set: 472
88 4 4 5 85 3 2 4
90 9 9 10 85 3 2 4
96 18 18 19 85 3 2 4
Coreference set: 486
99 19 18 20 87 11 10 12
Coreference set: 487
88 8 8 9 88 2 2 8
88 14 14 15 88 2 2 8
Coreference set: 489
91 29 29 30 88 7 6 8
97 12 11 13 88 7 6 8
99 27 27 28 88 7 6 8
Coreference set: 495
97 17 17 18 91 26 26 27
Coreference set: 501
93 12 12 13 92 5 5 18
93 24 24 25 92 5 5 18
Coreference set: 505
94 5 5 6 93 17 15 18
94 16 16 17 93 17 15 18
Coreference set: 512
93 53 52 57 160 12 10 13
Coreference set: 516
120 12 11 13 93 77 74 78
Coreference set: 523
107 19 18 20 95 25 4 26
Coreference set: 530
110 14 14 15 96 29 29 30
Coreference set: 531
96 36 35 40 106 23 19 45
99 36 35 37 106 23 19 45
106 23 19 24 106 23 19 45
106 23 20 24 106 23 19 45
107 10 9 11 106 23 19 45
Coreference set: 533
97 39 38 40 97 5 4 10
Coreference set: 534
98 1 1 2 97 4 4 5
Coreference set: 535
98 8 7 9 97 9 7 10
Coreference set: 536
121 32 31 33 97 18 16 19
Coreference set: 540
99 1 1 2 98 2 1 9
Coreference set: 550
101 20 19 21 101 17 16 18
101 58 58 59 101 17 16 18
Coreference set: 554
101 45 45 46 101 9 7 13
Coreference set: 564
104 2 1 3 103 4 1 5
112 14 13 15 103 4 1 5
Coreference set: 565
106 10 10 11 103 7 7 10
106 14 14 15 103 7 7 10
106 29 29 30 103 7 7 10
Coreference set: 575
108 11 11 14 106 5 5 8
Coreference set: 581
107 13 13 14 107 2 2 3
Coreference set: 583
108 32 32 33 108 22 21 23
109 7 6 8 108 22 21 23
109 6 6 7 108 22 21 23
Coreference set: 588
108 38 38 39 108 36 36 37
108 41 41 42 108 36 36 37
Coreference set: 625
118 15 15 16 118 6 5 7
Coreference set: 630
127 18 18 19 119 8 7 9
Coreference set: 638
121 7 6 21 121 4 3 5
121 15 15 17 121 4 3 5
Coreference set: 644
121 31 31 32 121 13 12 21
Coreference set: 653
122 13 9 14 126 13 9 14
Coreference set: 664
127 9 9 10 127 1 1 5
Coreference set: 686
132 7 7 8 134 17 17 18
Coreference set: 691
136 19 19 20 133 23 21 26
Coreference set: 697
135 9 4 20 135 2 1 3
135 26 26 27 135 2 1 3
136 7 7 9 135 2 1 3
139 7 7 8 135 2 1 3
139 11 11 12 135 2 1 3
141 27 27 28 135 2 1 3
142 19 19 21 135 2 1 3
Coreference set: 698
135 8 8 9 136 57 56 58
136 14 14 15 136 57 56 58
141 41 41 42 136 57 56 58
142 16 16 17 136 57 56 58
142 25 25 26 136 57 56 58
Coreference set: 730
141 19 19 20 141 10 9 11
141 25 25 26 141 10 9 11
142 1 1 2 141 10 9 11
Coreference set: 740
144 11 10 12 143 10 7 11
Coreference set: 759
148 24 24 25 148 15 14 21
Coreference set: 768
150 2 1 3 150 2 1 9
151 2 1 3 150 2 1 9
Coreference set: 828
160 30 29 31 160 9 8 10
Coreference set: 830
160 25 25 26 160 17 14 18
160 40 40 41 160 17 14 18
Coreference set: 836
161 7 5 22 161 3 1 4
161 7 5 8 161 3 1 4
Coreference set: 846
163 22 22 26 163 20 19 21
163 27 27 28 163 20 19 21
