Document: ID=Quasi-War (48 sentences, 1258 tokens)

Sentence #1 (23 tokens):
The Quasi-War was an undeclared war fought mostly at sea between the United States and the French Republic from 1798 to 1800.

Tokens:
The
Quasi-War
was
an
undeclared
war
fought
mostly
at
sea
between
the
United
States
and
the
French
Republic
from
1798
to
1800
.

Sentence #2 (28 tokens):
In the United States, the conflict was sometimes also referred to as the Undeclared War With France, the Pirate Wars or the Half-War.

Tokens:
In
the
United
States
,
the
conflict
was
sometimes
also
referred
to
as
the
Undeclared
War
With
France
,
the
Pirate
Wars
or
the
Half
-
War
.

Sentence #3 (40 tokens):
The Kingdom of France had been a crucial ally of the United States in the American Revolutionary War from the spring of 1776, and had signed in 1778 a Treaty of Alliance with the United States of America.

Tokens:
The
Kingdom
of
France
had
been
a
crucial
ally
of
the
United
States
in
the
American
Revolutionary
War
from
the
spring
of
1776
,
and
had
signed
in
1778
a
Treaty
of
Alliance
with
the
United
States
of
America
.

Sentence #4 (57 tokens):
But in 1794, after the French Revolution toppled that country's monarchy, the American government came to an agreement with the Kingdom of Great Britain, the Jay Treaty, that resolved several points of contention between the United States and Great Britain that had lingered since the end of the American Revolutionary War.

Tokens:
But
in
1794
,
after
the
French
Revolution
toppled
that
country
's
monarchy
,
the
American
government
came
to
an
agreement
with
the
Kingdom
of
Great
Britain
,
the
Jay
Treaty
,
that
resolved
several
points
of
contention
between
the
United
States
and
Great
Britain
that
had
lingered
since
the
end
of
the
American
Revolutionary
War
.

Sentence #5 (6 tokens):
It also contained economic clauses.

Tokens:
It
also
contained
economic
clauses
.

Sentence #6 (30 tokens):
The United States had already declared neutrality in the conflict between Great Britain and post-revolution France, and American legislation was being passed for a trade deal with Britain.

Tokens:
The
United
States
had
already
declared
neutrality
in
the
conflict
between
Great
Britain
and
post-revolution
France
,
and
American
legislation
was
being
passed
for
a
trade
deal
with
Britain
.

Sentence #7 (45 tokens):
Coupled with the U.S. refusal to continue repaying its debt to France on the grounds that the debt had been owed to the French Crown, not to Republican France, the French outrage at the United States led to a series of responses.

Tokens:
Coupled
with
the
U.S.
refusal
to
continue
repaying
its
debt
to
France
on
the
grounds
that
the
debt
had
been
owed
to
the
French
Crown
,
not
to
Republican
France
,
the
French
outrage
at
the
United
States
led
to
a
series
of
responses
.

Sentence #8 (31 tokens):
The French privateers began seizing American ships trading with Britain and refused to receive the new United States minister Charles Cotesworth Pinckney when he arrived in Paris in December 1796.

Tokens:
The
French
privateers
began
seizing
American
ships
trading
with
Britain
and
refused
to
receive
the
new
United
States
minister
Charles
Cotesworth
Pinckney
when
he
arrived
in
Paris
in
December
1796
.

Sentence #9 (40 tokens):
In his annual message to Congress at the close of 1797, President John Adams reported on France’s refusal to negotiate and spoke of the need "to place our country in a suitable posture of defense".

Tokens:
In
his
annual
message
to
Congress
at
the
close
of
1797
,
President
John
Adams
reported
on
France
’s
refusal
to
negotiate
and
spoke
of
the
need
"
to
place
our
country
in
a
suitable
posture
of
defense
"
.

Sentence #10 (35 tokens):
In April 1798, President Adams informed Congress of the "XYZ Affair", in which French agents had demanded a large bribe for the restoration of diplomatic relations with the United States.

Tokens:
In
April
1798
,
President
Adams
informed
Congress
of
the
"
XYZ
Affair
"
,
in
which
French
agents
had
demanded
a
large
bribe
for
the
restoration
of
diplomatic
relations
with
the
United
States
.

Sentence #11 (10 tokens):
The French navy inflicted substantial losses on American shipping.

Tokens:
The
French
navy
inflicted
substantial
losses
on
American
shipping
.

Sentence #12 (29 tokens):
Secretary of State Timothy Pickering reported to Congress on June 21, 1797, that the French had seized 316 American merchant ships in the previous eleven months.

Tokens:
Secretary
of
State
Timothy
Pickering
reported
to
Congress
on
June
21
,
1797
,
that
the
French
had
seized
316
American
merchant
ships
in
the
previous
eleven
months
.

Sentence #13 (29 tokens):
The hostilities caused insurance rates on American shipping to increase at least 500 percent, since French marauders cruised the length of the U.S. Atlantic seaboard virtually unopposed.

Tokens:
The
hostilities
caused
insurance
rates
on
American
shipping
to
increase
at
least
500
percent
,
since
French
marauders
cruised
the
length
of
the
U.S.
Atlantic
seaboard
virtually
unopposed
.

Sentence #14 (17 tokens):
The administration had no warships to combat them; the last had been sold in 1785.

Tokens:
The
administration
had
no
warships
to
combat
them
;
the
last
had
been
sold
in
1785
.

Sentence #15 (17 tokens):
The United States possessed only a flotilla of small revenue cutters and some neglected coastal forts.

Tokens:
The
United
States
possessed
only
a
flotilla
of
small
revenue
cutters
and
some
neglected
coastal
forts
.

Sentence #16 (23 tokens):
Increased depredations by privateers from Revolutionary France required the rebirth of the United States Navy to protect the expanding American merchant shipping.

Tokens:
Increased
depredations
by
privateers
from
Revolutionary
France
required
the
rebirth
of
the
United
States
Navy
to
protect
the
expanding
American
merchant
shipping
.

Sentence #17 (24 tokens):
Congress authorized the president to acquire, arm, and man not more than 12 vessels, of up to 22 guns each.

Tokens:
Congress
authorized
the
president
to
acquire
,
arm
,
and
man
not
more
than
12
vessels
,
of
up
to
22
guns
each
.

Sentence #18 (20 tokens):
Several vessels were immediately purchased and converted into ships of war, and construction of the frigate Congress resumed.

Tokens:
Several
vessels
were
immediately
purchased
and
converted
into
ships
of
war
,
and
construction
of
the
frigate
Congress
resumed
.

Sentence #19 (22 tokens):
July 7, 1798, the date that Congress rescinded treaties with France, is considered the beginning of the Quasi-War.

Tokens:
July
7
,
1798
,
the
date
that
Congress
rescinded
treaties
with
France
,
is
considered
the
beginning
of
the
Quasi-War
.

Sentence #20 (18 tokens):
This was followed two days later with the passage of the Congressional authorization to attack French warships.

Tokens:
This
was
followed
two
days
later
with
the
passage
of
the
Congressional
authorization
to
attack
French
warships
.

Sentence #21 (13 tokens):
The U.S. Navy operated with a battle fleet of about 25 vessels.

Tokens:
The
U.S.
Navy
operated
with
a
battle
fleet
of
about
25
vessels
.

Sentence #22 (18 tokens):
These patrolled the southern coast of the United States and throughout the Caribbean, seeking French privateers.

Tokens:
These
patrolled
the
southern
coast
of
the
United
States
and
throughout
the
Caribbean
,
seeking
French
privateers
.

Sentence #23 (27 tokens):
Captain Thomas Truxtun's insistence on the highest standards of crew training paid dividends as the frigate USS Constellation captured L'Insurgente and severely damaged La Vengeance.

Tokens:
Captain
Thomas
Truxtun
's
insistence
on
the
highest
standards
of
crew
training
paid
dividends
as
the
frigate
USS
Constellation
captured
L'Insurgente
and
severely
damaged
La
Vengeance
.

Sentence #24 (31 tokens):
French privateers usually resisted, as did La Croyable, which was captured on July 7, 1798, by the USS Delaware outside of Egg Harbor, New Jersey.

Tokens:
French
privateers
usually
resisted
,
as
did
La
Croyable
,
which
was
captured
on
July
7
,
1798
,
by
the
USS
Delaware
outside
of
Egg
Harbor
,
New
Jersey
.

Sentence #25 (15 tokens):
The USS Enterprise captured eight privateers and freed 11 American merchant ships from captivity.

Tokens:
The
USS
Enterprise
captured
eight
privateers
and
freed
11
American
merchant
ships
from
captivity
.

Sentence #26 (12 tokens):
The USS Experiment captured the French privateers Deux Amis and Diane.

Tokens:
The
USS
Experiment
captured
the
French
privateers
Deux
Amis
and
Diane
.

Sentence #27 (9 tokens):
Numerous American merchantmen were recaptured by the Experiment.

Tokens:
Numerous
American
merchantmen
were
recaptured
by
the
Experiment
.

Sentence #28 (9 tokens):
The USS Boston forced Le Berceau into submission.

Tokens:
The
USS
Boston
forced
Le
Berceau
into
submission
.

Sentence #29 (58 tokens):
Silas Talbot engineered an expedition to Puerto Plata harbor in the Colony of Santo Domingo, a possession of France's ally Spain, on May 11, 1800; sailors and marines from the USS Constitution under Lieutenant Isaac Hull captured the French privateer Sandwich in the harbor and spiked the guns of the Spanish fort.

Tokens:
Silas
Talbot
engineered
an
expedition
to
Puerto
Plata
harbor
in
the
Colony
of
Santo
Domingo
,
a
possession
of
France
's
ally
Spain
,
on
May
11
,
1800
;
sailors
and
marines
from
the
USS
Constitution
under
Lieutenant
Isaac
Hull
captured
the
French
privateer
Sandwich
in
the
harbor
and
spiked
the
guns
of
the
Spanish
fort
.

Sentence #30 (21 tokens):
Only one U.S Navy vessel was captured by - and later recaptured from - French forces, the USS Retaliation.

Tokens:
Only
one
U.S
Navy
vessel
was
captured
by
-
and
later
recaptured
from
-
French
forces
,
the
USS
Retaliation
.

Sentence #31 (15 tokens):
She was the captured privateer La Croyable, recently purchased by the U.S. Navy.

Tokens:
She
was
the
captured
privateer
La
Croyable
,
recently
purchased
by
the
U.S.
Navy
.

Sentence #32 (24 tokens):
Retaliation departed Norfolk on October 28, 1798, with Montezuma and Norfolk, and cruised in the West Indies protecting American commerce.

Tokens:
Retaliation
departed
Norfolk
on
October
28
,
1798
,
with
Montezuma
and
Norfolk
,
and
cruised
in
the
West
Indies
protecting
American
commerce
.

Sentence #33 (34 tokens):
On November 20, 1798, the French frigates L’Insurgente and Volontaire overtook Retaliation while her consorts were away and forced commanding officer Lieutenant William Bainbridge to surrender the out-gunned schooner.

Tokens:
On
November
20
,
1798
,
the
French
frigates
L’Insurgente
and
Volontaire
overtook
Retaliation
while
her
consorts
were
away
and
forced
commanding
officer
Lieutenant
William
Bainbridge
to
surrender
the
out
-
gunned
schooner
.

Sentence #34 (29 tokens):
Montezuma and Norfolk escaped after Bainbridge convinced the senior French commander that those American warships were too powerful for his frigates and persuaded him to abandon the chase.

Tokens:
Montezuma
and
Norfolk
escaped
after
Bainbridge
convinced
the
senior
French
commander
that
those
American
warships
were
too
powerful
for
his
frigates
and
persuaded
him
to
abandon
the
chase
.

Sentence #35 (31 tokens):
Renamed Magicienne by the French, the schooner again came into American hands on June 28, when a broadside from USS Merrimack forced her to haul down her colors.

Tokens:
Renamed
Magicienne
by
the
French
,
the
schooner
again
came
into
American
hands
on
June
28
,
when
a
broadside
from
USS
Merrimack
forced
her
to
haul
down
her
colors
.

Sentence #36 (25 tokens):
Revenue cutters in the service of the Revenue-Marine, the predecessor to the Coast Guard, also took part in the conflict.

Tokens:
Revenue
cutters
in
the
service
of
the
Revenue
-
Marine
,
the
predecessor
to
the
Coast
Guard
,
also
took
part
in
the
conflict
.

Sentence #37 (22 tokens):
The cutter USRC Pickering, commanded by Edward Preble, made two cruises to the West Indies and captured several prizes.

Tokens:
The
cutter
USRC
Pickering
,
commanded
by
Edward
Preble
,
made
two
cruises
to
the
West
Indies
and
captured
several
prizes
.

Sentence #38 (32 tokens):
Preble turned command of the Pickering over to Benjamin Hillar, and she captured the much larger and more heavily armed French privateer l’Egypte Conquise after a nine-hour battle.

Tokens:
Preble
turned
command
of
the
Pickering
over
to
Benjamin
Hillar
,
and
she
captured
the
much
larger
and
more
heavily
armed
French
privateer
l’Egypte
Conquise
after
a
nine
-
hour
battle
.

Sentence #39 (21 tokens):
In September 1800, Hillar, the Pickering, and her entire crew were lost at sea in a storm.

Tokens:
In
September
1800
,
Hillar
,
the
Pickering
,
and
her
entire
crew
were
lost
at
sea
in
a
storm
.

Sentence #40 (36 tokens):
Preble commanded the frigate Essex, which he sailed around Cape Horn into the Pacific to protect American merchantmen in the East Indies; he recaptured several ships that had been seized by French privateers.

Tokens:
Preble
commanded
the
frigate
Essex
,
which
he
sailed
around
Cape
Horn
into
the
Pacific
to
protect
American
merchantmen
in
the
East
Indies
;
he
recaptured
several
ships
that
had
been
seized
by
French
privateers
.

Sentence #41 (33 tokens):
American naval losses may have been light, but the French successfully seized many American merchant ships by the war's end in 1800&mdash;over two thousand, one source contends.

Tokens:
American
naval
losses
may
have
been
light
,
but
the
French
successfully
seized
many
American
merchant
ships
by
the
war
's
end
in
1800
&mdash;
over
two
thousand
,
one
source
contends
.

Sentence #42 (38 tokens):
Although they were fighting the same enemy, the Royal Navy and the United States Navy did not cooperate operationally, nor did they share operational plans or come to mutual understandings about deployment of their forces.

Tokens:
Although
they
were
fighting
the
same
enemy
,
the
Royal
Navy
and
the
United
States
Navy
did
not
cooperate
operationally
,
nor
did
they
share
operational
plans
or
come
to
mutual
understandings
about
deployment
of
their
forces
.

Sentence #43 (12 tokens):
The British did sell the American government naval stores and munitions.

Tokens:
The
British
did
sell
the
American
government
naval
stores
and
munitions
.

Sentence #44 (37 tokens):
In addition, the two navies shared a system of signals by which each could recognize the other’s warships at sea, and allowed merchantmen of their respective nations to join each other's convoys.

Tokens:
In
addition
,
the
two
navies
shared
a
system
of
signals
by
which
each
could
recognize
the
other
’s
warships
at
sea
,
and
allowed
merchantmen
of
their
respective
nations
to
join
each
other
's
convoys
.

Sentence #45 (42 tokens):
By the autumn of 1800, the United States Navy and the Royal Navy, combined with a more conciliatory diplomatic stance by the government of First Consul Napoleon Bonaparte, had reduced the activity of the French privateers and warships.

Tokens:
By
the
autumn
of
1800
,
the
United
States
Navy
and
the
Royal
Navy
,
combined
with
a
more
conciliatory
diplomatic
stance
by
the
government
of
First
Consul
Napoleon
Bonaparte
,
had
reduced
the
activity
of
the
French
privateers
and
warships
.

Sentence #46 (17 tokens):
The Convention of 1800, signed on September 30, ended the Franco-American War.

Tokens:
The
Convention
of
1800
,
signed
on
September
30
,
ended
the
Franco
-
American
War
.

Sentence #47 (25 tokens):
Unfortunately for President Adams, the news did not arrive in time to help him secure a second term in the 1800 presidential election.

Tokens:
Unfortunately
for
President
Adams
,
the
news
did
not
arrive
in
time
to
help
him
secure
a
second
term
in
the
1800
presidential
election
.

Sentence #48 (28 tokens):
The Quasi War has taken on a significant role in modern debates over the distribution of war powers between the Executive and Legislative branches in the US.

Tokens:
The
Quasi
War
has
taken
on
a
significant
role
in
modern
debates
over
the
distribution
of
war
powers
between
the
Executive
and
Legislative
branches
in
the
US
.
Coreference set: 1
1 6 4 23 1 2 1 3
19 21 20 22 1 2 1 3
41 20 19 22 1 2 1 3
Coreference set: 4
1 14 13 15 1 14 12 15
2 4 2 5 1 14 12 15
2 4 3 5 1 14 12 15
4 42 40 43 1 14 12 15
4 42 41 43 1 14 12 15
6 3 1 4 1 14 12 15
7 9 9 10 1 14 12 15
7 38 36 39 1 14 12 15
8 18 17 19 1 14 12 15
10 34 32 35 1 14 12 15
15 3 1 4 1 14 12 15
22 9 7 10 1 14 12 15
22 9 8 10 1 14 12 15
Coreference set: 7
45 5 5 6 1 22 22 23
46 4 4 5 1 22 22 23
Coreference set: 8
2 18 18 19 6 16 15 17
6 16 16 17 6 16 15 17
7 12 12 13 6 16 15 17
7 30 29 31 6 16 15 17
7 30 30 31 6 16 15 17
9 18 18 20 6 16 15 17
12 17 16 18 6 16 15 17
16 7 6 8 6 16 15 17
19 13 13 14 6 16 15 17
29 20 20 22 6 16 15 17
35 5 4 6 6 16 15 17
41 11 10 12 6 16 15 17
Coreference set: 9
36 24 23 25 2 7 6 8
Coreference set: 17
4 56 53 57 3 18 15 19
Coreference set: 25
5 1 1 2 4 3 3 4
Coreference set: 27
4 13 10 18 4 13 10 14
4 17 15 18 4 13 10 14
43 7 5 8 4 13 10 14
Coreference set: 28
9 32 31 33 4 11 10 13
Coreference set: 31
4 33 33 34 4 27 26 32
4 45 44 57 4 27 26 32
6 13 12 14 4 27 26 32
6 29 29 30 4 27 26 32
8 10 10 11 4 27 26 32
43 2 1 3 4 27 26 32
Coreference set: 43
7 18 17 19 7 10 9 11
Coreference set: 49
8 24 24 25 8 22 20 23
Coreference set: 51
9 31 31 32 8 3 1 4
22 17 16 18 8 3 1 4
24 2 1 3 8 3 1 4
26 7 5 8 8 3 1 4
40 35 34 36 8 3 1 4
Coreference set: 53
9 2 2 3 8 19 15 31
Coreference set: 59
10 6 5 7 9 15 13 16
47 4 3 5 9 15 13 16
47 4 4 5 9 15 13 16
47 15 15 16 9 15 13 16
Coreference set: 64
12 3 3 4 10 8 8 35
Coreference set: 65
10 8 8 15 18 18 16 19
12 8 8 9 18 18 16 19
17 1 1 2 18 18 16 19
19 9 9 10 18 18 16 19
20 12 12 13 18 18 16 19
Coreference set: 74
37 4 3 5 12 5 3 6
38 6 5 7 12 5 3 6
39 8 7 9 12 5 3 6
39 8 8 9 12 5 3 6
Coreference set: 81
14 8 8 9 13 18 17 19
Coreference set: 95
42 11 9 17 16 15 12 16
42 11 9 12 16 15 12 16
42 11 10 12 16 15 12 16
42 16 13 17 16 15 12 16
45 10 7 31 16 15 12 16
45 10 7 15 16 15 12 16
45 10 7 11 16 15 12 16
45 10 8 11 16 15 12 16
45 14 12 15 16 15 12 16
45 14 13 15 16 15 12 16
Coreference set: 110
19 7 6 14 19 1 1 5
24 15 15 19 19 1 1 5
Coreference set: 119
31 14 12 15 21 3 1 4
Coreference set: 138
24 9 8 10 24 9 8 31
31 7 6 8 24 9 8 31
Coreference set: 147
27 8 7 9 26 3 1 4
Coreference set: 150
40 19 18 20 27 3 1 4
42 2 2 3 27 3 1 4
42 24 24 25 27 3 1 4
42 36 36 37 27 3 1 4
Coreference set: 151
31 1 1 2 28 6 5 7
31 5 3 15 28 6 5 7
31 5 3 8 28 6 5 7
Coreference set: 158
29 49 48 50 29 9 7 24
Coreference set: 174
42 37 36 38 30 16 15 17
Coreference set: 175
33 14 14 15 30 20 18 21
Coreference set: 176
32 13 13 14 32 3 3 4
34 3 3 4 32 3 3 4
Coreference set: 177
34 1 1 2 32 11 11 12
Coreference set: 179
34 1 1 4 32 11 11 14
Coreference set: 180
37 17 15 18 32 20 18 21
37 17 16 18 32 20 18 21
Coreference set: 184
34 21 20 22 33 9 7 11
Coreference set: 185
33 16 16 17 33 10 10 11
35 25 25 26 33 10 10 11
35 29 29 30 33 10 10 11
38 13 13 14 33 10 10 11
39 11 11 12 33 10 10 11
Coreference set: 187
34 6 6 7 33 26 23 27
34 20 20 21 33 26 23 27
34 24 24 25 33 26 23 27
Coreference set: 188
35 8 7 9 33 33 29 34
Coreference set: 205
38 1 1 2 37 9 8 10
40 1 1 2 37 9 8 10
40 8 8 9 37 9 8 10
40 25 25 26 37 9 8 10
Coreference set: 206
44 5 5 6 37 12 12 13
Coreference set: 211
39 5 5 6 38 10 9 11
Coreference set: 243
44 28 28 29 44 14 14 15
Coreference set: 260
48 3 1 4 46 16 12 17
