Document: ID=Rhodes piano (63 sentences, 1739 tokens)

Sentence #1 (18 tokens):
The Rhodes piano is an electro-mechanical piano, invented by Harold Rhodes during the 1950s.

Tokens:
The
Rhodes
piano
is
an
electro
-
mechanical
piano
,
invented
by
Harold
Rhodes
during
the
1950s
.

Sentence #2 (24 tokens):
It was later manufactured in a number of models, first in collaboration with Fender who after 1965, was bought by CBS.

Tokens:
It
was
later
manufactured
in
a
number
of
models
,
first
in
collaboration
with
Fender
who
after
1965
,
was
bought
by
CBS
.

Sentence #3 (31 tokens):
As a member of the electrophone sub-group of percussion instruments, it employs a piano-like keyboard with hammers that hit small metal tines, amplified by electromagnetic pickups.

Tokens:
As
a
member
of
the
electrophone
sub-group
of
percussion
instruments
,
it
employs
a
piano
-
like
keyboard
with
hammers
that
hit
small
metal
tines
,
amplified
by
electromagnetic
pickups
.

Sentence #4 (28 tokens):
A 2001 New York Times article described the instrument as "a pianistic counterpart to the electric guitar" having a "shimmering, ethereal sound".

Tokens:
A
2001
New
York
Times
article
described
the
instrument
as
"
a
pianistic
counterpart
to
the
electric
guitar
"
having
a
"
shimmering
,
ethereal
sound
"
.

Sentence #5 (15 tokens):
The Rhodes piano was used extensively throughout the 1970s in all styles of music.

Tokens:
The
Rhodes
piano
was
used
extensively
throughout
the
1970s
in
all
styles
of
music
.

Sentence #6 (37 tokens):
It fell out of fashion for a while in the middle 1980s, principally due to the emergence of polyphonic and later digital synthesizers, but has enjoyed a huge resurgence of popularity since the 1990s.

Tokens:
It
fell
out
of
fashion
for
a
while
in
the
middle
1980s
,
principally
due
to
the
emergence
of
polyphonic
and
later
digital
synthesizers
,
but
has
enjoyed
a
huge
resurgence
of
popularity
since
the
1990s
.

Sentence #7 (20 tokens):
The last model, the MkV, was released in 1984, when the factory in Fullerton was closed.

Tokens:
The
last
model
,
the
MkV
,
was
released
in
1984
,
when
the
factory
in
Fullerton
was
closed
.

Sentence #8 (14 tokens):
Rhodes Music Corporation tried to re-introduce a version of the instrument in 2007.

Tokens:
Rhodes
Music
Corporation
tried
to
re-introduce
a
version
of
the
instrument
in
2007
.

Sentence #9 (38 tokens):
WWII: The Army Air Corps piano was an acoustic instrument invented by Harold Rhodes during World War II in an effort to create a piano that injured soldiers could play while lying in a hospital bed.

Tokens:
WWII
:
The
Army
Air
Corps
piano
was
an
acoustic
instrument
invented
by
Harold
Rhodes
during
World
War
II
in
an
effort
to
create
a
piano
that
injured
soldiers
could
play
while
lying
in
a
hospital
bed
.

Sentence #10 (24 tokens):
Rhodes built the first model in 1942, a 29-note keyboard using aluminum tubing from a B-17 bomber aircraft.

Tokens:
Rhodes
built
the
first
model
in
1942
,
a
29
-
note
keyboard
using
aluminum
tubing
from
a
B
-
17
bomber
aircraft
.

Sentence #11 (33 tokens):
The Air Force asked Rhodes to write a training manual and draw blueprints of what came to be known as the Army Air Corps piano, so soldiers could make their own.

Tokens:
The
Air
Force
asked
Rhodes
to
write
a
training
manual
and
draw
blueprints
of
what
came
to
be
known
as
the
Army
Air
Corps
piano
,
so
soldiers
could
make
their
own
.

Sentence #12 (15 tokens):
Also called a "Xylette," thousands of the rudimentary models were built.

Tokens:
Also
called
a
"
Xylette
,
"
thousands
of
the
rudimentary
models
were
built
.

Sentence #13 (20 tokens):
1946-1965: Harold Rhodes subsequently founded The Rhodes Piano Corporation and introduced the Pre-Piano at NAMM 1946.

Tokens:
1946
-
1965
:
Harold
Rhodes
subsequently
founded
The
Rhodes
Piano
Corporation
and
introduced
the
Pre-Piano
at
NAMM
1946
.

Sentence #14 (23 tokens):
In 1959, Rhodes entered a joint venture with Leo Fender to manufacture the instruments under a company named Fender & Rhodes.

Tokens:
In
1959
,
Rhodes
entered
a
joint
venture
with
Leo
Fender
to
manufacture
the
instruments
under
a
company
named
Fender
&
Rhodes
.

Sentence #15 (39 tokens):
The partnership lasted for six years with the model marketed as the Fender Rhodes Piano Bass, a 32-note version with only the low range of the piano, accounting for the bulk of the sales.

Tokens:
The
partnership
lasted
for
six
years
with
the
model
marketed
as
the
Fender
Rhodes
Piano
Bass
,
a
32
-
note
version
with
only
the
low
range
of
the
piano
,
accounting
for
the
bulk
of
the
sales
.

Sentence #16 (27 tokens):
The Fender Rhodes Celeste was a similar keyboard covering the midrange of the piano, and electric pianos with tube amplifiers were prototyped at the time.

Tokens:
The
Fender
Rhodes
Celeste
was
a
similar
keyboard
covering
the
midrange
of
the
piano
,
and
electric
pianos
with
tube
amplifiers
were
prototyped
at
the
time
.

Sentence #17 (27 tokens):
The Piano 73 would become known as the Fender Rhodes Electric Piano, with an amplifier cabinet used as a base for supporting the piano keyboard.

Tokens:
The
Piano
73
would
become
known
as
the
Fender
Rhodes
Electric
Piano
,
with
an
amplifier
cabinet
used
as
a
base
for
supporting
the
piano
keyboard
.

Sentence #18 (22 tokens):
1965-1984: CBS purchased the Fender company in 1965, and offered Rhodes a release from his Fender agreement.

Tokens:
1965
-
1984
:
CBS
purchased
the
Fender
company
in
1965
,
and
offered
Rhodes
a
release
from
his
Fender
agreement
.

Sentence #19 (28 tokens):
Rhodes stayed with CBS, with the company first offering the full 73-note Suitcase model, in addition to the Piano Bass and the Celeste.

Tokens:
Rhodes
stayed
with
CBS
,
with
the
company
first
offering
the
full
73
-
note
Suitcase
model
,
in
addition
to
the
Piano
Bass
and
the
Celeste
.

Sentence #20 (75 tokens):
In 1969 the 73-note Mark I Stage Piano was introduced as a one-piece alternative to the Suitcase style, featuring four detachable legs (used in Fender steel pedal guitars), a sustain pedal with an adjustable pushrod (the main component in a Rogers hi-hat) and a single output (mislabeled INPUT) for use with an outboard guitar cabinet or other source of amplification.

Tokens:
In
1969
the
73
-
note
Mark
I
Stage
Piano
was
introduced
as
a
one
-
piece
alternative
to
the
Suitcase
style
,
featuring
four
detachable
legs
(
used
in
Fender
steel
pedal
guitars
)
,
a
sustain
pedal
with
an
adjustable
pushrod
(
the
main
component
in
a
Rogers
hi
-
hat
)
and
a
single
output
(
mislabeled
INPUT
)
for
use
with
an
outboard
guitar
cabinet
or
other
source
of
amplification
.

Sentence #21 (40 tokens):
The Fender Twin Reverb was the amplifier shown in catalogs as the cabinet of choice for the Stage Piano, and many Rhodes players rely on that particular 2 x 12" tube amp to get the classic tone.

Tokens:
The
Fender
Twin
Reverb
was
the
amplifier
shown
in
catalogs
as
the
cabinet
of
choice
for
the
Stage
Piano
,
and
many
Rhodes
players
rely
on
that
particular
2
x
12
"
tube
amp
to
get
the
classic
tone
.

Sentence #22 (28 tokens):
1970 saw the release of an 88-key Suitcase Piano, and improvements in both the piano action and tone generator life were made a priority.

Tokens:
1970
saw
the
release
of
an
88
-
key
Suitcase
Piano
,
and
improvements
in
both
the
piano
action
and
tone
generator
life
were
made
a
priority
.

Sentence #23 (18 tokens):
In 1974 the decision was made to drop "Fender" from the name for marketing purposes.

Tokens:
In
1974
the
decision
was
made
to
drop
"
Fender
"
from
the
name
for
marketing
purposes
.

Sentence #24 (46 tokens):
Production in the 16-year "CBS period" reached as high as 50 units per day around 1978-79, but sales declined as 1980 approached, and the Mark II Stage Piano was introduced in an attempt to revitalize the product.

Tokens:
Production
in
the
16
-
year
"
CBS
period
"
reached
as
high
as
50
units
per
day
around
1978
-
79
,
but
sales
declined
as
1980
approached
,
and
the
Mark
II
Stage
Piano
was
introduced
in
an
attempt
to
revitalize
the
product
.

Sentence #25 (16 tokens):
Production ended in 1984, with the Rhodes Mark V being the final CBS model.

Tokens:
Production
ended
in
1984
,
with
the
Rhodes
Mark
V
being
the
final
CBS
model
.

Sentence #26 (20 tokens):
No records exist on how many pianos were produced in total by the time CBS Musical Instruments ceased production.

Tokens:
No
records
exist
on
how
many
pianos
were
produced
in
total
by
the
time
CBS
Musical
Instruments
ceased
production
.

Sentence #27 (24 tokens):
Harold Rhodes himself never kept any records of production, but during the 1970s it might have reached ten thousand instruments each year.

Tokens:
Harold
Rhodes
himself
never
kept
any
records
of
production
,
but
during
the
1970s
it
might
have
reached
ten
thousand
instruments
each
year
.

Sentence #28 (17 tokens):
1987-1991: Roland acquired the Rhodes trademark from CBS for $20,000 in 1987.

Tokens:
1987
-
1991
:
Roland
acquired
the
Rhodes
trademark
from
CBS
for
$
20,000
in
1987
.

Sentence #29 (51 tokens):
It manufactured only two digital piano models, the MK-80 (88 key) and the MK-60 (64 key), using S/A (Structured Adaptive) Synthesis method and weighted action, but the sound of the Roland piano disgusted Harold Rhodes.

Tokens:
It
manufactured
only
two
digital
piano
models
,
the
MK
-
80
(
88
key
)
and
the
MK
-
60
(
64
key
)
,
using
S
/
A
(
Structured
Adaptive
)
Synthesis
method
and
weighted
action
,
but
the
sound
of
the
Roland
piano
disgusted
Harold
Rhodes
.

Sentence #30 (23 tokens):
1997: Harold Rhodes re-acquired the Rhodes trademark to re-issue the original mechanical Rhodes piano, but he died in December 2000.

Tokens:
1997
:
Harold
Rhodes
re-acquired
the
Rhodes
trademark
to
re-issue
the
original
mechanical
Rhodes
piano
,
but
he
died
in
December
2000
.

Sentence #31 (24 tokens):
2007: In 2007, a re-formed Rhodes Music Corporation introduced a reproduction of the original electric piano called the Rhodes Mark 7.

Tokens:
2007
:
In
2007
,
a
re-formed
Rhodes
Music
Corporation
introduced
a
reproduction
of
the
original
electric
piano
called
the
Rhodes
Mark
7
.

Sentence #32 (29 tokens):
This was a version of the Rhodes housed in a molded plastic housing, most similar to the CBS Rhodes Mark V in terms of style and mechanics.

Tokens:
This
was
a
version
of
the
Rhodes
housed
in
a
molded
plastic
housing
,
most
similar
to
the
CBS
Rhodes
Mark
V
in
terms
of
style
and
mechanics
.

Sentence #33 (11 tokens):
Total sales of this specific piano have not been disclosed.

Tokens:
Total
sales
of
this
specific
piano
have
not
been
disclosed
.

Sentence #34 (16 tokens):
The first Fender Rhodes product was the FenderRhodes PianoBass, a 32-key model.

Tokens:
The
first
Fender
Rhodes
product
was
the
FenderRhodes
PianoBass
,
a
32
-
key
model
.

Sentence #35 (17 tokens):
No other models were mass-produced until after the CBS takeover of Fender in 1965.

Tokens:
No
other
models
were
mass
-
produced
until
after
the
CBS
takeover
of
Fender
in
1965
.

Sentence #36 (12 tokens):
Shortly afterwards the 73-key FenderRhodes ElectricPiano went into production.

Tokens:
Shortly
afterwards
the
73
-
key
FenderRhodes
ElectricPiano
went
into
production
.

Sentence #37 (24 tokens):
The '60s also saw the FenderRhodes Celeste, the Student/Instructor models and systems as well as the very rare Domestic models.

Tokens:
The
'60s
also
saw
the
FenderRhodes
Celeste
,
the
Student
/
Instructor
models
and
systems
as
well
as
the
very
rare
Domestic
models
.

Sentence #38 (26 tokens):
In 1970 the more portable Stage MK I model was added to the range as well as the two Stage 88 and Suitcase 88 models.

Tokens:
In
1970
the
more
portable
Stage
MK
I
model
was
added
to
the
range
as
well
as
the
two
Stage
88
and
Suitcase
88
models
.

Sentence #39 (22 tokens):
The Suitcase models included a built in pre-amp with the famous StereoVibrato, plus a cabinet with stereo amplifier and speakers.

Tokens:
The
Suitcase
models
included
a
built
in
pre-amp
with
the
famous
StereoVibrato
,
plus
a
cabinet
with
stereo
amplifier
and
speakers
.

Sentence #40 (11 tokens):
In 1980, a Stage 54 model was also produced.

Tokens:
In
1980
,
a
Stage
54
model
was
also
produced
.

Sentence #41 (53 tokens):
The Rhodes went through continuous internal improvements: the hammers became all plastic, the pedestals changed shape (and were bare for a short while, the felt was on the underside of the hammer), the pickups were altered, and the tine structure modified to endure more wear.

Tokens:
The
Rhodes
went
through
continuous
internal
improvements
:
the
hammers
became
all
plastic
,
the
pedestals
changed
shape
(
and
were
bare
for
a
short
while
,
the
felt
was
on
the
underside
of
the
hammer
)
,
the
pickups
were
altered
,
and
the
tine
structure
modified
to
endure
more
wear
.

Sentence #42 (10 tokens):
The Mk II model was introduced in late 1979.

Tokens:
The
Mk
II
model
was
introduced
in
late
1979
.

Sentence #43 (26 tokens):
Also manufactured for a brief period was the Rhodes Mk III EK-10 which had analog oscillators and filters alongside the existing electromechanical elements.

Tokens:
Also
manufactured
for
a
brief
period
was
the
Rhodes
Mk
III
EK
-
10
which
had
analog
oscillators
and
filters
alongside
the
existing
electromechanical
elements
.

Sentence #44 (16 tokens):
The overall effect was that of a Rhodes piano and a synthesizer being played simultaneously.

Tokens:
The
overall
effect
was
that
of
a
Rhodes
piano
and
a
synthesizer
being
played
simultaneously
.

Sentence #45 (27 tokens):
Compared with the new polyphonic synthesizers being marketed at the same time it was limited in scope and sound, and very few units were sold.

Tokens:
Compared
with
the
new
polyphonic
synthesizers
being
marketed
at
the
same
time
it
was
limited
in
scope
and
sound
,
and
very
few
units
were
sold
.

Sentence #46 (13 tokens):
The final classic Rhodes was the Mk V, introduced in 1984.

Tokens:
The
final
classic
Rhodes
was
the
Mk
V
,
introduced
in
1984
.

Sentence #47 (26 tokens):
Among other improvements, it had a lighter body and all new action with an improved cam, increasing the hammer stroke by 23%.

Tokens:
Among
other
improvements
,
it
had
a
lighter
body
and
all
new
action
with
an
improved
cam
,
increasing
the
hammer
stroke
by
23
%
.

Sentence #48 (22 tokens):
With competition from digital and polyphonic synthesizers and the introduction of MIDI, production of Rhodes instruments ended in late 1984.

Tokens:
With
competition
from
digital
and
polyphonic
synthesizers
and
the
introduction
of
MIDI
,
production
of
Rhodes
instruments
ended
in
late
1984
.

Sentence #49 (36 tokens):
A new Rhodes Mark 7 was introduced at NAMM 2007 and Musik Messe 2007, featuring the same electromechanical design as the original instrument, but with a new futuristic look and number of changes.

Tokens:
A
new
Rhodes
Mark
7
was
introduced
at
NAMM
2007
and
Musik
Messe
2007
,
featuring
the
same
electromechanical
design
as
the
original
instrument
,
but
with
a
new
futuristic
look
and
number
of
changes
.

Sentence #50 (25 tokens):
The Mark 7 was the first instrument to be released under the Rhodes name since the late Harold Rhodes purchased it back from Roland.

Tokens:
The
Mark
7
was
the
first
instrument
to
be
released
under
the
Rhodes
name
since
the
late
Harold
Rhodes
purchased
it
back
from
Roland
.

Sentence #51 (59 tokens):
The Rhodes piano employs an asymmetrical tuning fork, with a stiff wire (called a "tine") struck by a felt-tipped (neoprene rubber-tipped after 1970) hammer acting as one side of the tuning fork, and a counterbalancing resonating tone bar above the tine acting as the other side.

Tokens:
The
Rhodes
piano
employs
an
asymmetrical
tuning
fork
,
with
a
stiff
wire
(
called
a
"
tine
"
)
struck
by
a
felt
-
tipped
(
neoprene
rubber
-
tipped
after
1970
)
hammer
acting
as
one
side
of
the
tuning
fork
,
and
a
counterbalancing
resonating
tone
bar
above
the
tine
acting
as
the
other
side
.

Sentence #52 (24 tokens):
This tone generator kit's vibrations are then picked up by an electromagnetic pickup (one for each tine), and amplified.

Tokens:
This
tone
generator
kit
's
vibrations
are
then
picked
up
by
an
electromagnetic
pickup
(
one
for
each
tine
)
,
and
amplified
.

Sentence #53 (33 tokens):
The pickups' output is (on a Stage-model) fed through a volume and a tone potentiometer on the namerail, and then to an output for external amplification.

Tokens:
The
pickups
'
output
is
(
on
a
Stage
-
model
)
fed
through
a
volume
and
a
tone
potentiometer
on
the
namerail
,
and
then
to
an
output
for
external
amplification
.

Sentence #54 (18 tokens):
The sound produced has a bell-like character not unlike a vibraphone, celesta or glockenspiel.

Tokens:
The
sound
produced
has
a
bell
-
like
character
not
unlike
a
vibraphone
,
celesta
or
glockenspiel
.

Sentence #55 (19 tokens):
Because the instrument produces sound electrically, the signal can be processed to yield many different timbral colors.

Tokens:
Because
the
instrument
produces
sound
electrically
,
the
signal
can
be
processed
to
yield
many
different
timbral
colors
.

Sentence #56 (55 tokens):
On the Suitcase model the signal is processed through a "StereoVibrato", a low-frequency pan oscillation (actually a tremolo, but Leo Fender insisted on calling it vibrato, like on his amplifiers) effects unit, which pans the signal back and forth between right and left channels.

Tokens:
On
the
Suitcase
model
the
signal
is
processed
through
a
"
StereoVibrato
"
,
a
low
-
frequency
pan
oscillation
(
actually
a
tremolo
,
but
Leo
Fender
insisted
on
calling
it
vibrato
,
like
on
his
amplifiers
)
effects
unit
,
which
pans
the
signal
back
and
forth
between
right
and
left
channels
.

Sentence #57 (37 tokens):
It is this "rounded" or chiming sound that is called the classic Rhodes sound, which can be heard on, for example, many of Stevie Wonder's or Herbie Hancock's songs.

Tokens:
It
is
this
"
rounded
"
or
chiming
sound
that
is
called
the
classic
Rhodes
sound
,
which
can
be
heard
on
,
for
example
,
many
of
Stevie
Wonder
's
or
Herbie
Hancock
's
songs
.

Sentence #58 (47 tokens):
The preamp with vibrato was included on the original Fender Rhodes Electric Pianos and after 1970 (with stereo panning) on the "suitcase" models; the "stage" models lack the preamp and the amplified speaker cabinet, but can be retrofitted.

Tokens:
The
preamp
with
vibrato
was
included
on
the
original
Fender
Rhodes
Electric
Pianos
and
after
1970
(
with
stereo
panning
)
on
the
"
suitcase
"
models
;
the
"
stage
"
models
lack
the
preamp
and
the
amplified
speaker
cabinet
,
but
can
be
retrofitted
.

Sentence #59 (47 tokens):
During the 1980s a set of Rhodes modifications done by a company called "Dyno My Piano" became popular, inspired by one particular and very famous rental piano in L.A., the E-Rhodes, which can be heard on many records from that time.

Tokens:
During
the
1980s
a
set
of
Rhodes
modifications
done
by
a
company
called
"
Dyno
My
Piano
"
became
popular
,
inspired
by
one
particular
and
very
famous
rental
piano
in
L.A.
,
the
E-Rhodes
,
which
can
be
heard
on
many
records
from
that
time
.

Sentence #60 (37 tokens):
The modifications made the sound brighter, harder, and more bell-like, bringing out more of the attack in the Rhodes sound and making it cut through a mix like a grand piano.

Tokens:
The
modifications
made
the
sound
brighter
,
harder
,
and
more
bell
-
like
,
bringing
out
more
of
the
attack
in
the
Rhodes
sound
and
making
it
cut
through
a
mix
like
a
grand
piano
.

Sentence #61 (36 tokens):
For instance, when notes are played forcefully, the sound becomes less sweet, as nonlinear distortion creates a characteristic "growling" or "snarling", called "bark" by pianists.

Tokens:
For
instance
,
when
notes
are
played
forcefully
,
the
sound
becomes
less
sweet
,
as
nonlinear
distortion
creates
a
characteristic
"
growling
"
or
"
snarling
"
,
called
"
bark
"
by
pianists
.

Sentence #62 (16 tokens):
Skilled players can contrast the sweet and rough sounds to create an extremely expressive performance.

Tokens:
Skilled
players
can
contrast
the
sweet
and
rough
sounds
to
create
an
extremely
expressive
performance
.

Sentence #63 (24 tokens):
This sound was emulated by the Yamaha DX7 with a patch that was enormously popular during the 80's (see DX7 Rhodes).

Tokens:
This
sound
was
emulated
by
the
Yamaha
DX7
with
a
patch
that
was
enormously
popular
during
the
80's
(
see
DX7
Rhodes
)
.
Coreference set: 1
1 14 13 15 29 50 45 51
9 15 14 16 29 50 45 51
10 1 1 2 29 50 45 51
11 5 5 6 29 50 45 51
13 6 5 7 29 50 45 51
14 4 4 5 29 50 45 51
18 15 15 16 29 50 45 51
18 19 19 20 29 50 45 51
19 1 1 2 29 50 45 51
21 23 23 24 29 50 45 51
28 8 8 9 29 50 45 51
30 4 3 5 29 50 45 51
30 7 7 8 29 50 45 51
30 14 11 15 29 50 45 51
30 18 18 19 29 50 45 51
32 7 6 29 29 50 45 51
41 2 1 3 29 50 45 51
46 4 1 5 29 50 45 51
50 19 16 20 29 50 45 51
57 15 15 16 29 50 45 51
63 22 21 23 29 50 45 51
Coreference set: 2
1 3 1 4 13 11 9 12
1 9 5 18 13 11 9 12
1 9 5 10 13 11 9 12
2 1 1 2 13 11 9 12
3 12 12 13 13 11 9 12
5 3 1 4 13 11 9 12
6 1 1 2 13 11 9 12
15 30 29 31 13 11 9 12
16 14 13 15 13 11 9 12
51 3 1 4 13 11 9 12
Coreference set: 4
18 5 5 6 2 23 23 24
19 4 4 5 2 23 23 24
24 8 8 9 2 23 23 24
25 14 14 15 2 23 23 24
28 11 11 12 2 23 23 24
32 19 19 20 2 23 23 24
35 11 11 12 2 23 23 24
Coreference set: 7
23 10 10 11 2 15 15 16
Coreference set: 8
18 11 11 12 2 18 18 19
35 16 16 17 2 18 18 19
Coreference set: 11
14 15 14 16 3 10 9 11
Coreference set: 16
41 40 39 41 3 30 29 31
53 2 1 4 3 30 29 31
Coreference set: 19
55 3 2 4 4 9 8 10
56 32 32 33 4 9 8 10
Coreference set: 23
27 14 13 15 5 9 8 15
27 15 15 16 5 9 8 15
Coreference set: 26
59 3 2 4 6 12 10 13
Coreference set: 33
7 3 1 4 7 6 5 7
Coreference set: 34
25 4 4 5 7 11 11 12
46 12 12 13 7 11 11 12
Coreference set: 36
13 12 10 13 8 3 1 4
Coreference set: 39
31 1 1 2 8 13 13 14
31 4 4 5 8 13 13 14
Coreference set: 40
11 24 22 25 9 6 4 7
Coreference set: 41
9 1 1 2 42 3 3 4
9 19 17 23 42 3 3 4
Coreference set: 42
9 11 9 38 9 7 3 8
11 25 21 26 9 7 3 8
Coreference set: 45
11 28 28 29 9 29 29 30
11 31 31 32 9 29 29 30
Coreference set: 47
34 2 2 3 10 4 4 5
50 6 6 7 10 4 4 5
Coreference set: 52
10 13 9 14 10 7 7 8
Coreference set: 64
56 28 27 29 14 11 10 12
56 37 37 38 14 11 10 12
Coreference set: 68
14 18 17 23 18 9 7 10
Coreference set: 73
15 9 8 17 15 22 18 31
15 22 18 39 15 22 18 31
Coreference set: 74
15 16 12 17 19 24 22 25
19 24 23 25 19 24 22 25
Coreference set: 77
24 25 25 26 15 38 37 39
Coreference set: 78
19 27 26 28 16 4 1 5
38 8 8 9 16 4 1 5
Coreference set: 79
17 26 24 27 16 8 6 15
Coreference set: 81
26 7 7 8 16 18 17 22
Coreference set: 82
56 38 37 39 16 21 20 22
Coreference set: 93
20 6 4 7 19 15 13 16
Coreference set: 95
56 4 2 5 19 17 11 18
Coreference set: 101
21 19 17 20 20 10 3 11
Coreference set: 118
21 7 6 20 21 4 1 5
Coreference set: 125
29 15 14 16 22 9 7 10
Coreference set: 126
38 2 2 3 22 1 1 2
51 33 33 34 22 1 1 2
Coreference set: 146
40 2 2 3 24 28 28 29
Coreference set: 160
50 24 24 25 28 5 5 6
Coreference set: 161
28 16 16 17 28 1 1 2
29 1 1 2 28 1 1 2
Coreference set: 163
30 8 6 9 28 9 7 10
Coreference set: 164
38 19 19 20 29 4 4 5
Coreference set: 165
38 21 21 22 29 14 14 15
38 24 24 25 29 14 14 15
Coreference set: 174
54 2 1 3 29 43 42 51
61 11 10 12 29 43 42 51
63 2 1 3 29 43 42 51
Coreference set: 179
50 3 3 4 31 23 23 24
Coreference set: 184
32 1 1 2 32 4 3 29
Coreference set: 192
34 5 1 6 34 9 7 10
34 9 7 16 34 9 7 10
34 15 11 16 34 9 7 10
38 9 8 10 34 9 7 10
Coreference set: 199
37 13 9 16 37 7 6 8
Coreference set: 206
38 25 18 26 58 27 23 28
39 3 1 4 58 27 23 28
58 33 29 34 58 27 23 28
Coreference set: 211
56 12 10 25 39 12 10 13
56 12 10 14 39 12 10 13
56 20 15 26 39 12 10 13
56 20 15 25 39 12 10 13
Coreference set: 220
41 28 28 30 41 26 24 27
Coreference set: 235
48 7 6 8 45 6 3 13
Coreference set: 236
45 13 13 14 45 12 10 13
59 46 45 47 45 12 10 13
Coreference set: 240
47 5 5 6 46 8 6 9
Coreference set: 264
50 21 21 22 50 14 12 15
Coreference set: 266
51 43 41 44 51 8 5 9
Coreference set: 293
56 6 5 7 55 9 8 10
Coreference set: 297
56 43 43 44 56 41 40 42
Coreference set: 304
60 5 4 7 57 9 8 10
Coreference set: 306
60 25 23 26 57 16 13 17
Coreference set: 311
58 36 35 37 58 2 1 5
Coreference set: 321
60 2 1 3 59 8 7 13
Coreference set: 331
60 28 28 29 60 18 18 26
