Document: ID=Robert Borden (71 sentences, 1973 tokens)

Sentence #1 (23 tokens):
Sir Robert Laird Borden, (June 26, 1854 &ndash; June 10, 1937) was a Canadian lawyer and politician.

Tokens:
Sir
Robert
Laird
Borden
,
(
June
26
,
1854
&ndash;
June
10
,
1937
)
was
a
Canadian
lawyer
and
politician
.

Sentence #2 (32 tokens):
He served as the eighth Prime Minister of Canada from October 10, 1911, to July 10, 1920, and was the third Nova Scotian to hold this office.

Tokens:
He
served
as
the
eighth
Prime
Minister
of
Canada
from
October
10
,
1911
,
to
July
10
,
1920
,
and
was
the
third
Nova
Scotian
to
hold
this
office
.

Sentence #3 (16 tokens):
After retiring from public life, he served as the chancellor of Queen's University.

Tokens:
After
retiring
from
public
life
,
he
served
as
the
chancellor
of
Queen
's
University
.

Sentence #4 (48 tokens):
Robert Laird Borden was born and educated in Grand Pre, Nova Scotia, a farming community at the eastern end of the Annapolis Valley, where his great-grandfather Perry Borden, Sr. of Tiverton, Rhode Island had taken up Acadian land in 1760.

Tokens:
Robert
Laird
Borden
was
born
and
educated
in
Grand
Pre
,
Nova
Scotia
,
a
farming
community
at
the
eastern
end
of
the
Annapolis
Valley
,
where
his
great
-
grandfather
Perry
Borden
,
Sr.
of
Tiverton
,
Rhode
Island
had
taken
up
Acadian
land
in
1760
.

Sentence #5 (36 tokens):
Perry had accompanied his father, Samuel Borden, the chief surveyor chosen by the government of Massachusetts to survey the former Acadian land and draw up new lots for the Planters in Nova Scotia.

Tokens:
Perry
had
accompanied
his
father
,
Samuel
Borden
,
the
chief
surveyor
chosen
by
the
government
of
Massachusetts
to
survey
the
former
Acadian
land
and
draw
up
new
lots
for
the
Planters
in
Nova
Scotia
.

Sentence #6 (12 tokens):
Robert Borden was the last Canadian Prime Minister born before Confederation.

Tokens:
Robert
Borden
was
the
last
Canadian
Prime
Minister
born
before
Confederation
.

Sentence #7 (50 tokens):
Borden's father Andrew Borden was judged by his son to be "a man of good ability and excellent judgement", of a "calm, contemplative and philosophical" turn of mind, but "He lacked energy and had no great aptitude for affairs".

Tokens:
Borden
's
father
Andrew
Borden
was
judged
by
his
son
to
be
"
a
man
of
good
ability
and
excellent
judgement
"
,
of
a
"
calm
,
contemplative
and
philosophical
"
turn
of
mind
,
but
"
He
lacked
energy
and
had
no
great
aptitude
for
affairs
"
.

Sentence #8 (25 tokens):
His mother Eunice Jane Laird was more driven, possessing "very strong character, remarkable energy, high ambition and unusual ability".

Tokens:
His
mother
Eunice
Jane
Laird
was
more
driven
,
possessing
"
very
strong
character
,
remarkable
energy
,
high
ambition
and
unusual
ability
"
.

Sentence #9 (30 tokens):
Her ambition was transmitted to her first-born child, who applied himself to his studies while assisting his parents with the farm work he found so disagreeable.

Tokens:
Her
ambition
was
transmitted
to
her
first
-
born
child
,
who
applied
himself
to
his
studies
while
assisting
his
parents
with
the
farm
work
he
found
so
disagreeable
.

Sentence #10 (11 tokens):
His cousin Sir Frederick Borden was a prominent Liberal politician.

Tokens:
His
cousin
Sir
Frederick
Borden
was
a
prominent
Liberal
politician
.

Sentence #11 (19 tokens):
From 1868 to 1874, he worked as a teacher in Grand Pré and Matawan, New Jersey.

Tokens:
From
1868
to
1874
,
he
worked
as
a
teacher
in
Grand
Pré
and
Matawan
,
New
Jersey
.

Sentence #12 (50 tokens):
Seeing no future in teaching, he returned to Nova Scotia in 1874 to article for four years at a Halifax law firm (without a formal university education), and was called to the Nova Scotia Bar in August 1878, placing first in the bar examinations.

Tokens:
Seeing
no
future
in
teaching
,
he
returned
to
Nova
Scotia
in
1874
to
article
for
four
years
at
a
Halifax
law
firm
(
without
a
formal
university
education
)
,
and
was
called
to
the
Nova
Scotia
Bar
in
August
1878
,
placing
first
in
the
bar
examinations
.

Sentence #13 (19 tokens):
Borden went to Kentville, Nova Scotia as the junior partner of the Conservative lawyer John P. Chipman.

Tokens:
Borden
went
to
Kentville
,
Nova
Scotia
as
the
junior
partner
of
the
Conservative
lawyer
John
P.
Chipman
.

Sentence #14 (17 tokens):
In 1880 he was inducted into the Freemasons - (St Andrew's lodge 1).

Tokens:
In
1880
he
was
inducted
into
the
Freemasons
-
(
St
Andrew
's
lodge
1
)
.

Sentence #15 (26 tokens):
In 1882 he was asked by Wallace Graham to move to Halifax and join the Conservative law firm headed by Graham and Charles Hibbert Tupper.

Tokens:
In
1882
he
was
asked
by
Wallace
Graham
to
move
to
Halifax
and
join
the
Conservative
law
firm
headed
by
Graham
and
Charles
Hibbert
Tupper
.

Sentence #16 (29 tokens):
Borden became the senior partner in fall 1889 when he was only 35, following the departure of Graham and Tupper for the bench and politics, respectively.

Tokens:
Borden
became
the
senior
partner
in
fall
1889
when
he
was
only
35
,
following
the
departure
of
Graham
and
Tupper
for
the
bench
and
politics
,
respectively
.

Sentence #17 (29 tokens):
His financial future guaranteed, on September 25, 1889, he married Laura Bond (1863-1940), the daughter of a Halifax hardware merchant.

Tokens:
His
financial
future
guaranteed
,
on
September
25
,
1889
,
he
married
Laura
Bond
(
1863
-
1940
)
,
the
daughter
of
a
Halifax
hardware
merchant
.

Sentence #18 (6 tokens):
They would have no children.

Tokens:
They
would
have
no
children
.

Sentence #19 (37 tokens):
(Borden does have descendants, namely Henry Borden, his wife Jean Borden and their children Robert Borden II, Ann Borden, Perry Borden, Mary-Jean Borden and Henry Borden II.)

Tokens:
(
Borden
does
have
descendants
,
namely
Henry
Borden
,
his
wife
Jean
Borden
and
their
children
Robert
Borden
II
,
Ann
Borden
,
Perry
Borden
,
Mary
-
Jean
Borden
and
Henry
Borden
II
.
)

Sentence #20 (25 tokens):
In 1894 he bought a large property and home on the south side of Quinpool Road, which the couple called "Pinehurst".

Tokens:
In
1894
he
bought
a
large
property
and
home
on
the
south
side
of
Quinpool
Road
,
which
the
couple
called
"
Pinehurst
"
.

Sentence #21 (22 tokens):
In 1893 Borden successfully argued the first of two cases which he took to the Judicial Committee of the Privy Council.

Tokens:
In
1893
Borden
successfully
argued
the
first
of
two
cases
which
he
took
to
the
Judicial
Committee
of
the
Privy
Council
.

Sentence #22 (31 tokens):
He represented many of the important Halifax businesses, and sat on the boards of Nova Scotian companies including the Bank of Nova Scotia and the Crown Life Insurance Company.

Tokens:
He
represented
many
of
the
important
Halifax
businesses
,
and
sat
on
the
boards
of
Nova
Scotian
companies
including
the
Bank
of
Nova
Scotia
and
the
Crown
Life
Insurance
Company
.

Sentence #23 (30 tokens):
President of the Nova Scotia Barristers' Society in 1896, he took the initiative in organizing the founding meetings of the Canadian Bar Association in 1896 in Montreal.

Tokens:
President
of
the
Nova
Scotia
Barristers
'
Society
in
1896
,
he
took
the
initiative
in
organizing
the
founding
meetings
of
the
Canadian
Bar
Association
in
1896
in
Montreal
.

Sentence #24 (34 tokens):
By the time he was prevailed upon to enter politics, Borden had what some judged to be the largest legal practice in the Maritime Provinces, and had become a wealthy man.

Tokens:
By
the
time
he
was
prevailed
upon
to
enter
politics
,
Borden
had
what
some
judged
to
be
the
largest
legal
practice
in
the
Maritime
Provinces
,
and
had
become
a
wealthy
man
.

Sentence #25 (18 tokens):
Borden was a Liberal until he broke with the party in 1891 over the issue of Reciprocity.

Tokens:
Borden
was
a
Liberal
until
he
broke
with
the
party
in
1891
over
the
issue
of
Reciprocity
.

Sentence #26 (34 tokens):
He was elected to Parliament in the 1896 federal election as a Conservative and in 1901 was selected by the Conservative caucus to succeed Sir Charles Tupper as leader of the Conservative Party.

Tokens:
He
was
elected
to
Parliament
in
the
1896
federal
election
as
a
Conservative
and
in
1901
was
selected
by
the
Conservative
caucus
to
succeed
Sir
Charles
Tupper
as
leader
of
the
Conservative
Party
.

Sentence #27 (29 tokens):
He was defeated in his Halifax seat in the 1904 federal election and re-entered the House of Commons the next year via a by-election in Carleton.

Tokens:
He
was
defeated
in
his
Halifax
seat
in
the
1904
federal
election
and
re-entered
the
House
of
Commons
the
next
year
via
a
by
-
election
in
Carleton
.

Sentence #28 (40 tokens):
Over the next decade he worked to rebuild the party and establish a reform policy, the Halifax Platform of 1907 which he described as "the most advanced and progressive policy ever put forward in Federal affairs".

Tokens:
Over
the
next
decade
he
worked
to
rebuild
the
party
and
establish
a
reform
policy
,
the
Halifax
Platform
of
1907
which
he
described
as
"
the
most
advanced
and
progressive
policy
ever
put
forward
in
Federal
affairs
"
.

Sentence #29 (42 tokens):
It called for reform of the Senate and the civil service, a more selective immigration policy, free rural mail delivery, and government regulation of telegraphs, telephones, and railways and eventually national ownership of telegraphs and telephones.

Tokens:
It
called
for
reform
of
the
Senate
and
the
civil
service
,
a
more
selective
immigration
policy
,
free
rural
mail
delivery
,
and
government
regulation
of
telegraphs
,
telephones
,
and
railways
and
eventually
national
ownership
of
telegraphs
and
telephones
.

Sentence #30 (17 tokens):
Despite his efforts, his party lost the 1908 federal election to Wilfrid Laurier's Liberals.

Tokens:
Despite
his
efforts
,
his
party
lost
the
1908
federal
election
to
Wilfrid
Laurier
's
Liberals
.

Sentence #31 (36 tokens):
His party's fortunes turned around in the 1911 federal election, however, when the Conservatives successfully campaigned against Laurier's proposals for a Reciprocity (free trade) agreement with the United States.

Tokens:
His
party
's
fortunes
turned
around
in
the
1911
federal
election
,
however
,
when
the
Conservatives
successfully
campaigned
against
Laurier
's
proposals
for
a
Reciprocity
(
free
trade
)
agreement
with
the
United
States
.

Sentence #32 (32 tokens):
Borden countered with a revised version of John A. Macdonald's National Policy and appeals of loyalty to the British Empire and ran on the slogan "Canadianism or Continentalism".

Tokens:
Borden
countered
with
a
revised
version
of
John
A.
Macdonald
's
National
Policy
and
appeals
of
loyalty
to
the
British
Empire
and
ran
on
the
slogan
"
Canadianism
or
Continentalism
"
.

Sentence #33 (39 tokens):
In British Columbia, the party ran on the slogan "A White Canada," playing to the fears of British Columbians that resented the increasing presence of cheap Asian labour and the resulting depression in wages.

Tokens:
In
British
Columbia
,
the
party
ran
on
the
slogan
"
A
White
Canada
,
"
playing
to
the
fears
of
British
Columbians
that
resented
the
increasing
presence
of
cheap
Asian
labour
and
the
resulting
depression
in
wages
.

Sentence #34 (40 tokens):
In Quebec, concurrently, Henri Bourassa led a campaign against what he saw as Laurier's capitulation to British imperialism, playing a part in the defeat of Laurier's government and the election of Borden's Tories.

Tokens:
In
Quebec
,
concurrently
,
Henri
Bourassa
led
a
campaign
against
what
he
saw
as
Laurier
's
capitulation
to
British
imperialism
,
playing
a
part
in
the
defeat
of
Laurier
's
government
and
the
election
of
Borden
's
Tories
.

Sentence #35 (28 tokens):
As Prime Minister of Canada during the First World War, he transformed his government to a wartime administration, passing the War Measures Act in 1914.

Tokens:
As
Prime
Minister
of
Canada
during
the
First
World
War
,
he
transformed
his
government
to
a
wartime
administration
,
passing
the
War
Measures
Act
in
1914
.

Sentence #36 (14 tokens):
Borden committed Canada to provide half a million soldiers for the war effort.

Tokens:
Borden
committed
Canada
to
provide
half
a
million
soldiers
for
the
war
effort
.

Sentence #37 (20 tokens):
However, volunteers had quickly dried up when Canadians realized there would be no quick end to the war.

Tokens:
However
,
volunteers
had
quickly
dried
up
when
Canadians
realized
there
would
be
no
quick
end
to
the
war
.

Sentence #38 (29 tokens):
Borden's determination to meet that huge commitment led to the Military Service Act and the Conscription Crisis of 1917, which split the country on linguistic lines.

Tokens:
Borden
's
determination
to
meet
that
huge
commitment
led
to
the
Military
Service
Act
and
the
Conscription
Crisis
of
1917
,
which
split
the
country
on
linguistic
lines
.

Sentence #39 (24 tokens):
In 1917 Borden recruited members of the Liberals (with the notable exception of leader Wilfrid Laurier) to create a Unionist government.

Tokens:
In
1917
Borden
recruited
members
of
the
Liberals
(
with
the
notable
exception
of
leader
Wilfrid
Laurier
)
to
create
a
Unionist
government
.

Sentence #40 (37 tokens):
The 1917 election saw the "Government" candidates (including a number of Liberal-Unionists) crush the Opposition "Laurier Liberals" in English Canada resulting in a large parliamentary majority for Borden.

Tokens:
The
1917
election
saw
the
"
Government
"
candidates
(
including
a
number
of
Liberal
-
Unionists
)
crush
the
Opposition
"
Laurier
Liberals
"
in
English
Canada
resulting
in
a
large
parliamentary
majority
for
Borden
.

Sentence #41 (14 tokens):
Sir Robert Borden pledged himself during the campaign to equal suffrage for women.

Tokens:
Sir
Robert
Borden
pledged
himself
during
the
campaign
to
equal
suffrage
for
women
.

Sentence #42 (19 tokens):
With his return to power, he introduced a bill in 1918 for extending the franchise to women.

Tokens:
With
his
return
to
power
,
he
introduced
a
bill
in
1918
for
extending
the
franchise
to
women
.

Sentence #43 (5 tokens):
This passed without division.

Tokens:
This
passed
without
division
.

Sentence #44 (14 tokens):
The war effort also enabled Canada to assert itself as an independent power.

Tokens:
The
war
effort
also
enabled
Canada
to
assert
itself
as
an
independent
power
.

Sentence #45 (29 tokens):
Borden wanted to create a single Canadian army, rather than have Canadian soldiers split up and assigned to British divisions as had happened during the Boer War.

Tokens:
Borden
wanted
to
create
a
single
Canadian
army
,
rather
than
have
Canadian
soldiers
split
up
and
assigned
to
British
divisions
as
had
happened
during
the
Boer
War
.

Sentence #46 (35 tokens):
Sam Hughes, the Minister of Militia, generally ensured that Canadians were well-trained and prepared to fight in their own divisions, although with mixed results such as the Ross Rifle.

Tokens:
Sam
Hughes
,
the
Minister
of
Militia
,
generally
ensured
that
Canadians
were
well
-
trained
and
prepared
to
fight
in
their
own
divisions
,
although
with
mixed
results
such
as
the
Ross
Rifle
.

Sentence #47 (21 tokens):
Arthur Currie provided sensible leadership for the Canadian divisions in Europe, although they were still under overall British command.

Tokens:
Arthur
Currie
provided
sensible
leadership
for
the
Canadian
divisions
in
Europe
,
although
they
were
still
under
overall
British
command
.

Sentence #48 (32 tokens):
Nevertheless Canadian troops proved themselves to be among the best in the world, fighting at the Somme, Ypres, Passchendaele, and especially at the Battle of Vimy Ridge.

Tokens:
Nevertheless
Canadian
troops
proved
themselves
to
be
among
the
best
in
the
world
,
fighting
at
the
Somme
,
Ypres
,
Passchendaele
,
and
especially
at
the
Battle
of
Vimy
Ridge
.

Sentence #49 (20 tokens):
During Borden's first term as prime minister, the National Research Council of Canada was established in 1916.

Tokens:
During
Borden
's
first
term
as
prime
minister
,
the
National
Research
Council
of
Canada
was
established
in
1916
.

Sentence #50 (42 tokens):
In world affairs, Borden played a crucial role in transforming the British Empire into a partnership of equal states, the Commonwealth of Nations, a term that was first discussed at an Imperial Conference in London during the war.

Tokens:
In
world
affairs
,
Borden
played
a
crucial
role
in
transforming
the
British
Empire
into
a
partnership
of
equal
states
,
the
Commonwealth
of
Nations
,
a
term
that
was
first
discussed
at
an
Imperial
Conference
in
London
during
the
war
.

Sentence #51 (24 tokens):
Borden also introduced the first Canadian income tax, which at the time was meant to be temporary, but was never repealed.

Tokens:
Borden
also
introduced
the
first
Canadian
income
tax
,
which
at
the
time
was
meant
to
be
temporary
,
but
was
never
repealed
.

Sentence #52 (27 tokens):
Convinced that Canada had become a nation on the battlefields of Europe, Borden demanded that it have a separate seat at the Paris Peace Conference.

Tokens:
Convinced
that
Canada
had
become
a
nation
on
the
battlefields
of
Europe
,
Borden
demanded
that
it
have
a
separate
seat
at
the
Paris
Peace
Conference
.

Sentence #53 (26 tokens):
This was initially opposed not only by Britain but also by the United States, who perceived such a delegation as an extra British vote.

Tokens:
This
was
initially
opposed
not
only
by
Britain
but
also
by
the
United
States
,
who
perceived
such
a
delegation
as
an
extra
British
vote
.

Sentence #54 (48 tokens):
Borden responded by pointing out that since Canada had lost a far larger proportion of its men compared the U.S. in the war (although not more in absolute numbers), Canada at least had the right to the representation of a "minor" power.

Tokens:
Borden
responded
by
pointing
out
that
since
Canada
had
lost
a
far
larger
proportion
of
its
men
compared
the
U.S.
in
the
war
(
although
not
more
in
absolute
numbers
)
,
Canada
at
least
had
the
right
to
the
representation
of
a
"
minor
"
power
.

Sentence #55 (35 tokens):
British Prime Minister David Lloyd George eventually relented, and convinced the reluctant Americans to accept the presence of separate Canadian, Indian, Australian, Newfoundland, New Zealand and South African delegations.

Tokens:
British
Prime
Minister
David
Lloyd
George
eventually
relented
,
and
convinced
the
reluctant
Americans
to
accept
the
presence
of
separate
Canadian
,
Indian
,
Australian
,
Newfoundland
,
New
Zealand
and
South
African
delegations
.

Sentence #56 (26 tokens):
Despite this, Borden boycotted the opening ceremony, protesting at the precedence given to the prime minister of the much smaller Newfoundland over him.

Tokens:
Despite
this
,
Borden
boycotted
the
opening
ceremony
,
protesting
at
the
precedence
given
to
the
prime
minister
of
the
much
smaller
Newfoundland
over
him
.

Sentence #57 (47 tokens):
Not only did Borden's persistence allow him to represent Canada in Paris as a nation, it also ensured that each of the dominions could sign the Treaty of Versailles in its own right, and receive a separate membership in the League of Nations.

Tokens:
Not
only
did
Borden
's
persistence
allow
him
to
represent
Canada
in
Paris
as
a
nation
,
it
also
ensured
that
each
of
the
dominions
could
sign
the
Treaty
of
Versailles
in
its
own
right
,
and
receive
a
separate
membership
in
the
League
of
Nations
.

Sentence #58 (34 tokens):
During the conference Borden tried to act as an intermediary between the United States and other members of the British Empire delegation, particularly Australia and New Zealand over the issue of Mandates.

Tokens:
During
the
conference
Borden
tried
to
act
as
an
intermediary
between
the
United
States
and
other
members
of
the
British
Empire
delegation
,
particularly
Australia
and
New
Zealand
over
the
issue
of
Mandates
.

Sentence #59 (28 tokens):
Borden also discussed with Lloyd George, the possibility of Canada taking over the administration of Belize and the West Indies, but no agreement was reached.

Tokens:
Borden
also
discussed
with
Lloyd
George
,
the
possibility
of
Canada
taking
over
the
administration
of
Belize
and
the
West
Indies
,
but
no
agreement
was
reached
.

Sentence #60 (14 tokens):
At Borden's insistence, the treaty was ratified by the Canadian Parliament.

Tokens:
At
Borden
's
insistence
,
the
treaty
was
ratified
by
the
Canadian
Parliament
.

Sentence #61 (71 tokens):
Borden was the last prime minister to be knighted after the House of Commons indicated its desire for the discontinuation of the granting of any future titles to Canadians in 1919 with the adoption of the Nickle Resolution
That same year, Borden approved the use of troops to put down the Winnipeg General Strike, which was feared to be the result of Bolshevik agitation from the Soviet Union.

Tokens:
Borden
was
the
last
prime
minister
to
be
knighted
after
the
House
of
Commons
indicated
its
desire
for
the
discontinuation
of
the
granting
of
any
future
titles
to
Canadians
in
1919
with
the
adoption
of
the
Nickle
Resolution
That
same
year
,
Borden
approved
the
use
of
troops
to
put
down
the
Winnipeg
General
Strike
,
which
was
feared
to
be
the
result
of
Bolshevik
agitation
from
the
Soviet
Union
.

Sentence #62 (9 tokens):
Sir Robert Borden retired from office in 1920.

Tokens:
Sir
Robert
Borden
retired
from
office
in
1920
.

Sentence #63 (28 tokens):
He was the Chancellor of Queen's University from 1924 to 1930 and also was Chancellor of McGill University from 1918 to 1920 while still Prime Minister.

Tokens:
He
was
the
Chancellor
of
Queen
's
University
from
1924
to
1930
and
also
was
Chancellor
of
McGill
University
from
1918
to
1920
while
still
Prime
Minister
.

Sentence #64 (21 tokens):
Borden's successor Arthur Meighen was defeated by the new Liberal leader William Lyon Mackenzie King in the 1921 election.

Tokens:
Borden
's
successor
Arthur
Meighen
was
defeated
by
the
new
Liberal
leader
William
Lyon
Mackenzie
King
in
the
1921
election
.

Sentence #65 (36 tokens):
Nevertheless, Borden would go on to represent Canada once more on the international stage when he attended the Washington Naval Conference in 1922 and signed the resulting arms reduction treaty on Canada's behalf.

Tokens:
Nevertheless
,
Borden
would
go
on
to
represent
Canada
once
more
on
the
international
stage
when
he
attended
the
Washington
Naval
Conference
in
1922
and
signed
the
resulting
arms
reduction
treaty
on
Canada
's
behalf
.

Sentence #66 (28 tokens):
At at time of his death, Borden stood as president of two financial institutions: Barclay's Bank of Canada and the Crown Life Insurance Company.

Tokens:
At
at
time
of
his
death
,
Borden
stood
as
president
of
two
financial
institutions
:
Barclay
's
Bank
of
Canada
and
the
Crown
Life
Insurance
Company
.

Sentence #67 (24 tokens):
Borden died on June 10, 1937, in Ottawa and is buried in the Beechwood Cemetery marked by a simple stone cross.

Tokens:
Borden
died
on
June
10
,
1937
,
in
Ottawa
and
is
buried
in
the
Beechwood
Cemetery
marked
by
a
simple
stone
cross
.

Sentence #68 (20 tokens):
Robert Laird Borden married Laura Bond, youngest daughter of the late T. H. Bond, September,
1889.

Tokens:
Robert
Laird
Borden
married
Laura
Bond
,
youngest
daughter
of
the
late
T.
H.
Bond
,
September
,
1889
.

Sentence #69 (17 tokens):
She served as president of the Halifax Council of Women, until her resignation in 1901.

Tokens:
She
served
as
president
of
the
Halifax
Council
of
Women
,
until
her
resignation
in
1901
.

Sentence #70 (31 tokens):
She served as President of the Aberdeen Association, Vice-President of the Women's Work Exchange in Halifax, and Corresponding Secretary of the Associated Charities of the United States.

Tokens:
She
served
as
President
of
the
Aberdeen
Association
,
Vice-President
of
the
Women
's
Work
Exchange
in
Halifax
,
and
Corresponding
Secretary
of
the
Associated
Charities
of
the
United
States
.

Sentence #71 (12 tokens):
He is a distant relative of American accused murderer Lizzie Borden.

Tokens:
He
is
a
distant
relative
of
American
accused
murderer
Lizzie
Borden
.
Coreference set: 1
1 4 2 5 10 5 1 6
2 1 1 2 10 5 1 6
3 7 7 8 10 5 1 6
4 3 1 4 10 5 1 6
4 28 28 29 10 5 1 6
5 5 4 6 10 5 1 6
5 8 7 9 10 5 1 6
5 12 10 13 10 5 1 6
6 2 1 3 10 5 1 6
6 8 4 12 10 5 1 6
7 3 1 6 10 5 1 6
7 1 1 3 10 5 1 6
7 5 4 6 10 5 1 6
7 9 9 10 10 5 1 6
7 39 39 40 10 5 1 6
8 1 1 2 10 5 1 6
10 10 7 11 10 5 1 6
11 6 6 7 10 5 1 6
12 7 7 8 10 5 1 6
13 1 1 2 10 5 1 6
14 3 3 4 10 5 1 6
15 3 3 4 10 5 1 6
16 1 1 2 10 5 1 6
16 10 10 11 10 5 1 6
17 1 1 2 10 5 1 6
17 12 12 13 10 5 1 6
19 2 2 3 10 5 1 6
19 9 8 10 10 5 1 6
19 11 11 12 10 5 1 6
19 14 13 15 10 5 1 6
19 31 28 32 10 5 1 6
19 31 31 34 10 5 1 6
19 34 33 35 10 5 1 6
20 3 3 4 10 5 1 6
21 3 3 4 10 5 1 6
21 12 12 13 10 5 1 6
22 1 1 2 10 5 1 6
24 12 12 13 10 5 1 6
25 1 1 2 10 5 1 6
25 4 3 5 10 5 1 6
25 6 6 7 10 5 1 6
26 1 1 2 10 5 1 6
27 1 1 2 10 5 1 6
27 5 5 6 10 5 1 6
28 5 5 6 10 5 1 6
28 23 23 24 10 5 1 6
30 2 2 3 10 5 1 6
30 5 5 6 10 5 1 6
31 1 1 2 10 5 1 6
32 1 1 2 10 5 1 6
34 37 37 39 10 5 1 6
36 1 1 2 10 5 1 6
38 1 1 3 10 5 1 6
39 3 3 4 10 5 1 6
40 36 36 37 10 5 1 6
45 1 1 2 10 5 1 6
49 2 2 4 10 5 1 6
50 5 5 6 10 5 1 6
51 1 1 2 10 5 1 6
52 14 14 15 10 5 1 6
54 1 1 2 10 5 1 6
56 4 4 5 10 5 1 6
57 4 4 6 10 5 1 6
57 8 8 9 10 5 1 6
58 4 4 5 10 5 1 6
59 1 1 2 10 5 1 6
60 2 2 4 10 5 1 6
61 1 1 2 10 5 1 6
61 6 3 42 10 5 1 6
61 43 43 44 10 5 1 6
63 27 25 28 10 5 1 6
64 1 1 3 10 5 1 6
64 11 11 12 10 5 1 6
65 3 3 4 10 5 1 6
65 17 17 18 10 5 1 6
66 5 5 6 10 5 1 6
66 8 8 9 10 5 1 6
67 1 1 2 10 5 1 6
68 3 1 4 10 5 1 6
Coreference set: 3
41 3 1 4 1 4 1 5
41 5 5 6 1 4 1 5
42 2 2 3 1 4 1 5
42 7 7 8 1 4 1 5
62 3 1 4 1 4 1 5
63 1 1 2 1 4 1 5
Coreference set: 6
67 4 4 11 1 12 12 16
67 4 4 8 1 12 12 16
Coreference set: 9
2 9 9 10 33 14 13 15
36 3 3 4 33 14 13 15
44 6 6 7 33 14 13 15
52 3 3 4 33 14 13 15
52 17 17 18 33 14 13 15
54 8 8 9 33 14 13 15
54 16 16 17 33 14 13 15
54 33 33 34 33 14 13 15
59 11 11 12 33 14 13 15
65 9 9 10 33 14 13 15
65 33 33 35 33 14 13 15
Coreference set: 14
2 27 24 28 22 17 16 18
Coreference set: 19
5 35 34 36 4 13 12 14
Coreference set: 21
5 1 1 2 4 33 32 34
5 4 4 5 4 33 32 34
19 26 25 27 4 33 32 34
Coreference set: 24
5 23 23 24 4 44 44 45
Coreference set: 47
9 1 1 2 8 5 1 6
9 6 6 7 8 5 1 6
Coreference set: 50
49 4 4 5 9 7 7 8
50 31 31 32 9 7 7 8
51 5 5 6 9 7 7 8
Coreference set: 53
9 14 14 15 9 10 6 11
9 16 16 17 9 10 6 11
9 20 20 21 9 10 6 11
9 26 26 27 9 10 6 11
10 1 1 2 9 10 6 11
Coreference set: 61
12 13 13 14 11 4 4 5
Coreference set: 65
15 12 12 13 12 21 21 22
17 26 26 27 12 21 21 22
22 7 7 8 12 21 21 22
27 6 6 7 12 21 21 22
70 18 18 19 12 21 21 22
Coreference set: 67
12 11 10 14 12 39 36 40
Coreference set: 83
15 21 21 22 15 8 7 9
16 19 19 20 15 8 7 9
Coreference set: 84
16 21 21 22 15 25 23 26
Coreference set: 87
16 19 19 22 15 21 21 26
18 1 1 2 15 21 21 26
Coreference set: 95
24 10 10 11 16 26 26 27
Coreference set: 97
68 17 17 18 17 7 7 11
Coreference set: 99
17 23 22 29 17 15 14 21
68 6 5 7 17 15 14 21
69 1 1 2 17 15 14 21
69 13 13 14 17 15 14 21
70 1 1 2 17 15 14 21
Coreference set: 102
19 17 16 18 18 5 4 6
Coreference set: 103
19 35 34 36 19 20 18 21
Coreference set: 105
19 16 16 17 19 5 5 6
Coreference set: 115
66 13 13 14 21 9 9 10
Coreference set: 127
66 27 23 28 22 30 26 31
Coreference set: 129
23 12 12 13 23 1 1 11
24 4 4 5 23 1 1 11
Coreference set: 138
51 13 12 14 24 3 2 4
Coreference set: 148
26 13 12 14 26 21 21 22
Coreference set: 149
69 16 16 17 26 16 16 34
Coreference set: 153
28 10 9 11 26 33 31 34
30 6 5 7 26 33 31 34
31 2 1 4 26 33 31 34
33 6 5 7 26 33 31 34
Coreference set: 157
61 12 11 15 27 16 15 29
61 16 16 17 27 16 15 29
Coreference set: 160
29 1 1 2 28 4 2 5
Coreference set: 162
28 19 17 22 28 15 13 16
Coreference set: 175
29 39 39 42 29 28 28 34
Coreference set: 176
31 21 21 23 30 14 13 16
34 16 16 18 30 14 13 16
34 30 30 32 30 14 13 16
Coreference set: 184
59 25 24 26 31 31 25 36
Coreference set: 185
53 14 12 26 31 35 33 36
53 14 12 15 31 35 33 36
53 14 13 15 31 35 33 36
58 14 12 15 31 35 33 36
58 14 13 15 31 35 33 36
70 30 28 31 31 35 33 36
Coreference set: 188
58 21 20 22 32 21 20 22
Coreference set: 193
50 14 12 15 32 21 19 22
Coreference set: 205
34 13 13 14 34 7 6 8
Coreference set: 206
41 8 7 9 34 10 9 40
Coreference set: 211
35 15 14 16 34 32 30 33
Coreference set: 214
37 19 18 20 35 10 8 11
50 41 40 42 35 10 8 11
54 23 22 24 35 10 8 11
Coreference set: 215
35 12 12 13 35 3 2 11
35 14 14 15 35 3 2 11
Coreference set: 223
44 3 1 4 36 13 11 14
44 9 9 10 36 13 11 14
Coreference set: 232
39 2 2 3 38 20 20 21
Coreference set: 237
40 24 23 25 39 8 7 19
Coreference set: 247
41 13 13 14 70 13 12 15
42 18 18 19 70 13 12 15
Coreference set: 255
46 22 22 23 45 14 13 15
47 14 14 15 45 14 13 15
Coreference set: 266
52 12 12 13 47 11 11 12
Coreference set: 272
48 5 5 6 48 3 2 4
61 48 48 49 48 3 2 4
Coreference set: 292
57 16 15 17 52 7 6 8
Coreference set: 295
58 3 2 4 52 26 23 27
Coreference set: 297
56 2 2 3 53 1 1 2
Coreference set: 307
55 27 27 28 56 23 20 24
Coreference set: 309
59 6 5 12 55 6 1 7
59 6 5 7 55 6 1 7
Coreference set: 315
56 25 25 26 56 18 16 24
Coreference set: 318
57 18 18 19 57 6 4 7
Coreference set: 320
57 33 33 34 57 22 22 26
Coreference set: 322
60 7 6 8 57 29 28 32
Coreference set: 399
71 1 1 2 70 4 4 9
71 5 3 12 70 4 4 9
