Document: ID=Siege of Chaves (59 sentences, 1483 tokens)

Sentence #1 (52 tokens):
The Siege of Chaves refers to the French siege and capture of Chaves, Portugal from 10 to 12 March 1809, and the subsequent siege and recapture of the town by Portuguese forces from 21 to 25 March 1809, during the second invasion of Portugal in the Peninsular War.

Tokens:
The
Siege
of
Chaves
refers
to
the
French
siege
and
capture
of
Chaves
,
Portugal
from
10
to
12
March
1809
,
and
the
subsequent
siege
and
recapture
of
the
town
by
Portuguese
forces
from
21
to
25
March
1809
,
during
the
second
invasion
of
Portugal
in
the
Peninsular
War
.

Sentence #2 (16 tokens):
Portugal suffered three invasions by French forces during the turbulent period of the Peninsular War.

Tokens:
Portugal
suffered
three
invasions
by
French
forces
during
the
turbulent
period
of
the
Peninsular
War
.

Sentence #3 (24 tokens):
The northern region of Trás-os-Montes, as all the country, had succumbed to the Napoleonic regency of Junot.

Tokens:
The
northern
region
of
Trás
-
os
-
Montes
,
as
all
the
country
,
had
succumbed
to
the
Napoleonic
regency
of
Junot
.

Sentence #4 (20 tokens):
As soon as news came of the disembarkation of the British in Portuguese Estremadura, the rebellion broke out.

Tokens:
As
soon
as
news
came
of
the
disembarkation
of
the
British
in
Portuguese
Estremadura
,
the
rebellion
broke
out
.

Sentence #5 (10 tokens):
Bragança, and soon after Chaves, proclaimed liberation.

Tokens:
Bragança
,
and
soon
after
Chaves
,
proclaimed
liberation
.

Sentence #6 (9 tokens):
The militias were formed to fight the invader.

Tokens:
The
militias
were
formed
to
fight
the
invader
.

Sentence #7 (37 tokens):
Napoleon, worried about what was happening in Spain and upset with the failure of the expedition of his forces, decided to come personally to the Peninsula in whose submission he had invested 300,000 men.

Tokens:
Napoleon
,
worried
about
what
was
happening
in
Spain
and
upset
with
the
failure
of
the
expedition
of
his
forces
,
decided
to
come
personally
to
the
Peninsula
in
whose
submission
he
had
invested
300,000
men
.

Sentence #8 (25 tokens):
The British, who had disembarked in 1807 in Galicia under the command of general John Moore, did not surpass 30,000 in number.

Tokens:
The
British
,
who
had
disembarked
in
1807
in
Galicia
under
the
command
of
general
John
Moore
,
did
not
surpass
30,000
in
number
.

Sentence #9 (22 tokens):
With his customary mobility Napoleon multiplied himself, divided and destroyed the British and the Spanish in quick and precise blows.

Tokens:
With
his
customary
mobility
Napoleon
multiplied
himself
,
divided
and
destroyed
the
British
and
the
Spanish
in
quick
and
precise
blows
.

Sentence #10 (10 tokens):
He ordered Soult to pursue the British in Galicia.

Tokens:
He
ordered
Soult
to
pursue
the
British
in
Galicia
.

Sentence #11 (39 tokens):
Moore's army was defeated and hounded across the mountains of Lugo; the British general himself was killed during the final combats carried out around the bay of Coruña, where the remnants of his forces re-embarked.

Tokens:
Moore
's
army
was
defeated
and
hounded
across
the
mountains
of
Lugo
;
the
British
general
himself
was
killed
during
the
final
combats
carried
out
around
the
bay
of
Coruña
,
where
the
remnants
of
his
forces
re-embarked
.

Sentence #12 (22 tokens):
Some months later the same Soult received orders to invade Portugal from the North and expel the British from Portuguese soil.

Tokens:
Some
months
later
the
same
Soult
received
orders
to
invade
Portugal
from
the
North
and
expel
the
British
from
Portuguese
soil
.

Sentence #13 (38 tokens):
The carrying out of the order was, however, strongly impeded by the winter, which had made the Minho River almost impassable, and by the resistance of Portuguese forces located between Cerveira and Valença.

Tokens:
The
carrying
out
of
the
order
was
,
however
,
strongly
impeded
by
the
winter
,
which
had
made
the
Minho
River
almost
impassable
,
and
by
the
resistance
of
Portuguese
forces
located
between
Cerveira
and
Valença
.

Sentence #14 (29 tokens):
Then general Soult decided to go around the mountainous border of the Upper Minho and make his penetration across the dry border of Trás-os-Montes.

Tokens:
Then
general
Soult
decided
to
go
around
the
mountainous
border
of
the
Upper
Minho
and
make
his
penetration
across
the
dry
border
of
Trás
-
os
-
Montes
.

Sentence #15 (19 tokens):
His forces numbered around 23,000 men (among them 4,000 on horse) and 50 pieces of artillery.

Tokens:
His
forces
numbered
around
23,000
men
(
among
them
4,000
on
horse
)
and
50
pieces
of
artillery
.

Sentence #16 (18 tokens):
Some of these troops were experienced since they had participated in the battles of Friedland and Austerlitz.

Tokens:
Some
of
these
troops
were
experienced
since
they
had
participated
in
the
battles
of
Friedland
and
Austerlitz
.

Sentence #17 (9 tokens):
The border was crossed on 7 March 1809.

Tokens:
The
border
was
crossed
on
7
March
1809
.

Sentence #18 (43 tokens):
The defence of the border of Trás-os-Montes was in the hands of brigadier Francisco Silveira, whose forces, numbering 2,800 regular troops, 2,500 militia and only 50 cavalry, were concentrated around the stronghold of Chaves.

Tokens:
The
defence
of
the
border
of
Trás
-
os
-
Montes
was
in
the
hands
of
brigadier
Francisco
Silveira
,
whose
forces
,
numbering
2,800
regular
troops
,
2,500
militia
and
only
50
cavalry
,
were
concentrated
around
the
stronghold
of
Chaves
.

Sentence #19 (36 tokens):
The fortifications, who were in bad conditions, were protected by 50 pieces of artillery, but with only a few of them fit for service, were commanded by Lieutenant Colonel Francisco Pizarro.

Tokens:
The
fortifications
,
who
were
in
bad
conditions
,
were
protected
by
50
pieces
of
artillery
,
but
with
only
a
few
of
them
fit
for
service
,
were
commanded
by
Lieutenant
Colonel
Francisco
Pizarro
.

Sentence #20 (24 tokens):
After initial skirmishes near the border, the Portuguese forces retreated to Chaves, and then Silveira ordered the abandonment of the stronghold.

Tokens:
After
initial
skirmishes
near
the
border
,
the
Portuguese
forces
retreated
to
Chaves
,
and
then
Silveira
ordered
the
abandonment
of
the
stronghold
.

Sentence #21 (12 tokens):
This decision caused great unrest among the militias and the population.

Tokens:
This
decision
caused
great
unrest
among
the
militias
and
the
population
.

Sentence #22 (16 tokens):
Prudently, the brigadier led his forces south avoiding any risk against the superior forces.

Tokens:
Prudently
,
the
brigadier
led
his
forces
south
avoiding
any
risk
against
the
superior
forces
.

Sentence #23 (52 tokens):
But pressured by the people and the militias, lieutenant colonel Francisco Pizarro disobeyed orders and accepted the command of the popular forces, preparing to resist the invading forces with 500 troops (1st line), 2,000 militias (2nd line) and 1,200 ordenanças (3d line).

Tokens:
But
pressured
by
the
people
and
the
militias
,
lieutenant
colonel
Francisco
Pizarro
disobeyed
orders
and
accepted
the
command
of
the
popular
forces
,
preparing
to
resist
the
invading
forces
with
500
troops
(
1st
line
)
,
2,000
militias
(
2nd
line
)
and
1,200
ordenanças
(
3d
line
)
.

Sentence #24 (48 tokens):
Silveira tried to change his mind, even calling a war council to discuss the problem, but he couldn't get a formal decision, especially since the French who arrived on 10 March were now preparing to attack the most northerly fort of São Neutel.

Tokens:
Silveira
tried
to
change
his
mind
,
even
calling
a
war
council
to
discuss
the
problem
,
but
he
could
n't
get
a
formal
decision
,
especially
since
the
French
who
arrived
on
10
March
were
now
preparing
to
attack
the
most
northerly
fort
of
São
Neutel
.

Sentence #25 (26 tokens):
Pizarro held his ground and the future count left with his officers to join his forces, who had occupied the highlands south of Chaves.

Tokens:
Pizarro
held
his
ground
and
the
future
count
left
with
his
officers
to
join
his
forces
,
who
had
occupied
the
highlands
south
of
Chaves
.

Sentence #26 (16 tokens):
Soult then summoned the stronghold of Chaves to surrender, but no answer was given.

Tokens:
Soult
then
summoned
the
stronghold
of
Chaves
to
surrender
,
but
no
answer
was
given
.

Sentence #27 (13 tokens):
But soon it was obvious in the stronghold that defence was useless.

Tokens:
But
soon
it
was
obvious
in
the
stronghold
that
defence
was
useless
.

Sentence #28 (30 tokens):
Although fire from the artillery and muskets persisted since the French arrival, the defenders ultimately recognized that Silveira’s decision to retreat had been the most sensible one.

Tokens:
Although
fire
from
the
artillery
and
muskets
persisted
since
the
French
arrival
,
the
defenders
ultimately
recognized
that
Silveira
’s
decision
to
retreat
had
been
the
most
sensible
one
.

Sentence #29 (22 tokens):
Soult sent a second message calling for the surrender of the stronghold, and it was accepted on the 12 March.

Tokens:
Soult
sent
a
second
message
calling
for
the
surrender
of
the
stronghold
,
and
it
was
accepted
on
the
12
March
.

Sentence #30 (14 tokens):
Chaves surrendered and the French troops marched into the town on 13 March.

Tokens:
Chaves
surrendered
and
the
French
troops
marched
into
the
town
on
13
March
.

Sentence #31 (44 tokens):
Soult, with so many prisoners on his hands, released the civilians of the militias and ordenanças, under oath of not taking up arms against the French, and tried to recruit 500 of the line troops, who soon deserted.

Tokens:
Soult
,
with
so
many
prisoners
on
his
hands
,
released
the
civilians
of
the
militias
and
ordenanças
,
under
oath
of
not
taking
up
arms
against
the
French
,
and
tried
to
recruit
500
of
the
line
troops
,
who
soon
deserted
.

Sentence #32 (52 tokens):
These actions by Marshal Soult were strongly criticized by several of his officers, especially those who had participated in the first French invasion of Portugal of the previous year under Junot, as they preferred that the stronghold had been taken by assault and the garrison put to the sword.

Tokens:
These
actions
by
Marshal
Soult
were
strongly
criticized
by
several
of
his
officers
,
especially
those
who
had
participated
in
the
first
French
invasion
of
Portugal
of
the
previous
year
under
Junot
,
as
they
preferred
that
the
stronghold
had
been
taken
by
assault
and
the
garrison
put
to
the
sword
.

Sentence #33 (25 tokens):
Meanwhile the Portuguese forces had left their positions near Vidago and retreated farther south to a low pass between Vila Pouca and Vila Real.

Tokens:
Meanwhile
the
Portuguese
forces
had
left
their
positions
near
Vidago
and
retreated
farther
south
to
a
low
pass
between
Vila
Pouca
and
Vila
Real
.

Sentence #34 (23 tokens):
Soult, though, had decided to make his way south by way of the Barroso, due west instead of south.

Tokens:
Soult
,
though
,
had
decided
to
make
his
way
south
by
way
of
the
Barroso
,
due
west
instead
of
south
.

Sentence #35 (36 tokens):
He left a small garrison of a few hundred men in Chaves under the command of Major Messeger, and the hospital he had transferred from Monterey, Galicia, with many wounded or sick.

Tokens:
He
left
a
small
garrison
of
a
few
hundred
men
in
Chaves
under
the
command
of
Major
Messeger
,
and
the
hospital
he
had
transferred
from
Monterey
,
Galicia
,
with
many
wounded
or
sick
.

Sentence #36 (20 tokens):
As soon as Silveira knew that the main French army has gone away, he decided to attack Chaves.

Tokens:
As
soon
as
Silveira
knew
that
the
main
French
army
has
gone
away
,
he
decided
to
attack
Chaves
.

Sentence #37 (22 tokens):
For some days a French detachment had approached Vila Pouca in an attempt to force the entrenched Portuguese forces to retreat.

Tokens:
For
some
days
a
French
detachment
had
approached
Vila
Pouca
in
an
attempt
to
force
the
entrenched
Portuguese
forces
to
retreat
.

Sentence #38 (28 tokens):
But soon it was discovered that these forces had gone to Boticas to join up with the main French army which was already on its way west.

Tokens:
But
soon
it
was
discovered
that
these
forces
had
gone
to
Boticas
to
join
up
with
the
main
French
army
which
was
already
on
its
way
west
.

Sentence #39 (13 tokens):
Soult's army went on to win the First Battle of Porto.

Tokens:
Soult
's
army
went
on
to
win
the
First
Battle
of
Porto
.

Sentence #40 (19 tokens):
Once again Silveira went down into the Tâmega River valley and attacked the Chaves stronghold on 21 March.

Tokens:
Once
again
Silveira
went
down
into
the
Tâmega
River
valley
and
attacked
the
Chaves
stronghold
on
21
March
.

Sentence #41 (34 tokens):
The small French garrison tried to resist, but the Portuguese knew the town well and were able to penetrate the walls through an opening called the "Opening of the Butchershops".

Tokens:
The
small
French
garrison
tried
to
resist
,
but
the
Portuguese
knew
the
town
well
and
were
able
to
penetrate
the
walls
through
an
opening
called
the
"
Opening
of
the
Butchershops
"
.

Sentence #42 (28 tokens):
In the streets there was hand-to-hand combat, and the French, leaving almost 300 dead, retreated into the São Francisco Fort.

Tokens:
In
the
streets
there
was
hand
-
to
-
hand
combat
,
and
the
French
,
leaving
almost
300
dead
,
retreated
into
the
São
Francisco
Fort
.

Sentence #43 (11 tokens):
200 French fell prisoners into the hands of the Portuguese.

Tokens:
200
French
fell
prisoners
into
the
hands
of
the
Portuguese
.

Sentence #44 (14 tokens):
The Portuguese, having no artillery, blockaded the French for four days.

Tokens:
The
Portuguese
,
having
no
artillery
,
blockaded
the
French
for
four
days
.

Sentence #45 (36 tokens):
On the fifth day, when all was ready for the final assault to be carried out by escalating the fort, Silveira gave Messeger an ultimatum, under which he should surrender without conditions.

Tokens:
On
the
fifth
day
,
when
all
was
ready
for
the
final
assault
to
be
carried
out
by
escalating
the
fort
,
Silveira
gave
Messeger
an
ultimatum
,
under
which
he
should
surrender
without
conditions
.

Sentence #46 (14 tokens):
Messeger then requested an hour of truce in order to take a decision.

Tokens:
Messeger
then
requested
an
hour
of
truce
in
order
to
take
a
decision
.

Sentence #47 (41 tokens):
After the time given had ended, and still without a response, Silveira issued a final ultimatum, warning Messenger that if he did not surrender in five minutes he would give orders for the storming of the fort.

Tokens:
After
the
time
given
had
ended
,
and
still
without
a
response
,
Silveira
issued
a
final
ultimatum
,
warning
Messenger
that
if
he
did
not
surrender
in
five
minutes
he
would
give
orders
for
the
storming
of
the
fort
.

Sentence #48 (8 tokens):
The French commander immediately surrendered without conditions.

Tokens:
The
French
commander
immediately
surrendered
without
conditions
.

Sentence #49 (22 tokens):
25 officers, 23 civilians and surgeons, and about 1,300 soldiers were captured and taken under escort to Vila Real.

Tokens:
25
officers
,
23
civilians
and
surgeons
,
and
about
1,300
soldiers
were
captured
and
taken
under
escort
to
Vila
Real
.

Sentence #50 (16 tokens):
114 Spanish who were left in Chaves as prisoners by Soult were restored to liberty.

Tokens:
114
Spanish
who
were
left
in
Chaves
as
prisoners
by
Soult
were
restored
to
liberty
.

Sentence #51 (31 tokens):
This skilful and valiant maneuver by Silveira seriously upset Soult's plans, obliging him to wait, for lack of supply lines, between the Douro and the Vouga.

Tokens:
This
skilful
and
valiant
maneuver
by
Silveira
seriously
upset
Soult
's
plans
,
obliging
him
to
wait
,
for
lack
of
supply
lines
,
between
the
Douro
and
the
Vouga
.

Sentence #52 (31 tokens):
After the Second Battle of Porto, the French army was obliged by Wellesley to retreat quickly to its starting point, the city of Orense in Galicia, Spain.

Tokens:
After
the
Second
Battle
of
Porto
,
the
French
army
was
obliged
by
Wellesley
to
retreat
quickly
to
its
starting
point
,
the
city
of
Orense
in
Galicia
,
Spain
.

Sentence #53 (20 tokens):
In the final phase of this retreat, Silveira was almost able to intercept the French troops near Montealegre.

Tokens:
In
the
final
phase
of
this
retreat
,
Silveira
was
almost
able
to
intercept
the
French
troops
near
Montealegre
.

Sentence #54 (21 tokens):
Some of his detachments were even able to see the rearguard crossing the border near the rugged mountains of Larouco.

Tokens:
Some
of
his
detachments
were
even
able
to
see
the
rearguard
crossing
the
border
near
the
rugged
mountains
of
Larouco
.

Sentence #55 (17 tokens):
Beresford had come up to Chaves and let the opportunity to destroy the French slip away.

Tokens:
Beresford
had
come
up
to
Chaves
and
let
the
opportunity
to
destroy
the
French
slip
away
.

Sentence #56 (22 tokens):
Once the danger had passed, Beresford, under the insistence of Silveira, called a court martial for Francisco Pizarro.

Tokens:
Once
the
danger
had
passed
,
Beresford
,
under
the
insistence
of
Silveira
,
called
a
court
martial
for
Francisco
Pizarro
.

Sentence #57 (20 tokens):
This War Council took place in Lisbon in 1809 and found the reckless lieutenant colonel innocent of the charges.

Tokens:
This
War
Council
took
place
in
Lisbon
in
1809
and
found
the
reckless
lieutenant
colonel
innocent
of
the
charges
.

Sentence #58 (24 tokens):
This successful defeat of the French by the badly equipped Portuguese army gave the town of Chaves an important place in Portuguese history.

Tokens:
This
successful
defeat
of
the
French
by
the
badly
equipped
Portuguese
army
gave
the
town
of
Chaves
an
important
place
in
Portuguese
history
.

Sentence #59 (40 tokens):
It, together with the defeat of pro-Royalist forces in 1912, gave Chaves the deserved title of the Heroic City of Chaves (Cidade Heróica de Chaves), the name of many streets and avenues in Portugal.

Tokens:
It
,
together
with
the
defeat
of
pro-Royalist
forces
in
1912
,
gave
Chaves
the
deserved
title
of
the
Heroic
City
of
Chaves
(
Cidade
Heróica
de
Chaves
)
,
the
name
of
many
streets
and
avenues
in
Portugal
.
Coreference set: 1
1 4 4 5 59 28 25 29
1 13 13 14 59 28 25 29
5 6 6 7 59 28 25 29
18 42 42 43 59 28 25 29
20 13 13 14 59 28 25 29
25 25 25 26 59 28 25 29
26 7 7 8 59 28 25 29
30 1 1 2 59 28 25 29
35 12 12 13 59 28 25 29
36 19 19 20 59 28 25 29
40 14 14 15 59 28 25 29
50 7 7 8 59 28 25 29
55 6 6 7 59 28 25 29
58 17 17 18 59 28 25 29
59 14 14 15 59 28 25 29
59 23 23 24 59 28 25 29
Coreference set: 2
24 34 34 35 1 17 17 18
Coreference set: 3
40 17 17 18 1 36 36 37
Coreference set: 4
29 4 4 5 1 44 44 45
Coreference set: 8
2 1 1 2 1 15 15 22
12 11 11 12 1 15 15 22
43 10 9 11 1 15 15 22
44 2 1 3 1 15 15 22
59 39 39 40 1 15 15 22
Coreference set: 9
29 20 19 21 1 19 17 22
Coreference set: 10
1 39 39 41 1 20 20 22
17 7 7 9 1 20 20 22
24 35 35 36 1 20 20 22
29 21 21 22 1 20 20 22
30 13 13 14 1 20 20 22
40 18 18 19 1 20 20 22
Coreference set: 14
49 1 1 2 1 38 36 39
Coreference set: 17
2 15 13 16 1 51 49 52
Coreference set: 20
7 20 19 21 2 7 6 8
11 37 36 38 2 7 6 8
15 2 1 3 2 7 6 8
22 7 6 8 2 7 6 8
25 16 15 17 2 7 6 8
Coreference set: 23
32 32 32 33 3 23 23 24
Coreference set: 25
3 3 1 10 3 14 11 15
Coreference set: 26
14 28 24 29 3 9 5 10
15 9 9 10 3 9 5 10
18 11 7 12 3 9 5 10
19 24 24 25 3 9 5 10
Coreference set: 30
8 2 1 3 4 11 10 12
9 13 12 14 4 11 10 12
10 7 6 8 4 11 10 12
12 18 17 19 4 11 10 12
Coreference set: 35
21 8 7 9 6 2 1 3
23 8 7 9 6 2 1 3
Coreference set: 37
7 19 19 20 7 1 1 2
7 32 32 33 7 1 1 2
9 5 5 6 7 1 1 2
Coreference set: 38
9 16 15 17 7 9 9 10
Coreference set: 44
10 9 9 10 8 10 10 11
35 29 29 30 8 10 10 11
52 28 28 29 8 10 10 11
Coreference set: 45
9 2 2 3 8 17 16 18
9 7 7 8 8 17 16 18
10 1 1 2 8 17 16 18
11 1 1 3 8 17 16 18
11 17 17 18 8 17 16 18
14 17 17 18 8 17 16 18
15 1 1 2 8 17 16 18
Coreference set: 53
26 1 1 2 10 3 3 4
29 1 1 2 10 3 3 4
31 1 1 2 10 3 3 4
34 1 1 2 10 3 3 4
39 1 1 3 10 3 3 4
50 11 11 12 10 3 3 4
51 10 10 12 10 3 3 4
Coreference set: 58
11 36 36 37 11 16 14 23
Coreference set: 64
23 15 15 16 12 8 8 9
47 34 34 35 12 8 8 9
Coreference set: 74
13 32 31 38 20 10 8 11
33 4 2 5 20 10 8 11
Coreference set: 80
17 2 1 3 14 22 20 29
18 5 4 12 14 22 20 29
20 6 5 7 14 22 20 29
Coreference set: 83
18 33 33 34 15 15 15 16
19 13 13 14 15 15 15 16
Coreference set: 85
19 14 13 17 15 16 15 19
Coreference set: 87
16 8 8 9 16 1 1 5
Coreference set: 93
20 17 17 18 18 19 18 20
24 1 1 2 18 19 18 20
24 5 5 6 18 19 18 20
24 19 19 20 18 19 18 20
28 19 19 21 18 19 18 20
31 8 8 9 18 19 18 20
36 4 4 5 18 19 18 20
36 15 15 16 18 19 18 20
40 3 3 4 18 19 18 20
45 23 23 24 18 19 18 20
45 31 31 32 18 19 18 20
47 14 14 15 18 19 18 20
51 7 7 8 18 19 18 20
51 15 15 16 18 19 18 20
53 9 9 10 18 19 18 20
54 3 3 4 18 19 18 20
56 13 13 14 18 19 18 20
Coreference set: 98
31 9 8 10 18 15 14 20
Coreference set: 104
18 40 39 43 40 15 13 16
26 5 4 8 40 15 13 16
27 3 3 4 40 15 13 16
Coreference set: 107
45 35 35 36 19 8 7 9
48 7 7 8 19 8 7 9
Coreference set: 109
23 11 10 14 19 35 32 36
23 13 12 14 19 35 32 36
25 1 1 2 19 35 32 36
25 3 3 4 19 35 32 36
25 11 11 12 19 35 32 36
25 15 15 16 19 35 32 36
56 21 20 22 19 35 32 36
Coreference set: 112
27 8 7 13 20 23 22 24
29 12 11 13 20 23 22 24
32 39 38 40 20 23 22 24
Coreference set: 116
22 6 6 7 22 4 3 5
Coreference set: 130
23 33 32 38 31 39 37 40
Coreference set: 135
24 12 10 13 57 3 1 4
Coreference set: 138
31 29 28 30 24 30 29 36
42 15 14 21 24 30 29 36
42 15 14 16 24 30 29 36
44 10 9 11 24 30 29 36
55 14 13 15 24 30 29 36
Coreference set: 144
32 13 12 14 25 12 11 13
Coreference set: 149
44 6 5 7 28 5 4 6
Coreference set: 153
28 21 19 24 28 29 26 30
Coreference set: 154
29 15 15 16 29 5 3 6
Coreference set: 157
41 14 13 15 30 10 9 13
Coreference set: 159
43 4 4 5 31 6 4 10
50 9 9 10 31 6 4 10
Coreference set: 168
32 12 12 13 32 5 4 6
Coreference set: 170
32 16 16 45 32 10 10 14
32 35 35 36 32 10 10 14
33 7 7 8 32 10 10 14
Coreference set: 178
34 9 9 10 33 24 23 25
35 1 1 2 33 24 23 25
35 23 23 24 33 24 23 25
49 21 20 22 33 24 23 25
Coreference set: 183
38 26 25 28 34 10 9 11
Coreference set: 188
45 25 25 26 35 18 18 19
46 1 1 2 35 18 18 19
Coreference set: 196
52 30 28 31 35 29 27 30
Coreference set: 198
38 20 17 28 36 10 7 11
52 10 8 11 36 10 7 11
Coreference set: 203
38 8 7 9 37 19 16 20
Coreference set: 204
38 25 25 26 38 12 12 13
Coreference set: 218
45 21 20 22 42 27 24 28
47 40 39 41 42 27 24 28
Coreference set: 234
47 24 24 25 47 21 21 22
47 31 31 32 47 21 21 22
Coreference set: 241
49 7 7 13 49 2 1 3
49 7 7 8 49 2 1 3
Coreference set: 257
52 19 19 20 52 4 2 7
Coreference set: 259
52 24 23 27 52 21 19 22
Coreference set: 270
56 7 7 8 55 1 1 2
Coreference set: 279
59 1 1 2 58 3 1 13
