Document: ID=University of Sydney (99 sentences, 2846 tokens)

Sentence #1 (19 tokens):
The University of Sydney is a public Australian university that is located in Sydney, New South Wales.

Tokens:
The
University
of
Sydney
is
a
public
Australian
university
that
is
located
in
Sydney
,
New
South
Wales
.

Sentence #2 (20 tokens):
The main campus spreads across the suburbs of Camperdown and Darlington on the southwestern outskirts of the Sydney CBD.

Tokens:
The
main
campus
spreads
across
the
suburbs
of
Camperdown
and
Darlington
on
the
southwestern
outskirts
of
the
Sydney
CBD
.

Sentence #3 (14 tokens):
Founded in 1850, it is the oldest university in Australia and Oceania.

Tokens:
Founded
in
1850
,
it
is
the
oldest
university
in
Australia
and
Oceania
.

Sentence #4 (11 tokens):
In 2011 it had 32,393 undergraduate and 16,627 graduate students.

Tokens:
In
2011
it
had
32,393
undergraduate
and
16,627
graduate
students
.

Sentence #5 (27 tokens):
The University of Sydney is organised into sixteen faculties and schools, through which it offers bachelor's degrees, master's degrees and doctoral degrees.

Tokens:
The
University
of
Sydney
is
organised
into
sixteen
faculties
and
schools
,
through
which
it
offers
bachelor
's
degrees
,
master
's
degrees
and
doctoral
degrees
.

Sentence #6 (14 tokens):
Three Nobel laureates have been affiliated with the university as graduates and faculty.

Tokens:
Three
Nobel
laureates
have
been
affiliated
with
the
university
as
graduates
and
faculty
.

Sentence #7 (15 tokens):
Sydney consistently ranks amongst the top universities in Australia, Oceania and the world.

Tokens:
Sydney
consistently
ranks
amongst
the
top
universities
in
Australia
,
Oceania
and
the
world
.

Sentence #8 (21 tokens):
In 2012, it was ranked 39th and in the top 1% in the 2012 QS World University Rankings.

Tokens:
In
2012
,
it
was
ranked
39th
and
in
the
top
1
%
in
the
2012
QS
World
University
Rankings
.

Sentence #9 (33 tokens):
The University of Sydney is a member of Australia's Group of Eight, Academic Consortium 21, the Association of Pacific Rim Universities (APRU) and the Worldwide Universities Network.

Tokens:
The
University
of
Sydney
is
a
member
of
Australia
's
Group
of
Eight
,
Academic
Consortium
21
,
the
Association
of
Pacific
Rim
Universities
(
APRU
)
and
the
Worldwide
Universities
Network
.

Sentence #10 (14 tokens):
The university is also colloquially known as one of Australia's sandstone universities.

Tokens:
The
university
is
also
colloquially
known
as
one
of
Australia
's
sandstone
universities
.

Sentence #11 (27 tokens):
In 1848, in the New South Wales Legislative Council, William Wentworth proposed a plan to expand the existing Sydney College into a larger university.

Tokens:
In
1848
,
in
the
New
South
Wales
Legislative
Council
,
William
Wentworth
proposed
a
plan
to
expand
the
existing
Sydney
College
into
a
larger
university
.

Sentence #12 (48 tokens):
Wentworth argued that a state university was imperative for the growth of a society aspiring towards self-government, and that it would provide the opportunity for "the child of every class, to become great and useful in the destinies of his country".

Tokens:
Wentworth
argued
that
a
state
university
was
imperative
for
the
growth
of
a
society
aspiring
towards
self
-
government
,
and
that
it
would
provide
the
opportunity
for
"
the
child
of
every
class
,
to
become
great
and
useful
in
the
destinies
of
his
country
"
.

Sentence #13 (19 tokens):
It would take two attempts on Wentworth's behalf, however, before the plan was finally adopted.

Tokens:
It
would
take
two
attempts
on
Wentworth
's
behalf
,
however
,
before
the
plan
was
finally
adopted
.

Sentence #14 (30 tokens):
The university was established via the passage of the University of Sydney Act, on 24 September 1850 and was assented on 1 October 1850 by Sir Charles Fitzroy.

Tokens:
The
university
was
established
via
the
passage
of
the
University
of
Sydney
Act
,
on
24
September
1850
and
was
assented
on
1
October
1850
by
Sir
Charles
Fitzroy
.

Sentence #15 (24 tokens):
Two years later, the university was inaugurated on 11 October 1852 in the Big Schoolroom of what is now Sydney Grammar School.

Tokens:
Two
years
later
,
the
university
was
inaugurated
on
11
October
1852
in
the
Big
Schoolroom
of
what
is
now
Sydney
Grammar
School
.

Sentence #16 (7 tokens):
The first principal was John Woolley.

Tokens:
The
first
principal
was
John
Woolley
.

Sentence #17 (34 tokens):
On 27 February 1858 the university received its Royal Charter from Queen Victoria, giving degrees conferred by the university rank and recognition equal to those given by universities in the United Kingdom.

Tokens:
On
27
February
1858
the
university
received
its
Royal
Charter
from
Queen
Victoria
,
giving
degrees
conferred
by
the
university
rank
and
recognition
equal
to
those
given
by
universities
in
the
United
Kingdom
.

Sentence #18 (18 tokens):
By 1859, the university had moved to its current site in the Sydney suburb of Camperdown.

Tokens:
By
1859
,
the
university
had
moved
to
its
current
site
in
the
Sydney
suburb
of
Camperdown
.

Sentence #19 (35 tokens):
In 1858, the passage of the Electoral Act provided for the university to become a constituency for the New South Wales Legislative Assembly as soon as there were 100 graduates with higher degrees.

Tokens:
In
1858
,
the
passage
of
the
Electoral
Act
provided
for
the
university
to
become
a
constituency
for
the
New
South
Wales
Legislative
Assembly
as
soon
as
there
were
100
graduates
with
higher
degrees
.

Sentence #20 (37 tokens):
This seat in the Parliament of New South Wales was first filled in 1876, but was abolished in 1880 one year after its second member, Edmund Barton, was elected to the Legislative Assembly.

Tokens:
This
seat
in
the
Parliament
of
New
South
Wales
was
first
filled
in
1876
,
but
was
abolished
in
1880
one
year
after
its
second
member
,
Edmund
Barton
,
was
elected
to
the
Legislative
Assembly
.

Sentence #21 (24 tokens):
Most of the estate of John Henry Challis was bequeathed to the university, which received a sum of £200,000 in 1889.

Tokens:
Most
of
the
estate
of
John
Henry
Challis
was
bequeathed
to
the
university
,
which
received
a
sum
of
£
200,000
in
1889
.

Sentence #22 (26 tokens):
This was thanks in part due to William Montagu Manning (Chancellor 1878-1895) who argued against the claims by British Tax Commissioners.

Tokens:
This
was
thanks
in
part
due
to
William
Montagu
Manning
(
Chancellor
1878
-
1895
)
who
argued
against
the
claims
by
British
Tax
Commissioners
.

Sentence #23 (27 tokens):
The following year seven professorships were created: anatomy; zoology; engineering; history; law; logic and mental philosophy; and modern literature.

Tokens:
The
following
year
seven
professorships
were
created
:
anatomy
;
zoology
;
engineering
;
history
;
law
;
logic
and
mental
philosophy
;
and
modern
literature
.

Sentence #24 (29 tokens):
The New England University College was founded as part of the University of Sydney in 1938 and later separated in 1954 to become the University of New England.

Tokens:
The
New
England
University
College
was
founded
as
part
of
the
University
of
Sydney
in
1938
and
later
separated
in
1954
to
become
the
University
of
New
England
.

Sentence #25 (28 tokens):
During the late 1960s, the University of Sydney was at the centre of rows to introduce courses on Marxism and feminism at the major Australian universities.

Tokens:
During
the
late
1960s
,
the
University
of
Sydney
was
at
the
centre
of
rows
to
introduce
courses
on
Marxism
and
feminism
at
the
major
Australian
universities
.

Sentence #26 (57 tokens):
At one stage, newspaper reporters descended on the University to cover brawls, demonstrations, secret memos and a walk-out by Professor David Armstrong, a respected philosopher who held the Challis Chair of Philosophy from 1959 to 1991, after students at one of his lectures openly demanded a course on feminism.

Tokens:
At
one
stage
,
newspaper
reporters
descended
on
the
University
to
cover
brawls
,
demonstrations
,
secret
memos
and
a
walk
-
out
by
Professor
David
Armstrong
,
a
respected
philosopher
who
held
the
Challis
Chair
of
Philosophy
from
1959
to
1991
,
after
students
at
one
of
his
lectures
openly
demanded
a
course
on
feminism
.

Sentence #27 (41 tokens):
The philosophy department split over the issue to become the Traditional and Modern Philosophy Department, headed by Armstrong and following a more traditional approach to philosophy, and the General Philosophy Department, which follows the French continental approach.

Tokens:
The
philosophy
department
split
over
the
issue
to
become
the
Traditional
and
Modern
Philosophy
Department
,
headed
by
Armstrong
and
following
a
more
traditional
approach
to
philosophy
,
and
the
General
Philosophy
Department
,
which
follows
the
French
continental
approach
.

Sentence #28 (15 tokens):
Prior to 1981, the Sydney Institute of Education was the Sydney Teachers College.

Tokens:
Prior
to
1981
,
the
Sydney
Institute
of
Education
was
the
Sydney
Teachers
College
.

Sentence #29 (59 tokens):
The Orange Agricultural College (OAC) was originally transferred to the University of New England under the Act, but then transferred to the University of Sydney in 1994, as part of the reforms to the University of New England undertaken by the University of New England Act 1993 and the Southern Cross University Act 1993.

Tokens:
The
Orange
Agricultural
College
(
OAC
)
was
originally
transferred
to
the
University
of
New
England
under
the
Act
,
but
then
transferred
to
the
University
of
Sydney
in
1994
,
as
part
of
the
reforms
to
the
University
of
New
England
undertaken
by
the
University
of
New
England
Act
1993
and
the
Southern
Cross
University
Act
1993
.

Sentence #30 (16 tokens):
In January 2005, the University of Sydney transferred the OAC to Charles Sturt University.

Tokens:
In
January
2005
,
the
University
of
Sydney
transferred
the
OAC
to
Charles
Sturt
University
.

Sentence #31 (24 tokens):
In 2001, the University of Sydney chancellor, Dame Leonie Kramer, was forced to resign by the university's governing body.

Tokens:
In
2001
,
the
University
of
Sydney
chancellor
,
Dame
Leonie
Kramer
,
was
forced
to
resign
by
the
university
's
governing
body
.

Sentence #32 (44 tokens):
In 2003, Nick Greiner, a former Premier of New South Wales, resigned from his position as chair of the university's Graduate School of Management because of academic protests against his simultaneous chairmanship of British American Tobacco (Australia).

Tokens:
In
2003
,
Nick
Greiner
,
a
former
Premier
of
New
South
Wales
,
resigned
from
his
position
as
chair
of
the
university
's
Graduate
School
of
Management
because
of
academic
protests
against
his
simultaneous
chairmanship
of
British
American
Tobacco
(
Australia
)
.

Sentence #33 (44 tokens):
Subsequently, his wife, Kathryn Greiner, resigned in protest from the two positions she held at the university as chair of the Sydney Peace Foundation and a member of the executive council of the Research Institute for Asia and the Pacific.

Tokens:
Subsequently
,
his
wife
,
Kathryn
Greiner
,
resigned
in
protest
from
the
two
positions
she
held
at
the
university
as
chair
of
the
Sydney
Peace
Foundation
and
a
member
of
the
executive
council
of
the
Research
Institute
for
Asia
and
the
Pacific
.

Sentence #34 (41 tokens):
In 2005, the Public Service Association of New South Wales and the Community and Public Sector Union were in dispute with the university over a proposal to privatise security at the main campus (and the Cumberland campus).

Tokens:
In
2005
,
the
Public
Service
Association
of
New
South
Wales
and
the
Community
and
Public
Sector
Union
were
in
dispute
with
the
university
over
a
proposal
to
privatise
security
at
the
main
campus
(
and
the
Cumberland
campus
)
.

Sentence #35 (31 tokens):
In February 2007, the university agreed to acquire a portion of the land granted to St John's College to develop the Sydney Institute of Health and Medical Research.

Tokens:
In
February
2007
,
the
university
agreed
to
acquire
a
portion
of
the
land
granted
to
St
John
's
College
to
develop
the
Sydney
Institute
of
Health
and
Medical
Research
.

Sentence #36 (41 tokens):
As a Roman Catholic institution, in handing over the land St John's placed limitations on the type of medical research which could be conducted on the premises, seeking to preserve the essence of the college's mission.

Tokens:
As
a
Roman
Catholic
institution
,
in
handing
over
the
land
St
John
's
placed
limitations
on
the
type
of
medical
research
which
could
be
conducted
on
the
premises
,
seeking
to
preserve
the
essence
of
the
college
's
mission
.

Sentence #37 (18 tokens):
This caused concern among some groups, who argued that it would interfere with scientific medical research.

Tokens:
This
caused
concern
among
some
groups
,
who
argued
that
it
would
interfere
with
scientific
medical
research
.

Sentence #38 (35 tokens):
However, this was rejected by the university's administration because the building was not intended for this purpose and there were many other facilities in close proximity where such research could take place.

Tokens:
However
,
this
was
rejected
by
the
university
's
administration
because
the
building
was
not
intended
for
this
purpose
and
there
were
many
other
facilities
in
close
proximity
where
such
research
could
take
place
.

Sentence #39 (14 tokens):
At the start of 2010, the university controversially adopted a new logo.

Tokens:
At
the
start
of
2010
,
the
university
controversially
adopted
a
new
logo
.

Sentence #40 (16 tokens):
It retains the same university arms, however it takes on a more modern look.

Tokens:
It
retains
the
same
university
arms
,
however
it
takes
on
a
more
modern
look
.

Sentence #41 (65 tokens):
There have been stylistic changes, the main one being the coat of arm's mantling, the shape of the escutcheon (shield), the removal of the motto scroll, and also others more subtle within the arms itself, such as the mane and fur of the lion, the number of lines in the open book and the colouration.

Tokens:
There
have
been
stylistic
changes
,
the
main
one
being
the
coat
of
arm
's
mantling
,
the
shape
of
the
escutcheon
(
shield
)
,
the
removal
of
the
motto
scroll
,
and
also
others
more
subtle
within
the
arms
itself
,
such
as
the
mane
and
fur
of
the
lion
,
the
number
of
lines
in
the
open
book
and
the
colouration
.

Sentence #42 (23 tokens):
The original Coat of Arms from 1857 continues to be used for ceremonial and other formal purposes, such as on testamurs.

Tokens:
The
original
Coat
of
Arms
from
1857
continues
to
be
used
for
ceremonial
and
other
formal
purposes
,
such
as
on
testamurs
.

Sentence #43 (14 tokens):
The Grant of Arms was made by the College of Arms in 1857.

Tokens:
The
Grant
of
Arms
was
made
by
the
College
of
Arms
in
1857
.

Sentence #44 (70 tokens):
Argent on a Cross Azure and open book proper, clasps Gold, between four Stars of eight points Or, on a chief Gules a Lion passant Guardant also Or, together with this motto "Sidere mens eadem mutato" to be borne and used forever herafter by the said University of Sydney on their Common Seal, Shields or otherwise according to the Law of Arms.

Tokens:
Argent
on
a
Cross
Azure
and
open
book
proper
,
clasps
Gold
,
between
four
Stars
of
eight
points
Or
,
on
a
chief
Gules
a
Lion
passant
Guardant
also
Or
,
together
with
this
motto
"
Sidere
mens
eadem
mutato
"
to
be
borne
and
used
forever
herafter
by
the
said
University
of
Sydney
on
their
Common
Seal
,
Shields
or
otherwise
according
to
the
Law
of
Arms
.

Sentence #45 (45 tokens):
The use of eight-pointed stars was unusual for arms at the time, although they had been used unofficially as emblems for New South Wales since the 1820s and on the arms of the Church of England Diocese of Australia in 1836.

Tokens:
The
use
of
eight
-
pointed
stars
was
unusual
for
arms
at
the
time
,
although
they
had
been
used
unofficially
as
emblems
for
New
South
Wales
since
the
1820s
and
on
the
arms
of
the
Church
of
England
Diocese
of
Australia
in
1836
.

Sentence #46 (53 tokens):
According to the university, the Latin motto Sidere mens eadem mutato can be translated as "Though the constellations change, the mind is universal", thereby, conveying the aspiration that "the traditions of the older universities of the Northern Hemisphere are continued here in the Southern".

Tokens:
According
to
the
university
,
the
Latin
motto
Sidere
mens
eadem
mutato
can
be
translated
as
"
Though
the
constellations
change
,
the
mind
is
universal
"
,
thereby
,
conveying
the
aspiration
that
"
the
traditions
of
the
older
universities
of
the
Northern
Hemisphere
are
continued
here
in
the
Southern
"
.

Sentence #47 (32 tokens):
Author and university alumnus Clive James quipped in his 1981 autobiography that the motto loosely translates as "Sydney University is really Oxford or Cambridge laterally displaced approximately 12,000 miles".

Tokens:
Author
and
university
alumnus
Clive
James
quipped
in
his
1981
autobiography
that
the
motto
loosely
translates
as
"
Sydney
University
is
really
Oxford
or
Cambridge
laterally
displaced
approximately
12,000
miles
"
.

Sentence #48 (20 tokens):
The Times Higher Education World University Rankings 2011-2012 placed the University of Sydney 58th in the world.

Tokens:
The
Times
Higher
Education
World
University
Rankings
2011
-
2012
placed
the
University
of
Sydney
58th
in
the
world
.

Sentence #49 (17 tokens):
QS World University Rankings 2012-2013 placed the University of Sydney 39th in the world.

Tokens:
QS
World
University
Rankings
2012
-
2013
placed
the
University
of
Sydney
39th
in
the
world
.

Sentence #50 (31 tokens):
On the Shanghai Jiaotong University's Academic Ranking of World Universities rankings in 2010, University of Sydney is placed 92nd in the world and 9th in the Asia Pacific.

Tokens:
On
the
Shanghai
Jiaotong
University
's
Academic
Ranking
of
World
Universities
rankings
in
2010
,
University
of
Sydney
is
placed
92nd
in
the
world
and
9th
in
the
Asia
Pacific
.

Sentence #51 (17 tokens):
Throughout its history, University of Sydney alumni have made significant contributions to Australia and beyond.

Tokens:
Throughout
its
history
,
University
of
Sydney
alumni
have
made
significant
contributions
to
Australia
and
beyond
.

Sentence #52 (55 tokens):
Australian leaders who have graduated from the University include two governors-general, five Australian prime ministers, four chief justices of the High Court of Australia, and twenty other justices of the High Court, as well as the third president of the United Nations General Assembly and three Nobel laureates.

Tokens:
Australian
leaders
who
have
graduated
from
the
University
include
two
governors
-
general
,
five
Australian
prime
ministers
,
four
chief
justices
of
the
High
Court
of
Australia
,
and
twenty
other
justices
of
the
High
Court
,
as
well
as
the
third
president
of
the
United
Nations
General
Assembly
and
three
Nobel
laureates
.

Sentence #53 (34 tokens):
The five largest faculties and schools by 2011 student enrolments were (in descending order): Arts and Social Sciences; Business; Science; Engineering and Information Technologies; Health Sciences.

Tokens:
The
five
largest
faculties
and
schools
by
2011
student
enrolments
were
(
in
descending
order
)
:
Arts
and
Social
Sciences
;
Business
;
Science
;
Engineering
and
Information
Technologies
;
Health
Sciences
.

Sentence #54 (27 tokens):
Together they comprised 64.4% of the university's students and each had a student enrolment over 4,500 (at least 9% of students).

Tokens:
Together
they
comprised
64.4
%
of
the
university
's
students
and
each
had
a
student
enrolment
over
4,500
(
at
least
9
%
of
students
)
.

Sentence #55 (13 tokens):
The University of Sydney currently has financial endowments totalling $829 million.

Tokens:
The
University
of
Sydney
currently
has
financial
endowments
totalling
$
829
million
.

Sentence #56 (12 tokens):
A drop due to recent downturn of the global economic situation.

Tokens:
A
drop
due
to
recent
downturn
of
the
global
economic
situation
.

Sentence #57 (15 tokens):
The university's turnover, in turn, was A$1.3 billion in 2008.

Tokens:
The
university
's
turnover
,
in
turn
,
was
A$
1.3
billion
in
2008
.

Sentence #58 (33 tokens):
Latest figures show that the University of Sydney has received the highest amount of research grants, which may demonstrate its research competitiveness and the size of its students and staff body.

Tokens:
Latest
figures
show
that
the
University
of
Sydney
has
received
the
highest
amount
of
research
grants
,
which
may
demonstrate
its
research
competitiveness
and
the
size
of
its
students
and
staff
body
.

Sentence #59 (23 tokens):
The University of Sydney also has the second largest (behind Monash University) body of students and researchers among Australian universities.

Tokens:
The
University
of
Sydney
also
has
the
second
largest
(
behind
Monash
University
)
body
of
students
and
researchers
among
Australian
universities
.

Sentence #60 (45 tokens):
The University of Sydney secured more than $46 million in funding in the 2007 round of National Health and Medical Research Council (NHMRC) Project Grant, Capacity Building and Fellowship awards, the largest allocation to any university in the state.

Tokens:
The
University
of
Sydney
secured
more
than
$
46
million
in
funding
in
the
2007
round
of
National
Health
and
Medical
Research
Council
(
NHMRC
)
Project
Grant
,
Capacity
Building
and
Fellowship
awards
,
the
largest
allocation
to
any
university
in
the
state
.

Sentence #61 (22 tokens):
The James Jones foundation has announced the 2007 recipient of the bicentennial award in university research linked to applied agricultural economics.

Tokens:
The
James
Jones
foundation
has
announced
the
2007
recipient
of
the
bicentennial
award
in
university
research
linked
to
applied
agricultural
economics
.

Sentence #62 (21 tokens):
The award includes various grant and research opportunities that may be taken up by both staff members and senior students.

Tokens:
The
award
includes
various
grant
and
research
opportunities
that
may
be
taken
up
by
both
staff
members
and
senior
students
.

Sentence #63 (37 tokens):
Five of the university's affiliated medical research facilities secured $38 million in the Australian government's 2006 budget, part of $163 million made available for a variety of development and expansion projects.

Tokens:
Five
of
the
university
's
affiliated
medical
research
facilities
secured
$
38
million
in
the
Australian
government
's
2006
budget
,
part
of
$
163
million
made
available
for
a
variety
of
development
and
expansion
projects
.

Sentence #64 (18 tokens):
The main campus is spread across two inner-city suburbs of Sydney: Camperdown and Darlington.

Tokens:
The
main
campus
is
spread
across
two
inner
-
city
suburbs
of
Sydney
:
Camperdown
and
Darlington
.

Sentence #65 (36 tokens):
Originally housed in what is now Sydney Grammar School, in 1855 the government granted the university land in Grose Farm, three kilometres from the city, which is now the main Camperdown campus.

Tokens:
Originally
housed
in
what
is
now
Sydney
Grammar
School
,
in
1855
the
government
granted
the
university
land
in
Grose
Farm
,
three
kilometres
from
the
city
,
which
is
now
the
main
Camperdown
campus
.

Sentence #66 (21 tokens):
The architect Edmund Blacket designed the original Neogothic sandstone Quadrangle and Great Tower buildings, which were completed in 1862.

Tokens:
The
architect
Edmund
Blacket
designed
the
original
Neogothic
sandstone
Quadrangle
and
Great
Tower
buildings
,
which
were
completed
in
1862
.

Sentence #67 (22 tokens):
The rapid expansion of the university in the mid-20th century resulted in the acquisition of land in Darlington across City Road.

Tokens:
The
rapid
expansion
of
the
university
in
the
mid-20th
century
resulted
in
the
acquisition
of
land
in
Darlington
across
City
Road
.

Sentence #68 (39 tokens):
The Camperdown/Darlington campus houses the university's administrative headquarters, and the Faculties of Arts, Science, Education and Social Work, Pharmacy, Veterinary Science, Economics and Business, Architecture, and Engineering.

Tokens:
The
Camperdown
/
Darlington
campus
houses
the
university
's
administrative
headquarters
,
and
the
Faculties
of
Arts
,
Science
,
Education
and
Social
Work
,
Pharmacy
,
Veterinary
Science
,
Economics
and
Business
,
Architecture
,
and
Engineering
.

Sentence #69 (23 tokens):
It is also the home base of the large Faculty of Medicine, which has numerous affiliated teaching hospitals across the state.

Tokens:
It
is
also
the
home
base
of
the
large
Faculty
of
Medicine
,
which
has
numerous
affiliated
teaching
hospitals
across
the
state
.

Sentence #70 (44 tokens):
The main campus is also the focus of the university's student life, with the student-run University of Sydney Union (known as 'the Union') in possession of three buildings - Wentworth, Manning and Holme Buildings.

Tokens:
The
main
campus
is
also
the
focus
of
the
university
's
student
life
,
with
the
student
-
run
University
of
Sydney
Union
(
known
as
'
the
Union
'
)
in
possession
of
three
buildings
-
Wentworth
,
Manning
and
Holme
Buildings
.

Sentence #71 (25 tokens):
These buildings house a large proportion of the university's catering outlets, and provide space for recreational rooms, bars and function centres.

Tokens:
These
buildings
house
a
large
proportion
of
the
university
's
catering
outlets
,
and
provide
space
for
recreational
rooms
,
bars
and
function
centres
.

Sentence #72 (36 tokens):
One of the largest activities organised by the Union is the Orientation Week (or 'O-week'), centring on stalls set up by clubs and societies on the Front Lawns.

Tokens:
One
of
the
largest
activities
organised
by
the
Union
is
the
Orientation
Week
(
or
'
O
-
week
'
)
,
centring
on
stalls
set
up
by
clubs
and
societies
on
the
Front
Lawns
.

Sentence #73 (27 tokens):
The university is currently undertaking a large capital works program with the aim of revitalising the campus and providing more office, teaching and student space.

Tokens:
The
university
is
currently
undertaking
a
large
capital
works
program
with
the
aim
of
revitalising
the
campus
and
providing
more
office
,
teaching
and
student
space
.

Sentence #74 (33 tokens):
The program will see the amalgamation of the smaller science and technical libraries into a larger library, and the construction of a central administration and student services building along City Road.

Tokens:
The
program
will
see
the
amalgamation
of
the
smaller
science
and
technical
libraries
into
a
larger
library
,
and
the
construction
of
a
central
administration
and
student
services
building
along
City
Road
.

Sentence #75 (26 tokens):
A new building for the School of Information Technologies opened in late 2006 and has been located on a site adjacent to the Seymour Centre.

Tokens:
A
new
building
for
the
School
of
Information
Technologies
opened
in
late
2006
and
has
been
located
on
a
site
adjacent
to
the
Seymour
Centre
.

Sentence #76 (23 tokens):
The busy Eastern Avenue thoroughfare has been transformed into a pedestrian plaza and a new footbridge has been built over City Road.

Tokens:
The
busy
Eastern
Avenue
thoroughfare
has
been
transformed
into
a
pedestrian
plaza
and
a
new
footbridge
has
been
built
over
City
Road
.

Sentence #77 (30 tokens):
The new home for the Sydney Law School, located alongside Fisher Library on the site of the old Edgeworth David and Stephen Roberts buildings, has been completed.

Tokens:
The
new
home
for
the
Sydney
Law
School
,
located
alongside
Fisher
Library
on
the
site
of
the
old
Edgeworth
David
and
Stephen
Roberts
buildings
,
has
been
completed
.

Sentence #78 (26 tokens):
From 2007, the university has used space in the former Eveleigh railway yards, just to the south of Darlington, for examination purposes.

Tokens:
From
2007
,
the
university
has
used
space
in
the
former
Eveleigh
railway
yards
,
just
to
the
south
of
Darlington
,
for
examination
purposes
.

Sentence #79 (30 tokens):
The campus is well served by public transport, being a short walk from Redfern railway station and served by buses on the neighbouring Parramatta Road and City Road.

Tokens:
The
campus
is
well
served
by
public
transport
,
being
a
short
walk
from
Redfern
railway
station
and
served
by
buses
on
the
neighbouring
Parramatta
Road
and
City
Road
.

Sentence #80 (18 tokens):
The University of Sydney Library consists of eleven individual libraries located across the University's various campuses.

Tokens:
The
University
of
Sydney
Library
consists
of
eleven
individual
libraries
located
across
the
University
's
various
campuses
.

Sentence #81 (49 tokens):
According to the library's publications, it is the largest academic library in the southern hemisphere; university statistics show that in 2007 the collection consisted of just under 5 million physical volumes and a further 300,000 e-books, for a total of approximately 5.3 million items.

Tokens:
According
to
the
library
's
publications
,
it
is
the
largest
academic
library
in
the
southern
hemisphere
;
university
statistics
show
that
in
2007
the
collection
consisted
of
just
under
5
million
physical
volumes
and
a
further
300,000
e-books
,
for
a
total
of
approximately
5.3
million
items
.

Sentence #82 (35 tokens):
The Rare Books Library possesses several extremely rare items, including one of the two extant copies of the Gospel of Barnabas and a first edition of Isaac Newton's Philosophiae Naturalis Principia Mathematica.

Tokens:
The
Rare
Books
Library
possesses
several
extremely
rare
items
,
including
one
of
the
two
extant
copies
of
the
Gospel
of
Barnabas
and
a
first
edition
of
Isaac
Newton
's
Philosophiae
Naturalis
Principia
Mathematica
.

Sentence #83 (33 tokens):
The University has a number of residential college and halls of residence, based on the college system of Cambridge and Oxford universities, each with its own distinctive style and facilities.

Tokens:
The
University
has
a
number
of
residential
college
and
halls
of
residence
,
based
on
the
college
system
of
Cambridge
and
Oxford
universities
,
each
with
its
own
distinctive
style
and
facilities
.

Sentence #84 (19 tokens):
All offer tutorial support and a wide range of social and sporting activities in a supportive communal environment.

Tokens:
All
offer
tutorial
support
and
a
wide
range
of
social
and
sporting
activities
in
a
supportive
communal
environment
.

Sentence #85 (30 tokens):
Five colleges are affiliated with religious denominations and while this gives each of these colleges a special character, students of any denomination or religion are eligible for admission.

Tokens:
Five
colleges
are
affiliated
with
religious
denominations
and
while
this
gives
each
of
these
colleges
a
special
character
,
students
of
any
denomination
or
religion
are
eligible
for
admission
.

Sentence #86 (22 tokens):
Unlike some residential colleges in British or American universities, the colleges are not affiliated with any specific discipline of study.

Tokens:
Unlike
some
residential
colleges
in
British
or
American
universities
,
the
colleges
are
not
affiliated
with
any
specific
discipline
of
study
.

Sentence #87 (13 tokens):
"Intercol" refers to the six colleges which exist on campus.

Tokens:
"
Intercol
"
refers
to
the
six
colleges
which
exist
on
campus
.

Sentence #88 (18 tokens):
They are modelled on the British system of colleges and competition for entry is high each year.

Tokens:
They
are
modelled
on
the
British
system
of
colleges
and
competition
for
entry
is
high
each
year
.

Sentence #89 (37 tokens):
The Colleges compete in the Rawson Cup (sport for men) the Rosebowl cup (sport for women) and the Palladian Cup (drama, debating and music for both men and women).

Tokens:
The
Colleges
compete
in
the
Rawson
Cup
(
sport
for
men
)
the
Rosebowl
cup
(
sport
for
women
)
and
the
Palladian
Cup
(
drama
,
debating
and
music
for
both
men
and
women
)
.

Sentence #90 (25 tokens):
The University also has three other residential systems, which are different to the colleges, and are not part of the intercol system.

Tokens:
The
University
also
has
three
other
residential
systems
,
which
are
different
to
the
colleges
,
and
are
not
part
of
the
intercol
system
.

Sentence #91 (21 tokens):
For a variety of reasons, the intercol network has chosen to have no affiliation with these "houses".

Tokens:
For
a
variety
of
reasons
,
the
intercol
network
has
chosen
to
have
no
affiliation
with
these
"
houses
"
.

Sentence #92 (12 tokens):
There is also a university-affiliated housing cooperative, Stucco.

Tokens:
There
is
also
a
university
-
affiliated
housing
cooperative
,
Stucco
.

Sentence #93 (19 tokens):
The SRC and Union are both governed by student representatives, who are elected by students each year.

Tokens:
The
SRC
and
Union
are
both
governed
by
student
representatives
,
who
are
elected
by
students
each
year
.

Sentence #94 (57 tokens):
Elections for the USU Board of Directors occur in first semester; elections for the SRC President, and for members of the Students' Representative Council itself, occur in second semester, along with a separate election for the editorial board of the student newspaper Honi Soit, which is published by the SRC.

Tokens:
Elections
for
the
USU
Board
of
Directors
occur
in
first
semester
;
elections
for
the
SRC
President
,
and
for
members
of
the
Students
'
Representative
Council
itself
,
occur
in
second
semester
,
along
with
a
separate
election
for
the
editorial
board
of
the
student
newspaper
Honi
Soit
,
which
is
published
by
the
SRC
.

Sentence #95 (25 tokens):
The elections are usually closely contested, and result in much of the main campus being covered with chalk messages from the various candidates.

Tokens:
The
elections
are
usually
closely
contested
,
and
result
in
much
of
the
main
campus
being
covered
with
chalk
messages
from
the
various
candidates
.

Sentence #96 (46 tokens):
However, some complaints have been made in the pages of Honi Soit and other publications about the organisations' claims to represent the student body, citing perennially low voter turnouts and the general apathy of much of the university population to student politics.

Tokens:
However
,
some
complaints
have
been
made
in
the
pages
of
Honi
Soit
and
other
publications
about
the
organisations
'
claims
to
represent
the
student
body
,
citing
perennially
low
voter
turnouts
and
the
general
apathy
of
much
of
the
university
population
to
student
politics
.

Sentence #97 (25 tokens):
The future of these organisations was believed to be under a shadow with the passage of legislation implementing voluntary student unionism in late 2005.

Tokens:
The
future
of
these
organisations
was
believed
to
be
under
a
shadow
with
the
passage
of
legislation
implementing
voluntary
student
unionism
in
late
2005
.

Sentence #98 (31 tokens):
The legislation prohibited the compulsory collection of fees from students, which had been the customary means of funding student organisations, after the beginning of Semester 2 of 2006.

Tokens:
The
legislation
prohibited
the
compulsory
collection
of
fees
from
students
,
which
had
been
the
customary
means
of
funding
student
organisations
,
after
the
beginning
of
Semester
2
of
2006
.

Sentence #99 (31 tokens):
Although the organisations continue to be concerned about their long-term financial viability, they have secured significant funding from the University to partially make up for lost revenue.

Tokens:
Although
the
organisations
continue
to
be
concerned
about
their
long
-
term
financial
viability
,
they
have
secured
significant
funding
from
the
University
to
partially
make
up
for
lost
revenue
.
Coreference set: 1
2 18 18 19 1 14 14 15
7 1 1 2 1 14 14 15
18 14 14 15 1 14 14 15
64 13 13 14 1 14 14 15
Coreference set: 2
1 9 6 19 1 2 1 5
5 2 1 5 1 2 1 5
5 15 15 16 1 2 1 5
9 2 1 5 1 2 1 5
24 12 11 15 1 2 1 5
25 7 6 10 1 2 1 5
29 26 25 29 1 2 1 5
30 6 5 9 1 2 1 5
48 13 12 16 1 2 1 5
55 2 1 5 1 2 1 5
58 6 5 9 1 2 1 5
58 21 21 22 1 2 1 5
58 28 28 29 1 2 1 5
59 2 1 5 1 2 1 5
60 2 1 5 1 2 1 5
Coreference set: 3
20 9 7 10 1 18 14 19
32 13 11 14 1 18 14 19
Coreference set: 4
18 17 17 18 2 9 9 10
64 15 15 16 2 9 9 10
Coreference set: 5
64 17 17 18 2 11 11 12
67 18 18 19 2 11 11 12
68 4 4 5 2 11 11 12
78 21 21 22 2 11 11 12
Coreference set: 6
64 3 1 4 2 3 1 4
70 3 1 4 2 3 1 4
70 7 6 14 2 3 1 4
73 17 16 18 2 3 1 4
79 2 1 3 2 3 1 4
Coreference set: 8
64 15 15 18 2 9 9 12
Coreference set: 11
7 9 9 10 3 11 11 12
9 9 9 11 3 11 11 12
32 42 42 43 3 11 11 12
51 14 14 15 3 11 11 12
Coreference set: 12
7 11 11 12 3 13 13 14
Coreference set: 13
3 5 5 6 3 3 3 4
3 9 7 14 3 3 3 4
Coreference set: 17
4 3 3 4 4 2 2 3
Coreference set: 30
52 52 52 53 6 1 1 2
65 23 23 24 6 1 1 2
70 35 35 36 6 1 1 2
90 5 5 6 6 1 1 2
Coreference set: 37
48 19 18 20 7 14 13 15
49 16 15 17 7 14 13 15
Coreference set: 38
49 13 13 14 8 7 7 8
Coreference set: 39
8 4 4 5 8 2 2 3
Coreference set: 49
10 2 1 3 30 15 13 16
14 2 1 3 30 15 13 16
15 6 5 7 30 15 13 16
17 6 5 7 30 15 13 16
17 20 19 21 30 15 13 16
18 5 4 6 30 15 13 16
19 13 12 14 30 15 13 16
21 13 12 24 30 15 13 16
21 13 12 14 30 15 13 16
26 10 9 11 30 15 13 16
31 20 19 22 30 15 13 16
32 23 22 25 30 15 13 16
35 6 5 7 30 15 13 16
38 8 7 10 30 15 13 16
39 8 7 9 30 15 13 16
44 53 51 56 30 15 13 16
46 4 3 5 30 15 13 16
47 20 19 21 30 15 13 16
52 8 7 9 30 15 13 16
54 8 7 10 30 15 13 16
57 2 1 4 30 15 13 16
59 13 12 14 30 15 13 16
68 8 7 10 30 15 13 16
70 10 9 12 30 15 13 16
71 9 8 11 30 15 13 16
73 2 1 3 30 15 13 16
78 5 4 6 30 15 13 16
80 14 13 16 30 15 13 16
83 2 1 3 30 15 13 16
83 27 27 28 30 15 13 16
90 2 1 3 30 15 13 16
90 20 20 25 30 15 13 16
99 23 22 24 30 15 13 16
Coreference set: 52
12 1 1 2 11 13 12 14
13 7 7 9 11 13 12 14
70 38 38 39 11 13 12 14
Coreference set: 55
13 15 14 16 11 16 15 17
Coreference set: 58
12 23 23 24 12 6 4 7
13 1 1 2 12 6 4 7
Coreference set: 64
12 45 45 46 12 31 30 35
Coreference set: 67
15 1 1 2 13 4 4 5
33 14 14 15 13 4 4 5
52 10 10 11 13 4 4 5
64 7 7 8 13 4 4 5
82 15 15 16 13 4 4 5
Coreference set: 72
14 13 12 14 19 9 7 10
29 19 18 20 19 9 7 10
Coreference set: 78
65 9 7 13 15 23 21 24
65 9 7 10 15 23 21 24
Coreference set: 83
20 11 11 12 16 2 2 3
82 25 25 26 16 2 2 3
94 10 10 11 16 2 2 3
Coreference set: 84
16 3 1 4 16 6 5 7
Coreference set: 86
17 8 8 9 17 2 2 5
Coreference set: 93
18 9 9 10 18 2 2 3
Coreference set: 100
20 36 34 37 19 24 19 25
Coreference set: 103
94 32 32 33 20 25 25 26
Coreference set: 104
20 24 24 25 20 2 1 10
Coreference set: 110
20 26 24 27 20 29 28 30
Coreference set: 118
70 40 40 41 22 10 8 26
Coreference set: 130
29 13 12 17 24 25 24 29
Coreference set: 138
59 22 21 23 25 27 24 28
Coreference set: 140
26 31 29 57 26 27 26 28
27 19 19 20 26 27 26 28
Coreference set: 162
27 15 10 16 27 33 30 34
27 33 30 41 27 33 30 34
27 33 31 34 27 33 30 34
Coreference set: 166
28 7 5 10 28 14 11 15
Coreference set: 167
29 6 6 7 30 11 10 12
Coreference set: 184
32 17 17 18 32 5 4 6
32 34 34 35 32 5 4 6
33 3 3 4 32 5 4 6
Coreference set: 195
33 40 40 41 50 30 28 31
33 43 42 44 50 30 28 31
Coreference set: 197
33 4 3 5 33 7 6 8
33 16 16 17 33 7 6 8
Coreference set: 211
70 29 28 30 34 18 13 19
72 9 8 10 34 18 13 19
93 4 4 5 34 18 13 19
Coreference set: 216
36 38 37 40 35 20 17 21
Coreference set: 219
36 11 10 15 35 14 13 31
Coreference set: 230
37 11 11 12 37 1 1 2
38 3 3 4 37 1 1 2
Coreference set: 236
83 32 32 33 38 25 23 29
Coreference set: 237
40 1 1 2 39 3 2 6
40 9 9 10 39 3 2 6
Coreference set: 238
50 14 14 15 39 5 5 6
Coreference set: 240
41 41 40 43 40 6 3 7
Coreference set: 243
41 42 42 43 41 9 7 10
Coreference set: 246
41 19 18 26 41 12 11 17
41 28 27 33 41 12 11 17
Coreference set: 260
43 4 4 5 42 5 5 8
44 69 69 70 42 5 5 8
45 11 11 12 42 5 5 8
Coreference set: 261
43 13 13 14 42 7 7 8
Coreference set: 264
44 57 57 58 42 22 22 23
45 17 17 18 42 22 22 23
Coreference set: 269
52 20 20 21 44 15 15 16
Coreference set: 277
47 9 9 10 44 29 23 30
Coreference set: 279
46 10 9 11 44 39 37 56
Coreference set: 293
47 14 13 15 46 8 6 13
Coreference set: 295
46 26 26 27 46 24 23 25
Coreference set: 301
83 22 22 23 47 23 23 24
Coreference set: 302
83 20 20 21 47 25 25 26
Coreference set: 313
50 16 16 19 49 10 9 14
Coreference set: 316
51 2 2 3 50 8 2 15
Coreference set: 324
53 2 2 3 52 15 15 16
85 1 1 2 52 15 15 16
Coreference set: 325
52 37 35 38 52 26 25 29
Coreference set: 329
54 2 2 3 52 2 1 9
Coreference set: 331
52 18 15 29 52 13 10 14
52 18 15 19 52 13 10 14
52 22 20 29 52 13 10 14
Coreference set: 348
58 29 28 30 54 10 7 11
Coreference set: 351
54 25 25 26 94 24 23 26
93 16 16 17 94 24 23 26
98 10 10 22 94 24 23 26
98 10 10 11 94 24 23 26
99 9 9 10 94 24 23 26
99 16 16 17 94 24 23 26
Coreference set: 367
60 25 25 26 60 19 18 24
Coreference set: 376
69 22 21 23 60 44 43 45
Coreference set: 380
62 2 1 3 61 13 11 14
Coreference set: 389
65 14 13 15 63 17 15 19
Coreference set: 409
74 32 31 33 67 21 20 22
76 22 21 23 67 21 20 22
79 29 28 30 67 21 20 22
Coreference set: 417
69 1 1 2 68 5 1 6
69 6 4 23 68 5 1 6
Coreference set: 430
70 43 35 44 71 2 1 3
Coreference set: 460
98 30 30 31 75 13 12 14
Coreference set: 473
81 4 3 6 77 13 12 26
81 8 8 9 77 13 12 26
81 13 10 18 77 13 12 26
82 4 4 5 77 13 12 26
Coreference set: 478
81 24 24 25 78 2 2 3
Coreference set: 527
85 15 14 16 85 2 1 3
Coreference set: 529
88 1 1 2 85 10 10 11
Coreference set: 533
86 4 2 10 89 2 1 3
86 12 11 13 89 2 1 3
90 15 14 16 89 2 1 3
Coreference set: 537
88 9 9 10 87 8 6 13
Coreference set: 563
93 2 2 3 94 27 23 28
94 16 16 17 94 27 23 28
94 21 21 28 94 27 23 28
94 56 55 57 94 27 23 28
Coreference set: 568
96 13 12 14 94 49 48 50
Coreference set: 569
94 1 1 8 95 2 1 3
Coreference set: 570
94 28 28 29 94 5 3 8
Coreference set: 589
97 5 4 6 96 19 18 21
Coreference set: 607
99 3 2 4 98 21 19 22
